#
# There is insufficient memory for the Java Runtime Environment to continue.
# Native memory allocation (malloc) failed to allocate 1455536 bytes for Chunk::new
# Possible reasons:
#   The system is out of physical RAM or swap space
#   The process is running with CompressedOops enabled, and the Java Heap may be blocking the growth of the native heap
# Possible solutions:
#   Reduce memory load on the system
#   Increase physical memory or swap space
#   Check if swap backing store is full
#   Decrease Java heap size (-Xmx/-Xms)
#   Decrease number of Java threads
#   Decrease Java thread stack sizes (-Xss)
#   Set larger code cache with -XX:ReservedCodeCacheSize=
#   JVM is running with Unscaled Compressed Oops mode in which the Java heap is
#     placed in the first 4GB address space. The Java Heap base address is the
#     maximum limit for the native heap growth. Please use -XX:HeapBaseMinAddress
#     to set the Java Heap base and to place the Java Heap above 4GB virtual address.
# This output file may be truncated or incomplete.
#
#  Out of Memory Error (./src/hotspot/share/memory/arena.cpp:197), pid=3888, tid=5756
#
# JRE version: OpenJDK Runtime Environment (11.0.8+10) (build 11.0.8+10-b944.6842174)
# Java VM: OpenJDK 64-Bit Server VM (11.0.8+10-b944.6842174, mixed mode, tiered, compressed oops, g1 gc, windows-amd64)
# No core dump will be written. Minidumps are not enabled by default on client versions of Windows
#

---------------  S U M M A R Y ------------

Command Line: --add-opens=java.base/java.util=ALL-UNNAMED --add-opens=java.base/java.lang=ALL-UNNAMED --add-opens=java.base/java.lang.invoke=ALL-UNNAMED --add-opens=java.prefs/java.util.prefs=ALL-UNNAMED -Xmx2048m -Dfile.encoding=UTF-8 -Duser.country=BO -Duser.language=es -Duser.variant org.gradle.launcher.daemon.bootstrap.GradleDaemon 6.7.1

Host: Intel(R) Core(TM) i5-4460  CPU @ 3.20GHz, 4 cores, 15G,  Windows 10 , 64 bit Build 19041 (10.0.19041.928)
Time: Mon May 31 19:00:41 2021 Hora estándar oeste, Sudamérica elapsed time: 19 seconds (0d 0h 0m 19s)

---------------  T H R E A D  ---------------

Current thread (0x00000287dddb2800):  JavaThread "C2 CompilerThread0" daemon [_thread_in_native, id=5756, stack(0x000000d976400000,0x000000d976500000)]


Current CompileTask:
C2:  19552 8928       4       org.gradle.internal.snapshot.SnapshotUtil::getSnapshotFromChild (41 bytes)

Stack: [0x000000d976400000,0x000000d976500000]
Native frames: (J=compiled Java code, j=interpreted, Vv=VM code, C=native code)
V  [jvm.dll+0x5de50a]
V  [jvm.dll+0x7122f5]
V  [jvm.dll+0x71384d]
V  [jvm.dll+0x713f03]
V  [jvm.dll+0x23e728]
V  [jvm.dll+0xb899c]
V  [jvm.dll+0xb8e9c]
V  [jvm.dll+0x35024d]
V  [jvm.dll+0x31dea3]
V  [jvm.dll+0x31d39a]
V  [jvm.dll+0x1f7702]
V  [jvm.dll+0x1f68d4]
V  [jvm.dll+0x17f32c]
V  [jvm.dll+0x205047]
V  [jvm.dll+0x203891]
V  [jvm.dll+0x6dad3f]
V  [jvm.dll+0x6d3895]
V  [jvm.dll+0x5dd4a6]
C  [ucrtbase.dll+0x21bb2]
C  [KERNEL32.DLL+0x17034]
C  [ntdll.dll+0x52651]


---------------  P R O C E S S  ---------------

Threads class SMR info:
_java_thread_list=0x00000287e2e50fc0, length=160, elements={
0x00000287c3a7f800, 0x00000287ddd57000, 0x00000287ddd60800, 0x00000287dddae800,
0x00000287dddaf800, 0x00000287dddb2800, 0x00000287dddbb000, 0x00000287dddbf000,
0x00000287ddf28000, 0x00000287ddf45800, 0x00000287df24d800, 0x00000287dfd7c000,
0x00000287deed0800, 0x00000287dea8e800, 0x00000287df6d6800, 0x00000287dee48000,
0x00000287dea8f800, 0x00000287df5a1800, 0x00000287df2ef800, 0x00000287df592800,
0x00000287df800800, 0x00000287df800000, 0x00000287df7ff000, 0x00000287df801800,
0x00000287df7fd800, 0x00000287df7fe000, 0x00000287df7fb800, 0x00000287df7fc800,
0x00000287df802000, 0x00000287e03f9800, 0x00000287e03f9000, 0x00000287e03f7000,
0x00000287e03fb000, 0x00000287e03fd800, 0x00000287e03fc000, 0x00000287e03f8000,
0x00000287e0401000, 0x00000287e0400000, 0x00000287e0402000, 0x00000287e03ff800,
0x00000287e0402800, 0x00000287e0403800, 0x00000287e0404000, 0x00000287e03fe800,
0x00000287e0405000, 0x00000287e34da800, 0x00000287e34db800, 0x00000287e34d9800,
0x00000287e34dc000, 0x00000287e34dd000, 0x00000287e34d7800, 0x00000287e34de000,
0x00000287e34d8000, 0x00000287e34de800, 0x00000287e34d9000, 0x00000287e34e0800,
0x00000287e34e2000, 0x00000287e34e4800, 0x00000287e34e1000, 0x00000287e34e5000,
0x00000287e34e2800, 0x00000287e34e3800, 0x00000287e34df800, 0x00000287e34e6000,
0x00000287e2de1000, 0x00000287e2de2000, 0x00000287e2de2800, 0x00000287e2dde000,
0x00000287e2de4800, 0x00000287e2de3800, 0x00000287e2dde800, 0x00000287e2de0000,
0x00000287e2ddf800, 0x00000287e2d43800, 0x00000287e2d44800, 0x00000287e2d45000,
0x00000287e2d41000, 0x00000287e2d42000, 0x00000287e2d40000, 0x00000287e2d47800,
0x00000287e2d48800, 0x00000287e2d46800, 0x00000287e2d46000, 0x00000287e2d42800,
0x00000287e2d4e000, 0x00000287e2d4c800, 0x00000287e2d4b800, 0x00000287e2d4b000,
0x00000287e2d4d800, 0x00000287e2d4f000, 0x00000287e2d49000, 0x00000287e2d4a000,
0x00000287e235a800, 0x00000287e235b800, 0x00000287e235c800, 0x00000287e235a000,
0x00000287e235d000, 0x00000287e2357800, 0x00000287e235e000, 0x00000287e2358800,
0x00000287e235f000, 0x00000287e2359000, 0x00000287e2363800, 0x00000287e2360800,
0x00000287e2361000, 0x00000287e2362000, 0x00000287e2363000, 0x00000287e2364800,
0x00000287e2365800, 0x00000287e235f800, 0x00000287e2366000, 0x00000287e25f5000,
0x00000287e25ef000, 0x00000287e25f0000, 0x00000287e25f4000, 0x00000287e25f5800,
0x00000287e25f6800, 0x00000287e25f0800, 0x00000287e25f7800, 0x00000287e25f1800,
0x00000287e25f3000, 0x00000287e25f8000, 0x00000287e25f2800, 0x00000287e25fb800,
0x00000287e25f9000, 0x00000287e25fc000, 0x00000287e25fd000, 0x00000287e25fe000,
0x00000287e25f9800, 0x00000287e25fa800, 0x00000287e23ae000, 0x00000287e23aa800,
0x00000287e23ab800, 0x00000287e23ae800, 0x00000287e23ac000, 0x00000287e23ad000,
0x00000287e23af800, 0x00000287e23aa000, 0x00000287e23b3800, 0x00000287e23b6000,
0x00000287e23b1000, 0x00000287e23b0800, 0x00000287e23b4800, 0x00000287e23b2000,
0x00000287e23b7000, 0x00000287e23b7800, 0x00000287e23b8800, 0x00000287e23b5000,
0x00000287e23b3000, 0x00000287e28de800, 0x00000287e28dd000, 0x00000287e28dc000,
0x00000287e28d9800, 0x00000287e28e0000, 0x00000287e28da800, 0x00000287e28db800,
0x00000287e28e1000, 0x00000287e28e2800, 0x00000287e28e3800, 0x00000287e368b800
}

Java Threads: ( => current thread )
  0x00000287c3a7f800 JavaThread "main" [_thread_blocked, id=1604, stack(0x000000d975900000,0x000000d975a00000)]
  0x00000287ddd57000 JavaThread "Reference Handler" daemon [_thread_blocked, id=15528, stack(0x000000d976000000,0x000000d976100000)]
  0x00000287ddd60800 JavaThread "Finalizer" daemon [_thread_blocked, id=1244, stack(0x000000d976100000,0x000000d976200000)]
  0x00000287dddae800 JavaThread "Signal Dispatcher" daemon [_thread_blocked, id=7600, stack(0x000000d976200000,0x000000d976300000)]
  0x00000287dddaf800 JavaThread "Attach Listener" daemon [_thread_blocked, id=7724, stack(0x000000d976300000,0x000000d976400000)]
=>0x00000287dddb2800 JavaThread "C2 CompilerThread0" daemon [_thread_in_native, id=5756, stack(0x000000d976400000,0x000000d976500000)]
  0x00000287dddbb000 JavaThread "C1 CompilerThread0" daemon [_thread_blocked, id=6896, stack(0x000000d976500000,0x000000d976600000)]
  0x00000287dddbf000 JavaThread "Sweeper thread" daemon [_thread_blocked, id=2840, stack(0x000000d976600000,0x000000d976700000)]
  0x00000287ddf28000 JavaThread "Common-Cleaner" daemon [_thread_blocked, id=15284, stack(0x000000d976700000,0x000000d976800000)]
  0x00000287ddf45800 JavaThread "Service Thread" daemon [_thread_blocked, id=14552, stack(0x000000d976800000,0x000000d976900000)]
  0x00000287df24d800 JavaThread "Daemon health stats" [_thread_blocked, id=12800, stack(0x000000d976e00000,0x000000d976f00000)]
  0x00000287dfd7c000 JavaThread "Incoming local TCP Connector on port 57488" [_thread_in_native, id=16324, stack(0x000000d977000000,0x000000d977100000)]
  0x00000287deed0800 JavaThread "Daemon" [_thread_blocked, id=13820, stack(0x000000d977100000,0x000000d977200000)]
  0x00000287dea8e800 JavaThread "Daemon periodic checks" [_thread_blocked, id=16176, stack(0x000000d977200000,0x000000d977300000)]
  0x00000287df6d6800 JavaThread "Handler for socket connection from /127.0.0.1:57488 to /127.0.0.1:57489" [_thread_in_native, id=13132, stack(0x000000d977300000,0x000000d977400000)]
  0x00000287dee48000 JavaThread "Cancel handler" [_thread_blocked, id=19000, stack(0x000000d977400000,0x000000d977500000)]
  0x00000287dea8f800 JavaThread "Daemon worker" [_thread_blocked, id=9412, stack(0x000000d977500000,0x000000d977600000)]
  0x00000287df5a1800 JavaThread "Asynchronous log dispatcher for DefaultDaemonConnection: socket connection from /127.0.0.1:57488 to /127.0.0.1:57489" [_thread_in_Java, id=17724, stack(0x000000d977600000,0x000000d977700000)]
  0x00000287df2ef800 JavaThread "Stdin handler" [_thread_blocked, id=11040, stack(0x000000d977700000,0x000000d977800000)]
  0x00000287df592800 JavaThread "Thread-8" [_thread_blocked, id=17484, stack(0x000000d977800000,0x000000d977900000)]
  0x00000287df800800 JavaThread "Cache worker for file hash cache (C:\Users\ricro\.gradle\caches\6.7.1\fileHashes)" [_thread_blocked, id=16340, stack(0x000000d977900000,0x000000d977a00000)]
  0x00000287df800000 JavaThread "File lock request listener" [_thread_in_native, id=13616, stack(0x000000d977a00000,0x000000d977b00000)]
  0x00000287df7ff000 JavaThread "Cache worker for journal cache (C:\Users\ricro\.gradle\caches\journal-1)" [_thread_blocked, id=1180, stack(0x000000d977b00000,0x000000d977c00000)]
  0x00000287df801800 JavaThread "Cache worker for file hash cache (D:\SEMESTRE 1-2021\Proyectos\simulacionflujocaja\.gradle\6.7.1\fileHashes)" [_thread_blocked, id=13032, stack(0x000000d977d00000,0x000000d977e00000)]
  0x00000287df7fd800 JavaThread "Cache worker for checksums cache (D:\SEMESTRE 1-2021\Proyectos\simulacionflujocaja\.gradle\checksums)" [_thread_blocked, id=9500, stack(0x000000d977e00000,0x000000d977f00000)]
  0x00000287df7fe000 JavaThread "Cache worker for cache directory md-supplier (C:\Users\ricro\.gradle\caches\6.7.1\md-supplier)" [_thread_blocked, id=14652, stack(0x000000d977f00000,0x000000d978000000)]
  0x00000287df7fb800 JavaThread "Cache worker for cache directory md-rule (C:\Users\ricro\.gradle\caches\6.7.1\md-rule)" [_thread_blocked, id=15760, stack(0x000000d978000000,0x000000d978100000)]
  0x00000287df7fc800 JavaThread "Cache worker for execution history cache (C:\Users\ricro\.gradle\caches\6.7.1\executionHistory)" [_thread_blocked, id=19052, stack(0x000000d978100000,0x000000d978200000)]
  0x00000287df802000 JavaThread "jar transforms" [_thread_blocked, id=11268, stack(0x000000d978200000,0x000000d978300000)]
  0x00000287e03f9800 JavaThread "Cache worker for file content cache (C:\Users\ricro\.gradle\caches\6.7.1\fileContent)" [_thread_blocked, id=5928, stack(0x000000d978300000,0x000000d978400000)]
  0x00000287e03f9000 JavaThread "Cache worker for Build Output Cleanup Cache (D:\SEMESTRE 1-2021\Proyectos\simulacionflujocaja\.gradle\buildOutputCleanup)" [_thread_blocked, id=9184, stack(0x000000d978400000,0x000000d978500000)]
  0x00000287e03f7000 JavaThread "Build operations" [_thread_blocked, id=8180, stack(0x000000d978500000,0x000000d978600000)]
  0x00000287e03fb000 JavaThread "Build operations Thread 2" [_thread_blocked, id=14920, stack(0x000000d978600000,0x000000d978700000)]
  0x00000287e03fd800 JavaThread "Build operations Thread 3" [_thread_blocked, id=16500, stack(0x000000d978700000,0x000000d978800000)]
  0x00000287e03fc000 JavaThread "Build operations Thread 4" [_thread_in_Java, id=19396, stack(0x000000d978800000,0x000000d978900000)]
  0x00000287e03f8000 JavaThread "jar transforms Thread 2" [_thread_blocked, id=13672, stack(0x000000d978900000,0x000000d978a00000)]
  0x00000287e0401000 JavaThread "jar transforms Thread 3" [_thread_blocked, id=7424, stack(0x000000d978a00000,0x000000d978b00000)]
  0x00000287e0400000 JavaThread "jar transforms Thread 4" [_thread_blocked, id=14096, stack(0x000000d978b00000,0x000000d978c00000)]
  0x00000287e0402000 JavaThread "jar transforms Thread 5" [_thread_blocked, id=10124, stack(0x000000d978c00000,0x000000d978d00000)]
  0x00000287e03ff800 JavaThread "jar transforms Thread 6" [_thread_blocked, id=12300, stack(0x000000d978d00000,0x000000d978e00000)]
  0x00000287e0402800 JavaThread "jar transforms Thread 7" [_thread_blocked, id=17292, stack(0x000000d978e00000,0x000000d978f00000)]
  0x00000287e0403800 JavaThread "jar transforms Thread 8" [_thread_blocked, id=6916, stack(0x000000d978f00000,0x000000d979000000)]
  0x00000287e0404000 JavaThread "jar transforms Thread 9" [_thread_blocked, id=13940, stack(0x000000d979000000,0x000000d979100000)]
  0x00000287e03fe800 JavaThread "jar transforms Thread 10" [_thread_blocked, id=15928, stack(0x000000d979100000,0x000000d979200000)]
  0x00000287e0405000 JavaThread "jar transforms Thread 11" [_thread_blocked, id=6284, stack(0x000000d979200000,0x000000d979300000)]
  0x00000287e34da800 JavaThread "jar transforms Thread 12" [_thread_blocked, id=12368, stack(0x000000d979300000,0x000000d979400000)]
  0x00000287e34db800 JavaThread "jar transforms Thread 13" [_thread_blocked, id=8048, stack(0x000000d979400000,0x000000d979500000)]
  0x00000287e34d9800 JavaThread "jar transforms Thread 14" [_thread_blocked, id=17124, stack(0x000000d979500000,0x000000d979600000)]
  0x00000287e34dc000 JavaThread "jar transforms Thread 15" [_thread_blocked, id=18952, stack(0x000000d979600000,0x000000d979700000)]
  0x00000287e34dd000 JavaThread "jar transforms Thread 16" [_thread_blocked, id=16692, stack(0x000000d979700000,0x000000d979800000)]
  0x00000287e34d7800 JavaThread "jar transforms Thread 17" [_thread_blocked, id=16052, stack(0x000000d979800000,0x000000d979900000)]
  0x00000287e34de000 JavaThread "jar transforms Thread 18" [_thread_blocked, id=17588, stack(0x000000d979900000,0x000000d979a00000)]
  0x00000287e34d8000 JavaThread "jar transforms Thread 19" [_thread_blocked, id=7360, stack(0x000000d979a00000,0x000000d979b00000)]
  0x00000287e34de800 JavaThread "jar transforms Thread 20" [_thread_blocked, id=5084, stack(0x000000d979b00000,0x000000d979c00000)]
  0x00000287e34d9000 JavaThread "jar transforms Thread 21" [_thread_blocked, id=8756, stack(0x000000d979c00000,0x000000d979d00000)]
  0x00000287e34e0800 JavaThread "jar transforms Thread 22" [_thread_blocked, id=11488, stack(0x000000d979d00000,0x000000d979e00000)]
  0x00000287e34e2000 JavaThread "jar transforms Thread 23" [_thread_blocked, id=13072, stack(0x000000d979e00000,0x000000d979f00000)]
  0x00000287e34e4800 JavaThread "jar transforms Thread 24" [_thread_blocked, id=18264, stack(0x000000d979f00000,0x000000d97a000000)]
  0x00000287e34e1000 JavaThread "jar transforms Thread 25" [_thread_blocked, id=6056, stack(0x000000d97a000000,0x000000d97a100000)]
  0x00000287e34e5000 JavaThread "jar transforms Thread 26" [_thread_blocked, id=17524, stack(0x000000d97a100000,0x000000d97a200000)]
  0x00000287e34e2800 JavaThread "jar transforms Thread 27" [_thread_blocked, id=9756, stack(0x000000d97a200000,0x000000d97a300000)]
  0x00000287e34e3800 JavaThread "jar transforms Thread 28" [_thread_blocked, id=7504, stack(0x000000d97a300000,0x000000d97a400000)]
  0x00000287e34df800 JavaThread "jar transforms Thread 29" [_thread_blocked, id=12664, stack(0x000000d97a400000,0x000000d97a500000)]
  0x00000287e34e6000 JavaThread "jar transforms Thread 30" [_thread_blocked, id=18116, stack(0x000000d97a500000,0x000000d97a600000)]
  0x00000287e2de1000 JavaThread "jar transforms Thread 31" [_thread_blocked, id=12696, stack(0x000000d97a600000,0x000000d97a700000)]
  0x00000287e2de2000 JavaThread "jar transforms Thread 32" [_thread_blocked, id=15084, stack(0x000000d97a700000,0x000000d97a800000)]
  0x00000287e2de2800 JavaThread "jar transforms Thread 33" [_thread_blocked, id=14636, stack(0x000000d97a800000,0x000000d97a900000)]
  0x00000287e2dde000 JavaThread "jar transforms Thread 34" [_thread_blocked, id=16940, stack(0x000000d97a900000,0x000000d97aa00000)]
  0x00000287e2de4800 JavaThread "jar transforms Thread 35" [_thread_blocked, id=12316, stack(0x000000d97aa00000,0x000000d97ab00000)]
  0x00000287e2de3800 JavaThread "jar transforms Thread 36" [_thread_blocked, id=7860, stack(0x000000d97ab00000,0x000000d97ac00000)]
  0x00000287e2dde800 JavaThread "jar transforms Thread 37" [_thread_blocked, id=14584, stack(0x000000d97ac00000,0x000000d97ad00000)]
  0x00000287e2de0000 JavaThread "jar transforms Thread 38" [_thread_blocked, id=6792, stack(0x000000d97ad00000,0x000000d97ae00000)]
  0x00000287e2ddf800 JavaThread "jar transforms Thread 39" [_thread_blocked, id=13644, stack(0x000000d97ae00000,0x000000d97af00000)]
  0x00000287e2d43800 JavaThread "jar transforms Thread 40" [_thread_blocked, id=13012, stack(0x000000d97af00000,0x000000d97b000000)]
  0x00000287e2d44800 JavaThread "jar transforms Thread 41" [_thread_blocked, id=18248, stack(0x000000d97b000000,0x000000d97b100000)]
  0x00000287e2d45000 JavaThread "jar transforms Thread 42" [_thread_blocked, id=17228, stack(0x000000d97b100000,0x000000d97b200000)]
  0x00000287e2d41000 JavaThread "jar transforms Thread 43" [_thread_blocked, id=5948, stack(0x000000d97b200000,0x000000d97b300000)]
  0x00000287e2d42000 JavaThread "jar transforms Thread 44" [_thread_blocked, id=12796, stack(0x000000d97b300000,0x000000d97b400000)]
  0x00000287e2d40000 JavaThread "jar transforms Thread 45" [_thread_blocked, id=5956, stack(0x000000d97b400000,0x000000d97b500000)]
  0x00000287e2d47800 JavaThread "jar transforms Thread 46" [_thread_blocked, id=19216, stack(0x000000d97b500000,0x000000d97b600000)]
  0x00000287e2d48800 JavaThread "jar transforms Thread 47" [_thread_blocked, id=18852, stack(0x000000d97b600000,0x000000d97b700000)]
  0x00000287e2d46800 JavaThread "jar transforms Thread 48" [_thread_blocked, id=12036, stack(0x000000d97b700000,0x000000d97b800000)]
  0x00000287e2d46000 JavaThread "jar transforms Thread 49" [_thread_blocked, id=9576, stack(0x000000d97b800000,0x000000d97b900000)]
  0x00000287e2d42800 JavaThread "jar transforms Thread 50" [_thread_blocked, id=7436, stack(0x000000d97b900000,0x000000d97ba00000)]
  0x00000287e2d4e000 JavaThread "jar transforms Thread 51" [_thread_blocked, id=17312, stack(0x000000d97ba00000,0x000000d97bb00000)]
  0x00000287e2d4c800 JavaThread "jar transforms Thread 52" [_thread_blocked, id=13436, stack(0x000000d97bb00000,0x000000d97bc00000)]
  0x00000287e2d4b800 JavaThread "jar transforms Thread 53" [_thread_blocked, id=4352, stack(0x000000d97bc00000,0x000000d97bd00000)]
  0x00000287e2d4b000 JavaThread "jar transforms Thread 54" [_thread_blocked, id=17692, stack(0x000000d97bd00000,0x000000d97be00000)]
  0x00000287e2d4d800 JavaThread "jar transforms Thread 55" [_thread_blocked, id=6952, stack(0x000000d97be00000,0x000000d97bf00000)]
  0x00000287e2d4f000 JavaThread "jar transforms Thread 56" [_thread_blocked, id=14304, stack(0x000000d97bf00000,0x000000d97c000000)]
  0x00000287e2d49000 JavaThread "jar transforms Thread 57" [_thread_blocked, id=18620, stack(0x000000d97c000000,0x000000d97c100000)]
  0x00000287e2d4a000 JavaThread "jar transforms Thread 58" [_thread_blocked, id=18272, stack(0x000000d97c100000,0x000000d97c200000)]
  0x00000287e235a800 JavaThread "jar transforms Thread 59" [_thread_blocked, id=19440, stack(0x000000d97c200000,0x000000d97c300000)]
  0x00000287e235b800 JavaThread "jar transforms Thread 60" [_thread_blocked, id=68, stack(0x000000d97c300000,0x000000d97c400000)]
  0x00000287e235c800 JavaThread "jar transforms Thread 61" [_thread_blocked, id=17960, stack(0x000000d97c400000,0x000000d97c500000)]
  0x00000287e235a000 JavaThread "jar transforms Thread 62" [_thread_blocked, id=12476, stack(0x000000d97c500000,0x000000d97c600000)]
  0x00000287e235d000 JavaThread "jar transforms Thread 63" [_thread_blocked, id=19380, stack(0x000000d97c600000,0x000000d97c700000)]
  0x00000287e2357800 JavaThread "jar transforms Thread 64" [_thread_blocked, id=17492, stack(0x000000d97c700000,0x000000d97c800000)]
  0x00000287e235e000 JavaThread "jar transforms Thread 65" [_thread_blocked, id=10512, stack(0x000000d97c800000,0x000000d97c900000)]
  0x00000287e2358800 JavaThread "jar transforms Thread 66" [_thread_blocked, id=17812, stack(0x000000d97c900000,0x000000d97ca00000)]
  0x00000287e235f000 JavaThread "jar transforms Thread 67" [_thread_blocked, id=688, stack(0x000000d97ca00000,0x000000d97cb00000)]
  0x00000287e2359000 JavaThread "jar transforms Thread 68" [_thread_blocked, id=5796, stack(0x000000d97cb00000,0x000000d97cc00000)]
  0x00000287e2363800 JavaThread "jar transforms Thread 69" [_thread_blocked, id=3008, stack(0x000000d97cc00000,0x000000d97cd00000)]
  0x00000287e2360800 JavaThread "jar transforms Thread 70" [_thread_blocked, id=17576, stack(0x000000d97cd00000,0x000000d97ce00000)]
  0x00000287e2361000 JavaThread "jar transforms Thread 71" [_thread_blocked, id=16080, stack(0x000000d97ce00000,0x000000d97cf00000)]
  0x00000287e2362000 JavaThread "jar transforms Thread 72" [_thread_blocked, id=18732, stack(0x000000d97cf00000,0x000000d97d000000)]
  0x00000287e2363000 JavaThread "jar transforms Thread 73" [_thread_blocked, id=1436, stack(0x000000d97d000000,0x000000d97d100000)]
  0x00000287e2364800 JavaThread "jar transforms Thread 74" [_thread_blocked, id=16812, stack(0x000000d97d100000,0x000000d97d200000)]
  0x00000287e2365800 JavaThread "jar transforms Thread 75" [_thread_blocked, id=10688, stack(0x000000d97d200000,0x000000d97d300000)]
  0x00000287e235f800 JavaThread "jar transforms Thread 76" [_thread_blocked, id=16164, stack(0x000000d97d300000,0x000000d97d400000)]
  0x00000287e2366000 JavaThread "jar transforms Thread 77" [_thread_blocked, id=11392, stack(0x000000d97d400000,0x000000d97d500000)]
  0x00000287e25f5000 JavaThread "jar transforms Thread 78" [_thread_blocked, id=5044, stack(0x000000d97d500000,0x000000d97d600000)]
  0x00000287e25ef000 JavaThread "jar transforms Thread 79" [_thread_blocked, id=6420, stack(0x000000d97d600000,0x000000d97d700000)]
  0x00000287e25f0000 JavaThread "jar transforms Thread 80" [_thread_blocked, id=19212, stack(0x000000d97d700000,0x000000d97d800000)]
  0x00000287e25f4000 JavaThread "jar transforms Thread 81" [_thread_blocked, id=6308, stack(0x000000d97d800000,0x000000d97d900000)]
  0x00000287e25f5800 JavaThread "jar transforms Thread 82" [_thread_blocked, id=14392, stack(0x000000d97d900000,0x000000d97da00000)]
  0x00000287e25f6800 JavaThread "jar transforms Thread 83" [_thread_blocked, id=17128, stack(0x000000d97da00000,0x000000d97db00000)]
  0x00000287e25f0800 JavaThread "jar transforms Thread 84" [_thread_blocked, id=6384, stack(0x000000d97db00000,0x000000d97dc00000)]
  0x00000287e25f7800 JavaThread "jar transforms Thread 85" [_thread_blocked, id=13156, stack(0x000000d97dc00000,0x000000d97dd00000)]
  0x00000287e25f1800 JavaThread "jar transforms Thread 86" [_thread_blocked, id=5944, stack(0x000000d97dd00000,0x000000d97de00000)]
  0x00000287e25f3000 JavaThread "jar transforms Thread 87" [_thread_blocked, id=8660, stack(0x000000d97de00000,0x000000d97df00000)]
  0x00000287e25f8000 JavaThread "jar transforms Thread 88" [_thread_blocked, id=13704, stack(0x000000d97df00000,0x000000d97e000000)]
  0x00000287e25f2800 JavaThread "jar transforms Thread 89" [_thread_blocked, id=6776, stack(0x000000d97e000000,0x000000d97e100000)]
  0x00000287e25fb800 JavaThread "jar transforms Thread 90" [_thread_blocked, id=10444, stack(0x000000d97e100000,0x000000d97e200000)]
  0x00000287e25f9000 JavaThread "jar transforms Thread 91" [_thread_blocked, id=6808, stack(0x000000d97e200000,0x000000d97e300000)]
  0x00000287e25fc000 JavaThread "jar transforms Thread 92" [_thread_blocked, id=4496, stack(0x000000d97e300000,0x000000d97e400000)]
  0x00000287e25fd000 JavaThread "jar transforms Thread 93" [_thread_blocked, id=13664, stack(0x000000d97e400000,0x000000d97e500000)]
  0x00000287e25fe000 JavaThread "jar transforms Thread 94" [_thread_blocked, id=15380, stack(0x000000d97e500000,0x000000d97e600000)]
  0x00000287e25f9800 JavaThread "jar transforms Thread 95" [_thread_blocked, id=12004, stack(0x000000d97e600000,0x000000d97e700000)]
  0x00000287e25fa800 JavaThread "jar transforms Thread 96" [_thread_blocked, id=19384, stack(0x000000d97e700000,0x000000d97e800000)]
  0x00000287e23ae000 JavaThread "jar transforms Thread 97" [_thread_blocked, id=13888, stack(0x000000d97e800000,0x000000d97e900000)]
  0x00000287e23aa800 JavaThread "jar transforms Thread 98" [_thread_blocked, id=10452, stack(0x000000d97e900000,0x000000d97ea00000)]
  0x00000287e23ab800 JavaThread "jar transforms Thread 99" [_thread_blocked, id=17352, stack(0x000000d97ea00000,0x000000d97eb00000)]
  0x00000287e23ae800 JavaThread "jar transforms Thread 100" [_thread_blocked, id=18428, stack(0x000000d97eb00000,0x000000d97ec00000)]
  0x00000287e23ac000 JavaThread "jar transforms Thread 101" [_thread_blocked, id=18416, stack(0x000000d97ec00000,0x000000d97ed00000)]
  0x00000287e23ad000 JavaThread "jar transforms Thread 102" [_thread_blocked, id=1964, stack(0x000000d97ed00000,0x000000d97ee00000)]
  0x00000287e23af800 JavaThread "jar transforms Thread 103" [_thread_blocked, id=18080, stack(0x000000d97ee00000,0x000000d97ef00000)]
  0x00000287e23aa000 JavaThread "jar transforms Thread 104" [_thread_blocked, id=3724, stack(0x000000d97ef00000,0x000000d97f000000)]
  0x00000287e23b3800 JavaThread "jar transforms Thread 105" [_thread_blocked, id=6504, stack(0x000000d97f000000,0x000000d97f100000)]
  0x00000287e23b6000 JavaThread "jar transforms Thread 106" [_thread_blocked, id=18520, stack(0x000000d97f100000,0x000000d97f200000)]
  0x00000287e23b1000 JavaThread "jar transforms Thread 107" [_thread_blocked, id=16508, stack(0x000000d97f200000,0x000000d97f300000)]
  0x00000287e23b0800 JavaThread "jar transforms Thread 108" [_thread_blocked, id=5644, stack(0x000000d97f300000,0x000000d97f400000)]
  0x00000287e23b4800 JavaThread "jar transforms Thread 109" [_thread_blocked, id=16348, stack(0x000000d97f400000,0x000000d97f500000)]
  0x00000287e23b2000 JavaThread "jar transforms Thread 110" [_thread_blocked, id=6948, stack(0x000000d97f500000,0x000000d97f600000)]
  0x00000287e23b7000 JavaThread "jar transforms Thread 111" [_thread_blocked, id=5936, stack(0x000000d97f600000,0x000000d97f700000)]
  0x00000287e23b7800 JavaThread "jar transforms Thread 112" [_thread_blocked, id=17440, stack(0x000000d97f700000,0x000000d97f800000)]
  0x00000287e23b8800 JavaThread "jar transforms Thread 113" [_thread_blocked, id=18912, stack(0x000000d97f800000,0x000000d97f900000)]
  0x00000287e23b5000 JavaThread "jar transforms Thread 114" [_thread_blocked, id=18076, stack(0x000000d97f900000,0x000000d97fa00000)]
  0x00000287e23b3000 JavaThread "jar transforms Thread 115" [_thread_blocked, id=6588, stack(0x000000d97fa00000,0x000000d97fb00000)]
  0x00000287e28de800 JavaThread "jar transforms Thread 116" [_thread_blocked, id=11384, stack(0x000000d97fb00000,0x000000d97fc00000)]
  0x00000287e28dd000 JavaThread "jar transforms Thread 117" [_thread_blocked, id=524, stack(0x000000d97fc00000,0x000000d97fd00000)]
  0x00000287e28dc000 JavaThread "jar transforms Thread 118" [_thread_blocked, id=15692, stack(0x000000d97fd00000,0x000000d97fe00000)]
  0x00000287e28d9800 JavaThread "Memory manager" [_thread_blocked, id=9980, stack(0x000000d97fe00000,0x000000d97ff00000)]
  0x00000287e28e0000 JavaThread "build event listener" [_thread_blocked, id=4944, stack(0x000000d97ff00000,0x000000d980000000)]
  0x00000287e28da800 JavaThread "build event listener" [_thread_blocked, id=7364, stack(0x000000d900000000,0x000000d900100000)]
  0x00000287e28db800 JavaThread "Execution worker for ':'" [_thread_blocked, id=17788, stack(0x000000d900100000,0x000000d900200000)]
  0x00000287e28e1000 JavaThread "Execution worker for ':' Thread 2" [_thread_blocked, id=14104, stack(0x000000d900200000,0x000000d900300000)]
  0x00000287e28e2800 JavaThread "Execution worker for ':' Thread 3" [_thread_blocked, id=17520, stack(0x000000d900300000,0x000000d900400000)]
  0x00000287e28e3800 JavaThread "Cache worker for execution history cache (D:\SEMESTRE 1-2021\Proyectos\simulacionflujocaja\.gradle\6.7.1\executionHistory)" [_thread_blocked, id=2616, stack(0x000000d900400000,0x000000d900500000)]
  0x00000287e368b800 JavaThread "C2 CompilerThread1" daemon [_thread_in_native, id=14564, stack(0x000000d900500000,0x000000d900600000)]

Other Threads:
  0x00000287dd52e800 VMThread "VM Thread" [stack: 0x000000d975f00000,0x000000d976000000] [id=14784]
  0x00000287ddf47000 WatcherThread [stack: 0x000000d976900000,0x000000d976a00000] [id=17720]
  0x00000287c3a98000 GCTaskThread "GC Thread#0" [stack: 0x000000d975a00000,0x000000d975b00000] [id=6800]
  0x00000287dea46800 GCTaskThread "GC Thread#1" [stack: 0x000000d976b00000,0x000000d976c00000] [id=5656]
  0x00000287de418000 GCTaskThread "GC Thread#2" [stack: 0x000000d976c00000,0x000000d976d00000] [id=13968]
  0x00000287de418800 GCTaskThread "GC Thread#3" [stack: 0x000000d976d00000,0x000000d976e00000] [id=1348]
  0x00000287c3acc800 ConcurrentGCThread "G1 Main Marker" [stack: 0x000000d975b00000,0x000000d975c00000] [id=5568]
  0x00000287c3acf000 ConcurrentGCThread "G1 Conc#0" [stack: 0x000000d975c00000,0x000000d975d00000] [id=16536]
  0x00000287c3b5d800 ConcurrentGCThread "G1 Refine#0" [stack: 0x000000d975d00000,0x000000d975e00000] [id=6532]
  0x00000287dd39a800 ConcurrentGCThread "G1 Young RemSet Sampling" [stack: 0x000000d975e00000,0x000000d975f00000] [id=18396]

Threads with active compile tasks:
C2 CompilerThread0  19604 8928       4       org.gradle.internal.snapshot.SnapshotUtil::getSnapshotFromChild (41 bytes)
C2 CompilerThread1  19604 8948       4       org.gradle.internal.snapshot.SnapshotUtil::getMetadataFromChildren (317 bytes)

VM state:not at safepoint (normal execution)

VM Mutex/Monitor currently owned by a thread: None

Heap address: 0x0000000080000000, size: 2048 MB, Compressed Oops mode: 32-bit
Narrow klass base: 0x0000000000000000, Narrow klass shift: 3
Compressed class space size: 1073741824 Address: 0x0000000100000000

Heap:
 garbage-first heap   total 262144K, used 128653K [0x0000000080000000, 0x0000000100000000)
  region size 1024K, 67 young (68608K), 8 survivors (8192K)
 Metaspace       used 80299K, capacity 82154K, committed 82428K, reserved 1120256K
  class space    used 10367K, capacity 11024K, committed 11136K, reserved 1048576K
Heap Regions: E=young(eden), S=young(survivor), O=old, HS=humongous(starts), HC=humongous(continues), CS=collection set, F=free, A=archive, TAMS=top-at-mark-start (previous, next)
|   0|0x0000000080000000, 0x0000000080100000, 0x0000000080100000|100%| O|  |TAMS 0x0000000080100000, 0x0000000080000000| Untracked 
|   1|0x0000000080100000, 0x0000000080200000, 0x0000000080200000|100%| O|  |TAMS 0x0000000080200000, 0x0000000080100000| Untracked 
|   2|0x0000000080200000, 0x0000000080300000, 0x0000000080300000|100%| O|  |TAMS 0x0000000080300000, 0x0000000080200000| Untracked 
|   3|0x0000000080300000, 0x0000000080400000, 0x0000000080400000|100%|HS|  |TAMS 0x0000000080400000, 0x0000000080300000| Complete 
|   4|0x0000000080400000, 0x0000000080500000, 0x0000000080500000|100%|HC|  |TAMS 0x0000000080500000, 0x0000000080400000| Complete 
|   5|0x0000000080500000, 0x0000000080600000, 0x0000000080600000|100%|HC|  |TAMS 0x0000000080600000, 0x0000000080500000| Complete 
|   6|0x0000000080600000, 0x0000000080700000, 0x0000000080700000|100%| O|  |TAMS 0x0000000080700000, 0x0000000080600000| Untracked 
|   7|0x0000000080700000, 0x0000000080800000, 0x0000000080800000|100%| O|  |TAMS 0x0000000080800000, 0x0000000080700000| Untracked 
|   8|0x0000000080800000, 0x0000000080900000, 0x0000000080900000|100%| O|  |TAMS 0x0000000080900000, 0x0000000080800000| Untracked 
|   9|0x0000000080900000, 0x0000000080a00000, 0x0000000080a00000|100%| O|  |TAMS 0x0000000080a00000, 0x0000000080900000| Untracked 
|  10|0x0000000080a00000, 0x0000000080b00000, 0x0000000080b00000|100%| O|  |TAMS 0x0000000080b00000, 0x0000000080a00000| Untracked 
|  11|0x0000000080b00000, 0x0000000080c00000, 0x0000000080c00000|100%| O|  |TAMS 0x0000000080c00000, 0x0000000080b00000| Untracked 
|  12|0x0000000080c00000, 0x0000000080d00000, 0x0000000080d00000|100%| O|  |TAMS 0x0000000080d00000, 0x0000000080c00000| Untracked 
|  13|0x0000000080d00000, 0x0000000080e00000, 0x0000000080e00000|100%|HS|  |TAMS 0x0000000080e00000, 0x0000000080d00000| Complete 
|  14|0x0000000080e00000, 0x0000000080f00000, 0x0000000080f00000|100%|HS|  |TAMS 0x0000000080f00000, 0x0000000080e00000| Complete 
|  15|0x0000000080f00000, 0x0000000081000000, 0x0000000081000000|100%|HC|  |TAMS 0x0000000081000000, 0x0000000080f00000| Complete 
|  16|0x0000000081000000, 0x0000000081100000, 0x0000000081100000|100%|HC|  |TAMS 0x0000000081100000, 0x0000000081000000| Complete 
|  17|0x0000000081100000, 0x0000000081200000, 0x0000000081200000|100%| O|  |TAMS 0x0000000081200000, 0x0000000081100000| Untracked 
|  18|0x0000000081200000, 0x0000000081300000, 0x0000000081300000|100%| O|  |TAMS 0x0000000081300000, 0x0000000081200000| Untracked 
|  19|0x0000000081300000, 0x0000000081400000, 0x0000000081400000|100%| O|  |TAMS 0x0000000081400000, 0x0000000081300000| Untracked 
|  20|0x0000000081400000, 0x0000000081500000, 0x0000000081500000|100%|HS|  |TAMS 0x0000000081500000, 0x0000000081400000| Complete 
|  21|0x0000000081500000, 0x0000000081600000, 0x0000000081600000|100%|HC|  |TAMS 0x0000000081600000, 0x0000000081500000| Complete 
|  22|0x0000000081600000, 0x0000000081700000, 0x0000000081700000|100%| O|  |TAMS 0x0000000081700000, 0x0000000081600000| Untracked 
|  23|0x0000000081700000, 0x0000000081800000, 0x0000000081800000|100%| O|  |TAMS 0x0000000081800000, 0x0000000081700000| Untracked 
|  24|0x0000000081800000, 0x0000000081900000, 0x0000000081900000|100%| O|  |TAMS 0x0000000081900000, 0x0000000081800000| Untracked 
|  25|0x0000000081900000, 0x0000000081a00000, 0x0000000081a00000|100%| O|  |TAMS 0x0000000081a00000, 0x0000000081900000| Untracked 
|  26|0x0000000081a00000, 0x0000000081b00000, 0x0000000081b00000|100%| O|  |TAMS 0x0000000081b00000, 0x0000000081a00000| Untracked 
|  27|0x0000000081b00000, 0x0000000081c00000, 0x0000000081c00000|100%| O|  |TAMS 0x0000000081c00000, 0x0000000081b00000| Untracked 
|  28|0x0000000081c00000, 0x0000000081d00000, 0x0000000081d00000|100%| O|  |TAMS 0x0000000081d00000, 0x0000000081c00000| Untracked 
|  29|0x0000000081d00000, 0x0000000081e00000, 0x0000000081e00000|100%| O|  |TAMS 0x0000000081e00000, 0x0000000081d00000| Untracked 
|  30|0x0000000081e00000, 0x0000000081f00000, 0x0000000081f00000|100%| O|  |TAMS 0x0000000081f00000, 0x0000000081e00000| Untracked 
|  31|0x0000000081f00000, 0x0000000082000000, 0x0000000082000000|100%| O|  |TAMS 0x0000000082000000, 0x0000000081f00000| Untracked 
|  32|0x0000000082000000, 0x0000000082100000, 0x0000000082100000|100%| O|  |TAMS 0x0000000082100000, 0x0000000082000000| Untracked 
|  33|0x0000000082100000, 0x0000000082200000, 0x0000000082200000|100%| O|  |TAMS 0x0000000082200000, 0x0000000082100000| Untracked 
|  34|0x0000000082200000, 0x0000000082300000, 0x0000000082300000|100%| O|  |TAMS 0x0000000082300000, 0x0000000082200000| Untracked 
|  35|0x0000000082300000, 0x0000000082400000, 0x0000000082400000|100%| O|  |TAMS 0x0000000082400000, 0x0000000082300000| Untracked 
|  36|0x0000000082400000, 0x0000000082500000, 0x0000000082500000|100%| O|  |TAMS 0x0000000082500000, 0x0000000082400000| Untracked 
|  37|0x0000000082500000, 0x0000000082600000, 0x0000000082600000|100%| O|  |TAMS 0x0000000082600000, 0x0000000082500000| Untracked 
|  38|0x0000000082600000, 0x0000000082700000, 0x0000000082700000|100%| O|  |TAMS 0x0000000082700000, 0x0000000082600000| Untracked 
|  39|0x0000000082700000, 0x0000000082800000, 0x0000000082800000|100%| O|  |TAMS 0x0000000082800000, 0x0000000082700000| Untracked 
|  40|0x0000000082800000, 0x0000000082900000, 0x0000000082900000|100%| O|  |TAMS 0x0000000082900000, 0x0000000082800000| Untracked 
|  41|0x0000000082900000, 0x0000000082a00000, 0x0000000082a00000|100%| O|  |TAMS 0x0000000082a00000, 0x0000000082900000| Untracked 
|  42|0x0000000082a00000, 0x0000000082b00000, 0x0000000082b00000|100%| O|  |TAMS 0x0000000082b00000, 0x0000000082a00000| Untracked 
|  43|0x0000000082b00000, 0x0000000082c00000, 0x0000000082c00000|100%| O|  |TAMS 0x0000000082c00000, 0x0000000082b00000| Untracked 
|  44|0x0000000082c00000, 0x0000000082d00000, 0x0000000082d00000|100%| O|  |TAMS 0x0000000082d00000, 0x0000000082c00000| Untracked 
|  45|0x0000000082d00000, 0x0000000082e00000, 0x0000000082e00000|100%| O|  |TAMS 0x0000000082e00000, 0x0000000082d00000| Untracked 
|  46|0x0000000082e00000, 0x0000000082f00000, 0x0000000082f00000|100%| O|  |TAMS 0x0000000082f00000, 0x0000000082e00000| Untracked 
|  47|0x0000000082f00000, 0x0000000083000000, 0x0000000083000000|100%| O|  |TAMS 0x0000000083000000, 0x0000000082f00000| Untracked 
|  48|0x0000000083000000, 0x0000000083100000, 0x0000000083100000|100%| O|  |TAMS 0x0000000083046600, 0x0000000083000000| Untracked 
|  49|0x0000000083100000, 0x0000000083200000, 0x0000000083200000|100%| O|  |TAMS 0x0000000083100000, 0x0000000083100000| Untracked 
|  50|0x0000000083200000, 0x0000000083300000, 0x0000000083300000|100%| O|  |TAMS 0x0000000083200000, 0x0000000083200000| Untracked 
|  51|0x0000000083300000, 0x0000000083400000, 0x0000000083400000|100%| O|  |TAMS 0x0000000083300000, 0x0000000083300000| Untracked 
|  52|0x0000000083400000, 0x0000000083500000, 0x0000000083500000|100%| O|  |TAMS 0x0000000083400000, 0x0000000083400000| Untracked 
|  53|0x0000000083500000, 0x0000000083600000, 0x0000000083600000|100%| O|  |TAMS 0x0000000083500000, 0x0000000083500000| Untracked 
|  54|0x0000000083600000, 0x0000000083700000, 0x0000000083700000|100%| O|  |TAMS 0x0000000083600000, 0x0000000083600000| Untracked 
|  55|0x0000000083700000, 0x0000000083800000, 0x0000000083800000|100%| O|  |TAMS 0x0000000083700000, 0x0000000083700000| Untracked 
|  56|0x0000000083800000, 0x0000000083900000, 0x0000000083900000|100%| O|  |TAMS 0x0000000083800000, 0x0000000083800000| Untracked 
|  57|0x0000000083900000, 0x0000000083a00000, 0x0000000083a00000|100%| O|  |TAMS 0x0000000083900000, 0x0000000083900000| Untracked 
|  58|0x0000000083a00000, 0x0000000083b00000, 0x0000000083b00000|100%| O|  |TAMS 0x0000000083a00000, 0x0000000083a00000| Untracked 
|  59|0x0000000083b00000, 0x0000000083c00000, 0x0000000083c00000|100%| O|  |TAMS 0x0000000083b00000, 0x0000000083b00000| Untracked 
|  60|0x0000000083c00000, 0x0000000083d00000, 0x0000000083d00000|100%| O|  |TAMS 0x0000000083c00000, 0x0000000083c00000| Untracked 
|  61|0x0000000083d00000, 0x0000000083e00000, 0x0000000083e00000|100%| O|  |TAMS 0x0000000083d00000, 0x0000000083d00000| Untracked 
|  62|0x0000000083e00000, 0x0000000083e00000, 0x0000000083f00000|  0%| F|  |TAMS 0x0000000083e00000, 0x0000000083e00000| Untracked 
|  63|0x0000000083f00000, 0x0000000083f00000, 0x0000000084000000|  0%| F|  |TAMS 0x0000000083f00000, 0x0000000083f00000| Untracked 
|  64|0x0000000084000000, 0x0000000084000000, 0x0000000084100000|  0%| F|  |TAMS 0x0000000084000000, 0x0000000084000000| Untracked 
|  65|0x0000000084100000, 0x0000000084100000, 0x0000000084200000|  0%| F|  |TAMS 0x0000000084100000, 0x0000000084100000| Untracked 
|  66|0x0000000084200000, 0x0000000084200000, 0x0000000084300000|  0%| F|  |TAMS 0x0000000084200000, 0x0000000084200000| Untracked 
|  67|0x0000000084300000, 0x0000000084300000, 0x0000000084400000|  0%| F|  |TAMS 0x0000000084300000, 0x0000000084300000| Untracked 
|  68|0x0000000084400000, 0x0000000084400000, 0x0000000084500000|  0%| F|  |TAMS 0x0000000084400000, 0x0000000084400000| Untracked 
|  69|0x0000000084500000, 0x0000000084500000, 0x0000000084600000|  0%| F|  |TAMS 0x0000000084500000, 0x0000000084500000| Untracked 
|  70|0x0000000084600000, 0x0000000084600000, 0x0000000084700000|  0%| F|  |TAMS 0x0000000084600000, 0x0000000084600000| Untracked 
|  71|0x0000000084700000, 0x0000000084700000, 0x0000000084800000|  0%| F|  |TAMS 0x0000000084700000, 0x0000000084700000| Untracked 
|  72|0x0000000084800000, 0x0000000084800000, 0x0000000084900000|  0%| F|  |TAMS 0x0000000084800000, 0x0000000084800000| Untracked 
|  73|0x0000000084900000, 0x0000000084900000, 0x0000000084a00000|  0%| F|  |TAMS 0x0000000084900000, 0x0000000084900000| Untracked 
|  74|0x0000000084a00000, 0x0000000084a00000, 0x0000000084b00000|  0%| F|  |TAMS 0x0000000084a00000, 0x0000000084a00000| Untracked 
|  75|0x0000000084b00000, 0x0000000084b00000, 0x0000000084c00000|  0%| F|  |TAMS 0x0000000084b00000, 0x0000000084b00000| Untracked 
|  76|0x0000000084c00000, 0x0000000084c00000, 0x0000000084d00000|  0%| F|  |TAMS 0x0000000084c00000, 0x0000000084c00000| Untracked 
|  77|0x0000000084d00000, 0x0000000084d00000, 0x0000000084e00000|  0%| F|  |TAMS 0x0000000084d00000, 0x0000000084d00000| Untracked 
|  78|0x0000000084e00000, 0x0000000084e00000, 0x0000000084f00000|  0%| F|  |TAMS 0x0000000084e00000, 0x0000000084e00000| Untracked 
|  79|0x0000000084f00000, 0x0000000084f00000, 0x0000000085000000|  0%| F|  |TAMS 0x0000000084f00000, 0x0000000084f00000| Untracked 
|  80|0x0000000085000000, 0x0000000085000000, 0x0000000085100000|  0%| F|  |TAMS 0x0000000085000000, 0x0000000085000000| Untracked 
|  81|0x0000000085100000, 0x0000000085100000, 0x0000000085200000|  0%| F|  |TAMS 0x0000000085100000, 0x0000000085100000| Untracked 
|  82|0x0000000085200000, 0x0000000085200000, 0x0000000085300000|  0%| F|  |TAMS 0x0000000085200000, 0x0000000085200000| Untracked 
|  83|0x0000000085300000, 0x0000000085300000, 0x0000000085400000|  0%| F|  |TAMS 0x0000000085300000, 0x0000000085300000| Untracked 
|  84|0x0000000085400000, 0x0000000085400000, 0x0000000085500000|  0%| F|  |TAMS 0x0000000085400000, 0x0000000085400000| Untracked 
|  85|0x0000000085500000, 0x0000000085500000, 0x0000000085600000|  0%| F|  |TAMS 0x0000000085500000, 0x0000000085500000| Untracked 
|  86|0x0000000085600000, 0x0000000085600000, 0x0000000085700000|  0%| F|  |TAMS 0x0000000085600000, 0x0000000085600000| Untracked 
|  87|0x0000000085700000, 0x0000000085700000, 0x0000000085800000|  0%| F|  |TAMS 0x0000000085700000, 0x0000000085700000| Untracked 
|  88|0x0000000085800000, 0x0000000085800000, 0x0000000085900000|  0%| F|  |TAMS 0x0000000085800000, 0x0000000085800000| Untracked 
|  89|0x0000000085900000, 0x0000000085900000, 0x0000000085a00000|  0%| F|  |TAMS 0x0000000085900000, 0x0000000085900000| Untracked 
|  90|0x0000000085a00000, 0x0000000085a00000, 0x0000000085b00000|  0%| F|  |TAMS 0x0000000085a00000, 0x0000000085a00000| Untracked 
|  91|0x0000000085b00000, 0x0000000085b00000, 0x0000000085c00000|  0%| F|  |TAMS 0x0000000085b00000, 0x0000000085b00000| Untracked 
|  92|0x0000000085c00000, 0x0000000085c00000, 0x0000000085d00000|  0%| F|  |TAMS 0x0000000085c00000, 0x0000000085c00000| Untracked 
|  93|0x0000000085d00000, 0x0000000085d00000, 0x0000000085e00000|  0%| F|  |TAMS 0x0000000085d00000, 0x0000000085d00000| Untracked 
|  94|0x0000000085e00000, 0x0000000085e00000, 0x0000000085f00000|  0%| F|  |TAMS 0x0000000085e00000, 0x0000000085e00000| Untracked 
|  95|0x0000000085f00000, 0x0000000085f00000, 0x0000000086000000|  0%| F|  |TAMS 0x0000000085f00000, 0x0000000085f00000| Untracked 
|  96|0x0000000086000000, 0x0000000086000000, 0x0000000086100000|  0%| F|  |TAMS 0x0000000086000000, 0x0000000086000000| Untracked 
|  97|0x0000000086100000, 0x0000000086100000, 0x0000000086200000|  0%| F|  |TAMS 0x0000000086100000, 0x0000000086100000| Untracked 
|  98|0x0000000086200000, 0x0000000086200000, 0x0000000086300000|  0%| F|  |TAMS 0x0000000086200000, 0x0000000086200000| Untracked 
|  99|0x0000000086300000, 0x0000000086300000, 0x0000000086400000|  0%| F|  |TAMS 0x0000000086300000, 0x0000000086300000| Untracked 
| 100|0x0000000086400000, 0x0000000086400000, 0x0000000086500000|  0%| F|  |TAMS 0x0000000086400000, 0x0000000086400000| Untracked 
| 101|0x0000000086500000, 0x0000000086500000, 0x0000000086600000|  0%| F|  |TAMS 0x0000000086500000, 0x0000000086500000| Untracked 
| 102|0x0000000086600000, 0x0000000086600000, 0x0000000086700000|  0%| F|  |TAMS 0x0000000086600000, 0x0000000086600000| Untracked 
| 103|0x0000000086700000, 0x0000000086700000, 0x0000000086800000|  0%| F|  |TAMS 0x0000000086700000, 0x0000000086700000| Untracked 
| 104|0x0000000086800000, 0x0000000086800000, 0x0000000086900000|  0%| F|  |TAMS 0x0000000086800000, 0x0000000086800000| Untracked 
| 105|0x0000000086900000, 0x0000000086900000, 0x0000000086a00000|  0%| F|  |TAMS 0x0000000086900000, 0x0000000086900000| Untracked 
| 106|0x0000000086a00000, 0x0000000086a00000, 0x0000000086b00000|  0%| F|  |TAMS 0x0000000086a00000, 0x0000000086a00000| Untracked 
| 107|0x0000000086b00000, 0x0000000086b00000, 0x0000000086c00000|  0%| F|  |TAMS 0x0000000086b00000, 0x0000000086b00000| Untracked 
| 108|0x0000000086c00000, 0x0000000086c00000, 0x0000000086d00000|  0%| F|  |TAMS 0x0000000086c00000, 0x0000000086c00000| Untracked 
| 109|0x0000000086d00000, 0x0000000086d00000, 0x0000000086e00000|  0%| F|  |TAMS 0x0000000086d00000, 0x0000000086d00000| Untracked 
| 110|0x0000000086e00000, 0x0000000086e00000, 0x0000000086f00000|  0%| F|  |TAMS 0x0000000086e00000, 0x0000000086e00000| Untracked 
| 111|0x0000000086f00000, 0x0000000086f00000, 0x0000000087000000|  0%| F|  |TAMS 0x0000000086f00000, 0x0000000086f00000| Untracked 
| 112|0x0000000087000000, 0x0000000087000000, 0x0000000087100000|  0%| F|  |TAMS 0x0000000087000000, 0x0000000087000000| Untracked 
| 113|0x0000000087100000, 0x0000000087100000, 0x0000000087200000|  0%| F|  |TAMS 0x0000000087100000, 0x0000000087100000| Untracked 
| 114|0x0000000087200000, 0x0000000087200000, 0x0000000087300000|  0%| F|  |TAMS 0x0000000087200000, 0x0000000087200000| Untracked 
| 115|0x0000000087300000, 0x0000000087300000, 0x0000000087400000|  0%| F|  |TAMS 0x0000000087300000, 0x0000000087300000| Untracked 
| 116|0x0000000087400000, 0x0000000087400000, 0x0000000087500000|  0%| F|  |TAMS 0x0000000087400000, 0x0000000087400000| Untracked 
| 117|0x0000000087500000, 0x0000000087500000, 0x0000000087600000|  0%| F|  |TAMS 0x0000000087500000, 0x0000000087500000| Untracked 
| 118|0x0000000087600000, 0x0000000087600000, 0x0000000087700000|  0%| F|  |TAMS 0x0000000087600000, 0x0000000087600000| Untracked 
| 119|0x0000000087700000, 0x0000000087700000, 0x0000000087800000|  0%| F|  |TAMS 0x0000000087700000, 0x0000000087700000| Untracked 
| 120|0x0000000087800000, 0x0000000087800000, 0x0000000087900000|  0%| F|  |TAMS 0x0000000087800000, 0x0000000087800000| Untracked 
| 121|0x0000000087900000, 0x0000000087900000, 0x0000000087a00000|  0%| F|  |TAMS 0x0000000087900000, 0x0000000087900000| Untracked 
| 122|0x0000000087a00000, 0x0000000087a00000, 0x0000000087b00000|  0%| F|  |TAMS 0x0000000087a00000, 0x0000000087a00000| Untracked 
| 123|0x0000000087b00000, 0x0000000087b00000, 0x0000000087c00000|  0%| F|  |TAMS 0x0000000087b00000, 0x0000000087b00000| Untracked 
| 124|0x0000000087c00000, 0x0000000087c00000, 0x0000000087d00000|  0%| F|  |TAMS 0x0000000087c00000, 0x0000000087c00000| Untracked 
| 125|0x0000000087d00000, 0x0000000087d00000, 0x0000000087e00000|  0%| F|  |TAMS 0x0000000087d00000, 0x0000000087d00000| Untracked 
| 126|0x0000000087e00000, 0x0000000087e00000, 0x0000000087f00000|  0%| F|  |TAMS 0x0000000087e00000, 0x0000000087e00000| Untracked 
| 127|0x0000000087f00000, 0x0000000087f00000, 0x0000000088000000|  0%| F|  |TAMS 0x0000000087f00000, 0x0000000087f00000| Untracked 
| 128|0x0000000088000000, 0x0000000088000000, 0x0000000088100000|  0%| F|  |TAMS 0x0000000088000000, 0x0000000088000000| Untracked 
| 129|0x0000000088100000, 0x0000000088100000, 0x0000000088200000|  0%| F|  |TAMS 0x0000000088100000, 0x0000000088100000| Untracked 
| 130|0x0000000088200000, 0x0000000088200000, 0x0000000088300000|  0%| F|  |TAMS 0x0000000088200000, 0x0000000088200000| Untracked 
| 131|0x0000000088300000, 0x0000000088300000, 0x0000000088400000|  0%| F|  |TAMS 0x0000000088300000, 0x0000000088300000| Untracked 
| 132|0x0000000088400000, 0x0000000088400000, 0x0000000088500000|  0%| F|  |TAMS 0x0000000088400000, 0x0000000088400000| Untracked 
| 133|0x0000000088500000, 0x0000000088500000, 0x0000000088600000|  0%| F|  |TAMS 0x0000000088500000, 0x0000000088500000| Untracked 
| 134|0x0000000088600000, 0x0000000088600000, 0x0000000088700000|  0%| F|  |TAMS 0x0000000088600000, 0x0000000088600000| Untracked 
| 135|0x0000000088700000, 0x0000000088700000, 0x0000000088800000|  0%| F|  |TAMS 0x0000000088700000, 0x0000000088700000| Untracked 
| 136|0x0000000088800000, 0x0000000088800000, 0x0000000088900000|  0%| F|  |TAMS 0x0000000088800000, 0x0000000088800000| Untracked 
| 137|0x0000000088900000, 0x0000000088900000, 0x0000000088a00000|  0%| F|  |TAMS 0x0000000088900000, 0x0000000088900000| Untracked 
| 138|0x0000000088a00000, 0x0000000088a00000, 0x0000000088b00000|  0%| F|  |TAMS 0x0000000088a00000, 0x0000000088a00000| Untracked 
| 139|0x0000000088b00000, 0x0000000088b00000, 0x0000000088c00000|  0%| F|  |TAMS 0x0000000088b00000, 0x0000000088b00000| Untracked 
| 140|0x0000000088c00000, 0x0000000088c00000, 0x0000000088d00000|  0%| F|  |TAMS 0x0000000088c00000, 0x0000000088c00000| Untracked 
| 141|0x0000000088d00000, 0x0000000088d00000, 0x0000000088e00000|  0%| F|  |TAMS 0x0000000088d00000, 0x0000000088d00000| Untracked 
| 142|0x0000000088e00000, 0x0000000088e00000, 0x0000000088f00000|  0%| F|  |TAMS 0x0000000088e00000, 0x0000000088e00000| Untracked 
| 143|0x0000000088f00000, 0x0000000088f00000, 0x0000000089000000|  0%| F|  |TAMS 0x0000000088f00000, 0x0000000088f00000| Untracked 
| 144|0x0000000089000000, 0x0000000089000000, 0x0000000089100000|  0%| F|  |TAMS 0x0000000089000000, 0x0000000089000000| Untracked 
| 145|0x0000000089100000, 0x0000000089100000, 0x0000000089200000|  0%| F|  |TAMS 0x0000000089100000, 0x0000000089100000| Untracked 
| 146|0x0000000089200000, 0x0000000089200000, 0x0000000089300000|  0%| F|  |TAMS 0x0000000089200000, 0x0000000089200000| Untracked 
| 147|0x0000000089300000, 0x00000000893a34b0, 0x0000000089400000| 63%| S|CS|TAMS 0x0000000089300000, 0x0000000089300000| Complete 
| 148|0x0000000089400000, 0x0000000089500000, 0x0000000089500000|100%| S|CS|TAMS 0x0000000089400000, 0x0000000089400000| Complete 
| 149|0x0000000089500000, 0x0000000089600000, 0x0000000089600000|100%| S|CS|TAMS 0x0000000089500000, 0x0000000089500000| Complete 
| 150|0x0000000089600000, 0x0000000089700000, 0x0000000089700000|100%| S|CS|TAMS 0x0000000089600000, 0x0000000089600000| Complete 
| 151|0x0000000089700000, 0x0000000089800000, 0x0000000089800000|100%| S|CS|TAMS 0x0000000089700000, 0x0000000089700000| Complete 
| 152|0x0000000089800000, 0x0000000089900000, 0x0000000089900000|100%| S|CS|TAMS 0x0000000089800000, 0x0000000089800000| Complete 
| 153|0x0000000089900000, 0x0000000089900000, 0x0000000089a00000|  0%| F|  |TAMS 0x0000000089900000, 0x0000000089900000| Untracked 
| 154|0x0000000089a00000, 0x0000000089a00000, 0x0000000089b00000|  0%| F|  |TAMS 0x0000000089a00000, 0x0000000089a00000| Untracked 
| 155|0x0000000089b00000, 0x0000000089b00000, 0x0000000089c00000|  0%| F|  |TAMS 0x0000000089b00000, 0x0000000089b00000| Untracked 
| 156|0x0000000089c00000, 0x0000000089c00000, 0x0000000089d00000|  0%| F|  |TAMS 0x0000000089c00000, 0x0000000089c00000| Untracked 
| 157|0x0000000089d00000, 0x0000000089d00000, 0x0000000089e00000|  0%| F|  |TAMS 0x0000000089d00000, 0x0000000089d00000| Untracked 
| 158|0x0000000089e00000, 0x0000000089e00000, 0x0000000089f00000|  0%| F|  |TAMS 0x0000000089e00000, 0x0000000089e00000| Untracked 
| 159|0x0000000089f00000, 0x0000000089f00000, 0x000000008a000000|  0%| F|  |TAMS 0x0000000089f00000, 0x0000000089f00000| Untracked 
| 160|0x000000008a000000, 0x000000008a000000, 0x000000008a100000|  0%| F|  |TAMS 0x000000008a000000, 0x000000008a000000| Untracked 
| 161|0x000000008a100000, 0x000000008a200000, 0x000000008a200000|100%| S|CS|TAMS 0x000000008a100000, 0x000000008a100000| Complete 
| 162|0x000000008a200000, 0x000000008a300000, 0x000000008a300000|100%| S|CS|TAMS 0x000000008a200000, 0x000000008a200000| Complete 
| 163|0x000000008a300000, 0x000000008a300000, 0x000000008a400000|  0%| F|  |TAMS 0x000000008a300000, 0x000000008a300000| Untracked 
| 164|0x000000008a400000, 0x000000008a400000, 0x000000008a500000|  0%| F|  |TAMS 0x000000008a400000, 0x000000008a400000| Untracked 
| 165|0x000000008a500000, 0x000000008a500000, 0x000000008a600000|  0%| F|  |TAMS 0x000000008a500000, 0x000000008a500000| Untracked 
| 166|0x000000008a600000, 0x000000008a600000, 0x000000008a700000|  0%| F|  |TAMS 0x000000008a600000, 0x000000008a600000| Untracked 
| 167|0x000000008a700000, 0x000000008a700000, 0x000000008a800000|  0%| F|  |TAMS 0x000000008a700000, 0x000000008a700000| Untracked 
| 168|0x000000008a800000, 0x000000008a800000, 0x000000008a900000|  0%| F|  |TAMS 0x000000008a800000, 0x000000008a800000| Untracked 
| 169|0x000000008a900000, 0x000000008a900000, 0x000000008aa00000|  0%| F|  |TAMS 0x000000008a900000, 0x000000008a900000| Untracked 
| 170|0x000000008aa00000, 0x000000008aa00000, 0x000000008ab00000|  0%| F|  |TAMS 0x000000008aa00000, 0x000000008aa00000| Untracked 
| 171|0x000000008ab00000, 0x000000008ab00000, 0x000000008ac00000|  0%| F|  |TAMS 0x000000008ab00000, 0x000000008ab00000| Untracked 
| 172|0x000000008ac00000, 0x000000008ac00000, 0x000000008ad00000|  0%| F|  |TAMS 0x000000008ac00000, 0x000000008ac00000| Untracked 
| 173|0x000000008ad00000, 0x000000008ad00000, 0x000000008ae00000|  0%| F|  |TAMS 0x000000008ad00000, 0x000000008ad00000| Untracked 
| 174|0x000000008ae00000, 0x000000008ae00000, 0x000000008af00000|  0%| F|  |TAMS 0x000000008ae00000, 0x000000008ae00000| Untracked 
| 175|0x000000008af00000, 0x000000008af00000, 0x000000008b000000|  0%| F|  |TAMS 0x000000008af00000, 0x000000008af00000| Untracked 
| 176|0x000000008b000000, 0x000000008b000000, 0x000000008b100000|  0%| F|  |TAMS 0x000000008b000000, 0x000000008b000000| Untracked 
| 177|0x000000008b100000, 0x000000008b100000, 0x000000008b200000|  0%| F|  |TAMS 0x000000008b100000, 0x000000008b100000| Untracked 
| 178|0x000000008b200000, 0x000000008b200000, 0x000000008b300000|  0%| F|  |TAMS 0x000000008b200000, 0x000000008b200000| Untracked 
| 179|0x000000008b300000, 0x000000008b300000, 0x000000008b400000|  0%| F|  |TAMS 0x000000008b300000, 0x000000008b300000| Untracked 
| 180|0x000000008b400000, 0x000000008b400000, 0x000000008b500000|  0%| F|  |TAMS 0x000000008b400000, 0x000000008b400000| Untracked 
| 181|0x000000008b500000, 0x000000008b500000, 0x000000008b600000|  0%| F|  |TAMS 0x000000008b500000, 0x000000008b500000| Untracked 
| 182|0x000000008b600000, 0x000000008b600000, 0x000000008b700000|  0%| F|  |TAMS 0x000000008b600000, 0x000000008b600000| Untracked 
| 183|0x000000008b700000, 0x000000008b700000, 0x000000008b800000|  0%| F|  |TAMS 0x000000008b700000, 0x000000008b700000| Untracked 
| 184|0x000000008b800000, 0x000000008b800000, 0x000000008b900000|  0%| F|  |TAMS 0x000000008b800000, 0x000000008b800000| Untracked 
| 185|0x000000008b900000, 0x000000008b900000, 0x000000008ba00000|  0%| F|  |TAMS 0x000000008b900000, 0x000000008b900000| Untracked 
| 186|0x000000008ba00000, 0x000000008ba00000, 0x000000008bb00000|  0%| F|  |TAMS 0x000000008ba00000, 0x000000008ba00000| Untracked 
| 187|0x000000008bb00000, 0x000000008bb00000, 0x000000008bc00000|  0%| F|  |TAMS 0x000000008bb00000, 0x000000008bb00000| Untracked 
| 188|0x000000008bc00000, 0x000000008bc00000, 0x000000008bd00000|  0%| F|  |TAMS 0x000000008bc00000, 0x000000008bc00000| Untracked 
| 189|0x000000008bd00000, 0x000000008bd00000, 0x000000008be00000|  0%| F|  |TAMS 0x000000008bd00000, 0x000000008bd00000| Untracked 
| 190|0x000000008be00000, 0x000000008be00000, 0x000000008bf00000|  0%| F|  |TAMS 0x000000008be00000, 0x000000008be00000| Untracked 
| 191|0x000000008bf00000, 0x000000008bf00000, 0x000000008c000000|  0%| F|  |TAMS 0x000000008bf00000, 0x000000008bf00000| Untracked 
| 192|0x000000008c000000, 0x000000008c000000, 0x000000008c100000|  0%| F|  |TAMS 0x000000008c000000, 0x000000008c000000| Untracked 
| 193|0x000000008c100000, 0x000000008c100000, 0x000000008c200000|  0%| F|  |TAMS 0x000000008c100000, 0x000000008c100000| Untracked 
| 194|0x000000008c200000, 0x000000008c200000, 0x000000008c300000|  0%| F|  |TAMS 0x000000008c200000, 0x000000008c200000| Untracked 
| 195|0x000000008c300000, 0x000000008c300000, 0x000000008c400000|  0%| F|  |TAMS 0x000000008c300000, 0x000000008c300000| Untracked 
| 196|0x000000008c400000, 0x000000008c400000, 0x000000008c500000|  0%| F|  |TAMS 0x000000008c400000, 0x000000008c400000| Untracked 
| 197|0x000000008c500000, 0x000000008c578178, 0x000000008c600000| 46%| E|  |TAMS 0x000000008c500000, 0x000000008c500000| Complete 
| 198|0x000000008c600000, 0x000000008c700000, 0x000000008c700000|100%| E|CS|TAMS 0x000000008c600000, 0x000000008c600000| Complete 
| 199|0x000000008c700000, 0x000000008c800000, 0x000000008c800000|100%| E|CS|TAMS 0x000000008c700000, 0x000000008c700000| Complete 
| 200|0x000000008c800000, 0x000000008c900000, 0x000000008c900000|100%| E|CS|TAMS 0x000000008c800000, 0x000000008c800000| Complete 
| 201|0x000000008c900000, 0x000000008ca00000, 0x000000008ca00000|100%| E|CS|TAMS 0x000000008c900000, 0x000000008c900000| Complete 
| 202|0x000000008ca00000, 0x000000008cb00000, 0x000000008cb00000|100%| E|CS|TAMS 0x000000008ca00000, 0x000000008ca00000| Complete 
| 203|0x000000008cb00000, 0x000000008cc00000, 0x000000008cc00000|100%| E|CS|TAMS 0x000000008cb00000, 0x000000008cb00000| Complete 
| 204|0x000000008cc00000, 0x000000008cd00000, 0x000000008cd00000|100%| E|CS|TAMS 0x000000008cc00000, 0x000000008cc00000| Complete 
| 205|0x000000008cd00000, 0x000000008ce00000, 0x000000008ce00000|100%| E|CS|TAMS 0x000000008cd00000, 0x000000008cd00000| Complete 
| 206|0x000000008ce00000, 0x000000008cf00000, 0x000000008cf00000|100%| E|CS|TAMS 0x000000008ce00000, 0x000000008ce00000| Complete 
| 207|0x000000008cf00000, 0x000000008d000000, 0x000000008d000000|100%| E|CS|TAMS 0x000000008cf00000, 0x000000008cf00000| Complete 
| 208|0x000000008d000000, 0x000000008d100000, 0x000000008d100000|100%| E|CS|TAMS 0x000000008d000000, 0x000000008d000000| Complete 
| 209|0x000000008d100000, 0x000000008d200000, 0x000000008d200000|100%| E|CS|TAMS 0x000000008d100000, 0x000000008d100000| Complete 
| 210|0x000000008d200000, 0x000000008d300000, 0x000000008d300000|100%| E|CS|TAMS 0x000000008d200000, 0x000000008d200000| Complete 
| 211|0x000000008d300000, 0x000000008d400000, 0x000000008d400000|100%| E|CS|TAMS 0x000000008d300000, 0x000000008d300000| Complete 
| 212|0x000000008d400000, 0x000000008d500000, 0x000000008d500000|100%| E|CS|TAMS 0x000000008d400000, 0x000000008d400000| Complete 
| 213|0x000000008d500000, 0x000000008d600000, 0x000000008d600000|100%| E|CS|TAMS 0x000000008d500000, 0x000000008d500000| Complete 
| 214|0x000000008d600000, 0x000000008d700000, 0x000000008d700000|100%| E|CS|TAMS 0x000000008d600000, 0x000000008d600000| Complete 
| 215|0x000000008d700000, 0x000000008d800000, 0x000000008d800000|100%| E|CS|TAMS 0x000000008d700000, 0x000000008d700000| Complete 
| 216|0x000000008d800000, 0x000000008d900000, 0x000000008d900000|100%| E|CS|TAMS 0x000000008d800000, 0x000000008d800000| Complete 
| 217|0x000000008d900000, 0x000000008da00000, 0x000000008da00000|100%| E|CS|TAMS 0x000000008d900000, 0x000000008d900000| Complete 
| 218|0x000000008da00000, 0x000000008db00000, 0x000000008db00000|100%| E|CS|TAMS 0x000000008da00000, 0x000000008da00000| Complete 
| 219|0x000000008db00000, 0x000000008dc00000, 0x000000008dc00000|100%| E|CS|TAMS 0x000000008db00000, 0x000000008db00000| Complete 
| 220|0x000000008dc00000, 0x000000008dd00000, 0x000000008dd00000|100%| E|CS|TAMS 0x000000008dc00000, 0x000000008dc00000| Complete 
| 221|0x000000008dd00000, 0x000000008de00000, 0x000000008de00000|100%| E|  |TAMS 0x000000008dd00000, 0x000000008dd00000| Complete 
| 222|0x000000008de00000, 0x000000008df00000, 0x000000008df00000|100%| E|CS|TAMS 0x000000008de00000, 0x000000008de00000| Complete 
| 223|0x000000008df00000, 0x000000008e000000, 0x000000008e000000|100%| E|CS|TAMS 0x000000008df00000, 0x000000008df00000| Complete 
| 224|0x000000008e000000, 0x000000008e100000, 0x000000008e100000|100%| E|CS|TAMS 0x000000008e000000, 0x000000008e000000| Complete 
| 225|0x000000008e100000, 0x000000008e200000, 0x000000008e200000|100%| E|CS|TAMS 0x000000008e100000, 0x000000008e100000| Complete 
| 226|0x000000008e200000, 0x000000008e300000, 0x000000008e300000|100%| E|CS|TAMS 0x000000008e200000, 0x000000008e200000| Complete 
| 227|0x000000008e300000, 0x000000008e400000, 0x000000008e400000|100%| E|CS|TAMS 0x000000008e300000, 0x000000008e300000| Complete 
| 228|0x000000008e400000, 0x000000008e500000, 0x000000008e500000|100%| E|CS|TAMS 0x000000008e400000, 0x000000008e400000| Complete 
| 229|0x000000008e500000, 0x000000008e600000, 0x000000008e600000|100%| E|CS|TAMS 0x000000008e500000, 0x000000008e500000| Complete 
| 230|0x000000008e600000, 0x000000008e700000, 0x000000008e700000|100%| E|CS|TAMS 0x000000008e600000, 0x000000008e600000| Complete 
| 231|0x000000008e700000, 0x000000008e800000, 0x000000008e800000|100%| E|CS|TAMS 0x000000008e700000, 0x000000008e700000| Complete 
| 232|0x000000008e800000, 0x000000008e900000, 0x000000008e900000|100%| E|CS|TAMS 0x000000008e800000, 0x000000008e800000| Complete 
| 233|0x000000008e900000, 0x000000008ea00000, 0x000000008ea00000|100%| E|CS|TAMS 0x000000008e900000, 0x000000008e900000| Complete 
| 234|0x000000008ea00000, 0x000000008eb00000, 0x000000008eb00000|100%| E|CS|TAMS 0x000000008ea00000, 0x000000008ea00000| Complete 
| 235|0x000000008eb00000, 0x000000008ec00000, 0x000000008ec00000|100%| E|CS|TAMS 0x000000008eb00000, 0x000000008eb00000| Complete 
| 236|0x000000008ec00000, 0x000000008ed00000, 0x000000008ed00000|100%| E|CS|TAMS 0x000000008ec00000, 0x000000008ec00000| Complete 
| 237|0x000000008ed00000, 0x000000008ee00000, 0x000000008ee00000|100%| E|CS|TAMS 0x000000008ed00000, 0x000000008ed00000| Complete 
| 238|0x000000008ee00000, 0x000000008ef00000, 0x000000008ef00000|100%| E|CS|TAMS 0x000000008ee00000, 0x000000008ee00000| Complete 
| 239|0x000000008ef00000, 0x000000008f000000, 0x000000008f000000|100%| E|CS|TAMS 0x000000008ef00000, 0x000000008ef00000| Complete 
| 240|0x000000008f000000, 0x000000008f100000, 0x000000008f100000|100%| E|CS|TAMS 0x000000008f000000, 0x000000008f000000| Complete 
| 241|0x000000008f100000, 0x000000008f200000, 0x000000008f200000|100%| E|CS|TAMS 0x000000008f100000, 0x000000008f100000| Complete 
| 242|0x000000008f200000, 0x000000008f300000, 0x000000008f300000|100%| E|CS|TAMS 0x000000008f200000, 0x000000008f200000| Complete 
| 243|0x000000008f300000, 0x000000008f400000, 0x000000008f400000|100%| E|CS|TAMS 0x000000008f300000, 0x000000008f300000| Complete 
| 244|0x000000008f400000, 0x000000008f500000, 0x000000008f500000|100%| E|CS|TAMS 0x000000008f400000, 0x000000008f400000| Complete 
| 245|0x000000008f500000, 0x000000008f600000, 0x000000008f600000|100%| E|CS|TAMS 0x000000008f500000, 0x000000008f500000| Complete 
| 246|0x000000008f600000, 0x000000008f700000, 0x000000008f700000|100%| E|CS|TAMS 0x000000008f600000, 0x000000008f600000| Complete 
| 247|0x000000008f700000, 0x000000008f800000, 0x000000008f800000|100%| E|CS|TAMS 0x000000008f700000, 0x000000008f700000| Complete 
| 248|0x000000008f800000, 0x000000008f900000, 0x000000008f900000|100%| E|CS|TAMS 0x000000008f800000, 0x000000008f800000| Complete 
| 249|0x000000008f900000, 0x000000008fa00000, 0x000000008fa00000|100%| E|CS|TAMS 0x000000008f900000, 0x000000008f900000| Complete 
| 250|0x000000008fa00000, 0x000000008fb00000, 0x000000008fb00000|100%| E|CS|TAMS 0x000000008fa00000, 0x000000008fa00000| Complete 
| 251|0x000000008fb00000, 0x000000008fc00000, 0x000000008fc00000|100%| E|CS|TAMS 0x000000008fb00000, 0x000000008fb00000| Complete 
| 252|0x000000008fc00000, 0x000000008fd00000, 0x000000008fd00000|100%| E|CS|TAMS 0x000000008fc00000, 0x000000008fc00000| Complete 
| 253|0x000000008fd00000, 0x000000008fe00000, 0x000000008fe00000|100%| E|CS|TAMS 0x000000008fd00000, 0x000000008fd00000| Complete 
| 254|0x000000008fe00000, 0x000000008ff00000, 0x000000008ff00000|100%| E|CS|TAMS 0x000000008fe00000, 0x000000008fe00000| Complete 
| 255|0x000000008ff00000, 0x0000000090000000, 0x0000000090000000|100%| E|CS|TAMS 0x000000008ff00000, 0x000000008ff00000| Complete 

Card table byte_map: [0x00000287d6800000,0x00000287d6c00000] _byte_map_base: 0x00000287d6400000

Marking Bits (Prev, Next): (CMBitMap*) 0x00000287c3ac3e58, (CMBitMap*) 0x00000287c3ac3e90
 Prev Bits: [0x00000287d7000000, 0x00000287d9000000)
 Next Bits: [0x00000287d9000000, 0x00000287db000000)

Polling page: 0x00000287c1c30000

Metaspace:

Usage:
  Non-class:     69.53 MB capacity,    68.30 MB ( 98%) used,     1.04 MB (  1%) free+waste,   196.00 KB ( <1%) overhead. 
      Class:     10.77 MB capacity,    10.12 MB ( 94%) used,   567.27 KB (  5%) free+waste,    89.50 KB ( <1%) overhead. 
       Both:     80.29 MB capacity,    78.42 MB ( 98%) used,     1.59 MB (  2%) free+waste,   285.50 KB ( <1%) overhead. 

Virtual space:
  Non-class space:       70.00 MB reserved,      69.62 MB (>99%) committed 
      Class space:        1.00 GB reserved,      10.88 MB (  1%) committed 
             Both:        1.07 GB reserved,      80.50 MB (  7%) committed 

Chunk freelists:
   Non-Class:  34.00 KB
       Class:  0 bytes
        Both:  34.00 KB

MaxMetaspaceSize: 17179869184.00 GB
CompressedClassSpaceSize: 1.00 GB

CodeHeap 'non-profiled nmethods': size=120064Kb used=5210Kb max_used=5210Kb free=114853Kb
 bounds [0x00000287ceec0000, 0x00000287cf3e0000, 0x00000287d6400000]
CodeHeap 'profiled nmethods': size=120000Kb used=19209Kb max_used=19209Kb free=100790Kb
 bounds [0x00000287c7990000, 0x00000287c8c60000, 0x00000287ceec0000]
CodeHeap 'non-nmethods': size=5696Kb used=2259Kb max_used=2338Kb free=3437Kb
 bounds [0x00000287c7400000, 0x00000287c7670000, 0x00000287c7990000]
 total_blobs=9599 nmethods=8742 adapters=768
 compilation: enabled
              stopped_count=0, restarted_count=0
 full_count=0

Compilation events (20 events):
Event: 19.486 Thread 0x00000287dddbb000 8990       3       org.gradle.internal.classloader.ClassLoaderVisitor::<init> (21 bytes)
Event: 19.486 Thread 0x00000287dddbb000 nmethod 8990 0x00000287c8c44110 code [0x00000287c8c44380, 0x00000287c8c44df8]
Event: 19.489 Thread 0x00000287dddbb000 8991       3       org.gradle.internal.classloader.ConfigurableClassLoaderHierarchyHasher::getClassLoaderHash (20 bytes)
Event: 19.490 Thread 0x00000287dddbb000 nmethod 8991 0x00000287c8c45190 code [0x00000287c8c45440, 0x00000287c8c46078]
Event: 19.490 Thread 0x00000287dddbb000 8992       3       org.gradle.internal.classloader.CachingClassLoader::visit (20 bytes)
Event: 19.490 Thread 0x00000287dddbb000 nmethod 8992 0x00000287c8c46510 code [0x00000287c8c46780, 0x00000287c8c47428]
Event: 19.499 Thread 0x00000287dddbb000 8993       3       com.google.common.collect.Iterators::transform (15 bytes)
Event: 19.500 Thread 0x00000287dddbb000 nmethod 8993 0x00000287c8c47810 code [0x00000287c8c47a20, 0x00000287c8c480f8]
Event: 19.503 Thread 0x00000287dddbb000 8994       3       java.net.URLClassLoader::getURLs (8 bytes)
Event: 19.503 Thread 0x00000287dddbb000 nmethod 8994 0x00000287c8c48310 code [0x00000287c8c484e0, 0x00000287c8c48a28]
Event: 19.503 Thread 0x00000287dddbb000 8995   !   3       jdk.internal.loader.URLClassPath::getURLs (29 bytes)
Event: 19.503 Thread 0x00000287dddbb000 nmethod 8995 0x00000287c8c48c10 code [0x00000287c8c48de0, 0x00000287c8c492a8]
Event: 19.503 Thread 0x00000287dddbb000 8996       3       org.gradle.internal.classloader.VisitableURLClassLoader$Spec::<init> (15 bytes)
Event: 19.504 Thread 0x00000287dddbb000 nmethod 8996 0x00000287c8c49490 code [0x00000287c8c49660, 0x00000287c8c498d8]
Event: 19.506 Thread 0x00000287dddbb000 8997   !   3       java.util.Collections$SynchronizedMap::get (25 bytes)
Event: 19.507 Thread 0x00000287dddbb000 nmethod 8997 0x00000287c8c49a10 code [0x00000287c8c49be0, 0x00000287c8c49f28]
Event: 19.507 Thread 0x00000287dddbb000 8998       3       org.gradle.internal.classloader.VisitableURLClassLoader::visit (38 bytes)
Event: 19.508 Thread 0x00000287dddbb000 nmethod 8998 0x00000287c8c4a090 code [0x00000287c8c4a3a0, 0x00000287c8c4baf8]
Event: 19.508 Thread 0x00000287dddbb000 8999       3       org.gradle.internal.classloader.ClassLoaderVisitor::visitClassPath (1 bytes)
Event: 19.508 Thread 0x00000287dddbb000 nmethod 8999 0x00000287c8c4c290 code [0x00000287c8c4c440, 0x00000287c8c4c538]

GC Heap History (20 events):
Event: 4.749 GC heap before
{Heap before GC invocations=3 (full 0):
 garbage-first heap   total 262144K, used 53638K [0x0000000080000000, 0x0000000100000000)
  region size 1024K, 44 young (45056K), 4 survivors (4096K)
 Metaspace       used 18524K, capacity 18971K, committed 19072K, reserved 1067008K
  class space    used 2217K, capacity 2361K, committed 2432K, reserved 1048576K
}
Event: 4.754 GC heap after
{Heap after GC invocations=4 (full 0):
 garbage-first heap   total 262144K, used 15955K [0x0000000080000000, 0x0000000100000000)
  region size 1024K, 3 young (3072K), 3 survivors (3072K)
 Metaspace       used 18524K, capacity 18971K, committed 19072K, reserved 1067008K
  class space    used 2217K, capacity 2361K, committed 2432K, reserved 1048576K
}
Event: 4.910 GC heap before
{Heap before GC invocations=4 (full 0):
 garbage-first heap   total 262144K, used 31315K [0x0000000080000000, 0x0000000100000000)
  region size 1024K, 19 young (19456K), 3 survivors (3072K)
 Metaspace       used 20584K, capacity 21127K, committed 21296K, reserved 1069056K
  class space    used 2520K, capacity 2680K, committed 2688K, reserved 1048576K
}
Event: 4.914 GC heap after
{Heap after GC invocations=5 (full 0):
 garbage-first heap   total 262144K, used 16434K [0x0000000080000000, 0x0000000100000000)
  region size 1024K, 4 young (4096K), 4 survivors (4096K)
 Metaspace       used 20584K, capacity 21127K, committed 21296K, reserved 1069056K
  class space    used 2520K, capacity 2680K, committed 2688K, reserved 1048576K
}
Event: 5.644 GC heap before
{Heap before GC invocations=6 (full 0):
 garbage-first heap   total 262144K, used 70706K [0x0000000080000000, 0x0000000100000000)
  region size 1024K, 58 young (59392K), 4 survivors (4096K)
 Metaspace       used 26631K, capacity 27268K, committed 27440K, reserved 1073152K
  class space    used 3490K, capacity 3710K, committed 3712K, reserved 1048576K
}
Event: 5.649 GC heap after
{Heap after GC invocations=7 (full 0):
 garbage-first heap   total 262144K, used 18445K [0x0000000080000000, 0x0000000100000000)
  region size 1024K, 6 young (6144K), 6 survivors (6144K)
 Metaspace       used 26631K, capacity 27268K, committed 27440K, reserved 1073152K
  class space    used 3490K, capacity 3710K, committed 3712K, reserved 1048576K
}
Event: 6.413 GC heap before
{Heap before GC invocations=7 (full 0):
 garbage-first heap   total 262144K, used 62477K [0x0000000080000000, 0x0000000100000000)
  region size 1024K, 51 young (52224K), 6 survivors (6144K)
 Metaspace       used 34898K, capacity 35661K, committed 35708K, reserved 1081344K
  class space    used 4532K, capacity 4849K, committed 4864K, reserved 1048576K
}
Event: 6.425 GC heap after
{Heap after GC invocations=8 (full 0):
 garbage-first heap   total 262144K, used 21530K [0x0000000080000000, 0x0000000100000000)
  region size 1024K, 9 young (9216K), 9 survivors (9216K)
 Metaspace       used 34898K, capacity 35661K, committed 35708K, reserved 1081344K
  class space    used 4532K, capacity 4849K, committed 4864K, reserved 1048576K
}
Event: 9.181 GC heap before
{Heap before GC invocations=9 (full 0):
 garbage-first heap   total 262144K, used 142362K [0x0000000080000000, 0x0000000100000000)
  region size 1024K, 124 young (126976K), 9 survivors (9216K)
 Metaspace       used 44453K, capacity 45511K, committed 45692K, reserved 1089536K
  class space    used 5694K, capacity 6061K, committed 6144K, reserved 1048576K
}
Event: 9.194 GC heap after
{Heap after GC invocations=10 (full 0):
 garbage-first heap   total 262144K, used 28673K [0x0000000080000000, 0x0000000100000000)
  region size 1024K, 13 young (13312K), 13 survivors (13312K)
 Metaspace       used 44453K, capacity 45511K, committed 45692K, reserved 1089536K
  class space    used 5694K, capacity 6061K, committed 6144K, reserved 1048576K
}
Event: 12.645 GC heap before
{Heap before GC invocations=10 (full 0):
 garbage-first heap   total 262144K, used 176129K [0x0000000080000000, 0x0000000100000000)
  region size 1024K, 152 young (155648K), 13 survivors (13312K)
 Metaspace       used 58297K, capacity 59780K, committed 59900K, reserved 1101824K
  class space    used 7412K, capacity 7951K, committed 8064K, reserved 1048576K
}
Event: 12.665 GC heap after
{Heap after GC invocations=11 (full 0):
 garbage-first heap   total 262144K, used 48472K [0x0000000080000000, 0x0000000100000000)
  region size 1024K, 19 young (19456K), 19 survivors (19456K)
 Metaspace       used 58297K, capacity 59780K, committed 59900K, reserved 1101824K
  class space    used 7412K, capacity 7951K, committed 8064K, reserved 1048576K
}
Event: 12.668 GC heap before
{Heap before GC invocations=11 (full 0):
 garbage-first heap   total 262144K, used 48472K [0x0000000080000000, 0x0000000100000000)
  region size 1024K, 20 young (20480K), 19 survivors (19456K)
 Metaspace       used 58323K, capacity 59780K, committed 59900K, reserved 1101824K
  class space    used 7414K, capacity 7951K, committed 8064K, reserved 1048576K
}
Event: 12.686 GC heap after
{Heap after GC invocations=12 (full 0):
 garbage-first heap   total 262144K, used 51481K [0x0000000080000000, 0x0000000100000000)
  region size 1024K, 2 young (2048K), 2 survivors (2048K)
 Metaspace       used 58323K, capacity 59780K, committed 59900K, reserved 1101824K
  class space    used 7414K, capacity 7951K, committed 8064K, reserved 1048576K
}
Event: 13.676 GC heap before
{Heap before GC invocations=13 (full 0):
 garbage-first heap   total 262144K, used 134425K [0x0000000080000000, 0x0000000100000000)
  region size 1024K, 83 young (84992K), 2 survivors (2048K)
 Metaspace       used 63723K, capacity 65266K, committed 65404K, reserved 1105920K
  class space    used 8087K, capacity 8617K, committed 8704K, reserved 1048576K
}
Event: 13.684 GC heap after
{Heap after GC invocations=14 (full 0):
 garbage-first heap   total 262144K, used 55951K [0x0000000080000000, 0x0000000100000000)
  region size 1024K, 7 young (7168K), 7 survivors (7168K)
 Metaspace       used 63723K, capacity 65266K, committed 65404K, reserved 1105920K
  class space    used 8087K, capacity 8617K, committed 8704K, reserved 1048576K
}
Event: 15.388 GC heap before
{Heap before GC invocations=15 (full 0):
 garbage-first heap   total 262144K, used 146063K [0x0000000080000000, 0x0000000100000000)
  region size 1024K, 95 young (97280K), 7 survivors (7168K)
 Metaspace       used 71829K, capacity 73484K, committed 73596K, reserved 1114112K
  class space    used 9331K, capacity 9913K, committed 9984K, reserved 1048576K
}
Event: 15.408 GC heap after
{Heap after GC invocations=16 (full 0):
 garbage-first heap   total 262144K, used 63531K [0x0000000080000000, 0x0000000100000000)
  region size 1024K, 8 young (8192K), 8 survivors (8192K)
 Metaspace       used 71829K, capacity 73484K, committed 73596K, reserved 1114112K
  class space    used 9331K, capacity 9913K, committed 9984K, reserved 1048576K
}
Event: 17.610 GC heap before
{Heap before GC invocations=16 (full 0):
 garbage-first heap   total 262144K, used 157739K [0x0000000080000000, 0x0000000100000000)
  region size 1024K, 101 young (103424K), 8 survivors (8192K)
 Metaspace       used 79860K, capacity 81734K, committed 81916K, reserved 1120256K
  class space    used 10364K, capacity 11020K, committed 11136K, reserved 1048576K
}
Event: 17.625 GC heap after
{Heap after GC invocations=17 (full 0):
 garbage-first heap   total 262144K, used 71309K [0x0000000080000000, 0x0000000100000000)
  region size 1024K, 8 young (8192K), 8 survivors (8192K)
 Metaspace       used 79860K, capacity 81734K, committed 81916K, reserved 1120256K
  class space    used 10364K, capacity 11020K, committed 11136K, reserved 1048576K
}

Deoptimization events (20 events):
Event: 19.293 Thread 0x00000287e03f7000 Uncommon trap: trap_request=0xffffffbe fr.pc=0x00000287cf3ce99c relative=0x000000000000075c
Event: 19.293 Thread 0x00000287e03f7000 Uncommon trap: reason=profile_predicate action=maybe_recompile pc=0x00000287cf3ce99c method=org.gradle.internal.snapshot.SearchUtil.binarySearch(Ljava/util/List;Ljava/lang/Comparable;)I @ 88 c2
Event: 19.293 Thread 0x00000287e03f7000 DEOPT PACKING pc=0x00000287cf3ce99c sp=0x000000d9785fc670
Event: 19.293 Thread 0x00000287e03f7000 DEOPT UNPACKING pc=0x00000287c74274af sp=0x000000d9785fc5f8 mode 2
Event: 19.293 Thread 0x00000287e03f7000 Uncommon trap: trap_request=0xffffffbe fr.pc=0x00000287cf3ce99c relative=0x000000000000075c
Event: 19.293 Thread 0x00000287e03f7000 Uncommon trap: reason=profile_predicate action=maybe_recompile pc=0x00000287cf3ce99c method=org.gradle.internal.snapshot.SearchUtil.binarySearch(Ljava/util/List;Ljava/lang/Comparable;)I @ 88 c2
Event: 19.293 Thread 0x00000287e03f7000 DEOPT PACKING pc=0x00000287cf3ce99c sp=0x000000d9785fc520
Event: 19.293 Thread 0x00000287e03f7000 DEOPT UNPACKING pc=0x00000287c74274af sp=0x000000d9785fc4a8 mode 2
Event: 19.294 Thread 0x00000287e03fc000 Uncommon trap: trap_request=0xffffffbe fr.pc=0x00000287cf3ce99c relative=0x000000000000075c
Event: 19.294 Thread 0x00000287e03fc000 Uncommon trap: reason=profile_predicate action=maybe_recompile pc=0x00000287cf3ce99c method=org.gradle.internal.snapshot.SearchUtil.binarySearch(Ljava/util/List;Ljava/lang/Comparable;)I @ 88 c2
Event: 19.294 Thread 0x00000287e03fc000 DEOPT PACKING pc=0x00000287cf3ce99c sp=0x000000d9788fd390
Event: 19.294 Thread 0x00000287e03fc000 DEOPT UNPACKING pc=0x00000287c74274af sp=0x000000d9788fd318 mode 2
Event: 19.294 Thread 0x00000287e03fc000 Uncommon trap: trap_request=0xffffffbe fr.pc=0x00000287cf3ce99c relative=0x000000000000075c
Event: 19.294 Thread 0x00000287e03fc000 Uncommon trap: reason=profile_predicate action=maybe_recompile pc=0x00000287cf3ce99c method=org.gradle.internal.snapshot.SearchUtil.binarySearch(Ljava/util/List;Ljava/lang/Comparable;)I @ 88 c2
Event: 19.294 Thread 0x00000287e03fc000 DEOPT PACKING pc=0x00000287cf3ce99c sp=0x000000d9788fc120
Event: 19.294 Thread 0x00000287e03fc000 DEOPT UNPACKING pc=0x00000287c74274af sp=0x000000d9788fc0a8 mode 2
Event: 19.461 Thread 0x00000287e28db800 Uncommon trap: trap_request=0xffffff4d fr.pc=0x00000287cf392388 relative=0x0000000000000208
Event: 19.462 Thread 0x00000287e28db800 Uncommon trap: reason=unstable_if action=reinterpret pc=0x00000287cf392388 method=org.gradle.internal.file.DefaultFileHierarchySet$Node.isChildOfOrThis(Ljava/lang/String;I)Z @ 72 c2
Event: 19.462 Thread 0x00000287e28db800 DEOPT PACKING pc=0x00000287cf392388 sp=0x000000d9001fd2d0
Event: 19.462 Thread 0x00000287e28db800 DEOPT UNPACKING pc=0x00000287c74274af sp=0x000000d9001fd258 mode 2

Classes redefined (0 events):
No events

Internal exceptions (20 events):
Event: 16.465 Thread 0x00000287dea8f800 Exception <a 'java/lang/ClassNotFoundException'{0x000000008d4d42d8}: com/android/build/gradle/internal/tasks/IncrementalTaskCustomizer> (0x000000008d4d42d8) thrown at [./src/hotspot/share/classfile/systemDictionary.cpp, line 231]
Event: 16.465 Thread 0x00000287dea8f800 Exception <a 'java/lang/ClassNotFoundException'{0x000000008d4fb988}: com/android/build/gradle/tasks/ResourceAwareTaskCustomizer> (0x000000008d4fb988) thrown at [./src/hotspot/share/classfile/systemDictionary.cpp, line 231]
Event: 16.466 Thread 0x00000287dea8f800 Exception <a 'java/lang/ClassNotFoundException'{0x000000008d32a4f8}: com/android/build/gradle/tasks/MergeResourcesCustomizer> (0x000000008d32a4f8) thrown at [./src/hotspot/share/classfile/systemDictionary.cpp, line 231]
Event: 16.468 Thread 0x00000287dea8f800 Exception <a 'java/lang/ClassNotFoundException'{0x000000008d370000}: com/android/build/gradle/tasks/MergeResources_DecoratedCustomizer> (0x000000008d370000) thrown at [./src/hotspot/share/classfile/systemDictionary.cpp, line 231]
Event: 16.751 Thread 0x00000287dea8f800 Exception <a 'java/lang/NoSuchMethodError'{0x000000008c5194d0}: <clinit>> (0x000000008c5194d0) thrown at [./src/hotspot/share/prims/jni.cpp, line 1362]
Event: 16.756 Thread 0x00000287dea8f800 Exception <a 'java/lang/NoSuchMethodError'{0x000000008c54b9f8}: <clinit>> (0x000000008c54b9f8) thrown at [./src/hotspot/share/prims/jni.cpp, line 1362]
Event: 16.918 Thread 0x00000287df592800 Exception <a 'java/lang/NoSuchMethodError'{0x000000008ff88768}: <clinit>> (0x000000008ff88768) thrown at [./src/hotspot/share/prims/jni.cpp, line 1362]
Event: 16.919 Thread 0x00000287df592800 Exception <a 'java/lang/NoSuchMethodError'{0x000000008c07b368}: <clinit>> (0x000000008c07b368) thrown at [./src/hotspot/share/prims/jni.cpp, line 1362]
Event: 16.925 Thread 0x00000287e28db800 Exception <a 'java/lang/NoSuchMethodError'{0x000000008c0a8150}: 'java.lang.Object java.lang.invoke.Invokers$Holder.linkToTargetMethod(java.lang.Object, java.lang.Object, java.lang.Object, java.lang.Object, java.lang.Object, java.lang.Object, java.lang.Object, java.lang.Object)'> (0x000000008c0a8150) thrown at [./src/hotspot/share/interpreter/linkResolver.cpp, line 773]
Event: 16.927 Thread 0x00000287df592800 Exception <a 'java/lang/NoSuchMethodError'{0x000000008c0856f8}: <clinit>> (0x000000008c0856f8) thrown at [./src/hotspot/share/prims/jni.cpp, line 1362]
Event: 16.928 Thread 0x00000287df592800 Exception <a 'java/lang/NoSuchMethodError'{0x000000008bf3ffc8}: <clinit>> (0x000000008bf3ffc8) thrown at [./src/hotspot/share/prims/jni.cpp, line 1362]
Event: 16.928 Thread 0x00000287df592800 Exception <a 'java/lang/NoSuchMethodError'{0x000000008bf412a0}: <clinit>> (0x000000008bf412a0) thrown at [./src/hotspot/share/prims/jni.cpp, line 1362]
Event: 16.943 Thread 0x00000287e28e0000 Exception <a 'java/lang/NoSuchMethodError'{0x000000008c7892c8}: <clinit>> (0x000000008c7892c8) thrown at [./src/hotspot/share/prims/jni.cpp, line 1362]
Event: 16.945 Thread 0x00000287e28e0000 Exception <a 'java/lang/NoSuchMethodError'{0x000000008be82c00}: <clinit>> (0x000000008be82c00) thrown at [./src/hotspot/share/prims/jni.cpp, line 1362]
Event: 16.987 Thread 0x00000287df592800 Exception <a 'java/lang/NoSuchMethodError'{0x000000008bcad260}: <clinit>> (0x000000008bcad260) thrown at [./src/hotspot/share/prims/jni.cpp, line 1362]
Event: 17.446 Thread 0x00000287e28db800 Exception <a 'java/lang/NoSuchMethodError'{0x000000008af56e90}: 'java.lang.Object java.lang.invoke.Invokers$Holder.linkToTargetMethod(java.lang.Object, java.lang.Object, java.lang.Object, java.lang.Object, java.lang.Object, java.lang.Object, java.lang.Object)'> (0x000000008af56e90) thrown at [./src/hotspot/share/interpreter/linkResolver.cpp, line 773]
Event: 17.483 Thread 0x00000287e03f7000 Exception <a 'java/lang/NoSuchMethodError'{0x000000008ad5c890}: 'java.lang.Object java.lang.invoke.DirectMethodHandle$Holder.invokeSpecialIFC(java.lang.Object, java.lang.Object, java.lang.Object)'> (0x000000008ad5c890) thrown at [./src/hotspot/share/interpreter/linkResolver.cpp, line 773]
Event: 17.483 Thread 0x00000287e03fc000 Exception <a 'java/lang/NoSuchMethodError'{0x000000008cf60130}: 'java.lang.Object java.lang.invoke.DirectMethodHandle$Holder.invokeSpecialIFC(java.lang.Object, java.lang.Object, java.lang.Object)'> (0x000000008cf60130) thrown at [./src/hotspot/share/interpreter/linkResolver.cpp, line 773]
Event: 17.884 Thread 0x00000287e03f7000 Implicit null exception at 0x00000287cf39b54b to 0x00000287cf39bd90
Event: 17.911 Thread 0x00000287e03f7000 Implicit null exception at 0x00000287cf3a2a52 to 0x00000287cf3a2e58

Events (20 events):
Event: 19.427 loading class org/gradle/api/internal/artifacts/transform/TransformationSubject done
Event: 19.427 loading class org/gradle/api/internal/artifacts/transform/TransformingArtifactVisitor
Event: 19.427 loading class org/gradle/api/internal/artifacts/transform/TransformingArtifactVisitor done
Event: 19.427 loading class org/gradle/api/internal/artifacts/ivyservice/resolveengine/artifact/ResolvableArtifact
Event: 19.427 loading class org/gradle/api/internal/artifacts/ivyservice/resolveengine/artifact/ResolvableArtifact done
Event: 19.427 loading class org/gradle/api/internal/artifacts/transform/TransformingArtifactVisitor
Event: 19.427 loading class org/gradle/api/internal/artifacts/transform/TransformingArtifactVisitor done
Event: 19.437 loading class org/gradle/api/internal/artifacts/transform/CacheableInvocation
Event: 19.437 loading class org/gradle/api/internal/artifacts/transform/CacheableInvocation done
Event: 19.437 loading class org/gradle/api/internal/artifacts/transform/CacheableInvocation
Event: 19.437 loading class org/gradle/api/internal/artifacts/transform/CacheableInvocation done
Event: 19.456 loading class org/gradle/internal/execution/caching/CachingState
Event: 19.456 loading class org/gradle/internal/execution/caching/CachingState done
Event: 19.457 loading class org/gradle/internal/execution/caching/CachingState
Event: 19.457 loading class org/gradle/internal/execution/caching/CachingState done
Event: 19.457 Executing VM operation: ICBufferFull
Event: 19.457 Executing VM operation: ICBufferFull done
Event: 19.462 loading class org/gradle/api/artifacts/component/ProjectComponentIdentifier
Event: 19.462 loading class org/gradle/api/artifacts/component/ProjectComponentIdentifier done
Event: 19.468 Thread 0x00000287e368b800 Thread added: 0x00000287e368b800


Dynamic libraries:
0x00007ff6eb1a0000 - 0x00007ff6eb1aa000 	C:\Program Files\Android\Android Studio\jre\bin\java.exe
0x00007ffe70410000 - 0x00007ffe70605000 	C:\Windows\SYSTEM32\ntdll.dll
0x00007ffe427d0000 - 0x00007ffe427e3000 	C:\Program Files\AVG\Antivirus\aswhook.dll
0x00007ffe70310000 - 0x00007ffe703cd000 	C:\Windows\System32\KERNEL32.DLL
0x00007ffe6de90000 - 0x00007ffe6e158000 	C:\Windows\System32\KERNELBASE.dll
0x00007ffe6dbe0000 - 0x00007ffe6dce0000 	C:\Windows\System32\ucrtbase.dll
0x00007ffe53d70000 - 0x00007ffe53d87000 	C:\Program Files\Android\Android Studio\jre\bin\VCRUNTIME140.dll
0x00007ffe49970000 - 0x00007ffe49989000 	C:\Program Files\Android\Android Studio\jre\bin\jli.dll
0x00007ffe6f350000 - 0x00007ffe6f4f0000 	C:\Windows\System32\USER32.dll
0x00007ffe6de10000 - 0x00007ffe6de32000 	C:\Windows\System32\win32u.dll
0x00007ffe6eb50000 - 0x00007ffe6eb7a000 	C:\Windows\System32\GDI32.dll
0x00007ffe62bf0000 - 0x00007ffe62e8a000 	C:\Windows\WinSxS\amd64_microsoft.windows.common-controls_6595b64144ccf1df_6.0.19041.844_none_ca00b6081b84eb1d\COMCTL32.dll
0x00007ffe6e160000 - 0x00007ffe6e26b000 	C:\Windows\System32\gdi32full.dll
0x00007ffe6f5a0000 - 0x00007ffe6f63e000 	C:\Windows\System32\msvcrt.dll
0x00007ffe6e270000 - 0x00007ffe6e30d000 	C:\Windows\System32\msvcp_win.dll
0x00007ffe6e890000 - 0x00007ffe6e8c0000 	C:\Windows\System32\IMM32.DLL
0x00007ffe477f0000 - 0x00007ffe4788d000 	C:\Program Files\Android\Android Studio\jre\bin\msvcp140.dll
0x00007ffe198d0000 - 0x00007ffe1a38c000 	C:\Program Files\Android\Android Studio\jre\bin\server\jvm.dll
0x00007ffe6e6a0000 - 0x00007ffe6e74c000 	C:\Windows\System32\ADVAPI32.dll
0x00007ffe6f940000 - 0x00007ffe6f9db000 	C:\Windows\System32\sechost.dll
0x00007ffe6e470000 - 0x00007ffe6e59b000 	C:\Windows\System32\RPCRT4.dll
0x00007ffe701d0000 - 0x00007ffe701d8000 	C:\Windows\System32\PSAPI.DLL
0x00007ffe57850000 - 0x00007ffe57859000 	C:\Windows\SYSTEM32\WSOCK32.dll
0x00007ffe6f870000 - 0x00007ffe6f8db000 	C:\Windows\System32\WS2_32.dll
0x00007ffe64e70000 - 0x00007ffe64e97000 	C:\Windows\SYSTEM32\WINMM.dll
0x00007ffe67c80000 - 0x00007ffe67c8a000 	C:\Windows\SYSTEM32\VERSION.dll
0x00007ffe6bac0000 - 0x00007ffe6bad2000 	C:\Windows\SYSTEM32\kernel.appcore.dll
0x00007ffe69800000 - 0x00007ffe69811000 	C:\Program Files\Android\Android Studio\jre\bin\verify.dll
0x00007ffe66540000 - 0x00007ffe66724000 	C:\Windows\SYSTEM32\DBGHELP.DLL
0x00007ffe66820000 - 0x00007ffe6684c000 	C:\Windows\SYSTEM32\dbgcore.DLL
0x00007ffe6dce0000 - 0x00007ffe6dd60000 	C:\Windows\System32\bcryptPrimitives.dll
0x00007ffe69750000 - 0x00007ffe69779000 	C:\Program Files\Android\Android Studio\jre\bin\java.dll
0x00007ffe69ad0000 - 0x00007ffe69adb000 	C:\Program Files\Android\Android Studio\jre\bin\jimage.dll
0x00007ffe62bb0000 - 0x00007ffe62bc8000 	C:\Program Files\Android\Android Studio\jre\bin\zip.dll
0x00007ffe6f9e0000 - 0x00007ffe70122000 	C:\Windows\System32\SHELL32.dll
0x00007ffe6bcc0000 - 0x00007ffe6c450000 	C:\Windows\SYSTEM32\windows.storage.dll
0x00007ffe6eff0000 - 0x00007ffe6f345000 	C:\Windows\System32\combase.dll
0x00007ffe6d5c0000 - 0x00007ffe6d5ec000 	C:\Windows\SYSTEM32\Wldp.dll
0x00007ffe6f4f0000 - 0x00007ffe6f59e000 	C:\Windows\System32\SHCORE.dll
0x00007ffe6ea90000 - 0x00007ffe6eae5000 	C:\Windows\System32\shlwapi.dll
0x00007ffe6da90000 - 0x00007ffe6daaf000 	C:\Windows\SYSTEM32\profapi.dll
0x00007ffe584e0000 - 0x00007ffe584fa000 	C:\Program Files\Android\Android Studio\jre\bin\net.dll
0x00007ffe65360000 - 0x00007ffe6546b000 	C:\Windows\SYSTEM32\WINHTTP.dll
0x00007ffe6d330000 - 0x00007ffe6d39a000 	C:\Windows\system32\mswsock.dll
0x00007ffe58220000 - 0x00007ffe58234000 	C:\Program Files\Android\Android Studio\jre\bin\nio.dll
0x00007ffe4c380000 - 0x00007ffe4c3a7000 	C:\Users\ricro\.gradle\native\fdc75f09e3144964f2cf3f50f0aa648679c211496f362492102eb8c894070792\windows-amd64\native-platform.dll
0x00007ffe15690000 - 0x00007ffe15826000 	C:\Users\ricro\.gradle\native\12488b8bf47d2d4c9fbf2f6322a914ad602e24e48041cd04a747c6da556b65c4\windows-amd64\native-platform-file-events.dll
0x00007ffe69a80000 - 0x00007ffe69a8a000 	C:\Program Files\Android\Android Studio\jre\bin\management.dll
0x00007ffe69a50000 - 0x00007ffe69a5c000 	C:\Program Files\Android\Android Studio\jre\bin\management_ext.dll
0x00007ffe6d500000 - 0x00007ffe6d518000 	C:\Windows\SYSTEM32\CRYPTSP.dll
0x00007ffe6cc60000 - 0x00007ffe6cc94000 	C:\Windows\system32\rsaenh.dll
0x00007ffe6db50000 - 0x00007ffe6db77000 	C:\Windows\System32\bcrypt.dll
0x00007ffe6da50000 - 0x00007ffe6da7e000 	C:\Windows\SYSTEM32\USERENV.dll
0x00007ffe6d520000 - 0x00007ffe6d52c000 	C:\Windows\SYSTEM32\CRYPTBASE.dll
0x00007ffe6cfd0000 - 0x00007ffe6d00b000 	C:\Windows\SYSTEM32\IPHLPAPI.DLL
0x00007ffe70130000 - 0x00007ffe70138000 	C:\Windows\System32\NSI.dll
0x00007ffe67c20000 - 0x00007ffe67c37000 	C:\Windows\SYSTEM32\dhcpcsvc6.DLL
0x00007ffe67c00000 - 0x00007ffe67c1d000 	C:\Windows\SYSTEM32\dhcpcsvc.DLL
0x00007ffe6d020000 - 0x00007ffe6d0ec000 	C:\Windows\SYSTEM32\DNSAPI.dll
0x00007ffe67b90000 - 0x00007ffe67b9b000 	C:\Windows\SYSTEM32\WINNSI.DLL

dbghelp: loaded successfully - version: 4.0.5 - missing functions: none
symbol engine: initialized successfully - sym options: 0x614 - pdb path: .;C:\Program Files\Android\Android Studio\jre\bin;C:\Windows\SYSTEM32;C:\Program Files\AVG\Antivirus;C:\Windows\WinSxS\amd64_microsoft.windows.common-controls_6595b64144ccf1df_6.0.19041.844_none_ca00b6081b84eb1d;C:\Program Files\Android\Android Studio\jre\bin\server;C:\Users\ricro\.gradle\native\fdc75f09e3144964f2cf3f50f0aa648679c211496f362492102eb8c894070792\windows-amd64;C:\Users\ricro\.gradle\native\12488b8bf47d2d4c9fbf2f6322a914ad602e24e48041cd04a747c6da556b65c4\windows-amd64

VM Arguments:
jvm_args: --add-opens=java.base/java.util=ALL-UNNAMED --add-opens=java.base/java.lang=ALL-UNNAMED --add-opens=java.base/java.lang.invoke=ALL-UNNAMED --add-opens=java.prefs/java.util.prefs=ALL-UNNAMED -Xmx2048m -Dfile.encoding=UTF-8 -Duser.country=BO -Duser.language=es -Duser.variant 
java_command: org.gradle.launcher.daemon.bootstrap.GradleDaemon 6.7.1
java_class_path (initial): C:\Users\ricro\.gradle\wrapper\dists\gradle-6.7.1-bin\bwlcbys1h7rz3272sye1xwiv6\gradle-6.7.1\lib\gradle-launcher-6.7.1.jar
Launcher Type: SUN_STANDARD

[Global flags]
     intx CICompilerCount                          = 3                                         {product} {ergonomic}
     uint ConcGCThreads                            = 1                                         {product} {ergonomic}
     uint G1ConcRefinementThreads                  = 4                                         {product} {ergonomic}
   size_t G1HeapRegionSize                         = 1048576                                   {product} {ergonomic}
    uintx GCDrainStackTargetSize                   = 64                                        {product} {ergonomic}
   size_t InitialHeapSize                          = 268435456                                 {product} {ergonomic}
   size_t MarkStackSize                            = 4194304                                   {product} {ergonomic}
   size_t MaxHeapSize                              = 2147483648                                {product} {command line}
   size_t MaxNewSize                               = 1287651328                                {product} {ergonomic}
   size_t MinHeapDeltaBytes                        = 1048576                                   {product} {ergonomic}
    uintx NonNMethodCodeHeapSize                   = 5830732                                {pd product} {ergonomic}
    uintx NonProfiledCodeHeapSize                  = 122913754                              {pd product} {ergonomic}
    uintx ProfiledCodeHeapSize                     = 122913754                              {pd product} {ergonomic}
    uintx ReservedCodeCacheSize                    = 251658240                              {pd product} {ergonomic}
     bool SegmentedCodeCache                       = true                                      {product} {ergonomic}
     bool UseCompressedClassPointers               = true                                 {lp64_product} {ergonomic}
     bool UseCompressedOops                        = true                                 {lp64_product} {ergonomic}
     bool UseG1GC                                  = true                                      {product} {ergonomic}
     bool UseLargePagesIndividualAllocation        = false                                  {pd product} {ergonomic}

Logging:
Log output configuration:
 #0: stdout all=warning uptime,level,tags
 #1: stderr all=off uptime,level,tags

Environment Variables:
PATH=E:\Programas\bin\;C:\Program Files (x86)\Common Files\Oracle\Java\javapath;C:\Program Files\Common Files\Oracle\Java\javapath;C:\Windows\system32;C:\Windows;C:\Windows\System32\Wbem;C:\Windows\System32\WindowsPowerShell\v1.0\;C:\Windows\System32\OpenSSH\;C:\Program Files (x86)\NVIDIA Corporation\PhysX\Common;C:\Program Files (x86)\Brackets\command;C:\Program Files\NVIDIA Corporation\NVIDIA NvDLISR;C:\Program Files\Git\cmd;C:\Program Files\Git\mingw64\bin;C:\Program Files\Git\usr\bin;C:\Program Files\nodejs\;C:\Program Files (x86)\dotnet\;C:\Users\ricro\AppData\Local\Programs\Python\Python39\Scripts\;C:\Users\ricro\AppData\Local\Programs\Python\Python39\;C:\Program Files\MySQL\MySQL Shell 8.0\bin\;C:\Users\ricro\AppData\Local\Microsoft\WindowsApps;C:\Users\ricro\AppData\Local\atom\bin;C:\Users\ricro\AppData\Local\Programs\Microsoft VS Code\bin;C:\Users\ricro\AppData\Roaming\npm
USERNAME=ricro
OS=Windows_NT
PROCESSOR_IDENTIFIER=Intel64 Family 6 Model 60 Stepping 3, GenuineIntel



---------------  S Y S T E M  ---------------

OS: Windows 10 , 64 bit Build 19041 (10.0.19041.928)
OS uptime: 1 days 6:50 hours

CPU:total 4 (initial active 4) (4 cores per cpu, 1 threads per core) family 6 model 60 stepping 3, cmov, cx8, fxsr, mmx, sse, sse2, sse3, ssse3, sse4.1, sse4.2, popcnt, avx, avx2, aes, clmul, erms, lzcnt, tsc, tscinvbit, bmi1, bmi2, fma

Memory: 4k page, system-wide physical 16332M (3823M free)
TotalPageFile size 16332M (AvailPageFile size 5M)
current process WorkingSet (physical memory assigned to process): 475M, peak: 475M
current process commit charge ("private bytes"): 534M, peak: 535M

vm_info: OpenJDK 64-Bit Server VM (11.0.8+10-b944.6842174) for windows-amd64 JRE (11.0.8+10-b944.6842174), built on Sep 19 2020 01:11:42 by "builder" with MS VC++ 14.0 (VS2015)

END.
