#
# There is insufficient memory for the Java Runtime Environment to continue.
# Native memory allocation (malloc) failed to allocate 1446736 bytes for Chunk::new
# Possible reasons:
#   The system is out of physical RAM or swap space
#   The process is running with CompressedOops enabled, and the Java Heap may be blocking the growth of the native heap
# Possible solutions:
#   Reduce memory load on the system
#   Increase physical memory or swap space
#   Check if swap backing store is full
#   Decrease Java heap size (-Xmx/-Xms)
#   Decrease number of Java threads
#   Decrease Java thread stack sizes (-Xss)
#   Set larger code cache with -XX:ReservedCodeCacheSize=
#   JVM is running with Unscaled Compressed Oops mode in which the Java heap is
#     placed in the first 4GB address space. The Java Heap base address is the
#     maximum limit for the native heap growth. Please use -XX:HeapBaseMinAddress
#     to set the Java Heap base and to place the Java Heap above 4GB virtual address.
# This output file may be truncated or incomplete.
#
#  Out of Memory Error (./src/hotspot/share/memory/arena.cpp:197), pid=18260, tid=17660
#
# JRE version: OpenJDK Runtime Environment (11.0.8+10) (build 11.0.8+10-b944.6842174)
# Java VM: OpenJDK 64-Bit Server VM (11.0.8+10-b944.6842174, mixed mode, tiered, compressed oops, g1 gc, windows-amd64)
# No core dump will be written. Minidumps are not enabled by default on client versions of Windows
#

---------------  S U M M A R Y ------------

Command Line: --add-opens=java.base/java.util=ALL-UNNAMED --add-opens=java.base/java.lang=ALL-UNNAMED --add-opens=java.base/java.lang.invoke=ALL-UNNAMED --add-opens=java.prefs/java.util.prefs=ALL-UNNAMED -Xmx2048m -Dfile.encoding=UTF-8 -Duser.country=BO -Duser.language=es -Duser.variant org.gradle.launcher.daemon.bootstrap.GradleDaemon 6.7.1

Host: Intel(R) Core(TM) i5-4460  CPU @ 3.20GHz, 4 cores, 15G,  Windows 10 , 64 bit Build 19041 (10.0.19041.928)
Time: Mon May 31 18:28:21 2021 Hora estándar oeste, Sudamérica elapsed time: 20 seconds (0d 0h 0m 20s)

---------------  T H R E A D  ---------------

Current thread (0x000001e88d620800):  JavaThread "C2 CompilerThread1" daemon [_thread_in_native, id=17660, stack(0x0000006993a00000,0x0000006993b00000)]


Current CompileTask:
C2:  20187 11608       4       org.gradle.api.internal.tasks.compile.incremental.deps.ClassSetAnalysisData$Serializer::readDependentsSet (118 bytes)

Stack: [0x0000006993a00000,0x0000006993b00000]
Native frames: (J=compiled Java code, j=interpreted, Vv=VM code, C=native code)
V  [jvm.dll+0x5de50a]
V  [jvm.dll+0x7122f5]
V  [jvm.dll+0x71384d]
V  [jvm.dll+0x713f03]
V  [jvm.dll+0x23e728]
V  [jvm.dll+0xb899c]
V  [jvm.dll+0xb8e9c]
V  [jvm.dll+0x35024d]
V  [jvm.dll+0x193cbc]
V  [jvm.dll+0x1f780e]
V  [jvm.dll+0x1f68d4]
V  [jvm.dll+0x17f32c]
V  [jvm.dll+0x205047]
V  [jvm.dll+0x203891]
V  [jvm.dll+0x6dad3f]
V  [jvm.dll+0x6d3895]
V  [jvm.dll+0x5dd4a6]
C  [ucrtbase.dll+0x21bb2]
C  [KERNEL32.DLL+0x17034]
C  [ntdll.dll+0x52651]


---------------  P R O C E S S  ---------------

Threads class SMR info:
_java_thread_list=0x000001e88a995400, length=172, elements={
0x000001e8ea4ca800, 0x000001e886a28000, 0x000001e886a31800, 0x000001e886a80800,
0x000001e886a81800, 0x000001e886a83000, 0x000001e886a8d800, 0x000001e886a92000,
0x000001e886bec000, 0x000001e886bed800, 0x000001e887a69000, 0x000001e886d08800,
0x000001e8877a9800, 0x000001e888359800, 0x000001e8880e3000, 0x000001e88840c000,
0x000001e8884c9000, 0x000001e888381000, 0x000001e888424800, 0x000001e888d24800,
0x000001e8883c9000, 0x000001e8883c6800, 0x000001e8883c6000, 0x000001e8883c7800,
0x000001e8883ca000, 0x000001e8883c4800, 0x000001e8883cb000, 0x000001e8883c5000,
0x000001e88c691000, 0x000001e88c692000, 0x000001e88c68e800, 0x000001e88c693000,
0x000001e88c68f800, 0x000001e88c68e000, 0x000001e88c690800, 0x000001e88c68d000,
0x000001e88bfc0800, 0x000001e88bfc1800, 0x000001e88bfc2000, 0x000001e88bfbf800,
0x000001e88bfc3000, 0x000001e88bfc8800, 0x000001e88bfc3800, 0x000001e88bfc6000,
0x000001e88bfca800, 0x000001e88bfc7000, 0x000001e88bfc5800, 0x000001e88bfc8000,
0x000001e88bfc9800, 0x000001e88bfc4800, 0x000001e88bfcc000, 0x000001e88bfcc800,
0x000001e88bfcb000, 0x000001e88bfcd800, 0x000001e88bfce800, 0x000001e88bfd5800,
0x000001e88bfcf800, 0x000001e88bfd1800, 0x000001e88bfd3800, 0x000001e88bfd4800,
0x000001e88bfd6000, 0x000001e88bfd2000, 0x000001e88bfd0800, 0x000001e88bfd7000,
0x000001e88bfd8000, 0x000001e88bfd8800, 0x000001e88bfd3000, 0x000001e88bfd9800,
0x000001e88bfda800, 0x000001e88bfdc800, 0x000001e88bfdb000, 0x000001e88bfde800,
0x000001e88bfdd800, 0x000001e88bfdc000, 0x000001e889113800, 0x000001e889115800,
0x000001e889114000, 0x000001e889116800, 0x000001e889111000, 0x000001e889112800,
0x000001e889115000, 0x000001e889117800, 0x000001e889111800, 0x000001e889118000,
0x000001e88911e000, 0x000001e88911c000, 0x000001e88911e800, 0x000001e88911d000,
0x000001e889119000, 0x000001e88911f800, 0x000001e88911a000, 0x000001e88911a800,
0x000001e88911b800, 0x000001e88ae4c000, 0x000001e88ae48800, 0x000001e88ae4d000,
0x000001e88ae49800, 0x000001e88ae4d800, 0x000001e88ae4f000, 0x000001e88ae4e800,
0x000001e88ae50000, 0x000001e88ae4a800, 0x000001e88ae4b000, 0x000001e88ae52800,
0x000001e88ae56800, 0x000001e88ae54000, 0x000001e88ae51000, 0x000001e88ae56000,
0x000001e88ae55000, 0x000001e88ae57800, 0x000001e88ae51800, 0x000001e88ae53800,
0x000001e88ac1a000, 0x000001e88ac15000, 0x000001e88ac16000, 0x000001e88ac17800,
0x000001e88ac14800, 0x000001e88ac18800, 0x000001e88ac1b000, 0x000001e88ac19000,
0x000001e88ac1b800, 0x000001e88ac1c800, 0x000001e88ac16800, 0x000001e88ac21800,
0x000001e88ac22000, 0x000001e88ac1f000, 0x000001e88ac1d800, 0x000001e88ac1e000,
0x000001e88ac20800, 0x000001e88ac23000, 0x000001e88ac1f800, 0x000001e88af33800,
0x000001e88af2f000, 0x000001e88af30000, 0x000001e88af2d800, 0x000001e88af34000,
0x000001e88af2e800, 0x000001e88af32800, 0x000001e88af35000, 0x000001e88af31800,
0x000001e88af35800, 0x000001e88af31000, 0x000001e88af3a000, 0x000001e88af3c800,
0x000001e88af3b800, 0x000001e88af39000, 0x000001e88af36800, 0x000001e88af3a800,
0x000001e88af37800, 0x000001e88af38000, 0x000001e88d619000, 0x000001e88d61e000,
0x000001e88d61b800, 0x000001e88d618800, 0x000001e88d61c800, 0x000001e88d61f800,
0x000001e88d61f000, 0x000001e88d61a800, 0x000001e88d61a000, 0x000001e88d621800,
0x000001e88d61d000, 0x000001e88d623800, 0x000001e88d623000, 0x000001e88d624800,
0x000001e88d625800, 0x000001e88d626000, 0x000001e88d620800, 0x000001e88d627000,
0x000001e8883c8800, 0x000001e88d622000, 0x000001e88cafe000, 0x000001e88cb00800
}

Java Threads: ( => current thread )
  0x000001e8ea4ca800 JavaThread "main" [_thread_blocked, id=9564, stack(0x0000006991700000,0x0000006991800000)]
  0x000001e886a28000 JavaThread "Reference Handler" daemon [_thread_blocked, id=2584, stack(0x0000006991e00000,0x0000006991f00000)]
  0x000001e886a31800 JavaThread "Finalizer" daemon [_thread_blocked, id=14512, stack(0x0000006991f00000,0x0000006992000000)]
  0x000001e886a80800 JavaThread "Signal Dispatcher" daemon [_thread_blocked, id=16792, stack(0x0000006992000000,0x0000006992100000)]
  0x000001e886a81800 JavaThread "Attach Listener" daemon [_thread_blocked, id=6368, stack(0x0000006992100000,0x0000006992200000)]
  0x000001e886a83000 JavaThread "C2 CompilerThread0" daemon [_thread_in_native, id=10384, stack(0x0000006992200000,0x0000006992300000)]
  0x000001e886a8d800 JavaThread "C1 CompilerThread0" daemon [_thread_blocked, id=6548, stack(0x0000006992300000,0x0000006992400000)]
  0x000001e886a92000 JavaThread "Sweeper thread" daemon [_thread_blocked, id=18332, stack(0x0000006992400000,0x0000006992500000)]
  0x000001e886bec000 JavaThread "Common-Cleaner" daemon [_thread_blocked, id=16008, stack(0x0000006992500000,0x0000006992600000)]
  0x000001e886bed800 JavaThread "Service Thread" daemon [_thread_blocked, id=19124, stack(0x0000006992600000,0x0000006992700000)]
  0x000001e887a69000 JavaThread "Daemon health stats" [_thread_blocked, id=15736, stack(0x0000006992c00000,0x0000006992d00000)]
  0x000001e886d08800 JavaThread "Incoming local TCP Connector on port 56664" [_thread_in_native, id=17572, stack(0x0000006992e00000,0x0000006992f00000)]
  0x000001e8877a9800 JavaThread "Daemon" [_thread_blocked, id=15496, stack(0x0000006992f00000,0x0000006993000000)]
  0x000001e888359800 JavaThread "Handler for socket connection from /127.0.0.1:56664 to /127.0.0.1:56665" [_thread_in_native, id=17772, stack(0x0000006993000000,0x0000006993100000)]
  0x000001e8880e3000 JavaThread "Daemon periodic checks" [_thread_blocked, id=7312, stack(0x0000006993100000,0x0000006993200000)]
  0x000001e88840c000 JavaThread "Cancel handler" [_thread_blocked, id=5676, stack(0x0000006993200000,0x0000006993300000)]
  0x000001e8884c9000 JavaThread "Daemon worker" [_thread_blocked, id=15468, stack(0x0000006993300000,0x0000006993400000)]
  0x000001e888381000 JavaThread "Asynchronous log dispatcher for DefaultDaemonConnection: socket connection from /127.0.0.1:56664 to /127.0.0.1:56665" [_thread_blocked, id=15344, stack(0x0000006993400000,0x0000006993500000)]
  0x000001e888424800 JavaThread "Stdin handler" [_thread_blocked, id=16020, stack(0x0000006993500000,0x0000006993600000)]
  0x000001e888d24800 JavaThread "Thread-8" [_thread_blocked, id=3736, stack(0x0000006993600000,0x0000006993700000)]
  0x000001e8883c9000 JavaThread "Cache worker for file hash cache (C:\Users\ricro\.gradle\caches\6.7.1\fileHashes)" [_thread_blocked, id=15020, stack(0x0000006993700000,0x0000006993800000)]
  0x000001e8883c6800 JavaThread "File lock request listener" [_thread_in_native, id=18988, stack(0x0000006993800000,0x0000006993900000)]
  0x000001e8883c6000 JavaThread "Cache worker for journal cache (C:\Users\ricro\.gradle\caches\journal-1)" [_thread_blocked, id=12124, stack(0x0000006993900000,0x0000006993a00000)]
  0x000001e8883c7800 JavaThread "Cache worker for file hash cache (D:\SEMESTRE 1-2021\Proyectos\simulacionflujocaja\.gradle\6.7.1\fileHashes)" [_thread_blocked, id=18768, stack(0x0000006993b00000,0x0000006993c00000)]
  0x000001e8883ca000 JavaThread "Cache worker for checksums cache (D:\SEMESTRE 1-2021\Proyectos\simulacionflujocaja\.gradle\checksums)" [_thread_blocked, id=876, stack(0x0000006993c00000,0x0000006993d00000)]
  0x000001e8883c4800 JavaThread "Cache worker for cache directory md-supplier (C:\Users\ricro\.gradle\caches\6.7.1\md-supplier)" [_thread_blocked, id=9100, stack(0x0000006993d00000,0x0000006993e00000)]
  0x000001e8883cb000 JavaThread "Cache worker for cache directory md-rule (C:\Users\ricro\.gradle\caches\6.7.1\md-rule)" [_thread_blocked, id=17436, stack(0x0000006993e00000,0x0000006993f00000)]
  0x000001e8883c5000 JavaThread "Cache worker for execution history cache (C:\Users\ricro\.gradle\caches\6.7.1\executionHistory)" [_thread_blocked, id=18828, stack(0x0000006993f00000,0x0000006994000000)]
  0x000001e88c691000 JavaThread "jar transforms" [_thread_blocked, id=15400, stack(0x0000006994000000,0x0000006994100000)]
  0x000001e88c692000 JavaThread "Cache worker for file content cache (C:\Users\ricro\.gradle\caches\6.7.1\fileContent)" [_thread_blocked, id=5636, stack(0x0000006994100000,0x0000006994200000)]
  0x000001e88c68e800 JavaThread "Cache worker for Build Output Cleanup Cache (D:\SEMESTRE 1-2021\Proyectos\simulacionflujocaja\.gradle\buildOutputCleanup)" [_thread_blocked, id=13252, stack(0x0000006994200000,0x0000006994300000)]
  0x000001e88c693000 JavaThread "Build operations" [_thread_blocked, id=14156, stack(0x0000006994300000,0x0000006994400000)]
  0x000001e88c68f800 JavaThread "Build operations Thread 2" [_thread_blocked, id=18056, stack(0x0000006994400000,0x0000006994500000)]
  0x000001e88c68e000 JavaThread "Build operations Thread 3" [_thread_blocked, id=13308, stack(0x0000006994500000,0x0000006994600000)]
  0x000001e88c690800 JavaThread "Build operations Thread 4" [_thread_blocked, id=7660, stack(0x0000006994600000,0x0000006994700000)]
  0x000001e88c68d000 JavaThread "jar transforms Thread 2" [_thread_blocked, id=17488, stack(0x0000006994700000,0x0000006994800000)]
  0x000001e88bfc0800 JavaThread "jar transforms Thread 3" [_thread_blocked, id=18852, stack(0x0000006994800000,0x0000006994900000)]
  0x000001e88bfc1800 JavaThread "jar transforms Thread 4" [_thread_blocked, id=14612, stack(0x0000006994900000,0x0000006994a00000)]
  0x000001e88bfc2000 JavaThread "jar transforms Thread 5" [_thread_blocked, id=16964, stack(0x0000006994a00000,0x0000006994b00000)]
  0x000001e88bfbf800 JavaThread "jar transforms Thread 6" [_thread_blocked, id=19056, stack(0x0000006994b00000,0x0000006994c00000)]
  0x000001e88bfc3000 JavaThread "jar transforms Thread 7" [_thread_blocked, id=18204, stack(0x0000006994c00000,0x0000006994d00000)]
  0x000001e88bfc8800 JavaThread "jar transforms Thread 8" [_thread_blocked, id=3976, stack(0x0000006994d00000,0x0000006994e00000)]
  0x000001e88bfc3800 JavaThread "jar transforms Thread 9" [_thread_blocked, id=2388, stack(0x0000006994e00000,0x0000006994f00000)]
  0x000001e88bfc6000 JavaThread "jar transforms Thread 10" [_thread_blocked, id=10140, stack(0x0000006994f00000,0x0000006995000000)]
  0x000001e88bfca800 JavaThread "jar transforms Thread 11" [_thread_blocked, id=8952, stack(0x0000006995000000,0x0000006995100000)]
  0x000001e88bfc7000 JavaThread "jar transforms Thread 12" [_thread_blocked, id=17472, stack(0x0000006995100000,0x0000006995200000)]
  0x000001e88bfc5800 JavaThread "jar transforms Thread 13" [_thread_blocked, id=3664, stack(0x0000006995200000,0x0000006995300000)]
  0x000001e88bfc8000 JavaThread "jar transforms Thread 14" [_thread_blocked, id=16116, stack(0x0000006995300000,0x0000006995400000)]
  0x000001e88bfc9800 JavaThread "jar transforms Thread 15" [_thread_blocked, id=17556, stack(0x0000006995400000,0x0000006995500000)]
  0x000001e88bfc4800 JavaThread "jar transforms Thread 16" [_thread_blocked, id=15028, stack(0x0000006995500000,0x0000006995600000)]
  0x000001e88bfcc000 JavaThread "jar transforms Thread 17" [_thread_blocked, id=15108, stack(0x0000006995600000,0x0000006995700000)]
  0x000001e88bfcc800 JavaThread "jar transforms Thread 18" [_thread_blocked, id=14952, stack(0x0000006995700000,0x0000006995800000)]
  0x000001e88bfcb000 JavaThread "jar transforms Thread 19" [_thread_blocked, id=2616, stack(0x0000006995800000,0x0000006995900000)]
  0x000001e88bfcd800 JavaThread "jar transforms Thread 20" [_thread_blocked, id=16156, stack(0x0000006995900000,0x0000006995a00000)]
  0x000001e88bfce800 JavaThread "jar transforms Thread 21" [_thread_blocked, id=12020, stack(0x0000006995a00000,0x0000006995b00000)]
  0x000001e88bfd5800 JavaThread "jar transforms Thread 22" [_thread_blocked, id=7840, stack(0x0000006995b00000,0x0000006995c00000)]
  0x000001e88bfcf800 JavaThread "jar transforms Thread 23" [_thread_blocked, id=17248, stack(0x0000006995c00000,0x0000006995d00000)]
  0x000001e88bfd1800 JavaThread "jar transforms Thread 24" [_thread_blocked, id=12360, stack(0x0000006995d00000,0x0000006995e00000)]
  0x000001e88bfd3800 JavaThread "jar transforms Thread 25" [_thread_blocked, id=7736, stack(0x0000006995e00000,0x0000006995f00000)]
  0x000001e88bfd4800 JavaThread "jar transforms Thread 26" [_thread_blocked, id=516, stack(0x0000006995f00000,0x0000006996000000)]
  0x000001e88bfd6000 JavaThread "jar transforms Thread 27" [_thread_blocked, id=15480, stack(0x0000006996000000,0x0000006996100000)]
  0x000001e88bfd2000 JavaThread "jar transforms Thread 28" [_thread_blocked, id=19092, stack(0x0000006996100000,0x0000006996200000)]
  0x000001e88bfd0800 JavaThread "jar transforms Thread 29" [_thread_blocked, id=4920, stack(0x0000006996200000,0x0000006996300000)]
  0x000001e88bfd7000 JavaThread "jar transforms Thread 30" [_thread_blocked, id=4800, stack(0x0000006996300000,0x0000006996400000)]
  0x000001e88bfd8000 JavaThread "jar transforms Thread 31" [_thread_blocked, id=15864, stack(0x0000006996400000,0x0000006996500000)]
  0x000001e88bfd8800 JavaThread "jar transforms Thread 32" [_thread_blocked, id=18964, stack(0x0000006996500000,0x0000006996600000)]
  0x000001e88bfd3000 JavaThread "jar transforms Thread 33" [_thread_blocked, id=18120, stack(0x0000006996600000,0x0000006996700000)]
  0x000001e88bfd9800 JavaThread "jar transforms Thread 34" [_thread_blocked, id=12960, stack(0x0000006996700000,0x0000006996800000)]
  0x000001e88bfda800 JavaThread "jar transforms Thread 35" [_thread_blocked, id=11236, stack(0x0000006996800000,0x0000006996900000)]
  0x000001e88bfdc800 JavaThread "jar transforms Thread 36" [_thread_blocked, id=3616, stack(0x0000006996900000,0x0000006996a00000)]
  0x000001e88bfdb000 JavaThread "jar transforms Thread 37" [_thread_blocked, id=15720, stack(0x0000006996a00000,0x0000006996b00000)]
  0x000001e88bfde800 JavaThread "jar transforms Thread 38" [_thread_blocked, id=10268, stack(0x0000006996b00000,0x0000006996c00000)]
  0x000001e88bfdd800 JavaThread "jar transforms Thread 39" [_thread_blocked, id=14516, stack(0x0000006996c00000,0x0000006996d00000)]
  0x000001e88bfdc000 JavaThread "jar transforms Thread 40" [_thread_blocked, id=13680, stack(0x0000006996d00000,0x0000006996e00000)]
  0x000001e889113800 JavaThread "jar transforms Thread 41" [_thread_blocked, id=16172, stack(0x0000006996e00000,0x0000006996f00000)]
  0x000001e889115800 JavaThread "jar transforms Thread 42" [_thread_blocked, id=15964, stack(0x0000006996f00000,0x0000006997000000)]
  0x000001e889114000 JavaThread "jar transforms Thread 43" [_thread_blocked, id=17048, stack(0x0000006997000000,0x0000006997100000)]
  0x000001e889116800 JavaThread "jar transforms Thread 44" [_thread_blocked, id=18896, stack(0x0000006997100000,0x0000006997200000)]
  0x000001e889111000 JavaThread "jar transforms Thread 45" [_thread_blocked, id=3888, stack(0x0000006997200000,0x0000006997300000)]
  0x000001e889112800 JavaThread "jar transforms Thread 46" [_thread_blocked, id=18772, stack(0x0000006997300000,0x0000006997400000)]
  0x000001e889115000 JavaThread "jar transforms Thread 47" [_thread_blocked, id=1668, stack(0x0000006997400000,0x0000006997500000)]
  0x000001e889117800 JavaThread "jar transforms Thread 48" [_thread_blocked, id=16840, stack(0x0000006997500000,0x0000006997600000)]
  0x000001e889111800 JavaThread "jar transforms Thread 49" [_thread_blocked, id=18048, stack(0x0000006997600000,0x0000006997700000)]
  0x000001e889118000 JavaThread "jar transforms Thread 50" [_thread_blocked, id=19048, stack(0x0000006997700000,0x0000006997800000)]
  0x000001e88911e000 JavaThread "jar transforms Thread 51" [_thread_blocked, id=7448, stack(0x0000006997800000,0x0000006997900000)]
  0x000001e88911c000 JavaThread "jar transforms Thread 52" [_thread_blocked, id=10124, stack(0x0000006997900000,0x0000006997a00000)]
  0x000001e88911e800 JavaThread "jar transforms Thread 53" [_thread_blocked, id=19316, stack(0x0000006997a00000,0x0000006997b00000)]
  0x000001e88911d000 JavaThread "jar transforms Thread 54" [_thread_blocked, id=7360, stack(0x0000006997b00000,0x0000006997c00000)]
  0x000001e889119000 JavaThread "jar transforms Thread 55" [_thread_blocked, id=17424, stack(0x0000006997c00000,0x0000006997d00000)]
  0x000001e88911f800 JavaThread "jar transforms Thread 56" [_thread_blocked, id=7876, stack(0x0000006997d00000,0x0000006997e00000)]
  0x000001e88911a000 JavaThread "jar transforms Thread 57" [_thread_blocked, id=1444, stack(0x0000006997e00000,0x0000006997f00000)]
  0x000001e88911a800 JavaThread "jar transforms Thread 58" [_thread_blocked, id=18708, stack(0x0000006997f00000,0x0000006998000000)]
  0x000001e88911b800 JavaThread "jar transforms Thread 59" [_thread_blocked, id=10692, stack(0x0000006998000000,0x0000006998100000)]
  0x000001e88ae4c000 JavaThread "jar transforms Thread 60" [_thread_blocked, id=6072, stack(0x0000006998100000,0x0000006998200000)]
  0x000001e88ae48800 JavaThread "jar transforms Thread 61" [_thread_blocked, id=14452, stack(0x0000006998200000,0x0000006998300000)]
  0x000001e88ae4d000 JavaThread "jar transforms Thread 62" [_thread_blocked, id=12568, stack(0x0000006998300000,0x0000006998400000)]
  0x000001e88ae49800 JavaThread "jar transforms Thread 63" [_thread_blocked, id=18100, stack(0x0000006998400000,0x0000006998500000)]
  0x000001e88ae4d800 JavaThread "jar transforms Thread 64" [_thread_blocked, id=11320, stack(0x0000006998500000,0x0000006998600000)]
  0x000001e88ae4f000 JavaThread "jar transforms Thread 65" [_thread_blocked, id=16252, stack(0x0000006998600000,0x0000006998700000)]
  0x000001e88ae4e800 JavaThread "jar transforms Thread 66" [_thread_blocked, id=17532, stack(0x0000006998700000,0x0000006998800000)]
  0x000001e88ae50000 JavaThread "jar transforms Thread 67" [_thread_blocked, id=16688, stack(0x0000006998800000,0x0000006998900000)]
  0x000001e88ae4a800 JavaThread "jar transforms Thread 68" [_thread_blocked, id=10696, stack(0x0000006998900000,0x0000006998a00000)]
  0x000001e88ae4b000 JavaThread "jar transforms Thread 69" [_thread_blocked, id=14732, stack(0x0000006998a00000,0x0000006998b00000)]
  0x000001e88ae52800 JavaThread "jar transforms Thread 70" [_thread_blocked, id=8020, stack(0x0000006998b00000,0x0000006998c00000)]
  0x000001e88ae56800 JavaThread "jar transforms Thread 71" [_thread_blocked, id=12640, stack(0x0000006998c00000,0x0000006998d00000)]
  0x000001e88ae54000 JavaThread "jar transforms Thread 72" [_thread_blocked, id=12996, stack(0x0000006998d00000,0x0000006998e00000)]
  0x000001e88ae51000 JavaThread "jar transforms Thread 73" [_thread_blocked, id=15780, stack(0x0000006998e00000,0x0000006998f00000)]
  0x000001e88ae56000 JavaThread "jar transforms Thread 74" [_thread_blocked, id=9008, stack(0x0000006998f00000,0x0000006999000000)]
  0x000001e88ae55000 JavaThread "jar transforms Thread 75" [_thread_blocked, id=11376, stack(0x0000006999000000,0x0000006999100000)]
  0x000001e88ae57800 JavaThread "jar transforms Thread 76" [_thread_blocked, id=4860, stack(0x0000006999100000,0x0000006999200000)]
  0x000001e88ae51800 JavaThread "jar transforms Thread 77" [_thread_blocked, id=5680, stack(0x0000006999200000,0x0000006999300000)]
  0x000001e88ae53800 JavaThread "jar transforms Thread 78" [_thread_blocked, id=13156, stack(0x0000006999300000,0x0000006999400000)]
  0x000001e88ac1a000 JavaThread "jar transforms Thread 79" [_thread_blocked, id=16496, stack(0x0000006999400000,0x0000006999500000)]
  0x000001e88ac15000 JavaThread "jar transforms Thread 80" [_thread_blocked, id=4856, stack(0x0000006999500000,0x0000006999600000)]
  0x000001e88ac16000 JavaThread "jar transforms Thread 81" [_thread_blocked, id=1596, stack(0x0000006999600000,0x0000006999700000)]
  0x000001e88ac17800 JavaThread "jar transforms Thread 82" [_thread_blocked, id=15536, stack(0x0000006999700000,0x0000006999800000)]
  0x000001e88ac14800 JavaThread "jar transforms Thread 83" [_thread_blocked, id=5544, stack(0x0000006999800000,0x0000006999900000)]
  0x000001e88ac18800 JavaThread "jar transforms Thread 84" [_thread_blocked, id=7820, stack(0x0000006999900000,0x0000006999a00000)]
  0x000001e88ac1b000 JavaThread "jar transforms Thread 85" [_thread_blocked, id=1348, stack(0x0000006999a00000,0x0000006999b00000)]
  0x000001e88ac19000 JavaThread "jar transforms Thread 86" [_thread_blocked, id=18444, stack(0x0000006999b00000,0x0000006999c00000)]
  0x000001e88ac1b800 JavaThread "jar transforms Thread 87" [_thread_blocked, id=7992, stack(0x0000006999c00000,0x0000006999d00000)]
  0x000001e88ac1c800 JavaThread "jar transforms Thread 88" [_thread_blocked, id=16532, stack(0x0000006999d00000,0x0000006999e00000)]
  0x000001e88ac16800 JavaThread "jar transforms Thread 89" [_thread_blocked, id=11336, stack(0x0000006999e00000,0x0000006999f00000)]
  0x000001e88ac21800 JavaThread "jar transforms Thread 90" [_thread_blocked, id=12716, stack(0x0000006999f00000,0x000000699a000000)]
  0x000001e88ac22000 JavaThread "jar transforms Thread 91" [_thread_blocked, id=15884, stack(0x000000699a000000,0x000000699a100000)]
  0x000001e88ac1f000 JavaThread "jar transforms Thread 92" [_thread_blocked, id=19112, stack(0x000000699a100000,0x000000699a200000)]
  0x000001e88ac1d800 JavaThread "jar transforms Thread 93" [_thread_blocked, id=18448, stack(0x000000699a200000,0x000000699a300000)]
  0x000001e88ac1e000 JavaThread "jar transforms Thread 94" [_thread_blocked, id=4776, stack(0x000000699a300000,0x000000699a400000)]
  0x000001e88ac20800 JavaThread "jar transforms Thread 95" [_thread_blocked, id=10540, stack(0x000000699a400000,0x000000699a500000)]
  0x000001e88ac23000 JavaThread "jar transforms Thread 96" [_thread_blocked, id=17064, stack(0x000000699a500000,0x000000699a600000)]
  0x000001e88ac1f800 JavaThread "jar transforms Thread 97" [_thread_blocked, id=500, stack(0x000000699a600000,0x000000699a700000)]
  0x000001e88af33800 JavaThread "jar transforms Thread 98" [_thread_blocked, id=16752, stack(0x000000699a700000,0x000000699a800000)]
  0x000001e88af2f000 JavaThread "jar transforms Thread 99" [_thread_blocked, id=5656, stack(0x000000699a800000,0x000000699a900000)]
  0x000001e88af30000 JavaThread "jar transforms Thread 100" [_thread_blocked, id=14476, stack(0x000000699a900000,0x000000699aa00000)]
  0x000001e88af2d800 JavaThread "jar transforms Thread 101" [_thread_blocked, id=2168, stack(0x000000699aa00000,0x000000699ab00000)]
  0x000001e88af34000 JavaThread "jar transforms Thread 102" [_thread_blocked, id=14780, stack(0x000000699ab00000,0x000000699ac00000)]
  0x000001e88af2e800 JavaThread "jar transforms Thread 103" [_thread_blocked, id=17084, stack(0x000000699ac00000,0x000000699ad00000)]
  0x000001e88af32800 JavaThread "jar transforms Thread 104" [_thread_blocked, id=15960, stack(0x000000699ad00000,0x000000699ae00000)]
  0x000001e88af35000 JavaThread "jar transforms Thread 105" [_thread_blocked, id=1580, stack(0x000000699ae00000,0x000000699af00000)]
  0x000001e88af31800 JavaThread "jar transforms Thread 106" [_thread_blocked, id=4324, stack(0x000000699af00000,0x000000699b000000)]
  0x000001e88af35800 JavaThread "jar transforms Thread 107" [_thread_blocked, id=16516, stack(0x000000699b000000,0x000000699b100000)]
  0x000001e88af31000 JavaThread "jar transforms Thread 108" [_thread_blocked, id=15096, stack(0x000000699b100000,0x000000699b200000)]
  0x000001e88af3a000 JavaThread "jar transforms Thread 109" [_thread_blocked, id=14904, stack(0x000000699b200000,0x000000699b300000)]
  0x000001e88af3c800 JavaThread "jar transforms Thread 110" [_thread_blocked, id=5108, stack(0x000000699b300000,0x000000699b400000)]
  0x000001e88af3b800 JavaThread "jar transforms Thread 111" [_thread_blocked, id=6440, stack(0x000000699b400000,0x000000699b500000)]
  0x000001e88af39000 JavaThread "jar transforms Thread 112" [_thread_blocked, id=18308, stack(0x000000699b500000,0x000000699b600000)]
  0x000001e88af36800 JavaThread "jar transforms Thread 113" [_thread_blocked, id=17704, stack(0x000000699b600000,0x000000699b700000)]
  0x000001e88af3a800 JavaThread "jar transforms Thread 114" [_thread_blocked, id=18180, stack(0x000000699b700000,0x000000699b800000)]
  0x000001e88af37800 JavaThread "jar transforms Thread 115" [_thread_blocked, id=15576, stack(0x000000699b800000,0x000000699b900000)]
  0x000001e88af38000 JavaThread "jar transforms Thread 116" [_thread_blocked, id=16576, stack(0x000000699b900000,0x000000699ba00000)]
  0x000001e88d619000 JavaThread "jar transforms Thread 117" [_thread_blocked, id=14040, stack(0x000000699ba00000,0x000000699bb00000)]
  0x000001e88d61e000 JavaThread "jar transforms Thread 118" [_thread_blocked, id=13708, stack(0x000000699bb00000,0x000000699bc00000)]
  0x000001e88d61b800 JavaThread "Memory manager" [_thread_blocked, id=3652, stack(0x000000699bc00000,0x000000699bd00000)]
  0x000001e88d618800 JavaThread "build event listener" [_thread_blocked, id=10992, stack(0x000000699bf00000,0x000000699c000000)]
  0x000001e88d61c800 JavaThread "build event listener" [_thread_blocked, id=12328, stack(0x000000699c000000,0x000000699c100000)]
  0x000001e88d61f800 JavaThread "Execution worker for ':'" [_thread_blocked, id=11392, stack(0x000000699c100000,0x000000699c200000)]
  0x000001e88d61f000 JavaThread "Execution worker for ':' Thread 2" [_thread_blocked, id=2428, stack(0x000000699c200000,0x000000699c300000)]
  0x000001e88d61a800 JavaThread "Execution worker for ':' Thread 3" [_thread_blocked, id=688, stack(0x000000699c300000,0x000000699c400000)]
  0x000001e88d61a000 JavaThread "Cache worker for execution history cache (D:\SEMESTRE 1-2021\Proyectos\simulacionflujocaja\.gradle\6.7.1\executionHistory)" [_thread_blocked, id=17352, stack(0x000000699c400000,0x000000699c500000)]
  0x000001e88d621800 JavaThread "WorkerExecutor Queue" [_thread_in_vm, id=8660, stack(0x000000699c500000,0x000000699c600000)]
  0x000001e88d61d000 JavaThread "WorkerExecutor Queue Thread 2" [_thread_blocked, id=16620, stack(0x000000699c600000,0x000000699c700000)]
  0x000001e88d623800 JavaThread "RMI Scheduler(0)" daemon [_thread_blocked, id=10740, stack(0x000000699c700000,0x000000699c800000)]
  0x000001e88d623000 JavaThread "RMI GC Daemon" daemon [_thread_blocked, id=17564, stack(0x000000699c900000,0x000000699ca00000)]
  0x000001e88d624800 JavaThread "RMI TCP Accept-0" daemon [_thread_in_native, id=496, stack(0x000000699ca00000,0x000000699cb00000)]
  0x000001e88d625800 JavaThread "RMI Reaper" [_thread_blocked, id=5044, stack(0x000000699cb00000,0x000000699cc00000)]
  0x000001e88d626000 JavaThread "RMI TCP Connection(1)-127.0.0.1" daemon [_thread_in_native, id=2456, stack(0x000000699cc00000,0x000000699cd00000)]
=>0x000001e88d620800 JavaThread "C2 CompilerThread1" daemon [_thread_in_native, id=17660, stack(0x0000006993a00000,0x0000006993b00000)]
  0x000001e88d627000 JavaThread "Cache worker for Java compile cache (C:\Users\ricro\.gradle\caches\6.7.1\javaCompile)" [_thread_blocked, id=19208, stack(0x000000699cd00000,0x000000699ce00000)]
  0x000001e8883c8800 JavaThread "Cache worker for Java compile cache (D:\SEMESTRE 1-2021\Proyectos\simulacionflujocaja\.gradle\6.7.1\javaCompile)" [_thread_blocked, id=11596, stack(0x000000699ce00000,0x000000699cf00000)]
  0x000001e88d622000 JavaThread "WorkerExecutor Queue Thread 3" [_thread_blocked, id=17212, stack(0x000000699c800000,0x000000699c900000)]
  0x000001e88cafe000 JavaThread "WorkerExecutor Queue Thread 4" [_thread_blocked, id=18824, stack(0x000000699cf00000,0x000000699d000000)]
  0x000001e88cb00800 JavaThread "WorkerExecutor Queue Thread 5" [_thread_blocked, id=14664, stack(0x000000699d000000,0x000000699d100000)]

Other Threads:
  0x000001e886a23800 VMThread "VM Thread" [stack: 0x0000006991d00000,0x0000006991e00000] [id=16276]
  0x000001e886c20000 WatcherThread [stack: 0x0000006992700000,0x0000006992800000] [id=19280]
  0x000001e8ea628800 GCTaskThread "GC Thread#0" [stack: 0x0000006991800000,0x0000006991900000] [id=4888]
  0x000001e886dfe800 GCTaskThread "GC Thread#1" [stack: 0x0000006992900000,0x0000006992a00000] [id=4428]
  0x000001e8872ea800 GCTaskThread "GC Thread#2" [stack: 0x0000006992a00000,0x0000006992b00000] [id=15144]
  0x000001e886fcc000 GCTaskThread "GC Thread#3" [stack: 0x0000006992b00000,0x0000006992c00000] [id=1500]
  0x000001e8ea65b800 ConcurrentGCThread "G1 Main Marker" [stack: 0x0000006991900000,0x0000006991a00000] [id=15296]
  0x000001e8ea65f000 ConcurrentGCThread "G1 Conc#0" [stack: 0x0000006991a00000,0x0000006991b00000] [id=5984]
  0x000001e8ea6ee000 ConcurrentGCThread "G1 Refine#0" [stack: 0x0000006991b00000,0x0000006991c00000] [id=13040]
  0x000001e88dd32000 ConcurrentGCThread "G1 Refine#1" [stack: 0x000000699bd00000,0x000000699be00000] [id=6176]
  0x000001e88e15e000 ConcurrentGCThread "G1 Refine#2" [stack: 0x000000699be00000,0x000000699bf00000] [id=6348]
  0x000001e88606a800 ConcurrentGCThread "G1 Young RemSet Sampling" [stack: 0x0000006991c00000,0x0000006991d00000] [id=16656]

Threads with active compile tasks:
C2 CompilerThread0  20237 11544       4       java.lang.Class::annotationData (44 bytes)
C2 CompilerThread1  20237 11608       4       org.gradle.api.internal.tasks.compile.incremental.deps.ClassSetAnalysisData$Serializer::readDependentsSet (118 bytes)

VM state:not at safepoint (normal execution)

VM Mutex/Monitor currently owned by a thread:  ([mutex/lock_event])
[0x000001e8ea611820] SymbolTable_lock - owner thread: 0x0000000000000000

Heap address: 0x0000000080000000, size: 2048 MB, Compressed Oops mode: 32-bit
Narrow klass base: 0x0000000000000000, Narrow klass shift: 3
Compressed class space size: 1073741824 Address: 0x0000000100000000

Heap:
 garbage-first heap   total 262144K, used 128172K [0x0000000080000000, 0x0000000100000000)
  region size 1024K, 48 young (49152K), 13 survivors (13312K)
 Metaspace       used 93548K, capacity 95873K, committed 95996K, reserved 1132544K
  class space    used 12077K, capacity 12890K, committed 12928K, reserved 1048576K
Heap Regions: E=young(eden), S=young(survivor), O=old, HS=humongous(starts), HC=humongous(continues), CS=collection set, F=free, A=archive, TAMS=top-at-mark-start (previous, next)
|   0|0x0000000080000000, 0x0000000080100000, 0x0000000080100000|100%| O|  |TAMS 0x0000000080100000, 0x0000000080000000| Untracked 
|   1|0x0000000080100000, 0x0000000080200000, 0x0000000080200000|100%| O|  |TAMS 0x0000000080200000, 0x0000000080100000| Untracked 
|   2|0x0000000080200000, 0x0000000080300000, 0x0000000080300000|100%| O|  |TAMS 0x0000000080300000, 0x0000000080200000| Untracked 
|   3|0x0000000080300000, 0x0000000080400000, 0x0000000080400000|100%|HS|  |TAMS 0x0000000080400000, 0x0000000080300000| Complete 
|   4|0x0000000080400000, 0x0000000080500000, 0x0000000080500000|100%|HC|  |TAMS 0x0000000080500000, 0x0000000080400000| Complete 
|   5|0x0000000080500000, 0x0000000080600000, 0x0000000080600000|100%|HC|  |TAMS 0x0000000080600000, 0x0000000080500000| Complete 
|   6|0x0000000080600000, 0x0000000080700000, 0x0000000080700000|100%| O|  |TAMS 0x0000000080700000, 0x0000000080600000| Untracked 
|   7|0x0000000080700000, 0x0000000080800000, 0x0000000080800000|100%| O|  |TAMS 0x0000000080800000, 0x0000000080700000| Untracked 
|   8|0x0000000080800000, 0x0000000080900000, 0x0000000080900000|100%| O|  |TAMS 0x0000000080900000, 0x0000000080800000| Untracked 
|   9|0x0000000080900000, 0x0000000080a00000, 0x0000000080a00000|100%| O|  |TAMS 0x0000000080a00000, 0x0000000080900000| Untracked 
|  10|0x0000000080a00000, 0x0000000080b00000, 0x0000000080b00000|100%| O|  |TAMS 0x0000000080b00000, 0x0000000080a00000| Untracked 
|  11|0x0000000080b00000, 0x0000000080c00000, 0x0000000080c00000|100%| O|  |TAMS 0x0000000080c00000, 0x0000000080b00000| Untracked 
|  12|0x0000000080c00000, 0x0000000080d00000, 0x0000000080d00000|100%| O|  |TAMS 0x0000000080d00000, 0x0000000080c00000| Untracked 
|  13|0x0000000080d00000, 0x0000000080e00000, 0x0000000080e00000|100%|HS|  |TAMS 0x0000000080e00000, 0x0000000080d00000| Complete 
|  14|0x0000000080e00000, 0x0000000080f00000, 0x0000000080f00000|100%|HS|  |TAMS 0x0000000080f00000, 0x0000000080e00000| Complete 
|  15|0x0000000080f00000, 0x0000000081000000, 0x0000000081000000|100%|HC|  |TAMS 0x0000000081000000, 0x0000000080f00000| Complete 
|  16|0x0000000081000000, 0x0000000081100000, 0x0000000081100000|100%|HC|  |TAMS 0x0000000081100000, 0x0000000081000000| Complete 
|  17|0x0000000081100000, 0x0000000081200000, 0x0000000081200000|100%| O|  |TAMS 0x0000000081200000, 0x0000000081100000| Untracked 
|  18|0x0000000081200000, 0x0000000081300000, 0x0000000081300000|100%| O|  |TAMS 0x0000000081300000, 0x0000000081200000| Untracked 
|  19|0x0000000081300000, 0x0000000081400000, 0x0000000081400000|100%| O|  |TAMS 0x0000000081400000, 0x0000000081300000| Untracked 
|  20|0x0000000081400000, 0x0000000081500000, 0x0000000081500000|100%|HS|  |TAMS 0x0000000081500000, 0x0000000081400000| Complete 
|  21|0x0000000081500000, 0x0000000081600000, 0x0000000081600000|100%|HC|  |TAMS 0x0000000081600000, 0x0000000081500000| Complete 
|  22|0x0000000081600000, 0x0000000081700000, 0x0000000081700000|100%| O|  |TAMS 0x0000000081700000, 0x0000000081600000| Untracked 
|  23|0x0000000081700000, 0x0000000081800000, 0x0000000081800000|100%| O|  |TAMS 0x0000000081800000, 0x0000000081700000| Untracked 
|  24|0x0000000081800000, 0x0000000081900000, 0x0000000081900000|100%| O|  |TAMS 0x0000000081900000, 0x0000000081800000| Untracked 
|  25|0x0000000081900000, 0x0000000081a00000, 0x0000000081a00000|100%| O|  |TAMS 0x0000000081a00000, 0x0000000081900000| Untracked 
|  26|0x0000000081a00000, 0x0000000081b00000, 0x0000000081b00000|100%| O|  |TAMS 0x0000000081b00000, 0x0000000081a00000| Untracked 
|  27|0x0000000081b00000, 0x0000000081c00000, 0x0000000081c00000|100%| O|  |TAMS 0x0000000081c00000, 0x0000000081b00000| Untracked 
|  28|0x0000000081c00000, 0x0000000081d00000, 0x0000000081d00000|100%| O|  |TAMS 0x0000000081d00000, 0x0000000081c00000| Untracked 
|  29|0x0000000081d00000, 0x0000000081e00000, 0x0000000081e00000|100%| O|  |TAMS 0x0000000081e00000, 0x0000000081d00000| Untracked 
|  30|0x0000000081e00000, 0x0000000081f00000, 0x0000000081f00000|100%| O|  |TAMS 0x0000000081f00000, 0x0000000081e00000| Untracked 
|  31|0x0000000081f00000, 0x0000000082000000, 0x0000000082000000|100%| O|  |TAMS 0x0000000082000000, 0x0000000081f00000| Untracked 
|  32|0x0000000082000000, 0x0000000082100000, 0x0000000082100000|100%| O|  |TAMS 0x0000000082100000, 0x0000000082000000| Untracked 
|  33|0x0000000082100000, 0x0000000082200000, 0x0000000082200000|100%| O|  |TAMS 0x0000000082200000, 0x0000000082100000| Untracked 
|  34|0x0000000082200000, 0x0000000082300000, 0x0000000082300000|100%| O|  |TAMS 0x0000000082300000, 0x0000000082200000| Untracked 
|  35|0x0000000082300000, 0x0000000082400000, 0x0000000082400000|100%| O|  |TAMS 0x0000000082400000, 0x0000000082300000| Untracked 
|  36|0x0000000082400000, 0x0000000082500000, 0x0000000082500000|100%| O|  |TAMS 0x0000000082500000, 0x0000000082400000| Untracked 
|  37|0x0000000082500000, 0x0000000082600000, 0x0000000082600000|100%| O|  |TAMS 0x0000000082600000, 0x0000000082500000| Untracked 
|  38|0x0000000082600000, 0x0000000082700000, 0x0000000082700000|100%| O|  |TAMS 0x0000000082700000, 0x0000000082600000| Untracked 
|  39|0x0000000082700000, 0x0000000082800000, 0x0000000082800000|100%| O|  |TAMS 0x0000000082800000, 0x0000000082700000| Untracked 
|  40|0x0000000082800000, 0x0000000082900000, 0x0000000082900000|100%| O|  |TAMS 0x0000000082900000, 0x0000000082800000| Untracked 
|  41|0x0000000082900000, 0x0000000082a00000, 0x0000000082a00000|100%| O|  |TAMS 0x0000000082a00000, 0x0000000082900000| Untracked 
|  42|0x0000000082a00000, 0x0000000082b00000, 0x0000000082b00000|100%| O|  |TAMS 0x0000000082b00000, 0x0000000082a00000| Untracked 
|  43|0x0000000082b00000, 0x0000000082c00000, 0x0000000082c00000|100%| O|  |TAMS 0x0000000082c00000, 0x0000000082b00000| Untracked 
|  44|0x0000000082c00000, 0x0000000082d00000, 0x0000000082d00000|100%| O|  |TAMS 0x0000000082d00000, 0x0000000082c00000| Untracked 
|  45|0x0000000082d00000, 0x0000000082e00000, 0x0000000082e00000|100%| O|  |TAMS 0x0000000082e00000, 0x0000000082d00000| Untracked 
|  46|0x0000000082e00000, 0x0000000082f00000, 0x0000000082f00000|100%| O|  |TAMS 0x0000000082f00000, 0x0000000082e00000| Untracked 
|  47|0x0000000082f00000, 0x0000000083000000, 0x0000000083000000|100%| O|  |TAMS 0x0000000082fffa00, 0x0000000082f00000| Untracked 
|  48|0x0000000083000000, 0x0000000083100000, 0x0000000083100000|100%| O|  |TAMS 0x0000000083000000, 0x0000000083000000| Untracked 
|  49|0x0000000083100000, 0x0000000083200000, 0x0000000083200000|100%| O|  |TAMS 0x0000000083100000, 0x0000000083100000| Untracked 
|  50|0x0000000083200000, 0x0000000083300000, 0x0000000083300000|100%| O|  |TAMS 0x0000000083200000, 0x0000000083200000| Untracked 
|  51|0x0000000083300000, 0x0000000083400000, 0x0000000083400000|100%| O|  |TAMS 0x0000000083300000, 0x0000000083300000| Untracked 
|  52|0x0000000083400000, 0x0000000083500000, 0x0000000083500000|100%| O|  |TAMS 0x0000000083400000, 0x0000000083400000| Untracked 
|  53|0x0000000083500000, 0x0000000083600000, 0x0000000083600000|100%| O|  |TAMS 0x0000000083500000, 0x0000000083500000| Untracked 
|  54|0x0000000083600000, 0x0000000083700000, 0x0000000083700000|100%| O|  |TAMS 0x0000000083600000, 0x0000000083600000| Untracked 
|  55|0x0000000083700000, 0x0000000083800000, 0x0000000083800000|100%| O|  |TAMS 0x0000000083700000, 0x0000000083700000| Untracked 
|  56|0x0000000083800000, 0x0000000083900000, 0x0000000083900000|100%| O|  |TAMS 0x0000000083800000, 0x0000000083800000| Untracked 
|  57|0x0000000083900000, 0x0000000083a00000, 0x0000000083a00000|100%| O|  |TAMS 0x0000000083900000, 0x0000000083900000| Untracked 
|  58|0x0000000083a00000, 0x0000000083b00000, 0x0000000083b00000|100%| O|  |TAMS 0x0000000083a00000, 0x0000000083a00000| Untracked 
|  59|0x0000000083b00000, 0x0000000083c00000, 0x0000000083c00000|100%| O|  |TAMS 0x0000000083b00000, 0x0000000083b00000| Untracked 
|  60|0x0000000083c00000, 0x0000000083d00000, 0x0000000083d00000|100%| O|  |TAMS 0x0000000083c00000, 0x0000000083c00000| Untracked 
|  61|0x0000000083d00000, 0x0000000083e00000, 0x0000000083e00000|100%| O|  |TAMS 0x0000000083d00000, 0x0000000083d00000| Untracked 
|  62|0x0000000083e00000, 0x0000000083f00000, 0x0000000083f00000|100%| O|  |TAMS 0x0000000083e00000, 0x0000000083e00000| Untracked 
|  63|0x0000000083f00000, 0x0000000084000000, 0x0000000084000000|100%| O|  |TAMS 0x0000000083f00000, 0x0000000083f00000| Untracked 
|  64|0x0000000084000000, 0x0000000084100000, 0x0000000084100000|100%| O|  |TAMS 0x0000000084000000, 0x0000000084000000| Untracked 
|  65|0x0000000084100000, 0x0000000084200000, 0x0000000084200000|100%| O|  |TAMS 0x0000000084100000, 0x0000000084100000| Untracked 
|  66|0x0000000084200000, 0x0000000084300000, 0x0000000084300000|100%| O|  |TAMS 0x0000000084200000, 0x0000000084200000| Untracked 
|  67|0x0000000084300000, 0x0000000084400000, 0x0000000084400000|100%| O|  |TAMS 0x0000000084300000, 0x0000000084300000| Untracked 
|  68|0x0000000084400000, 0x0000000084500000, 0x0000000084500000|100%| O|  |TAMS 0x0000000084400000, 0x0000000084400000| Untracked 
|  69|0x0000000084500000, 0x0000000084600000, 0x0000000084600000|100%| O|  |TAMS 0x0000000084500000, 0x0000000084500000| Untracked 
|  70|0x0000000084600000, 0x0000000084700000, 0x0000000084700000|100%| O|  |TAMS 0x0000000084600000, 0x0000000084600000| Untracked 
|  71|0x0000000084700000, 0x0000000084800000, 0x0000000084800000|100%| O|  |TAMS 0x0000000084700000, 0x0000000084700000| Untracked 
|  72|0x0000000084800000, 0x0000000084900000, 0x0000000084900000|100%| O|  |TAMS 0x0000000084800000, 0x0000000084800000| Untracked 
|  73|0x0000000084900000, 0x0000000084a00000, 0x0000000084a00000|100%| O|  |TAMS 0x0000000084900000, 0x0000000084900000| Untracked 
|  74|0x0000000084a00000, 0x0000000084b00000, 0x0000000084b00000|100%| O|  |TAMS 0x0000000084a00000, 0x0000000084a00000| Untracked 
|  75|0x0000000084b00000, 0x0000000084c00000, 0x0000000084c00000|100%| O|  |TAMS 0x0000000084b00000, 0x0000000084b00000| Untracked 
|  76|0x0000000084c00000, 0x0000000084d00000, 0x0000000084d00000|100%| O|  |TAMS 0x0000000084c00000, 0x0000000084c00000| Untracked 
|  77|0x0000000084d00000, 0x0000000084e00000, 0x0000000084e00000|100%| O|  |TAMS 0x0000000084d00000, 0x0000000084d00000| Untracked 
|  78|0x0000000084e00000, 0x0000000084f00000, 0x0000000084f00000|100%| O|  |TAMS 0x0000000084e00000, 0x0000000084e00000| Untracked 
|  79|0x0000000084f00000, 0x0000000084f44a00, 0x0000000085000000| 26%| O|  |TAMS 0x0000000084f00000, 0x0000000084f00000| Untracked 
|  80|0x0000000085000000, 0x0000000085000000, 0x0000000085100000|  0%| F|  |TAMS 0x0000000085000000, 0x0000000085000000| Untracked 
|  81|0x0000000085100000, 0x0000000085100000, 0x0000000085200000|  0%| F|  |TAMS 0x0000000085100000, 0x0000000085100000| Untracked 
|  82|0x0000000085200000, 0x0000000085200000, 0x0000000085300000|  0%| F|  |TAMS 0x0000000085200000, 0x0000000085200000| Untracked 
|  83|0x0000000085300000, 0x0000000085300000, 0x0000000085400000|  0%| F|  |TAMS 0x0000000085300000, 0x0000000085300000| Untracked 
|  84|0x0000000085400000, 0x0000000085400000, 0x0000000085500000|  0%| F|  |TAMS 0x0000000085400000, 0x0000000085400000| Untracked 
|  85|0x0000000085500000, 0x0000000085500000, 0x0000000085600000|  0%| F|  |TAMS 0x0000000085500000, 0x0000000085500000| Untracked 
|  86|0x0000000085600000, 0x0000000085600000, 0x0000000085700000|  0%| F|  |TAMS 0x0000000085600000, 0x0000000085600000| Untracked 
|  87|0x0000000085700000, 0x0000000085700000, 0x0000000085800000|  0%| F|  |TAMS 0x0000000085700000, 0x0000000085700000| Untracked 
|  88|0x0000000085800000, 0x0000000085800000, 0x0000000085900000|  0%| F|  |TAMS 0x0000000085800000, 0x0000000085800000| Untracked 
|  89|0x0000000085900000, 0x0000000085900000, 0x0000000085a00000|  0%| F|  |TAMS 0x0000000085900000, 0x0000000085900000| Untracked 
|  90|0x0000000085a00000, 0x0000000085a00000, 0x0000000085b00000|  0%| F|  |TAMS 0x0000000085a00000, 0x0000000085a00000| Untracked 
|  91|0x0000000085b00000, 0x0000000085b00000, 0x0000000085c00000|  0%| F|  |TAMS 0x0000000085b00000, 0x0000000085b00000| Untracked 
|  92|0x0000000085c00000, 0x0000000085c00000, 0x0000000085d00000|  0%| F|  |TAMS 0x0000000085c00000, 0x0000000085c00000| Untracked 
|  93|0x0000000085d00000, 0x0000000085d00000, 0x0000000085e00000|  0%| F|  |TAMS 0x0000000085d00000, 0x0000000085d00000| Untracked 
|  94|0x0000000085e00000, 0x0000000085e00000, 0x0000000085f00000|  0%| F|  |TAMS 0x0000000085e00000, 0x0000000085e00000| Untracked 
|  95|0x0000000085f00000, 0x0000000085f00000, 0x0000000086000000|  0%| F|  |TAMS 0x0000000085f00000, 0x0000000085f00000| Untracked 
|  96|0x0000000086000000, 0x0000000086000000, 0x0000000086100000|  0%| F|  |TAMS 0x0000000086000000, 0x0000000086000000| Untracked 
|  97|0x0000000086100000, 0x0000000086100000, 0x0000000086200000|  0%| F|  |TAMS 0x0000000086100000, 0x0000000086100000| Untracked 
|  98|0x0000000086200000, 0x0000000086200000, 0x0000000086300000|  0%| F|  |TAMS 0x0000000086200000, 0x0000000086200000| Untracked 
|  99|0x0000000086300000, 0x0000000086300000, 0x0000000086400000|  0%| F|  |TAMS 0x0000000086300000, 0x0000000086300000| Untracked 
| 100|0x0000000086400000, 0x0000000086400000, 0x0000000086500000|  0%| F|  |TAMS 0x0000000086400000, 0x0000000086400000| Untracked 
| 101|0x0000000086500000, 0x0000000086500000, 0x0000000086600000|  0%| F|  |TAMS 0x0000000086500000, 0x0000000086500000| Untracked 
| 102|0x0000000086600000, 0x0000000086600000, 0x0000000086700000|  0%| F|  |TAMS 0x0000000086600000, 0x0000000086600000| Untracked 
| 103|0x0000000086700000, 0x0000000086700000, 0x0000000086800000|  0%| F|  |TAMS 0x0000000086700000, 0x0000000086700000| Untracked 
| 104|0x0000000086800000, 0x0000000086800000, 0x0000000086900000|  0%| F|  |TAMS 0x0000000086800000, 0x0000000086800000| Untracked 
| 105|0x0000000086900000, 0x0000000086900000, 0x0000000086a00000|  0%| F|  |TAMS 0x0000000086900000, 0x0000000086900000| Untracked 
| 106|0x0000000086a00000, 0x0000000086a00000, 0x0000000086b00000|  0%| F|  |TAMS 0x0000000086a00000, 0x0000000086a00000| Untracked 
| 107|0x0000000086b00000, 0x0000000086b00000, 0x0000000086c00000|  0%| F|  |TAMS 0x0000000086b00000, 0x0000000086b00000| Untracked 
| 108|0x0000000086c00000, 0x0000000086c00000, 0x0000000086d00000|  0%| F|  |TAMS 0x0000000086c00000, 0x0000000086c00000| Untracked 
| 109|0x0000000086d00000, 0x0000000086d00000, 0x0000000086e00000|  0%| F|  |TAMS 0x0000000086d00000, 0x0000000086d00000| Untracked 
| 110|0x0000000086e00000, 0x0000000086e00000, 0x0000000086f00000|  0%| F|  |TAMS 0x0000000086e00000, 0x0000000086e00000| Untracked 
| 111|0x0000000086f00000, 0x0000000086f00000, 0x0000000087000000|  0%| F|  |TAMS 0x0000000086f00000, 0x0000000086f00000| Untracked 
| 112|0x0000000087000000, 0x0000000087000000, 0x0000000087100000|  0%| F|  |TAMS 0x0000000087000000, 0x0000000087000000| Untracked 
| 113|0x0000000087100000, 0x0000000087100000, 0x0000000087200000|  0%| F|  |TAMS 0x0000000087100000, 0x0000000087100000| Untracked 
| 114|0x0000000087200000, 0x0000000087200000, 0x0000000087300000|  0%| F|  |TAMS 0x0000000087200000, 0x0000000087200000| Untracked 
| 115|0x0000000087300000, 0x0000000087300000, 0x0000000087400000|  0%| F|  |TAMS 0x0000000087300000, 0x0000000087300000| Untracked 
| 116|0x0000000087400000, 0x0000000087400000, 0x0000000087500000|  0%| F|  |TAMS 0x0000000087400000, 0x0000000087400000| Untracked 
| 117|0x0000000087500000, 0x0000000087500000, 0x0000000087600000|  0%| F|  |TAMS 0x0000000087500000, 0x0000000087500000| Untracked 
| 118|0x0000000087600000, 0x0000000087600000, 0x0000000087700000|  0%| F|  |TAMS 0x0000000087600000, 0x0000000087600000| Untracked 
| 119|0x0000000087700000, 0x0000000087700000, 0x0000000087800000|  0%| F|  |TAMS 0x0000000087700000, 0x0000000087700000| Untracked 
| 120|0x0000000087800000, 0x0000000087800000, 0x0000000087900000|  0%| F|  |TAMS 0x0000000087800000, 0x0000000087800000| Untracked 
| 121|0x0000000087900000, 0x0000000087900000, 0x0000000087a00000|  0%| F|  |TAMS 0x0000000087900000, 0x0000000087900000| Untracked 
| 122|0x0000000087a00000, 0x0000000087a00000, 0x0000000087b00000|  0%| F|  |TAMS 0x0000000087a00000, 0x0000000087a00000| Untracked 
| 123|0x0000000087b00000, 0x0000000087b00000, 0x0000000087c00000|  0%| F|  |TAMS 0x0000000087b00000, 0x0000000087b00000| Untracked 
| 124|0x0000000087c00000, 0x0000000087c00000, 0x0000000087d00000|  0%| F|  |TAMS 0x0000000087c00000, 0x0000000087c00000| Untracked 
| 125|0x0000000087d00000, 0x0000000087d00000, 0x0000000087e00000|  0%| F|  |TAMS 0x0000000087d00000, 0x0000000087d00000| Untracked 
| 126|0x0000000087e00000, 0x0000000087e00000, 0x0000000087f00000|  0%| F|  |TAMS 0x0000000087e00000, 0x0000000087e00000| Untracked 
| 127|0x0000000087f00000, 0x0000000087f00000, 0x0000000088000000|  0%| F|  |TAMS 0x0000000087f00000, 0x0000000087f00000| Untracked 
| 128|0x0000000088000000, 0x0000000088000000, 0x0000000088100000|  0%| F|  |TAMS 0x0000000088000000, 0x0000000088000000| Untracked 
| 129|0x0000000088100000, 0x0000000088100000, 0x0000000088200000|  0%| F|  |TAMS 0x0000000088100000, 0x0000000088100000| Untracked 
| 130|0x0000000088200000, 0x0000000088200000, 0x0000000088300000|  0%| F|  |TAMS 0x0000000088200000, 0x0000000088200000| Untracked 
| 131|0x0000000088300000, 0x0000000088300000, 0x0000000088400000|  0%| F|  |TAMS 0x0000000088300000, 0x0000000088300000| Untracked 
| 132|0x0000000088400000, 0x00000000884e69f0, 0x0000000088500000| 90%| S|CS|TAMS 0x0000000088400000, 0x0000000088400000| Complete 
| 133|0x0000000088500000, 0x0000000088600000, 0x0000000088600000|100%| S|CS|TAMS 0x0000000088500000, 0x0000000088500000| Complete 
| 134|0x0000000088600000, 0x0000000088700000, 0x0000000088700000|100%| S|CS|TAMS 0x0000000088600000, 0x0000000088600000| Complete 
| 135|0x0000000088700000, 0x0000000088800000, 0x0000000088800000|100%| S|CS|TAMS 0x0000000088700000, 0x0000000088700000| Complete 
| 136|0x0000000088800000, 0x0000000088900000, 0x0000000088900000|100%| S|CS|TAMS 0x0000000088800000, 0x0000000088800000| Complete 
| 137|0x0000000088900000, 0x0000000088a00000, 0x0000000088a00000|100%| S|CS|TAMS 0x0000000088900000, 0x0000000088900000| Complete 
| 138|0x0000000088a00000, 0x0000000088b00000, 0x0000000088b00000|100%| S|CS|TAMS 0x0000000088a00000, 0x0000000088a00000| Complete 
| 139|0x0000000088b00000, 0x0000000088c00000, 0x0000000088c00000|100%| S|CS|TAMS 0x0000000088b00000, 0x0000000088b00000| Complete 
| 140|0x0000000088c00000, 0x0000000088c00000, 0x0000000088d00000|  0%| F|  |TAMS 0x0000000088c00000, 0x0000000088c00000| Untracked 
| 141|0x0000000088d00000, 0x0000000088d00000, 0x0000000088e00000|  0%| F|  |TAMS 0x0000000088d00000, 0x0000000088d00000| Untracked 
| 142|0x0000000088e00000, 0x0000000088e00000, 0x0000000088f00000|  0%| F|  |TAMS 0x0000000088e00000, 0x0000000088e00000| Untracked 
| 143|0x0000000088f00000, 0x0000000088f00000, 0x0000000089000000|  0%| F|  |TAMS 0x0000000088f00000, 0x0000000088f00000| Untracked 
| 144|0x0000000089000000, 0x0000000089000000, 0x0000000089100000|  0%| F|  |TAMS 0x0000000089000000, 0x0000000089000000| Untracked 
| 145|0x0000000089100000, 0x0000000089100000, 0x0000000089200000|  0%| F|  |TAMS 0x0000000089100000, 0x0000000089100000| Untracked 
| 146|0x0000000089200000, 0x0000000089200000, 0x0000000089300000|  0%| F|  |TAMS 0x0000000089200000, 0x0000000089200000| Untracked 
| 147|0x0000000089300000, 0x0000000089300000, 0x0000000089400000|  0%| F|  |TAMS 0x0000000089300000, 0x0000000089300000| Untracked 
| 148|0x0000000089400000, 0x0000000089400000, 0x0000000089500000|  0%| F|  |TAMS 0x0000000089400000, 0x0000000089400000| Untracked 
| 149|0x0000000089500000, 0x0000000089600000, 0x0000000089600000|100%| S|CS|TAMS 0x0000000089500000, 0x0000000089500000| Complete 
| 150|0x0000000089600000, 0x0000000089700000, 0x0000000089700000|100%| S|CS|TAMS 0x0000000089600000, 0x0000000089600000| Complete 
| 151|0x0000000089700000, 0x0000000089800000, 0x0000000089800000|100%| S|CS|TAMS 0x0000000089700000, 0x0000000089700000| Complete 
| 152|0x0000000089800000, 0x0000000089900000, 0x0000000089900000|100%| S|CS|TAMS 0x0000000089800000, 0x0000000089800000| Complete 
| 153|0x0000000089900000, 0x0000000089900000, 0x0000000089a00000|  0%| F|  |TAMS 0x0000000089900000, 0x0000000089900000| Untracked 
| 154|0x0000000089a00000, 0x0000000089a00000, 0x0000000089b00000|  0%| F|  |TAMS 0x0000000089a00000, 0x0000000089a00000| Untracked 
| 155|0x0000000089b00000, 0x0000000089c00000, 0x0000000089c00000|100%| S|CS|TAMS 0x0000000089b00000, 0x0000000089b00000| Complete 
| 156|0x0000000089c00000, 0x0000000089c00000, 0x0000000089d00000|  0%| F|  |TAMS 0x0000000089c00000, 0x0000000089c00000| Untracked 
| 157|0x0000000089d00000, 0x0000000089d00000, 0x0000000089e00000|  0%| F|  |TAMS 0x0000000089d00000, 0x0000000089d00000| Untracked 
| 158|0x0000000089e00000, 0x0000000089e00000, 0x0000000089f00000|  0%| F|  |TAMS 0x0000000089e00000, 0x0000000089e00000| Untracked 
| 159|0x0000000089f00000, 0x0000000089f00000, 0x000000008a000000|  0%| F|  |TAMS 0x0000000089f00000, 0x0000000089f00000| Untracked 
| 160|0x000000008a000000, 0x000000008a000000, 0x000000008a100000|  0%| F|  |TAMS 0x000000008a000000, 0x000000008a000000| Untracked 
| 161|0x000000008a100000, 0x000000008a100000, 0x000000008a200000|  0%| F|  |TAMS 0x000000008a100000, 0x000000008a100000| Untracked 
| 162|0x000000008a200000, 0x000000008a200000, 0x000000008a300000|  0%| F|  |TAMS 0x000000008a200000, 0x000000008a200000| Untracked 
| 163|0x000000008a300000, 0x000000008a300000, 0x000000008a400000|  0%| F|  |TAMS 0x000000008a300000, 0x000000008a300000| Untracked 
| 164|0x000000008a400000, 0x000000008a400000, 0x000000008a500000|  0%| F|  |TAMS 0x000000008a400000, 0x000000008a400000| Untracked 
| 165|0x000000008a500000, 0x000000008a500000, 0x000000008a600000|  0%| F|  |TAMS 0x000000008a500000, 0x000000008a500000| Untracked 
| 166|0x000000008a600000, 0x000000008a600000, 0x000000008a700000|  0%| F|  |TAMS 0x000000008a600000, 0x000000008a600000| Untracked 
| 167|0x000000008a700000, 0x000000008a700000, 0x000000008a800000|  0%| F|  |TAMS 0x000000008a700000, 0x000000008a700000| Untracked 
| 168|0x000000008a800000, 0x000000008a800000, 0x000000008a900000|  0%| F|  |TAMS 0x000000008a800000, 0x000000008a800000| Untracked 
| 169|0x000000008a900000, 0x000000008a900000, 0x000000008aa00000|  0%| F|  |TAMS 0x000000008a900000, 0x000000008a900000| Untracked 
| 170|0x000000008aa00000, 0x000000008aa00000, 0x000000008ab00000|  0%| F|  |TAMS 0x000000008aa00000, 0x000000008aa00000| Untracked 
| 171|0x000000008ab00000, 0x000000008ab00000, 0x000000008ac00000|  0%| F|  |TAMS 0x000000008ab00000, 0x000000008ab00000| Untracked 
| 172|0x000000008ac00000, 0x000000008ac00000, 0x000000008ad00000|  0%| F|  |TAMS 0x000000008ac00000, 0x000000008ac00000| Untracked 
| 173|0x000000008ad00000, 0x000000008ad00000, 0x000000008ae00000|  0%| F|  |TAMS 0x000000008ad00000, 0x000000008ad00000| Untracked 
| 174|0x000000008ae00000, 0x000000008ae00000, 0x000000008af00000|  0%| F|  |TAMS 0x000000008ae00000, 0x000000008ae00000| Untracked 
| 175|0x000000008af00000, 0x000000008af00000, 0x000000008b000000|  0%| F|  |TAMS 0x000000008af00000, 0x000000008af00000| Untracked 
| 176|0x000000008b000000, 0x000000008b000000, 0x000000008b100000|  0%| F|  |TAMS 0x000000008b000000, 0x000000008b000000| Untracked 
| 177|0x000000008b100000, 0x000000008b100000, 0x000000008b200000|  0%| F|  |TAMS 0x000000008b100000, 0x000000008b100000| Untracked 
| 178|0x000000008b200000, 0x000000008b200000, 0x000000008b300000|  0%| F|  |TAMS 0x000000008b200000, 0x000000008b200000| Untracked 
| 179|0x000000008b300000, 0x000000008b300000, 0x000000008b400000|  0%| F|  |TAMS 0x000000008b300000, 0x000000008b300000| Untracked 
| 180|0x000000008b400000, 0x000000008b400000, 0x000000008b500000|  0%| F|  |TAMS 0x000000008b400000, 0x000000008b400000| Untracked 
| 181|0x000000008b500000, 0x000000008b500000, 0x000000008b600000|  0%| F|  |TAMS 0x000000008b500000, 0x000000008b500000| Untracked 
| 182|0x000000008b600000, 0x000000008b600000, 0x000000008b700000|  0%| F|  |TAMS 0x000000008b600000, 0x000000008b600000| Untracked 
| 183|0x000000008b700000, 0x000000008b700000, 0x000000008b800000|  0%| F|  |TAMS 0x000000008b700000, 0x000000008b700000| Untracked 
| 184|0x000000008b800000, 0x000000008b800000, 0x000000008b900000|  0%| F|  |TAMS 0x000000008b800000, 0x000000008b800000| Untracked 
| 185|0x000000008b900000, 0x000000008b900000, 0x000000008ba00000|  0%| F|  |TAMS 0x000000008b900000, 0x000000008b900000| Untracked 
| 186|0x000000008ba00000, 0x000000008ba00000, 0x000000008bb00000|  0%| F|  |TAMS 0x000000008ba00000, 0x000000008ba00000| Untracked 
| 187|0x000000008bb00000, 0x000000008bb00000, 0x000000008bc00000|  0%| F|  |TAMS 0x000000008bb00000, 0x000000008bb00000| Untracked 
| 188|0x000000008bc00000, 0x000000008bc00000, 0x000000008bd00000|  0%| F|  |TAMS 0x000000008bc00000, 0x000000008bc00000| Untracked 
| 189|0x000000008bd00000, 0x000000008bd00000, 0x000000008be00000|  0%| F|  |TAMS 0x000000008bd00000, 0x000000008bd00000| Untracked 
| 190|0x000000008be00000, 0x000000008be00000, 0x000000008bf00000|  0%| F|  |TAMS 0x000000008be00000, 0x000000008be00000| Untracked 
| 191|0x000000008bf00000, 0x000000008bf00000, 0x000000008c000000|  0%| F|  |TAMS 0x000000008bf00000, 0x000000008bf00000| Untracked 
| 192|0x000000008c000000, 0x000000008c000000, 0x000000008c100000|  0%| F|  |TAMS 0x000000008c000000, 0x000000008c000000| Untracked 
| 193|0x000000008c100000, 0x000000008c100000, 0x000000008c200000|  0%| F|  |TAMS 0x000000008c100000, 0x000000008c100000| Untracked 
| 194|0x000000008c200000, 0x000000008c200000, 0x000000008c300000|  0%| F|  |TAMS 0x000000008c200000, 0x000000008c200000| Untracked 
| 195|0x000000008c300000, 0x000000008c300000, 0x000000008c400000|  0%| F|  |TAMS 0x000000008c300000, 0x000000008c300000| Untracked 
| 196|0x000000008c400000, 0x000000008c400000, 0x000000008c500000|  0%| F|  |TAMS 0x000000008c400000, 0x000000008c400000| Untracked 
| 197|0x000000008c500000, 0x000000008c500000, 0x000000008c600000|  0%| F|  |TAMS 0x000000008c500000, 0x000000008c500000| Untracked 
| 198|0x000000008c600000, 0x000000008c600000, 0x000000008c700000|  0%| F|  |TAMS 0x000000008c600000, 0x000000008c600000| Untracked 
| 199|0x000000008c700000, 0x000000008c700000, 0x000000008c800000|  0%| F|  |TAMS 0x000000008c700000, 0x000000008c700000| Untracked 
| 200|0x000000008c800000, 0x000000008c800000, 0x000000008c900000|  0%| F|  |TAMS 0x000000008c800000, 0x000000008c800000| Untracked 
| 201|0x000000008c900000, 0x000000008c900000, 0x000000008ca00000|  0%| F|  |TAMS 0x000000008c900000, 0x000000008c900000| Untracked 
| 202|0x000000008ca00000, 0x000000008ca00000, 0x000000008cb00000|  0%| F|  |TAMS 0x000000008ca00000, 0x000000008ca00000| Untracked 
| 203|0x000000008cb00000, 0x000000008cb00000, 0x000000008cc00000|  0%| F|  |TAMS 0x000000008cb00000, 0x000000008cb00000| Untracked 
| 204|0x000000008cc00000, 0x000000008cc00000, 0x000000008cd00000|  0%| F|  |TAMS 0x000000008cc00000, 0x000000008cc00000| Untracked 
| 205|0x000000008cd00000, 0x000000008cd00000, 0x000000008ce00000|  0%| F|  |TAMS 0x000000008cd00000, 0x000000008cd00000| Untracked 
| 206|0x000000008ce00000, 0x000000008ce00000, 0x000000008cf00000|  0%| F|  |TAMS 0x000000008ce00000, 0x000000008ce00000| Untracked 
| 207|0x000000008cf00000, 0x000000008cf00000, 0x000000008d000000|  0%| F|  |TAMS 0x000000008cf00000, 0x000000008cf00000| Untracked 
| 208|0x000000008d000000, 0x000000008d000000, 0x000000008d100000|  0%| F|  |TAMS 0x000000008d000000, 0x000000008d000000| Untracked 
| 209|0x000000008d100000, 0x000000008d100000, 0x000000008d200000|  0%| F|  |TAMS 0x000000008d100000, 0x000000008d100000| Untracked 
| 210|0x000000008d200000, 0x000000008d200000, 0x000000008d300000|  0%| F|  |TAMS 0x000000008d200000, 0x000000008d200000| Untracked 
| 211|0x000000008d300000, 0x000000008d300000, 0x000000008d400000|  0%| F|  |TAMS 0x000000008d300000, 0x000000008d300000| Untracked 
| 212|0x000000008d400000, 0x000000008d400000, 0x000000008d500000|  0%| F|  |TAMS 0x000000008d400000, 0x000000008d400000| Untracked 
| 213|0x000000008d500000, 0x000000008d500000, 0x000000008d600000|  0%| F|  |TAMS 0x000000008d500000, 0x000000008d500000| Untracked 
| 214|0x000000008d600000, 0x000000008d600000, 0x000000008d700000|  0%| F|  |TAMS 0x000000008d600000, 0x000000008d600000| Untracked 
| 215|0x000000008d700000, 0x000000008d700000, 0x000000008d800000|  0%| F|  |TAMS 0x000000008d700000, 0x000000008d700000| Untracked 
| 216|0x000000008d800000, 0x000000008d800000, 0x000000008d900000|  0%| F|  |TAMS 0x000000008d800000, 0x000000008d800000| Untracked 
| 217|0x000000008d900000, 0x000000008d900000, 0x000000008da00000|  0%| F|  |TAMS 0x000000008d900000, 0x000000008d900000| Untracked 
| 218|0x000000008da00000, 0x000000008da00000, 0x000000008db00000|  0%| F|  |TAMS 0x000000008da00000, 0x000000008da00000| Untracked 
| 219|0x000000008db00000, 0x000000008db00000, 0x000000008dc00000|  0%| F|  |TAMS 0x000000008db00000, 0x000000008db00000| Untracked 
| 220|0x000000008dc00000, 0x000000008dc9e448, 0x000000008dd00000| 61%| E|  |TAMS 0x000000008dc00000, 0x000000008dc00000| Complete 
| 221|0x000000008dd00000, 0x000000008de00000, 0x000000008de00000|100%| E|CS|TAMS 0x000000008dd00000, 0x000000008dd00000| Complete 
| 222|0x000000008de00000, 0x000000008df00000, 0x000000008df00000|100%| E|CS|TAMS 0x000000008de00000, 0x000000008de00000| Complete 
| 223|0x000000008df00000, 0x000000008e000000, 0x000000008e000000|100%| E|CS|TAMS 0x000000008df00000, 0x000000008df00000| Complete 
| 224|0x000000008e000000, 0x000000008e100000, 0x000000008e100000|100%| E|CS|TAMS 0x000000008e000000, 0x000000008e000000| Complete 
| 225|0x000000008e100000, 0x000000008e200000, 0x000000008e200000|100%| E|CS|TAMS 0x000000008e100000, 0x000000008e100000| Complete 
| 226|0x000000008e200000, 0x000000008e300000, 0x000000008e300000|100%| E|CS|TAMS 0x000000008e200000, 0x000000008e200000| Complete 
| 227|0x000000008e300000, 0x000000008e400000, 0x000000008e400000|100%| E|CS|TAMS 0x000000008e300000, 0x000000008e300000| Complete 
| 228|0x000000008e400000, 0x000000008e500000, 0x000000008e500000|100%| E|CS|TAMS 0x000000008e400000, 0x000000008e400000| Complete 
| 229|0x000000008e500000, 0x000000008e600000, 0x000000008e600000|100%| E|CS|TAMS 0x000000008e500000, 0x000000008e500000| Complete 
| 230|0x000000008e600000, 0x000000008e700000, 0x000000008e700000|100%| E|CS|TAMS 0x000000008e600000, 0x000000008e600000| Complete 
| 231|0x000000008e700000, 0x000000008e7fff60, 0x000000008e800000| 99%| E|  |TAMS 0x000000008e700000, 0x000000008e700000| Complete 
| 232|0x000000008e800000, 0x000000008e900000, 0x000000008e900000|100%| E|CS|TAMS 0x000000008e800000, 0x000000008e800000| Complete 
| 233|0x000000008e900000, 0x000000008ea00000, 0x000000008ea00000|100%| E|CS|TAMS 0x000000008e900000, 0x000000008e900000| Complete 
| 234|0x000000008ea00000, 0x000000008eb00000, 0x000000008eb00000|100%| E|CS|TAMS 0x000000008ea00000, 0x000000008ea00000| Complete 
| 235|0x000000008eb00000, 0x000000008ec00000, 0x000000008ec00000|100%| E|CS|TAMS 0x000000008eb00000, 0x000000008eb00000| Complete 
| 236|0x000000008ec00000, 0x000000008ed00000, 0x000000008ed00000|100%| E|CS|TAMS 0x000000008ec00000, 0x000000008ec00000| Complete 
| 237|0x000000008ed00000, 0x000000008ee00000, 0x000000008ee00000|100%| E|CS|TAMS 0x000000008ed00000, 0x000000008ed00000| Complete 
| 238|0x000000008ee00000, 0x000000008ef00000, 0x000000008ef00000|100%| E|CS|TAMS 0x000000008ee00000, 0x000000008ee00000| Complete 
| 239|0x000000008ef00000, 0x000000008f000000, 0x000000008f000000|100%| E|CS|TAMS 0x000000008ef00000, 0x000000008ef00000| Complete 
| 240|0x000000008f000000, 0x000000008f100000, 0x000000008f100000|100%| E|CS|TAMS 0x000000008f000000, 0x000000008f000000| Complete 
| 241|0x000000008f100000, 0x000000008f200000, 0x000000008f200000|100%| E|CS|TAMS 0x000000008f100000, 0x000000008f100000| Complete 
| 242|0x000000008f200000, 0x000000008f300000, 0x000000008f300000|100%| E|CS|TAMS 0x000000008f200000, 0x000000008f200000| Complete 
| 243|0x000000008f300000, 0x000000008f400000, 0x000000008f400000|100%| E|CS|TAMS 0x000000008f300000, 0x000000008f300000| Complete 
| 244|0x000000008f400000, 0x000000008f500000, 0x000000008f500000|100%| E|CS|TAMS 0x000000008f400000, 0x000000008f400000| Complete 
| 245|0x000000008f500000, 0x000000008f600000, 0x000000008f600000|100%| E|CS|TAMS 0x000000008f500000, 0x000000008f500000| Complete 
| 246|0x000000008f600000, 0x000000008f700000, 0x000000008f700000|100%| E|CS|TAMS 0x000000008f600000, 0x000000008f600000| Complete 
| 247|0x000000008f700000, 0x000000008f800000, 0x000000008f800000|100%| E|CS|TAMS 0x000000008f700000, 0x000000008f700000| Complete 
| 248|0x000000008f800000, 0x000000008f900000, 0x000000008f900000|100%| E|CS|TAMS 0x000000008f800000, 0x000000008f800000| Complete 
| 249|0x000000008f900000, 0x000000008fa00000, 0x000000008fa00000|100%| E|CS|TAMS 0x000000008f900000, 0x000000008f900000| Complete 
| 250|0x000000008fa00000, 0x000000008fb00000, 0x000000008fb00000|100%| E|CS|TAMS 0x000000008fa00000, 0x000000008fa00000| Complete 
| 251|0x000000008fb00000, 0x000000008fc00000, 0x000000008fc00000|100%| E|CS|TAMS 0x000000008fb00000, 0x000000008fb00000| Complete 
| 252|0x000000008fc00000, 0x000000008fd00000, 0x000000008fd00000|100%| E|CS|TAMS 0x000000008fc00000, 0x000000008fc00000| Complete 
| 253|0x000000008fd00000, 0x000000008fe00000, 0x000000008fe00000|100%| E|CS|TAMS 0x000000008fd00000, 0x000000008fd00000| Complete 
| 254|0x000000008fe00000, 0x000000008ff00000, 0x000000008ff00000|100%| E|CS|TAMS 0x000000008fe00000, 0x000000008fe00000| Complete 
| 255|0x000000008ff00000, 0x0000000090000000, 0x0000000090000000|100%| E|CS|TAMS 0x000000008ff00000, 0x000000008ff00000| Complete 

Card table byte_map: [0x000001e8ff190000,0x000001e8ff590000] _byte_map_base: 0x000001e8fed90000

Marking Bits (Prev, Next): (CMBitMap*) 0x000001e8ea652da8, (CMBitMap*) 0x000001e8ea652de0
 Prev Bits: [0x000001e880000000, 0x000001e882000000)
 Next Bits: [0x000001e882000000, 0x000001e884000000)

Polling page: 0x000001e8ea6f0000

Metaspace:

Usage:
  Non-class:     81.23 MB capacity,    79.72 MB ( 98%) used,     1.27 MB (  2%) free+waste,   251.00 KB ( <1%) overhead. 
      Class:     12.62 MB capacity,    11.82 MB ( 94%) used,   708.13 KB (  5%) free+waste,   113.44 KB ( <1%) overhead. 
       Both:     93.86 MB capacity,    91.54 MB ( 98%) used,     1.96 MB (  2%) free+waste,   364.44 KB ( <1%) overhead. 

Virtual space:
  Non-class space:       82.00 MB reserved,      81.37 MB (>99%) committed 
      Class space:        1.00 GB reserved,      12.63 MB (  1%) committed 
             Both:        1.08 GB reserved,      94.00 MB (  8%) committed 

Chunk freelists:
   Non-Class:  9.00 KB
       Class:  0 bytes
        Both:  9.00 KB

MaxMetaspaceSize: 17179869184.00 GB
CompressedClassSpaceSize: 1.00 GB

CodeHeap 'non-profiled nmethods': size=120064Kb used=7083Kb max_used=7083Kb free=112980Kb
 bounds [0x000001e8f7230000, 0x000001e8f7920000, 0x000001e8fe770000]
CodeHeap 'profiled nmethods': size=120000Kb used=24989Kb max_used=24989Kb free=95010Kb
 bounds [0x000001e8efd00000, 0x000001e8f1570000, 0x000001e8f7230000]
CodeHeap 'non-nmethods': size=5696Kb used=2313Kb max_used=2335Kb free=3382Kb
 bounds [0x000001e8ef770000, 0x000001e8ef9e0000, 0x000001e8efd00000]
 total_blobs=12422 nmethods=11490 adapters=842
 compilation: enabled
              stopped_count=0, restarted_count=0
 full_count=0

Compilation events (20 events):
Event: 20.150 Thread 0x000001e886a8d800 11725       2       kotlin.io.FilesKt__FilePathComponentsKt::isRooted (28 bytes)
Event: 20.150 Thread 0x000001e886a8d800 nmethod 11725 0x000001e8f1555410 code [0x000001e8f15555e0, 0x000001e8f1555768]
Event: 20.151 Thread 0x000001e886a8d800 11727       2       kotlin.text.CharsKt__CharKt::equals (77 bytes)
Event: 20.151 Thread 0x000001e886a8d800 nmethod 11727 0x000001e8f1555890 code [0x000001e8f1555aa0, 0x000001e8f1555d58]
Event: 20.151 Thread 0x000001e886a8d800 11728       2       kotlin.io.FilesKt__UtilsKt::resolve (136 bytes)
Event: 20.152 Thread 0x000001e886a8d800 nmethod 11728 0x000001e8f1555f90 code [0x000001e8f1556260, 0x000001e8f1556af8]
Event: 20.152 Thread 0x000001e886a8d800 11726       2       kotlin.io.FilesKt__FilePathComponentsKt::getRootLength$FilesKt__FilePathComponentsKt (137 bytes)
Event: 20.153 Thread 0x000001e886a8d800 nmethod 11726 0x000001e8f1557010 code [0x000001e8f1557240, 0x000001e8f1557818]
Event: 20.168 Thread 0x000001e886a8d800 11729       2       sun.nio.fs.NativeBuffer::<init> (44 bytes)
Event: 20.168 Thread 0x000001e886a8d800 nmethod 11729 0x000001e8f1557c10 code [0x000001e8f1557e00, 0x000001e8f1558238]
Event: 20.169 Thread 0x000001e886a8d800 11730       2       sun.nio.fs.WindowsPath::equals (30 bytes)
Event: 20.169 Thread 0x000001e886a8d800 nmethod 11730 0x000001e8f1558410 code [0x000001e8f15585c0, 0x000001e8f15587a8]
Event: 20.169 Thread 0x000001e886a8d800 11731       2       sun.nio.fs.WindowsPath::getName (47 bytes)
Event: 20.169 Thread 0x000001e886a8d800 nmethod 11731 0x000001e8f1558890 code [0x000001e8f1558a80, 0x000001e8f1558ea8]
Event: 20.170 Thread 0x000001e886a8d800 11733       2       com.android.build.gradle.internal.dexing.DexWorkActionKt$processIncrementally$1$filter$1::invoke (48 bytes)
Event: 20.170 Thread 0x000001e886a8d800 nmethod 11733 0x000001e8f1559010 code [0x000001e8f1559220, 0x000001e8f1559518]
Event: 20.170 Thread 0x000001e886a8d800 11734       2       java.util.HashMap$HashIterator::<init> (79 bytes)
Event: 20.170 Thread 0x000001e886a8d800 nmethod 11734 0x000001e8f1559710 code [0x000001e8f15598e0, 0x000001e8f1559bd8]
Event: 20.171 Thread 0x000001e886a8d800 11735       2       java.lang.invoke.MemberName::asSpecial (89 bytes)
Event: 20.171 Thread 0x000001e886a8d800 nmethod 11735 0x000001e8f1559d10 code [0x000001e8f1559f80, 0x000001e8f155a5c8]

GC Heap History (20 events):
Event: 7.250 GC heap before
{Heap before GC invocations=9 (full 0):
 garbage-first heap   total 262144K, used 137415K [0x0000000080000000, 0x0000000100000000)
  region size 1024K, 119 young (121856K), 9 survivors (9216K)
 Metaspace       used 44400K, capacity 45441K, committed 45692K, reserved 1089536K
  class space    used 5693K, capacity 6059K, committed 6144K, reserved 1048576K
}
Event: 7.263 GC heap after
{Heap after GC invocations=10 (full 0):
 garbage-first heap   total 262144K, used 27912K [0x0000000080000000, 0x0000000100000000)
  region size 1024K, 12 young (12288K), 12 survivors (12288K)
 Metaspace       used 44400K, capacity 45441K, committed 45692K, reserved 1089536K
  class space    used 5693K, capacity 6059K, committed 6144K, reserved 1048576K
}
Event: 8.724 GC heap before
{Heap before GC invocations=10 (full 0):
 garbage-first heap   total 262144K, used 177416K [0x0000000080000000, 0x0000000100000000)
  region size 1024K, 153 young (156672K), 12 survivors (12288K)
 Metaspace       used 57689K, capacity 59106K, committed 59260K, reserved 1101824K
  class space    used 7356K, capacity 7877K, committed 7936K, reserved 1048576K
}
Event: 8.742 GC heap after
{Heap after GC invocations=11 (full 0):
 garbage-first heap   total 262144K, used 48934K [0x0000000080000000, 0x0000000100000000)
  region size 1024K, 20 young (20480K), 20 survivors (20480K)
 Metaspace       used 57689K, capacity 59106K, committed 59260K, reserved 1101824K
  class space    used 7356K, capacity 7877K, committed 7936K, reserved 1048576K
}
Event: 8.815 GC heap before
{Heap before GC invocations=11 (full 0):
 garbage-first heap   total 262144K, used 54054K [0x0000000080000000, 0x0000000100000000)
  region size 1024K, 26 young (26624K), 20 survivors (20480K)
 Metaspace       used 58304K, capacity 59778K, committed 59900K, reserved 1101824K
  class space    used 7415K, capacity 7950K, committed 8064K, reserved 1048576K
}
Event: 8.838 GC heap after
{Heap after GC invocations=12 (full 0):
 garbage-first heap   total 262144K, used 51198K [0x0000000080000000, 0x0000000100000000)
  region size 1024K, 2 young (2048K), 2 survivors (2048K)
 Metaspace       used 58304K, capacity 59778K, committed 59900K, reserved 1101824K
  class space    used 7415K, capacity 7950K, committed 8064K, reserved 1048576K
}
Event: 9.714 GC heap before
{Heap before GC invocations=13 (full 0):
 garbage-first heap   total 262144K, used 136190K [0x0000000080000000, 0x0000000100000000)
  region size 1024K, 84 young (86016K), 2 survivors (2048K)
 Metaspace       used 63740K, capacity 65263K, committed 65404K, reserved 1105920K
  class space    used 8090K, capacity 8616K, committed 8704K, reserved 1048576K
}
Event: 9.725 GC heap after
{Heap after GC invocations=14 (full 0):
 garbage-first heap   total 262144K, used 56106K [0x0000000080000000, 0x0000000100000000)
  region size 1024K, 7 young (7168K), 7 survivors (7168K)
 Metaspace       used 63740K, capacity 65263K, committed 65404K, reserved 1105920K
  class space    used 8090K, capacity 8616K, committed 8704K, reserved 1048576K
}
Event: 10.987 GC heap before
{Heap before GC invocations=15 (full 0):
 garbage-first heap   total 262144K, used 147242K [0x0000000080000000, 0x0000000100000000)
  region size 1024K, 96 young (98304K), 7 survivors (7168K)
 Metaspace       used 72175K, capacity 73837K, committed 74108K, reserved 1114112K
  class space    used 9390K, capacity 9950K, committed 9984K, reserved 1048576K
}
Event: 11.003 GC heap after
{Heap after GC invocations=16 (full 0):
 garbage-first heap   total 262144K, used 62993K [0x0000000080000000, 0x0000000100000000)
  region size 1024K, 7 young (7168K), 7 survivors (7168K)
 Metaspace       used 72175K, capacity 73837K, committed 74108K, reserved 1114112K
  class space    used 9390K, capacity 9950K, committed 9984K, reserved 1048576K
}
Event: 12.360 GC heap before
{Heap before GC invocations=16 (full 0):
 garbage-first heap   total 262144K, used 158225K [0x0000000080000000, 0x0000000100000000)
  region size 1024K, 100 young (102400K), 7 survivors (7168K)
 Metaspace       used 79775K, capacity 81659K, committed 81916K, reserved 1120256K
  class space    used 10353K, capacity 11016K, committed 11136K, reserved 1048576K
}
Event: 12.374 GC heap after
{Heap after GC invocations=17 (full 0):
 garbage-first heap   total 262144K, used 70477K [0x0000000080000000, 0x0000000100000000)
  region size 1024K, 13 young (13312K), 13 survivors (13312K)
 Metaspace       used 79775K, capacity 81659K, committed 81916K, reserved 1120256K
  class space    used 10353K, capacity 11016K, committed 11136K, reserved 1048576K
}
Event: 13.528 GC heap before
{Heap before GC invocations=17 (full 0):
 garbage-first heap   total 262144K, used 167757K [0x0000000080000000, 0x0000000100000000)
  region size 1024K, 109 young (111616K), 13 survivors (13312K)
 Metaspace       used 80560K, capacity 82475K, committed 82684K, reserved 1120256K
  class space    used 10369K, capacity 11027K, committed 11136K, reserved 1048576K
}
Event: 13.545 GC heap after
{Heap after GC invocations=18 (full 0):
 garbage-first heap   total 262144K, used 78245K [0x0000000080000000, 0x0000000100000000)
  region size 1024K, 14 young (14336K), 14 survivors (14336K)
 Metaspace       used 80560K, capacity 82475K, committed 82684K, reserved 1120256K
  class space    used 10369K, capacity 11027K, committed 11136K, reserved 1048576K
}
Event: 14.886 GC heap before
{Heap before GC invocations=18 (full 0):
 garbage-first heap   total 262144K, used 176549K [0x0000000080000000, 0x0000000100000000)
  region size 1024K, 111 young (113664K), 14 survivors (14336K)
 Metaspace       used 85870K, capacity 87901K, committed 88188K, reserved 1126400K
  class space    used 11020K, capacity 11731K, committed 11776K, reserved 1048576K
}
Event: 14.903 GC heap after
{Heap after GC invocations=19 (full 0):
 garbage-first heap   total 262144K, used 82964K [0x0000000080000000, 0x0000000100000000)
  region size 1024K, 6 young (6144K), 6 survivors (6144K)
 Metaspace       used 85870K, capacity 87901K, committed 88188K, reserved 1126400K
  class space    used 11020K, capacity 11731K, committed 11776K, reserved 1048576K
}
Event: 16.255 GC heap before
{Heap before GC invocations=19 (full 0):
 garbage-first heap   total 262144K, used 183316K [0x0000000080000000, 0x0000000100000000)
  region size 1024K, 105 young (107520K), 6 survivors (6144K)
 Metaspace       used 86127K, capacity 88106K, committed 88188K, reserved 1126400K
  class space    used 11039K, capacity 11747K, committed 11776K, reserved 1048576K
}
Event: 16.267 GC heap after
{Heap after GC invocations=20 (full 0):
 garbage-first heap   total 262144K, used 87912K [0x0000000080000000, 0x0000000100000000)
  region size 1024K, 11 young (11264K), 11 survivors (11264K)
 Metaspace       used 86127K, capacity 88106K, committed 88188K, reserved 1126400K
  class space    used 11039K, capacity 11747K, committed 11776K, reserved 1048576K
}
Event: 19.876 GC heap before
{Heap before GC invocations=20 (full 0):
 garbage-first heap   total 262144K, used 189288K [0x0000000080000000, 0x0000000100000000)
  region size 1024K, 111 young (113664K), 11 survivors (11264K)
 Metaspace       used 91306K, capacity 93582K, committed 93820K, reserved 1130496K
  class space    used 11757K, capacity 12540K, committed 12544K, reserved 1048576K
}
Event: 19.894 GC heap after
{Heap after GC invocations=21 (full 0):
 garbage-first heap   total 262144K, used 94380K [0x0000000080000000, 0x0000000100000000)
  region size 1024K, 13 young (13312K), 13 survivors (13312K)
 Metaspace       used 91306K, capacity 93582K, committed 93820K, reserved 1130496K
  class space    used 11757K, capacity 12540K, committed 12544K, reserved 1048576K
}

Deoptimization events (20 events):
Event: 20.009 Thread 0x000001e8884c9000 Uncommon trap: trap_request=0xffffff4d fr.pc=0x000001e8f77dbc30 relative=0x0000000000000170
Event: 20.009 Thread 0x000001e8884c9000 Uncommon trap: reason=unstable_if action=reinterpret pc=0x000001e8f77dbc30 method=com.google.common.collect.CompactHashMap.entrySet()Ljava/util/Set; @ 4 c2
Event: 20.009 Thread 0x000001e8884c9000 DEOPT PACKING pc=0x000001e8f77dbc30 sp=0x00000069933f84d0
Event: 20.009 Thread 0x000001e8884c9000 DEOPT UNPACKING pc=0x000001e8ef7974af sp=0x00000069933f8490 mode 2
Event: 20.051 Thread 0x000001e88d61f800 Uncommon trap: trap_request=0xffffffde fr.pc=0x000001e8f788c610 relative=0x0000000000002030
Event: 20.051 Thread 0x000001e88d61f800 Uncommon trap: reason=class_check action=maybe_recompile pc=0x000001e8f788c610 method=org.gradle.internal.snapshot.SnapshotUtil.handleChildren(Ljava/util/List;Lorg/gradle/internal/snapshot/VfsRelativePath;Lorg/gradle/internal/snapshot/CaseSensitivity;Lorg
Event: 20.051 Thread 0x000001e88d61f800 DEOPT PACKING pc=0x000001e8f788c610 sp=0x000000699c1fb1f0
Event: 20.051 Thread 0x000001e88d61f800 DEOPT UNPACKING pc=0x000001e8ef7974af sp=0x000000699c1fb200 mode 2
Event: 20.111 Thread 0x000001e88d61f800 Uncommon trap: trap_request=0xffffffd6 fr.pc=0x000001e8f7867674 relative=0x0000000000001a14
Event: 20.111 Thread 0x000001e88d61f800 Uncommon trap: reason=array_check action=maybe_recompile pc=0x000001e8f7867674 method=java.util.TimSort.reverseRange([Ljava/lang/Object;II)V @ 20 c2
Event: 20.111 Thread 0x000001e88d61f800 DEOPT PACKING pc=0x000001e8f7867674 sp=0x000000699c1f7ae0
Event: 20.111 Thread 0x000001e88d61f800 DEOPT UNPACKING pc=0x000001e8ef7974af sp=0x000000699c1f7998 mode 2
Event: 20.111 Thread 0x000001e88d61f800 Uncommon trap: trap_request=0xffffffd6 fr.pc=0x000001e8f78f7090 relative=0x00000000000008d0
Event: 20.111 Thread 0x000001e88d61f800 Uncommon trap: reason=array_check action=maybe_recompile pc=0x000001e8f78f7090 method=java.util.TimSort.binarySort([Ljava/lang/Object;IIILjava/util/Comparator;)V @ 183 c2
Event: 20.111 Thread 0x000001e88d61f800 DEOPT PACKING pc=0x000001e8f78f7090 sp=0x000000699c1f7a50
Event: 20.111 Thread 0x000001e88d61f800 DEOPT UNPACKING pc=0x000001e8ef7974af sp=0x000000699c1f79f8 mode 2
Event: 20.130 Thread 0x000001e88d61d000 Uncommon trap: trap_request=0x00000186 fr.pc=0x000001e8f775c3e8 relative=0x0000000000000d88
Event: 20.130 Thread 0x000001e88d61d000 Uncommon trap: reason=unloaded action=reinterpret pc=0x000001e8f775c3e8 method=java.util.regex.Pattern.newSlice([IIZ)Ljava/util/regex/Pattern$Node; @ 68 c2
Event: 20.130 Thread 0x000001e88d61d000 DEOPT PACKING pc=0x000001e8f775c3e8 sp=0x000000699c6fcf60
Event: 20.130 Thread 0x000001e88d61d000 DEOPT UNPACKING pc=0x000001e8ef7974af sp=0x000000699c6fcec8 mode 2

Classes redefined (0 events):
No events

Internal exceptions (20 events):
Event: 17.140 Thread 0x000001e8884c9000 Exception <a 'java/lang/NoSuchMethodError'{0x000000008ac167a0}: 'java.lang.Object java.lang.invoke.DirectMethodHandle$Holder.invokeStatic(java.lang.Object, java.lang.Object, java.lang.Object, java.lang.Object, java.lang.Object, java.lang.Object, java.lang.Object, java.lang.Object, int, int, java.lang.Object)'> (0x000000008ac167a0) thrown at [./src/hotspot/share/interpreter/linkResolver.cpp, line 773]
Event: 17.141 Thread 0x000001e8884c9000 Exception <a 'java/lang/NoSuchMethodError'{0x000000008ac34268}: 'java.lang.Object java.lang.invoke.DirectMethodHandle$Holder.invokeStatic(java.lang.Object, java.lang.Object, java.lang.Object, java.lang.Object, java.lang.Object, java.lang.Object, java.lang.Object, java.lang.Object, int, int, java.lang.Object, java.lang.Object)'> (0x000000008ac34268) thrown at [./src/hotspot/share/interpreter/linkResolver.cpp, line 773]
Event: 17.149 Thread 0x000001e8884c9000 Exception <a 'java/lang/NoSuchMethodError'{0x000000008ac672a8}: <clinit>> (0x000000008ac672a8) thrown at [./src/hotspot/share/prims/jni.cpp, line 1362]
Event: 17.152 Thread 0x000001e8884c9000 Exception <a 'java/lang/NoSuchMethodError'{0x000000008acbd610}: <clinit>> (0x000000008acbd610) thrown at [./src/hotspot/share/prims/jni.cpp, line 1362]
Event: 17.154 Thread 0x000001e88d622000 Exception <a 'java/lang/InterruptedException'{0x000000008ab00000}> (0x000000008ab00000) thrown at [./src/hotspot/share/runtime/objectMonitor.cpp, line 1635]
Event: 17.155 Thread 0x000001e88d622000 Exception <a 'java/lang/NoSuchMethodError'{0x000000008ab08058}: 'java.lang.Object java.lang.invoke.DirectMethodHandle$Holder.invokeStatic(java.lang.Object, java.lang.Object, int, java.lang.Object, long)'> (0x000000008ab08058) thrown at [./src/hotspot/share/interpreter/linkResolver.cpp, line 773]
Event: 17.164 Thread 0x000001e8884c9000 Exception <a 'java/lang/NoSuchMethodError'{0x000000008ab21fd8}: <clinit>> (0x000000008ab21fd8) thrown at [./src/hotspot/share/prims/jni.cpp, line 1362]
Event: 17.165 Thread 0x000001e8884c9000 Exception <a 'java/lang/NoSuchMethodError'{0x000000008ab37d90}: <clinit>> (0x000000008ab37d90) thrown at [./src/hotspot/share/prims/jni.cpp, line 1362]
Event: 17.166 Thread 0x000001e8884c9000 Exception <a 'java/lang/NoSuchMethodError'{0x000000008ab4d080}: <clinit>> (0x000000008ab4d080) thrown at [./src/hotspot/share/prims/jni.cpp, line 1362]
Event: 17.171 Thread 0x000001e8884c9000 Exception <a 'java/lang/NoSuchMethodError'{0x000000008abadc38}: <clinit>> (0x000000008abadc38) thrown at [./src/hotspot/share/prims/jni.cpp, line 1362]
Event: 17.191 Thread 0x000001e8884c9000 Exception <a 'java/lang/NoSuchMethodError'{0x000000008a9689f8}: <clinit>> (0x000000008a9689f8) thrown at [./src/hotspot/share/prims/jni.cpp, line 1362]
Event: 17.211 Thread 0x000001e88d626000 Exception <a 'java/lang/NoSuchMethodError'{0x000000008a743458}: 'java.lang.Object java.lang.invoke.DirectMethodHandle$Holder.invokeStatic(java.lang.Object, java.lang.Object, java.lang.Object, java.lang.Object, java.lang.Object, java.lang.Object, java.lang.Object, java.lang.Object, java.lang.Object, java.lang.Object, java.lang.Object, java.lang.Object, java.lang.Object, int)'> (0x000000008a743458) thrown at [./src/hotspot/share/interpreter/linkResolver.cpp, line 773]
Event: 17.212 Thread 0x000001e88d626000 Exception <a 'java/lang/NoSuchMethodError'{0x000000008a74fec8}: 'java.lang.Object java.lang.invoke.DirectMethodHandle$Holder.invokeStatic(java.lang.Object, java.lang.Object, java.lang.Object, java.lang.Object, java.lang.Object, java.lang.Object, java.lang.Object, java.lang.Object, java.lang.Object, java.lang.Object, java.lang.Object, java.lang.Object, java.lang.Object, int, int)'> (0x000000008a74fec8) thrown at [./src/hotspot/share/interpreter/linkResolver.cpp, line 773]
Event: 20.005 Thread 0x000001e8884c9000 Implicit null exception at 0x000001e8f76547f7 to 0x000001e8f7654984
Event: 20.015 Thread 0x000001e888d24800 Exception <a 'java/lang/NoSuchMethodError'{0x000000008ebf1508}: <clinit>> (0x000000008ebf1508) thrown at [./src/hotspot/share/prims/jni.cpp, line 1362]
Event: 20.030 Thread 0x000001e8884c9000 Exception <a 'sun/nio/fs/WindowsException'{0x000000008e990a28}> (0x000000008e990a28) thrown at [./src/hotspot/share/prims/jni.cpp, line 615]
Event: 20.030 Thread 0x000001e8884c9000 Exception <a 'sun/nio/fs/WindowsException'{0x000000008e991e98}> (0x000000008e991e98) thrown at [./src/hotspot/share/prims/jni.cpp, line 615]
Event: 20.111 Thread 0x000001e88d61f800 Exception <a 'java/lang/NoSuchMethodError'{0x000000008e5e38b8}: <clinit>> (0x000000008e5e38b8) thrown at [./src/hotspot/share/prims/jni.cpp, line 1362]
Event: 20.177 Thread 0x000001e88d61d000 Exception <a 'sun/nio/fs/WindowsException'{0x000000008e0f77f8}> (0x000000008e0f77f8) thrown at [./src/hotspot/share/prims/jni.cpp, line 615]
Event: 20.177 Thread 0x000001e88d621800 Exception <a 'sun/nio/fs/WindowsException'{0x000000008df087a8}> (0x000000008df087a8) thrown at [./src/hotspot/share/prims/jni.cpp, line 615]

Events (20 events):
Event: 20.181 loading class com/android/tools/r8/w/a/a/a/f/S
Event: 20.181 loading class com/android/tools/r8/w/a/a/a/f/S done
Event: 20.181 loading class com/android/tools/r8/w/a/a/a/f/Q
Event: 20.181 loading class com/android/tools/r8/w/a/a/a/f/Q done
Event: 20.182 loading class com/android/tools/r8/utils/s0
Event: 20.182 loading class com/android/tools/r8/utils/s0 done
Event: 20.182 loading class com/android/tools/r8/graph/g0
Event: 20.182 loading class com/android/tools/r8/graph/g0 done
Event: 20.183 loading class com/android/tools/r8/graph/q0
Event: 20.183 loading class com/android/tools/r8/graph/q0 done
Event: 20.184 loading class com/android/tools/r8/graph/G1
Event: 20.184 loading class com/android/tools/r8/graph/G1 done
Event: 20.184 loading class com/android/tools/r8/graph/V0
Event: 20.184 loading class com/android/tools/r8/graph/V0 done
Event: 20.184 loading class com/android/tools/r8/graph/o
Event: 20.184 loading class com/android/tools/r8/graph/o done
Event: 20.185 loading class com/android/tools/r8/graph/j0
Event: 20.185 loading class com/android/tools/r8/graph/j0 done
Event: 20.185 loading class com/android/tools/r8/graph/p0
Event: 20.185 loading class com/android/tools/r8/graph/p0 done


Dynamic libraries:
0x00007ff6eb1a0000 - 0x00007ff6eb1aa000 	C:\Program Files\Android\Android Studio\jre\bin\java.exe
0x00007ffe70410000 - 0x00007ffe70605000 	C:\Windows\SYSTEM32\ntdll.dll
0x00007ffe427d0000 - 0x00007ffe427e3000 	C:\Program Files\AVG\Antivirus\aswhook.dll
0x00007ffe70310000 - 0x00007ffe703cd000 	C:\Windows\System32\KERNEL32.DLL
0x00007ffe6de90000 - 0x00007ffe6e158000 	C:\Windows\System32\KERNELBASE.dll
0x00007ffe6dbe0000 - 0x00007ffe6dce0000 	C:\Windows\System32\ucrtbase.dll
0x00007ffe49970000 - 0x00007ffe49989000 	C:\Program Files\Android\Android Studio\jre\bin\jli.dll
0x00007ffe53d70000 - 0x00007ffe53d87000 	C:\Program Files\Android\Android Studio\jre\bin\VCRUNTIME140.dll
0x00007ffe6f350000 - 0x00007ffe6f4f0000 	C:\Windows\System32\USER32.dll
0x00007ffe6de10000 - 0x00007ffe6de32000 	C:\Windows\System32\win32u.dll
0x00007ffe62bf0000 - 0x00007ffe62e8a000 	C:\Windows\WinSxS\amd64_microsoft.windows.common-controls_6595b64144ccf1df_6.0.19041.844_none_ca00b6081b84eb1d\COMCTL32.dll
0x00007ffe6eb50000 - 0x00007ffe6eb7a000 	C:\Windows\System32\GDI32.dll
0x00007ffe6f5a0000 - 0x00007ffe6f63e000 	C:\Windows\System32\msvcrt.dll
0x00007ffe6e160000 - 0x00007ffe6e26b000 	C:\Windows\System32\gdi32full.dll
0x00007ffe6e270000 - 0x00007ffe6e30d000 	C:\Windows\System32\msvcp_win.dll
0x00007ffe6e890000 - 0x00007ffe6e8c0000 	C:\Windows\System32\IMM32.DLL
0x00007ffe477f0000 - 0x00007ffe4788d000 	C:\Program Files\Android\Android Studio\jre\bin\msvcp140.dll
0x00007ffe198d0000 - 0x00007ffe1a38c000 	C:\Program Files\Android\Android Studio\jre\bin\server\jvm.dll
0x00007ffe6e6a0000 - 0x00007ffe6e74c000 	C:\Windows\System32\ADVAPI32.dll
0x00007ffe6f940000 - 0x00007ffe6f9db000 	C:\Windows\System32\sechost.dll
0x00007ffe6e470000 - 0x00007ffe6e59b000 	C:\Windows\System32\RPCRT4.dll
0x00007ffe701d0000 - 0x00007ffe701d8000 	C:\Windows\System32\PSAPI.DLL
0x00007ffe57850000 - 0x00007ffe57859000 	C:\Windows\SYSTEM32\WSOCK32.dll
0x00007ffe64e70000 - 0x00007ffe64e97000 	C:\Windows\SYSTEM32\WINMM.dll
0x00007ffe6f870000 - 0x00007ffe6f8db000 	C:\Windows\System32\WS2_32.dll
0x00007ffe67c80000 - 0x00007ffe67c8a000 	C:\Windows\SYSTEM32\VERSION.dll
0x00007ffe6bac0000 - 0x00007ffe6bad2000 	C:\Windows\SYSTEM32\kernel.appcore.dll
0x00007ffe69800000 - 0x00007ffe69811000 	C:\Program Files\Android\Android Studio\jre\bin\verify.dll
0x00007ffe66540000 - 0x00007ffe66724000 	C:\Windows\SYSTEM32\DBGHELP.DLL
0x00007ffe66820000 - 0x00007ffe6684c000 	C:\Windows\SYSTEM32\dbgcore.DLL
0x00007ffe6dce0000 - 0x00007ffe6dd60000 	C:\Windows\System32\bcryptPrimitives.dll
0x00007ffe69750000 - 0x00007ffe69779000 	C:\Program Files\Android\Android Studio\jre\bin\java.dll
0x00007ffe69ad0000 - 0x00007ffe69adb000 	C:\Program Files\Android\Android Studio\jre\bin\jimage.dll
0x00007ffe62bb0000 - 0x00007ffe62bc8000 	C:\Program Files\Android\Android Studio\jre\bin\zip.dll
0x00007ffe6f9e0000 - 0x00007ffe70122000 	C:\Windows\System32\SHELL32.dll
0x00007ffe6bcc0000 - 0x00007ffe6c450000 	C:\Windows\SYSTEM32\windows.storage.dll
0x00007ffe6eff0000 - 0x00007ffe6f345000 	C:\Windows\System32\combase.dll
0x00007ffe6d5c0000 - 0x00007ffe6d5ec000 	C:\Windows\SYSTEM32\Wldp.dll
0x00007ffe6f4f0000 - 0x00007ffe6f59e000 	C:\Windows\System32\SHCORE.dll
0x00007ffe6ea90000 - 0x00007ffe6eae5000 	C:\Windows\System32\shlwapi.dll
0x00007ffe6da90000 - 0x00007ffe6daaf000 	C:\Windows\SYSTEM32\profapi.dll
0x00007ffe584e0000 - 0x00007ffe584fa000 	C:\Program Files\Android\Android Studio\jre\bin\net.dll
0x00007ffe65360000 - 0x00007ffe6546b000 	C:\Windows\SYSTEM32\WINHTTP.dll
0x00007ffe6d330000 - 0x00007ffe6d39a000 	C:\Windows\system32\mswsock.dll
0x00007ffe58220000 - 0x00007ffe58234000 	C:\Program Files\Android\Android Studio\jre\bin\nio.dll
0x00007ffe4c380000 - 0x00007ffe4c3a7000 	C:\Users\ricro\.gradle\native\fdc75f09e3144964f2cf3f50f0aa648679c211496f362492102eb8c894070792\windows-amd64\native-platform.dll
0x00007ffe15690000 - 0x00007ffe15826000 	C:\Users\ricro\.gradle\native\12488b8bf47d2d4c9fbf2f6322a914ad602e24e48041cd04a747c6da556b65c4\windows-amd64\native-platform-file-events.dll
0x00007ffe69a80000 - 0x00007ffe69a8a000 	C:\Program Files\Android\Android Studio\jre\bin\management.dll
0x00007ffe69a50000 - 0x00007ffe69a5c000 	C:\Program Files\Android\Android Studio\jre\bin\management_ext.dll
0x00007ffe6d500000 - 0x00007ffe6d518000 	C:\Windows\SYSTEM32\CRYPTSP.dll
0x00007ffe6cc60000 - 0x00007ffe6cc94000 	C:\Windows\system32\rsaenh.dll
0x00007ffe6db50000 - 0x00007ffe6db77000 	C:\Windows\System32\bcrypt.dll
0x00007ffe6da50000 - 0x00007ffe6da7e000 	C:\Windows\SYSTEM32\USERENV.dll
0x00007ffe6d520000 - 0x00007ffe6d52c000 	C:\Windows\SYSTEM32\CRYPTBASE.dll
0x00007ffe6cfd0000 - 0x00007ffe6d00b000 	C:\Windows\SYSTEM32\IPHLPAPI.DLL
0x00007ffe70130000 - 0x00007ffe70138000 	C:\Windows\System32\NSI.dll
0x00007ffe67c20000 - 0x00007ffe67c37000 	C:\Windows\SYSTEM32\dhcpcsvc6.DLL
0x00007ffe67c00000 - 0x00007ffe67c1d000 	C:\Windows\SYSTEM32\dhcpcsvc.DLL
0x00007ffe6d020000 - 0x00007ffe6d0ec000 	C:\Windows\SYSTEM32\DNSAPI.dll
0x00007ffe67b90000 - 0x00007ffe67b9b000 	C:\Windows\SYSTEM32\WINNSI.DLL
0x00007ffe69600000 - 0x00007ffe69608000 	C:\Program Files\Android\Android Studio\jre\bin\rmi.dll

dbghelp: loaded successfully - version: 4.0.5 - missing functions: none
symbol engine: initialized successfully - sym options: 0x614 - pdb path: .;C:\Program Files\Android\Android Studio\jre\bin;C:\Windows\SYSTEM32;C:\Program Files\AVG\Antivirus;C:\Windows\WinSxS\amd64_microsoft.windows.common-controls_6595b64144ccf1df_6.0.19041.844_none_ca00b6081b84eb1d;C:\Program Files\Android\Android Studio\jre\bin\server;C:\Users\ricro\.gradle\native\fdc75f09e3144964f2cf3f50f0aa648679c211496f362492102eb8c894070792\windows-amd64;C:\Users\ricro\.gradle\native\12488b8bf47d2d4c9fbf2f6322a914ad602e24e48041cd04a747c6da556b65c4\windows-amd64

VM Arguments:
jvm_args: --add-opens=java.base/java.util=ALL-UNNAMED --add-opens=java.base/java.lang=ALL-UNNAMED --add-opens=java.base/java.lang.invoke=ALL-UNNAMED --add-opens=java.prefs/java.util.prefs=ALL-UNNAMED -Xmx2048m -Dfile.encoding=UTF-8 -Duser.country=BO -Duser.language=es -Duser.variant 
java_command: org.gradle.launcher.daemon.bootstrap.GradleDaemon 6.7.1
java_class_path (initial): C:\Users\ricro\.gradle\wrapper\dists\gradle-6.7.1-bin\bwlcbys1h7rz3272sye1xwiv6\gradle-6.7.1\lib\gradle-launcher-6.7.1.jar
Launcher Type: SUN_STANDARD

[Global flags]
     intx CICompilerCount                          = 3                                         {product} {ergonomic}
     uint ConcGCThreads                            = 1                                         {product} {ergonomic}
     uint G1ConcRefinementThreads                  = 4                                         {product} {ergonomic}
   size_t G1HeapRegionSize                         = 1048576                                   {product} {ergonomic}
    uintx GCDrainStackTargetSize                   = 64                                        {product} {ergonomic}
   size_t InitialHeapSize                          = 268435456                                 {product} {ergonomic}
   size_t MarkStackSize                            = 4194304                                   {product} {ergonomic}
   size_t MaxHeapSize                              = 2147483648                                {product} {command line}
   size_t MaxNewSize                               = 1287651328                                {product} {ergonomic}
   size_t MinHeapDeltaBytes                        = 1048576                                   {product} {ergonomic}
    uintx NonNMethodCodeHeapSize                   = 5830732                                {pd product} {ergonomic}
    uintx NonProfiledCodeHeapSize                  = 122913754                              {pd product} {ergonomic}
    uintx ProfiledCodeHeapSize                     = 122913754                              {pd product} {ergonomic}
    uintx ReservedCodeCacheSize                    = 251658240                              {pd product} {ergonomic}
     bool SegmentedCodeCache                       = true                                      {product} {ergonomic}
     bool UseCompressedClassPointers               = true                                 {lp64_product} {ergonomic}
     bool UseCompressedOops                        = true                                 {lp64_product} {ergonomic}
     bool UseG1GC                                  = true                                      {product} {ergonomic}
     bool UseLargePagesIndividualAllocation        = false                                  {pd product} {ergonomic}

Logging:
Log output configuration:
 #0: stdout all=warning uptime,level,tags
 #1: stderr all=off uptime,level,tags

Environment Variables:
PATH=E:\Programas\bin\;C:\Program Files (x86)\Common Files\Oracle\Java\javapath;C:\Program Files\Common Files\Oracle\Java\javapath;C:\Windows\system32;C:\Windows;C:\Windows\System32\Wbem;C:\Windows\System32\WindowsPowerShell\v1.0\;C:\Windows\System32\OpenSSH\;C:\Program Files (x86)\NVIDIA Corporation\PhysX\Common;C:\Program Files (x86)\Brackets\command;C:\Program Files\NVIDIA Corporation\NVIDIA NvDLISR;C:\Program Files\Git\cmd;C:\Program Files\Git\mingw64\bin;C:\Program Files\Git\usr\bin;C:\Program Files\nodejs\;C:\Program Files (x86)\dotnet\;C:\Users\ricro\AppData\Local\Programs\Python\Python39\Scripts\;C:\Users\ricro\AppData\Local\Programs\Python\Python39\;C:\Program Files\MySQL\MySQL Shell 8.0\bin\;C:\Users\ricro\AppData\Local\Microsoft\WindowsApps;C:\Users\ricro\AppData\Local\atom\bin;C:\Users\ricro\AppData\Local\Programs\Microsoft VS Code\bin;C:\Users\ricro\AppData\Roaming\npm
USERNAME=ricro
OS=Windows_NT
PROCESSOR_IDENTIFIER=Intel64 Family 6 Model 60 Stepping 3, GenuineIntel



---------------  S Y S T E M  ---------------

OS: Windows 10 , 64 bit Build 19041 (10.0.19041.928)
OS uptime: 1 days 6:18 hours

CPU:total 4 (initial active 4) (4 cores per cpu, 1 threads per core) family 6 model 60 stepping 3, cmov, cx8, fxsr, mmx, sse, sse2, sse3, ssse3, sse4.1, sse4.2, popcnt, avx, avx2, aes, clmul, erms, lzcnt, tsc, tscinvbit, bmi1, bmi2, fma

Memory: 4k page, system-wide physical 16332M (3716M free)
TotalPageFile size 16332M (AvailPageFile size 6M)
current process WorkingSet (physical memory assigned to process): 529M, peak: 529M
current process commit charge ("private bytes"): 570M, peak: 571M

vm_info: OpenJDK 64-Bit Server VM (11.0.8+10-b944.6842174) for windows-amd64 JRE (11.0.8+10-b944.6842174), built on Sep 19 2020 01:11:42 by "builder" with MS VC++ 14.0 (VS2015)

END.
