#
# There is insufficient memory for the Java Runtime Environment to continue.
# Native memory allocation (malloc) failed to allocate 2107376 bytes for Chunk::new
# Possible reasons:
#   The system is out of physical RAM or swap space
#   The process is running with CompressedOops enabled, and the Java Heap may be blocking the growth of the native heap
# Possible solutions:
#   Reduce memory load on the system
#   Increase physical memory or swap space
#   Check if swap backing store is full
#   Decrease Java heap size (-Xmx/-Xms)
#   Decrease number of Java threads
#   Decrease Java thread stack sizes (-Xss)
#   Set larger code cache with -XX:ReservedCodeCacheSize=
#   JVM is running with Unscaled Compressed Oops mode in which the Java heap is
#     placed in the first 4GB address space. The Java Heap base address is the
#     maximum limit for the native heap growth. Please use -XX:HeapBaseMinAddress
#     to set the Java Heap base and to place the Java Heap above 4GB virtual address.
# This output file may be truncated or incomplete.
#
#  Out of Memory Error (./src/hotspot/share/memory/arena.cpp:197), pid=12460, tid=10400
#
# JRE version: OpenJDK Runtime Environment (11.0.8+10) (build 11.0.8+10-b944.6842174)
# Java VM: OpenJDK 64-Bit Server VM (11.0.8+10-b944.6842174, mixed mode, tiered, compressed oops, g1 gc, windows-amd64)
# No core dump will be written. Minidumps are not enabled by default on client versions of Windows
#

---------------  S U M M A R Y ------------

Command Line: --add-opens=java.base/java.util=ALL-UNNAMED --add-opens=java.base/java.lang=ALL-UNNAMED --add-opens=java.base/java.lang.invoke=ALL-UNNAMED --add-opens=java.prefs/java.util.prefs=ALL-UNNAMED -Xmx2048m -Dfile.encoding=UTF-8 -Duser.country=BO -Duser.language=es -Duser.variant org.gradle.launcher.daemon.bootstrap.GradleDaemon 6.7.1

Host: Intel(R) Core(TM) i5-4460  CPU @ 3.20GHz, 4 cores, 15G,  Windows 10 , 64 bit Build 19041 (10.0.19041.928)
Time: Mon May 31 19:01:13 2021 Hora estándar oeste, Sudamérica elapsed time: 11 seconds (0d 0h 0m 11s)

---------------  T H R E A D  ---------------

Current thread (0x00000186cc356800):  JavaThread "C2 CompilerThread1" daemon [_thread_in_native, id=10400, stack(0x0000006167700000,0x0000006167800000)]


Current CompileTask:
C2:  11110 6261   !   4       com.sun.beans.TypeResolver::resolve (261 bytes)

Stack: [0x0000006167700000,0x0000006167800000]
Native frames: (J=compiled Java code, j=interpreted, Vv=VM code, C=native code)
V  [jvm.dll+0x5de50a]
V  [jvm.dll+0x7122f5]
V  [jvm.dll+0x71384d]
V  [jvm.dll+0x713f03]
V  [jvm.dll+0x23e728]
V  [jvm.dll+0xb899c]
V  [jvm.dll+0xb8e9c]
V  [jvm.dll+0x35024d]
V  [jvm.dll+0x31dea3]
V  [jvm.dll+0x31d39a]
V  [jvm.dll+0x1f7702]
V  [jvm.dll+0x1f68d4]
V  [jvm.dll+0x17f32c]
V  [jvm.dll+0x205047]
V  [jvm.dll+0x203891]
V  [jvm.dll+0x6dad3f]
V  [jvm.dll+0x6d3895]
V  [jvm.dll+0x5dd4a6]
C  [ucrtbase.dll+0x21bb2]
C  [KERNEL32.DLL+0x17034]
C  [ntdll.dll+0x52651]


---------------  P R O C E S S  ---------------

Threads class SMR info:
_java_thread_list=0x00000186d19f34d0, length=154, elements={
0x00000186afd1e800, 0x00000186ca035000, 0x00000186ca037000, 0x00000186c97dd800,
0x00000186ca049800, 0x00000186ca04b800, 0x00000186ca051800, 0x00000186ca0c2000,
0x00000186ca1ac000, 0x00000186ca211000, 0x00000186cbf94000, 0x00000186cb44a000,
0x00000186cb1b5000, 0x00000186cb745000, 0x00000186cbc30800, 0x00000186cbbac800,
0x00000186cc074800, 0x00000186cc489000, 0x00000186cbcb9000, 0x00000186cc52c000,
0x00000186cc09e000, 0x00000186cc0a2000, 0x00000186cc0a0800, 0x00000186cc356800,
0x00000186cc0a1800, 0x00000186cc09f000, 0x00000186cc09f800, 0x00000186cc0a3000,
0x00000186cc0a4000, 0x00000186cc0a4800, 0x00000186ced48000, 0x00000186ced4a800,
0x00000186ced4b000, 0x00000186ced45800, 0x00000186ced46800, 0x00000186ced4c000,
0x00000186ced4d000, 0x00000186ced47000, 0x00000186ced51800, 0x00000186ced52800,
0x00000186ced4e800, 0x00000186ced53800, 0x00000186ced4d800, 0x00000186ced54000,
0x00000186ced50000, 0x00000186ced4f000, 0x00000186ced51000, 0x00000186d0e66800,
0x00000186d0e67800, 0x00000186d0e69000, 0x00000186d0e68000, 0x00000186d0e63800,
0x00000186d0e6a000, 0x00000186d0e64000, 0x00000186d0e6a800, 0x00000186d0e65800,
0x00000186d0e65000, 0x00000186d0e6f800, 0x00000186d0e6d000, 0x00000186d0e6e000,
0x00000186d0e70800, 0x00000186d0e6e800, 0x00000186d0e71000, 0x00000186d0e6b800,
0x00000186d0e72000, 0x00000186d0e6c800, 0x00000186ce9be000, 0x00000186ce9bc800,
0x00000186ce9ba000, 0x00000186ce9bf000, 0x00000186ce9bd000, 0x00000186ce9b9000,
0x00000186ce9bf800, 0x00000186ce9c0800, 0x00000186ce9ba800, 0x00000186ce9bb800,
0x00000186ce9c6000, 0x00000186ce9c3000, 0x00000186ce9c5800, 0x00000186ce9c7000,
0x00000186ce9c2000, 0x00000186ce9c4800, 0x00000186ce9c3800, 0x00000186ce9c1000,
0x00000186ce9c7800, 0x00000186cedc4000, 0x00000186cedc3800, 0x00000186cedca000,
0x00000186cedc6800, 0x00000186cedc7800, 0x00000186cedca800, 0x00000186cedc8000,
0x00000186cedc5000, 0x00000186cedc6000, 0x00000186cedce000, 0x00000186cedc9000,
0x00000186cedd1000, 0x00000186cedce800, 0x00000186cedcd000, 0x00000186cedcb800,
0x00000186cedd2000, 0x00000186cedcc800, 0x00000186cedcf800, 0x00000186cedd0800,
0x00000186cea4e000, 0x00000186cea4f800, 0x00000186cea51800, 0x00000186cea53000,
0x00000186cea4d000, 0x00000186cea53800, 0x00000186cea52000, 0x00000186cea54800,
0x00000186cea50800, 0x00000186cea4f000, 0x00000186cea5b000, 0x00000186cea57000,
0x00000186cea58800, 0x00000186cea58000, 0x00000186cea59800, 0x00000186cea55800,
0x00000186cea5c000, 0x00000186cea5a000, 0x00000186cea56000, 0x00000186d0e8f800,
0x00000186d0e8a000, 0x00000186d0e8c800, 0x00000186d0e8f000, 0x00000186d0e8b800,
0x00000186d0e8e000, 0x00000186d0e90800, 0x00000186d0e8b000, 0x00000186d0e91800,
0x00000186d0e92000, 0x00000186d0e93000, 0x00000186d0e8d000, 0x00000186d0e94000,
0x00000186d0e96000, 0x00000186d0e98800, 0x00000186d0e94800, 0x00000186d0e98000,
0x00000186d0e97000, 0x00000186d0e95800, 0x00000186d0dcf000, 0x00000186d0dcc800,
0x00000186d0dcd800, 0x00000186d0dcc000, 0x00000186d0dd0800, 0x00000186d0dd0000,
0x00000186d0dcb000, 0x00000186d0dd2800, 0x00000186d0dd4000, 0x00000186d0dd1800,
0x00000186d0dd3000, 0x00000186d0dd5000
}

Java Threads: ( => current thread )
  0x00000186afd1e800 JavaThread "main" [_thread_blocked, id=13188, stack(0x0000006165400000,0x0000006165500000)]
  0x00000186ca035000 JavaThread "Reference Handler" daemon [_thread_blocked, id=4504, stack(0x0000006165b00000,0x0000006165c00000)]
  0x00000186ca037000 JavaThread "Finalizer" daemon [_thread_blocked, id=13448, stack(0x0000006165c00000,0x0000006165d00000)]
  0x00000186c97dd800 JavaThread "Signal Dispatcher" daemon [_thread_blocked, id=1820, stack(0x0000006165d00000,0x0000006165e00000)]
  0x00000186ca049800 JavaThread "Attach Listener" daemon [_thread_blocked, id=14816, stack(0x0000006165e00000,0x0000006165f00000)]
  0x00000186ca04b800 JavaThread "C2 CompilerThread0" daemon [_thread_in_native, id=13140, stack(0x0000006165f00000,0x0000006166000000)]
  0x00000186ca051800 JavaThread "C1 CompilerThread0" daemon [_thread_blocked, id=16224, stack(0x0000006166000000,0x0000006166100000)]
  0x00000186ca0c2000 JavaThread "Sweeper thread" daemon [_thread_blocked, id=6988, stack(0x0000006166100000,0x0000006166200000)]
  0x00000186ca1ac000 JavaThread "Common-Cleaner" daemon [_thread_blocked, id=1272, stack(0x0000006166200000,0x0000006166300000)]
  0x00000186ca211000 JavaThread "Service Thread" daemon [_thread_blocked, id=6412, stack(0x0000006166300000,0x0000006166400000)]
  0x00000186cbf94000 JavaThread "Daemon health stats" [_thread_blocked, id=17248, stack(0x0000006166900000,0x0000006166a00000)]
  0x00000186cb44a000 JavaThread "Incoming local TCP Connector on port 57500" [_thread_in_native, id=16212, stack(0x0000006166b00000,0x0000006166c00000)]
  0x00000186cb1b5000 JavaThread "Daemon periodic checks" [_thread_blocked, id=5012, stack(0x0000006166c00000,0x0000006166d00000)]
  0x00000186cb745000 JavaThread "Daemon" [_thread_blocked, id=9996, stack(0x0000006166d00000,0x0000006166e00000)]
  0x00000186cbc30800 JavaThread "Handler for socket connection from /127.0.0.1:57500 to /127.0.0.1:57501" [_thread_in_native, id=2992, stack(0x0000006166e00000,0x0000006166f00000)]
  0x00000186cbbac800 JavaThread "Cancel handler" [_thread_blocked, id=3600, stack(0x0000006166f00000,0x0000006167000000)]
  0x00000186cc074800 JavaThread "Daemon worker" [_thread_in_native, id=13768, stack(0x0000006167000000,0x0000006167100000)]
  0x00000186cc489000 JavaThread "Asynchronous log dispatcher for DefaultDaemonConnection: socket connection from /127.0.0.1:57500 to /127.0.0.1:57501" [_thread_blocked, id=12444, stack(0x0000006167100000,0x0000006167200000)]
  0x00000186cbcb9000 JavaThread "Stdin handler" [_thread_blocked, id=3496, stack(0x0000006167200000,0x0000006167300000)]
  0x00000186cc52c000 JavaThread "Thread-8" [_thread_blocked, id=16512, stack(0x0000006167300000,0x0000006167400000)]
  0x00000186cc09e000 JavaThread "Cache worker for file hash cache (C:\Users\ricro\.gradle\caches\6.7.1\fileHashes)" [_thread_blocked, id=4388, stack(0x0000006167400000,0x0000006167500000)]
  0x00000186cc0a2000 JavaThread "File lock request listener" [_thread_in_native, id=12956, stack(0x0000006167500000,0x0000006167600000)]
  0x00000186cc0a0800 JavaThread "Cache worker for journal cache (C:\Users\ricro\.gradle\caches\journal-1)" [_thread_blocked, id=6760, stack(0x0000006167600000,0x0000006167700000)]
=>0x00000186cc356800 JavaThread "C2 CompilerThread1" daemon [_thread_in_native, id=10400, stack(0x0000006167700000,0x0000006167800000)]
  0x00000186cc0a1800 JavaThread "Cache worker for file hash cache (D:\SEMESTRE 1-2021\Proyectos\simulacionflujocaja\.gradle\6.7.1\fileHashes)" [_thread_blocked, id=17084, stack(0x0000006167800000,0x0000006167900000)]
  0x00000186cc09f000 JavaThread "Cache worker for checksums cache (D:\SEMESTRE 1-2021\Proyectos\simulacionflujocaja\.gradle\checksums)" [_thread_blocked, id=18368, stack(0x0000006167900000,0x0000006167a00000)]
  0x00000186cc09f800 JavaThread "Cache worker for cache directory md-supplier (C:\Users\ricro\.gradle\caches\6.7.1\md-supplier)" [_thread_blocked, id=14356, stack(0x0000006167a00000,0x0000006167b00000)]
  0x00000186cc0a3000 JavaThread "Cache worker for cache directory md-rule (C:\Users\ricro\.gradle\caches\6.7.1\md-rule)" [_thread_blocked, id=15876, stack(0x0000006167b00000,0x0000006167c00000)]
  0x00000186cc0a4000 JavaThread "Cache worker for execution history cache (C:\Users\ricro\.gradle\caches\6.7.1\executionHistory)" [_thread_blocked, id=16608, stack(0x0000006167c00000,0x0000006167d00000)]
  0x00000186cc0a4800 JavaThread "jar transforms" [_thread_blocked, id=17864, stack(0x0000006167d00000,0x0000006167e00000)]
  0x00000186ced48000 JavaThread "Cache worker for file content cache (C:\Users\ricro\.gradle\caches\6.7.1\fileContent)" [_thread_blocked, id=596, stack(0x0000006167e00000,0x0000006167f00000)]
  0x00000186ced4a800 JavaThread "Cache worker for Build Output Cleanup Cache (D:\SEMESTRE 1-2021\Proyectos\simulacionflujocaja\.gradle\buildOutputCleanup)" [_thread_blocked, id=8140, stack(0x0000006167f00000,0x0000006168000000)]
  0x00000186ced4b000 JavaThread "Build operations" [_thread_blocked, id=8184, stack(0x0000006168000000,0x0000006168100000)]
  0x00000186ced45800 JavaThread "Build operations Thread 2" [_thread_blocked, id=1252, stack(0x0000006168100000,0x0000006168200000)]
  0x00000186ced46800 JavaThread "Build operations Thread 3" [_thread_blocked, id=10752, stack(0x0000006168200000,0x0000006168300000)]
  0x00000186ced4c000 JavaThread "Build operations Thread 4" [_thread_blocked, id=10604, stack(0x0000006168300000,0x0000006168400000)]
  0x00000186ced4d000 JavaThread "jar transforms Thread 2" [_thread_blocked, id=14768, stack(0x0000006168400000,0x0000006168500000)]
  0x00000186ced47000 JavaThread "jar transforms Thread 3" [_thread_blocked, id=11340, stack(0x0000006168500000,0x0000006168600000)]
  0x00000186ced51800 JavaThread "jar transforms Thread 4" [_thread_blocked, id=3304, stack(0x0000006168600000,0x0000006168700000)]
  0x00000186ced52800 JavaThread "jar transforms Thread 5" [_thread_blocked, id=9672, stack(0x0000006168700000,0x0000006168800000)]
  0x00000186ced4e800 JavaThread "jar transforms Thread 6" [_thread_blocked, id=18160, stack(0x0000006168800000,0x0000006168900000)]
  0x00000186ced53800 JavaThread "jar transforms Thread 7" [_thread_blocked, id=18352, stack(0x0000006168900000,0x0000006168a00000)]
  0x00000186ced4d800 JavaThread "jar transforms Thread 8" [_thread_blocked, id=6356, stack(0x0000006168a00000,0x0000006168b00000)]
  0x00000186ced54000 JavaThread "jar transforms Thread 9" [_thread_blocked, id=8480, stack(0x0000006168b00000,0x0000006168c00000)]
  0x00000186ced50000 JavaThread "jar transforms Thread 10" [_thread_blocked, id=19200, stack(0x0000006168c00000,0x0000006168d00000)]
  0x00000186ced4f000 JavaThread "jar transforms Thread 11" [_thread_blocked, id=2248, stack(0x0000006168d00000,0x0000006168e00000)]
  0x00000186ced51000 JavaThread "jar transforms Thread 12" [_thread_blocked, id=5280, stack(0x0000006168e00000,0x0000006168f00000)]
  0x00000186d0e66800 JavaThread "jar transforms Thread 13" [_thread_blocked, id=18832, stack(0x0000006168f00000,0x0000006169000000)]
  0x00000186d0e67800 JavaThread "jar transforms Thread 14" [_thread_blocked, id=15764, stack(0x0000006169000000,0x0000006169100000)]
  0x00000186d0e69000 JavaThread "jar transforms Thread 15" [_thread_blocked, id=5908, stack(0x0000006169100000,0x0000006169200000)]
  0x00000186d0e68000 JavaThread "jar transforms Thread 16" [_thread_blocked, id=8072, stack(0x0000006169200000,0x0000006169300000)]
  0x00000186d0e63800 JavaThread "jar transforms Thread 17" [_thread_blocked, id=10292, stack(0x0000006169300000,0x0000006169400000)]
  0x00000186d0e6a000 JavaThread "jar transforms Thread 18" [_thread_blocked, id=6076, stack(0x0000006169400000,0x0000006169500000)]
  0x00000186d0e64000 JavaThread "jar transforms Thread 19" [_thread_blocked, id=4908, stack(0x0000006169500000,0x0000006169600000)]
  0x00000186d0e6a800 JavaThread "jar transforms Thread 20" [_thread_blocked, id=3360, stack(0x0000006169600000,0x0000006169700000)]
  0x00000186d0e65800 JavaThread "jar transforms Thread 21" [_thread_blocked, id=17840, stack(0x0000006169700000,0x0000006169800000)]
  0x00000186d0e65000 JavaThread "jar transforms Thread 22" [_thread_blocked, id=5868, stack(0x0000006169800000,0x0000006169900000)]
  0x00000186d0e6f800 JavaThread "jar transforms Thread 23" [_thread_blocked, id=5864, stack(0x0000006169900000,0x0000006169a00000)]
  0x00000186d0e6d000 JavaThread "jar transforms Thread 24" [_thread_blocked, id=19024, stack(0x0000006169a00000,0x0000006169b00000)]
  0x00000186d0e6e000 JavaThread "jar transforms Thread 25" [_thread_blocked, id=19236, stack(0x0000006169b00000,0x0000006169c00000)]
  0x00000186d0e70800 JavaThread "jar transforms Thread 26" [_thread_blocked, id=10216, stack(0x0000006169c00000,0x0000006169d00000)]
  0x00000186d0e6e800 JavaThread "jar transforms Thread 27" [_thread_blocked, id=3908, stack(0x0000006169d00000,0x0000006169e00000)]
  0x00000186d0e71000 JavaThread "jar transforms Thread 28" [_thread_blocked, id=14244, stack(0x0000006169e00000,0x0000006169f00000)]
  0x00000186d0e6b800 JavaThread "jar transforms Thread 29" [_thread_blocked, id=14412, stack(0x0000006169f00000,0x000000616a000000)]
  0x00000186d0e72000 JavaThread "jar transforms Thread 30" [_thread_blocked, id=12636, stack(0x000000616a000000,0x000000616a100000)]
  0x00000186d0e6c800 JavaThread "jar transforms Thread 31" [_thread_blocked, id=3112, stack(0x000000616a100000,0x000000616a200000)]
  0x00000186ce9be000 JavaThread "jar transforms Thread 32" [_thread_blocked, id=8736, stack(0x000000616a200000,0x000000616a300000)]
  0x00000186ce9bc800 JavaThread "jar transforms Thread 33" [_thread_blocked, id=16640, stack(0x000000616a300000,0x000000616a400000)]
  0x00000186ce9ba000 JavaThread "jar transforms Thread 34" [_thread_blocked, id=17556, stack(0x000000616a400000,0x000000616a500000)]
  0x00000186ce9bf000 JavaThread "jar transforms Thread 35" [_thread_blocked, id=9008, stack(0x000000616a500000,0x000000616a600000)]
  0x00000186ce9bd000 JavaThread "jar transforms Thread 36" [_thread_blocked, id=1596, stack(0x000000616a600000,0x000000616a700000)]
  0x00000186ce9b9000 JavaThread "jar transforms Thread 37" [_thread_blocked, id=15088, stack(0x000000616a700000,0x000000616a800000)]
  0x00000186ce9bf800 JavaThread "jar transforms Thread 38" [_thread_blocked, id=5676, stack(0x000000616a800000,0x000000616a900000)]
  0x00000186ce9c0800 JavaThread "jar transforms Thread 39" [_thread_blocked, id=1140, stack(0x000000616a900000,0x000000616aa00000)]
  0x00000186ce9ba800 JavaThread "jar transforms Thread 40" [_thread_blocked, id=11592, stack(0x000000616aa00000,0x000000616ab00000)]
  0x00000186ce9bb800 JavaThread "jar transforms Thread 41" [_thread_blocked, id=6260, stack(0x000000616ab00000,0x000000616ac00000)]
  0x00000186ce9c6000 JavaThread "jar transforms Thread 42" [_thread_blocked, id=10336, stack(0x000000616ac00000,0x000000616ad00000)]
  0x00000186ce9c3000 JavaThread "jar transforms Thread 43" [_thread_blocked, id=16108, stack(0x000000616ad00000,0x000000616ae00000)]
  0x00000186ce9c5800 JavaThread "jar transforms Thread 44" [_thread_blocked, id=15628, stack(0x000000616ae00000,0x000000616af00000)]
  0x00000186ce9c7000 JavaThread "jar transforms Thread 45" [_thread_blocked, id=13256, stack(0x000000616af00000,0x000000616b000000)]
  0x00000186ce9c2000 JavaThread "jar transforms Thread 46" [_thread_blocked, id=10684, stack(0x000000616b000000,0x000000616b100000)]
  0x00000186ce9c4800 JavaThread "jar transforms Thread 47" [_thread_blocked, id=13900, stack(0x000000616b100000,0x000000616b200000)]
  0x00000186ce9c3800 JavaThread "jar transforms Thread 48" [_thread_blocked, id=12372, stack(0x000000616b200000,0x000000616b300000)]
  0x00000186ce9c1000 JavaThread "jar transforms Thread 49" [_thread_blocked, id=7980, stack(0x000000616b300000,0x000000616b400000)]
  0x00000186ce9c7800 JavaThread "jar transforms Thread 50" [_thread_blocked, id=8768, stack(0x000000616b400000,0x000000616b500000)]
  0x00000186cedc4000 JavaThread "jar transforms Thread 51" [_thread_blocked, id=10704, stack(0x000000616b500000,0x000000616b600000)]
  0x00000186cedc3800 JavaThread "jar transforms Thread 52" [_thread_blocked, id=18296, stack(0x000000616b600000,0x000000616b700000)]
  0x00000186cedca000 JavaThread "jar transforms Thread 53" [_thread_blocked, id=4800, stack(0x000000616b700000,0x000000616b800000)]
  0x00000186cedc6800 JavaThread "jar transforms Thread 54" [_thread_blocked, id=2204, stack(0x000000616b800000,0x000000616b900000)]
  0x00000186cedc7800 JavaThread "jar transforms Thread 55" [_thread_blocked, id=13844, stack(0x000000616b900000,0x000000616ba00000)]
  0x00000186cedca800 JavaThread "jar transforms Thread 56" [_thread_blocked, id=5668, stack(0x000000616ba00000,0x000000616bb00000)]
  0x00000186cedc8000 JavaThread "jar transforms Thread 57" [_thread_blocked, id=14188, stack(0x000000616bb00000,0x000000616bc00000)]
  0x00000186cedc5000 JavaThread "jar transforms Thread 58" [_thread_blocked, id=15476, stack(0x000000616bc00000,0x000000616bd00000)]
  0x00000186cedc6000 JavaThread "jar transforms Thread 59" [_thread_blocked, id=18932, stack(0x000000616bd00000,0x000000616be00000)]
  0x00000186cedce000 JavaThread "jar transforms Thread 60" [_thread_blocked, id=19036, stack(0x000000616be00000,0x000000616bf00000)]
  0x00000186cedc9000 JavaThread "jar transforms Thread 61" [_thread_blocked, id=3280, stack(0x000000616bf00000,0x000000616c000000)]
  0x00000186cedd1000 JavaThread "jar transforms Thread 62" [_thread_blocked, id=2656, stack(0x000000616c000000,0x000000616c100000)]
  0x00000186cedce800 JavaThread "jar transforms Thread 63" [_thread_blocked, id=18900, stack(0x000000616c100000,0x000000616c200000)]
  0x00000186cedcd000 JavaThread "jar transforms Thread 64" [_thread_blocked, id=7904, stack(0x000000616c200000,0x000000616c300000)]
  0x00000186cedcb800 JavaThread "jar transforms Thread 65" [_thread_blocked, id=17944, stack(0x000000616c300000,0x000000616c400000)]
  0x00000186cedd2000 JavaThread "jar transforms Thread 66" [_thread_blocked, id=13916, stack(0x000000616c400000,0x000000616c500000)]
  0x00000186cedcc800 JavaThread "jar transforms Thread 67" [_thread_blocked, id=12328, stack(0x000000616c500000,0x000000616c600000)]
  0x00000186cedcf800 JavaThread "jar transforms Thread 68" [_thread_blocked, id=18632, stack(0x000000616c600000,0x000000616c700000)]
  0x00000186cedd0800 JavaThread "jar transforms Thread 69" [_thread_blocked, id=14092, stack(0x000000616c700000,0x000000616c800000)]
  0x00000186cea4e000 JavaThread "jar transforms Thread 70" [_thread_blocked, id=17036, stack(0x000000616c800000,0x000000616c900000)]
  0x00000186cea4f800 JavaThread "jar transforms Thread 71" [_thread_blocked, id=724, stack(0x000000616c900000,0x000000616ca00000)]
  0x00000186cea51800 JavaThread "jar transforms Thread 72" [_thread_blocked, id=18152, stack(0x000000616ca00000,0x000000616cb00000)]
  0x00000186cea53000 JavaThread "jar transforms Thread 73" [_thread_blocked, id=16496, stack(0x000000616cb00000,0x000000616cc00000)]
  0x00000186cea4d000 JavaThread "jar transforms Thread 74" [_thread_blocked, id=7612, stack(0x000000616cc00000,0x000000616cd00000)]
  0x00000186cea53800 JavaThread "jar transforms Thread 75" [_thread_blocked, id=15708, stack(0x000000616cd00000,0x000000616ce00000)]
  0x00000186cea52000 JavaThread "jar transforms Thread 76" [_thread_blocked, id=13956, stack(0x000000616ce00000,0x000000616cf00000)]
  0x00000186cea54800 JavaThread "jar transforms Thread 77" [_thread_blocked, id=3668, stack(0x000000616cf00000,0x000000616d000000)]
  0x00000186cea50800 JavaThread "jar transforms Thread 78" [_thread_blocked, id=10340, stack(0x000000616d000000,0x000000616d100000)]
  0x00000186cea4f000 JavaThread "jar transforms Thread 79" [_thread_blocked, id=2772, stack(0x000000616d100000,0x000000616d200000)]
  0x00000186cea5b000 JavaThread "jar transforms Thread 80" [_thread_blocked, id=19148, stack(0x000000616d200000,0x000000616d300000)]
  0x00000186cea57000 JavaThread "jar transforms Thread 81" [_thread_blocked, id=13392, stack(0x000000616d300000,0x000000616d400000)]
  0x00000186cea58800 JavaThread "jar transforms Thread 82" [_thread_blocked, id=13948, stack(0x000000616d400000,0x000000616d500000)]
  0x00000186cea58000 JavaThread "jar transforms Thread 83" [_thread_blocked, id=15280, stack(0x000000616d500000,0x000000616d600000)]
  0x00000186cea59800 JavaThread "jar transforms Thread 84" [_thread_blocked, id=17040, stack(0x000000616d600000,0x000000616d700000)]
  0x00000186cea55800 JavaThread "jar transforms Thread 85" [_thread_blocked, id=8164, stack(0x000000616d700000,0x000000616d800000)]
  0x00000186cea5c000 JavaThread "jar transforms Thread 86" [_thread_blocked, id=5376, stack(0x000000616d800000,0x000000616d900000)]
  0x00000186cea5a000 JavaThread "jar transforms Thread 87" [_thread_blocked, id=3568, stack(0x000000616d900000,0x000000616da00000)]
  0x00000186cea56000 JavaThread "jar transforms Thread 88" [_thread_blocked, id=4484, stack(0x000000616da00000,0x000000616db00000)]
  0x00000186d0e8f800 JavaThread "jar transforms Thread 89" [_thread_blocked, id=12680, stack(0x000000616db00000,0x000000616dc00000)]
  0x00000186d0e8a000 JavaThread "jar transforms Thread 90" [_thread_blocked, id=11084, stack(0x000000616dc00000,0x000000616dd00000)]
  0x00000186d0e8c800 JavaThread "jar transforms Thread 91" [_thread_blocked, id=5452, stack(0x000000616dd00000,0x000000616de00000)]
  0x00000186d0e8f000 JavaThread "jar transforms Thread 92" [_thread_blocked, id=6440, stack(0x000000616de00000,0x000000616df00000)]
  0x00000186d0e8b800 JavaThread "jar transforms Thread 93" [_thread_blocked, id=12420, stack(0x000000616df00000,0x000000616e000000)]
  0x00000186d0e8e000 JavaThread "jar transforms Thread 94" [_thread_blocked, id=7544, stack(0x000000616e000000,0x000000616e100000)]
  0x00000186d0e90800 JavaThread "jar transforms Thread 95" [_thread_blocked, id=13784, stack(0x000000616e100000,0x000000616e200000)]
  0x00000186d0e8b000 JavaThread "jar transforms Thread 96" [_thread_blocked, id=14112, stack(0x000000616e200000,0x000000616e300000)]
  0x00000186d0e91800 JavaThread "jar transforms Thread 97" [_thread_blocked, id=5652, stack(0x000000616e300000,0x000000616e400000)]
  0x00000186d0e92000 JavaThread "jar transforms Thread 98" [_thread_blocked, id=10872, stack(0x000000616e400000,0x000000616e500000)]
  0x00000186d0e93000 JavaThread "jar transforms Thread 99" [_thread_blocked, id=11276, stack(0x000000616e500000,0x000000616e600000)]
  0x00000186d0e8d000 JavaThread "jar transforms Thread 100" [_thread_blocked, id=6436, stack(0x000000616e600000,0x000000616e700000)]
  0x00000186d0e94000 JavaThread "jar transforms Thread 101" [_thread_blocked, id=14164, stack(0x000000616e700000,0x000000616e800000)]
  0x00000186d0e96000 JavaThread "jar transforms Thread 102" [_thread_blocked, id=14496, stack(0x000000616e800000,0x000000616e900000)]
  0x00000186d0e98800 JavaThread "jar transforms Thread 103" [_thread_blocked, id=14176, stack(0x000000616e900000,0x000000616ea00000)]
  0x00000186d0e94800 JavaThread "jar transforms Thread 104" [_thread_blocked, id=5304, stack(0x000000616ea00000,0x000000616eb00000)]
  0x00000186d0e98000 JavaThread "jar transforms Thread 105" [_thread_blocked, id=6832, stack(0x000000616eb00000,0x000000616ec00000)]
  0x00000186d0e97000 JavaThread "jar transforms Thread 106" [_thread_blocked, id=9732, stack(0x000000616ec00000,0x000000616ed00000)]
  0x00000186d0e95800 JavaThread "jar transforms Thread 107" [_thread_blocked, id=18920, stack(0x000000616ed00000,0x000000616ee00000)]
  0x00000186d0dcf000 JavaThread "jar transforms Thread 108" [_thread_blocked, id=3404, stack(0x000000616ee00000,0x000000616ef00000)]
  0x00000186d0dcc800 JavaThread "jar transforms Thread 109" [_thread_blocked, id=18308, stack(0x000000616ef00000,0x000000616f000000)]
  0x00000186d0dcd800 JavaThread "jar transforms Thread 110" [_thread_blocked, id=19224, stack(0x000000616f000000,0x000000616f100000)]
  0x00000186d0dcc000 JavaThread "jar transforms Thread 111" [_thread_blocked, id=15568, stack(0x000000616f100000,0x000000616f200000)]
  0x00000186d0dd0800 JavaThread "jar transforms Thread 112" [_thread_blocked, id=3180, stack(0x000000616f200000,0x000000616f300000)]
  0x00000186d0dd0000 JavaThread "jar transforms Thread 113" [_thread_blocked, id=15500, stack(0x000000616f300000,0x000000616f400000)]
  0x00000186d0dcb000 JavaThread "jar transforms Thread 114" [_thread_blocked, id=12692, stack(0x000000616f400000,0x000000616f500000)]
  0x00000186d0dd2800 JavaThread "jar transforms Thread 115" [_thread_blocked, id=14688, stack(0x000000616f500000,0x000000616f600000)]
  0x00000186d0dd4000 JavaThread "jar transforms Thread 116" [_thread_blocked, id=17460, stack(0x000000616f600000,0x000000616f700000)]
  0x00000186d0dd1800 JavaThread "jar transforms Thread 117" [_thread_blocked, id=2680, stack(0x000000616f700000,0x000000616f800000)]
  0x00000186d0dd3000 JavaThread "jar transforms Thread 118" [_thread_blocked, id=8188, stack(0x000000616f800000,0x000000616f900000)]
  0x00000186d0dd5000 JavaThread "Memory manager" [_thread_blocked, id=7100, stack(0x000000616f900000,0x000000616fa00000)]

Other Threads:
  0x00000186ca02e800 VMThread "VM Thread" [stack: 0x0000006165a00000,0x0000006165b00000] [id=15744]
  0x00000186ca212000 WatcherThread [stack: 0x0000006166400000,0x0000006166500000] [id=5080]
  0x00000186afd37000 GCTaskThread "GC Thread#0" [stack: 0x0000006165500000,0x0000006165600000] [id=8436]
  0x00000186ca8a5800 GCTaskThread "GC Thread#1" [stack: 0x0000006166600000,0x0000006166700000] [id=14588]
  0x00000186cad96800 GCTaskThread "GC Thread#2" [stack: 0x0000006166700000,0x0000006166800000] [id=19416]
  0x00000186ca665000 GCTaskThread "GC Thread#3" [stack: 0x0000006166800000,0x0000006166900000] [id=19328]
  0x00000186afd6a000 ConcurrentGCThread "G1 Main Marker" [stack: 0x0000006165600000,0x0000006165700000] [id=18108]
  0x00000186afd6d800 ConcurrentGCThread "G1 Conc#0" [stack: 0x0000006165700000,0x0000006165800000] [id=16664]
  0x00000186afdfd800 ConcurrentGCThread "G1 Refine#0" [stack: 0x0000006165800000,0x0000006165900000] [id=13148]
  0x00000186c964b800 ConcurrentGCThread "G1 Young RemSet Sampling" [stack: 0x0000006165900000,0x0000006165a00000] [id=5784]

Threads with active compile tasks:
C2 CompilerThread0  11152 6405 %     4       groovy.lang.MetaClassImpl::inheritInterfaceNewMetaMethods @ 104 (199 bytes)
C2 CompilerThread1  11152 6261   !   4       com.sun.beans.TypeResolver::resolve (261 bytes)

VM state:not at safepoint (normal execution)

VM Mutex/Monitor currently owned by a thread: None

Heap address: 0x0000000080000000, size: 2048 MB, Compressed Oops mode: 32-bit
Narrow klass base: 0x0000000000000000, Narrow klass shift: 3
Compressed class space size: 1073741824 Address: 0x0000000100000000

Heap:
 garbage-first heap   total 262144K, used 132768K [0x0000000080000000, 0x0000000100000000)
  region size 1024K, 87 young (89088K), 12 survivors (12288K)
 Metaspace       used 72532K, capacity 74201K, committed 74316K, reserved 1114112K
  class space    used 9437K, capacity 10041K, committed 10060K, reserved 1048576K
Heap Regions: E=young(eden), S=young(survivor), O=old, HS=humongous(starts), HC=humongous(continues), CS=collection set, F=free, A=archive, TAMS=top-at-mark-start (previous, next)
|   0|0x0000000080000000, 0x0000000080100000, 0x0000000080100000|100%| O|  |TAMS 0x0000000080100000, 0x0000000080000000| Untracked 
|   1|0x0000000080100000, 0x0000000080200000, 0x0000000080200000|100%| O|  |TAMS 0x0000000080200000, 0x0000000080100000| Untracked 
|   2|0x0000000080200000, 0x0000000080300000, 0x0000000080300000|100%| O|  |TAMS 0x0000000080300000, 0x0000000080200000| Untracked 
|   3|0x0000000080300000, 0x0000000080400000, 0x0000000080400000|100%|HS|  |TAMS 0x0000000080400000, 0x0000000080300000| Complete 
|   4|0x0000000080400000, 0x0000000080500000, 0x0000000080500000|100%|HC|  |TAMS 0x0000000080500000, 0x0000000080400000| Complete 
|   5|0x0000000080500000, 0x0000000080600000, 0x0000000080600000|100%|HC|  |TAMS 0x0000000080600000, 0x0000000080500000| Complete 
|   6|0x0000000080600000, 0x0000000080700000, 0x0000000080700000|100%| O|  |TAMS 0x0000000080700000, 0x0000000080600000| Untracked 
|   7|0x0000000080700000, 0x0000000080800000, 0x0000000080800000|100%| O|  |TAMS 0x0000000080800000, 0x0000000080700000| Untracked 
|   8|0x0000000080800000, 0x0000000080900000, 0x0000000080900000|100%| O|  |TAMS 0x0000000080900000, 0x0000000080800000| Untracked 
|   9|0x0000000080900000, 0x0000000080a00000, 0x0000000080a00000|100%| O|  |TAMS 0x0000000080a00000, 0x0000000080900000| Untracked 
|  10|0x0000000080a00000, 0x0000000080b00000, 0x0000000080b00000|100%| O|  |TAMS 0x0000000080b00000, 0x0000000080a00000| Untracked 
|  11|0x0000000080b00000, 0x0000000080c00000, 0x0000000080c00000|100%| O|  |TAMS 0x0000000080c00000, 0x0000000080b00000| Untracked 
|  12|0x0000000080c00000, 0x0000000080d00000, 0x0000000080d00000|100%| O|  |TAMS 0x0000000080d00000, 0x0000000080c00000| Untracked 
|  13|0x0000000080d00000, 0x0000000080e00000, 0x0000000080e00000|100%| O|  |TAMS 0x0000000080e00000, 0x0000000080d00000| Untracked 
|  14|0x0000000080e00000, 0x0000000080f00000, 0x0000000080f00000|100%| O|  |TAMS 0x0000000080f00000, 0x0000000080e00000| Untracked 
|  15|0x0000000080f00000, 0x0000000081000000, 0x0000000081000000|100%| O|  |TAMS 0x0000000081000000, 0x0000000080f00000| Untracked 
|  16|0x0000000081000000, 0x0000000081100000, 0x0000000081100000|100%|HS|  |TAMS 0x0000000081100000, 0x0000000081000000| Complete 
|  17|0x0000000081100000, 0x0000000081200000, 0x0000000081200000|100%|HS|  |TAMS 0x0000000081200000, 0x0000000081100000| Complete 
|  18|0x0000000081200000, 0x0000000081300000, 0x0000000081300000|100%|HC|  |TAMS 0x0000000081300000, 0x0000000081200000| Complete 
|  19|0x0000000081300000, 0x0000000081400000, 0x0000000081400000|100%|HC|  |TAMS 0x0000000081400000, 0x0000000081300000| Complete 
|  20|0x0000000081400000, 0x0000000081500000, 0x0000000081500000|100%|HS|  |TAMS 0x0000000081500000, 0x0000000081400000| Complete 
|  21|0x0000000081500000, 0x0000000081600000, 0x0000000081600000|100%|HC|  |TAMS 0x0000000081600000, 0x0000000081500000| Complete 
|  22|0x0000000081600000, 0x0000000081700000, 0x0000000081700000|100%| O|  |TAMS 0x0000000081700000, 0x0000000081600000| Untracked 
|  23|0x0000000081700000, 0x0000000081800000, 0x0000000081800000|100%| O|  |TAMS 0x0000000081800000, 0x0000000081700000| Untracked 
|  24|0x0000000081800000, 0x0000000081900000, 0x0000000081900000|100%| O|  |TAMS 0x0000000081900000, 0x0000000081800000| Untracked 
|  25|0x0000000081900000, 0x0000000081a00000, 0x0000000081a00000|100%| O|  |TAMS 0x0000000081a00000, 0x0000000081900000| Untracked 
|  26|0x0000000081a00000, 0x0000000081b00000, 0x0000000081b00000|100%| O|  |TAMS 0x0000000081b00000, 0x0000000081a00000| Untracked 
|  27|0x0000000081b00000, 0x0000000081c00000, 0x0000000081c00000|100%| O|  |TAMS 0x0000000081c00000, 0x0000000081b00000| Untracked 
|  28|0x0000000081c00000, 0x0000000081c00000, 0x0000000081d00000|  0%| F|  |TAMS 0x0000000081c00000, 0x0000000081c00000| Untracked 
|  29|0x0000000081d00000, 0x0000000081e00000, 0x0000000081e00000|100%| O|  |TAMS 0x0000000081e00000, 0x0000000081d00000| Untracked 
|  30|0x0000000081e00000, 0x0000000081f00000, 0x0000000081f00000|100%| O|  |TAMS 0x0000000081f00000, 0x0000000081e00000| Untracked 
|  31|0x0000000081f00000, 0x0000000082000000, 0x0000000082000000|100%| O|  |TAMS 0x0000000082000000, 0x0000000081f00000| Untracked 
|  32|0x0000000082000000, 0x0000000082100000, 0x0000000082100000|100%| O|  |TAMS 0x0000000082100000, 0x0000000082000000| Untracked 
|  33|0x0000000082100000, 0x0000000082200000, 0x0000000082200000|100%| O|  |TAMS 0x0000000082200000, 0x0000000082100000| Untracked 
|  34|0x0000000082200000, 0x0000000082300000, 0x0000000082300000|100%| O|  |TAMS 0x0000000082300000, 0x0000000082200000| Untracked 
|  35|0x0000000082300000, 0x0000000082400000, 0x0000000082400000|100%| O|  |TAMS 0x0000000082400000, 0x0000000082300000| Untracked 
|  36|0x0000000082400000, 0x0000000082500000, 0x0000000082500000|100%| O|  |TAMS 0x0000000082500000, 0x0000000082400000| Untracked 
|  37|0x0000000082500000, 0x0000000082600000, 0x0000000082600000|100%| O|  |TAMS 0x0000000082600000, 0x0000000082500000| Untracked 
|  38|0x0000000082600000, 0x0000000082700000, 0x0000000082700000|100%| O|  |TAMS 0x0000000082700000, 0x0000000082600000| Untracked 
|  39|0x0000000082700000, 0x0000000082800000, 0x0000000082800000|100%| O|  |TAMS 0x0000000082800000, 0x0000000082700000| Untracked 
|  40|0x0000000082800000, 0x0000000082900000, 0x0000000082900000|100%| O|  |TAMS 0x0000000082900000, 0x0000000082800000| Untracked 
|  41|0x0000000082900000, 0x0000000082a00000, 0x0000000082a00000|100%| O|  |TAMS 0x0000000082a00000, 0x0000000082900000| Untracked 
|  42|0x0000000082a00000, 0x0000000082b00000, 0x0000000082b00000|100%| O|  |TAMS 0x0000000082b00000, 0x0000000082a00000| Untracked 
|  43|0x0000000082b00000, 0x0000000082c00000, 0x0000000082c00000|100%| O|  |TAMS 0x0000000082c00000, 0x0000000082b00000| Untracked 
|  44|0x0000000082c00000, 0x0000000082d00000, 0x0000000082d00000|100%| O|  |TAMS 0x0000000082d00000, 0x0000000082c00000| Untracked 
|  45|0x0000000082d00000, 0x0000000082d00000, 0x0000000082e00000|  0%| F|  |TAMS 0x0000000082d00000, 0x0000000082d00000| Untracked 
|  46|0x0000000082e00000, 0x0000000082e00000, 0x0000000082f00000|  0%| F|  |TAMS 0x0000000082e00000, 0x0000000082e00000| Untracked 
|  47|0x0000000082f00000, 0x0000000082f00000, 0x0000000083000000|  0%| F|  |TAMS 0x0000000082f00000, 0x0000000082f00000| Untracked 
|  48|0x0000000083000000, 0x0000000083000000, 0x0000000083100000|  0%| F|  |TAMS 0x0000000083000000, 0x0000000083000000| Untracked 
|  49|0x0000000083100000, 0x0000000083100000, 0x0000000083200000|  0%| F|  |TAMS 0x0000000083100000, 0x0000000083100000| Untracked 
|  50|0x0000000083200000, 0x0000000083200000, 0x0000000083300000|  0%| F|  |TAMS 0x0000000083200000, 0x0000000083200000| Untracked 
|  51|0x0000000083300000, 0x0000000083300000, 0x0000000083400000|  0%| F|  |TAMS 0x0000000083300000, 0x0000000083300000| Untracked 
|  52|0x0000000083400000, 0x0000000083400000, 0x0000000083500000|  0%| F|  |TAMS 0x0000000083400000, 0x0000000083400000| Untracked 
|  53|0x0000000083500000, 0x0000000083500000, 0x0000000083600000|  0%| F|  |TAMS 0x0000000083500000, 0x0000000083500000| Untracked 
|  54|0x0000000083600000, 0x0000000083600000, 0x0000000083700000|  0%| F|  |TAMS 0x0000000083600000, 0x0000000083600000| Untracked 
|  55|0x0000000083700000, 0x0000000083700000, 0x0000000083800000|  0%| F|  |TAMS 0x0000000083700000, 0x0000000083700000| Untracked 
|  56|0x0000000083800000, 0x0000000083800000, 0x0000000083900000|  0%| F|  |TAMS 0x0000000083800000, 0x0000000083800000| Untracked 
|  57|0x0000000083900000, 0x0000000083900000, 0x0000000083a00000|  0%| F|  |TAMS 0x0000000083900000, 0x0000000083900000| Untracked 
|  58|0x0000000083a00000, 0x0000000083a00000, 0x0000000083b00000|  0%| F|  |TAMS 0x0000000083a00000, 0x0000000083a00000| Untracked 
|  59|0x0000000083b00000, 0x0000000083b00000, 0x0000000083c00000|  0%| F|  |TAMS 0x0000000083b00000, 0x0000000083b00000| Untracked 
|  60|0x0000000083c00000, 0x0000000083c00000, 0x0000000083d00000|  0%| F|  |TAMS 0x0000000083c00000, 0x0000000083c00000| Untracked 
|  61|0x0000000083d00000, 0x0000000083d00000, 0x0000000083e00000|  0%| F|  |TAMS 0x0000000083d00000, 0x0000000083d00000| Untracked 
|  62|0x0000000083e00000, 0x0000000083e00000, 0x0000000083f00000|  0%| F|  |TAMS 0x0000000083e00000, 0x0000000083e00000| Untracked 
|  63|0x0000000083f00000, 0x0000000083f00000, 0x0000000084000000|  0%| F|  |TAMS 0x0000000083f00000, 0x0000000083f00000| Untracked 
|  64|0x0000000084000000, 0x0000000084000000, 0x0000000084100000|  0%| F|  |TAMS 0x0000000084000000, 0x0000000084000000| Untracked 
|  65|0x0000000084100000, 0x0000000084100000, 0x0000000084200000|  0%| F|  |TAMS 0x0000000084100000, 0x0000000084100000| Untracked 
|  66|0x0000000084200000, 0x0000000084200000, 0x0000000084300000|  0%| F|  |TAMS 0x0000000084200000, 0x0000000084200000| Untracked 
|  67|0x0000000084300000, 0x0000000084300000, 0x0000000084400000|  0%| F|  |TAMS 0x0000000084300000, 0x0000000084300000| Untracked 
|  68|0x0000000084400000, 0x0000000084400000, 0x0000000084500000|  0%| F|  |TAMS 0x0000000084400000, 0x0000000084400000| Untracked 
|  69|0x0000000084500000, 0x0000000084500000, 0x0000000084600000|  0%| F|  |TAMS 0x0000000084500000, 0x0000000084500000| Untracked 
|  70|0x0000000084600000, 0x0000000084600000, 0x0000000084700000|  0%| F|  |TAMS 0x0000000084600000, 0x0000000084600000| Untracked 
|  71|0x0000000084700000, 0x0000000084700000, 0x0000000084800000|  0%| F|  |TAMS 0x0000000084700000, 0x0000000084700000| Untracked 
|  72|0x0000000084800000, 0x0000000084800000, 0x0000000084900000|  0%| F|  |TAMS 0x0000000084800000, 0x0000000084800000| Untracked 
|  73|0x0000000084900000, 0x0000000084900000, 0x0000000084a00000|  0%| F|  |TAMS 0x0000000084900000, 0x0000000084900000| Untracked 
|  74|0x0000000084a00000, 0x0000000084a00000, 0x0000000084b00000|  0%| F|  |TAMS 0x0000000084a00000, 0x0000000084a00000| Untracked 
|  75|0x0000000084b00000, 0x0000000084b00000, 0x0000000084c00000|  0%| F|  |TAMS 0x0000000084b00000, 0x0000000084b00000| Untracked 
|  76|0x0000000084c00000, 0x0000000084c00000, 0x0000000084d00000|  0%| F|  |TAMS 0x0000000084c00000, 0x0000000084c00000| Untracked 
|  77|0x0000000084d00000, 0x0000000084d00000, 0x0000000084e00000|  0%| F|  |TAMS 0x0000000084d00000, 0x0000000084d00000| Untracked 
|  78|0x0000000084e00000, 0x0000000084e00000, 0x0000000084f00000|  0%| F|  |TAMS 0x0000000084e00000, 0x0000000084e00000| Untracked 
|  79|0x0000000084f00000, 0x0000000084f00000, 0x0000000085000000|  0%| F|  |TAMS 0x0000000084f00000, 0x0000000084f00000| Untracked 
|  80|0x0000000085000000, 0x0000000085000000, 0x0000000085100000|  0%| F|  |TAMS 0x0000000085000000, 0x0000000085000000| Untracked 
|  81|0x0000000085100000, 0x0000000085100000, 0x0000000085200000|  0%| F|  |TAMS 0x0000000085100000, 0x0000000085100000| Untracked 
|  82|0x0000000085200000, 0x0000000085200000, 0x0000000085300000|  0%| F|  |TAMS 0x0000000085200000, 0x0000000085200000| Untracked 
|  83|0x0000000085300000, 0x0000000085300000, 0x0000000085400000|  0%| F|  |TAMS 0x0000000085300000, 0x0000000085300000| Untracked 
|  84|0x0000000085400000, 0x0000000085400000, 0x0000000085500000|  0%| F|  |TAMS 0x0000000085400000, 0x0000000085400000| Untracked 
|  85|0x0000000085500000, 0x0000000085500000, 0x0000000085600000|  0%| F|  |TAMS 0x0000000085500000, 0x0000000085500000| Untracked 
|  86|0x0000000085600000, 0x0000000085600000, 0x0000000085700000|  0%| F|  |TAMS 0x0000000085600000, 0x0000000085600000| Untracked 
|  87|0x0000000085700000, 0x0000000085700000, 0x0000000085800000|  0%| F|  |TAMS 0x0000000085700000, 0x0000000085700000| Untracked 
|  88|0x0000000085800000, 0x0000000085800000, 0x0000000085900000|  0%| F|  |TAMS 0x0000000085800000, 0x0000000085800000| Untracked 
|  89|0x0000000085900000, 0x0000000085900000, 0x0000000085a00000|  0%| F|  |TAMS 0x0000000085900000, 0x0000000085900000| Untracked 
|  90|0x0000000085a00000, 0x0000000085a00000, 0x0000000085b00000|  0%| F|  |TAMS 0x0000000085a00000, 0x0000000085a00000| Untracked 
|  91|0x0000000085b00000, 0x0000000085b00000, 0x0000000085c00000|  0%| F|  |TAMS 0x0000000085b00000, 0x0000000085b00000| Untracked 
|  92|0x0000000085c00000, 0x0000000085c00000, 0x0000000085d00000|  0%| F|  |TAMS 0x0000000085c00000, 0x0000000085c00000| Untracked 
|  93|0x0000000085d00000, 0x0000000085d00000, 0x0000000085e00000|  0%| F|  |TAMS 0x0000000085d00000, 0x0000000085d00000| Untracked 
|  94|0x0000000085e00000, 0x0000000085e00000, 0x0000000085f00000|  0%| F|  |TAMS 0x0000000085e00000, 0x0000000085e00000| Untracked 
|  95|0x0000000085f00000, 0x0000000085f00000, 0x0000000086000000|  0%| F|  |TAMS 0x0000000085f00000, 0x0000000085f00000| Untracked 
|  96|0x0000000086000000, 0x0000000086000000, 0x0000000086100000|  0%| F|  |TAMS 0x0000000086000000, 0x0000000086000000| Untracked 
|  97|0x0000000086100000, 0x0000000086100000, 0x0000000086200000|  0%| F|  |TAMS 0x0000000086100000, 0x0000000086100000| Untracked 
|  98|0x0000000086200000, 0x0000000086200000, 0x0000000086300000|  0%| F|  |TAMS 0x0000000086200000, 0x0000000086200000| Untracked 
|  99|0x0000000086300000, 0x0000000086300000, 0x0000000086400000|  0%| F|  |TAMS 0x0000000086300000, 0x0000000086300000| Untracked 
| 100|0x0000000086400000, 0x0000000086400000, 0x0000000086500000|  0%| F|  |TAMS 0x0000000086400000, 0x0000000086400000| Untracked 
| 101|0x0000000086500000, 0x0000000086500000, 0x0000000086600000|  0%| F|  |TAMS 0x0000000086500000, 0x0000000086500000| Untracked 
| 102|0x0000000086600000, 0x0000000086600000, 0x0000000086700000|  0%| F|  |TAMS 0x0000000086600000, 0x0000000086600000| Untracked 
| 103|0x0000000086700000, 0x0000000086700000, 0x0000000086800000|  0%| F|  |TAMS 0x0000000086700000, 0x0000000086700000| Untracked 
| 104|0x0000000086800000, 0x0000000086800000, 0x0000000086900000|  0%| F|  |TAMS 0x0000000086800000, 0x0000000086800000| Untracked 
| 105|0x0000000086900000, 0x0000000086900000, 0x0000000086a00000|  0%| F|  |TAMS 0x0000000086900000, 0x0000000086900000| Untracked 
| 106|0x0000000086a00000, 0x0000000086a00000, 0x0000000086b00000|  0%| F|  |TAMS 0x0000000086a00000, 0x0000000086a00000| Untracked 
| 107|0x0000000086b00000, 0x0000000086b00000, 0x0000000086c00000|  0%| F|  |TAMS 0x0000000086b00000, 0x0000000086b00000| Untracked 
| 108|0x0000000086c00000, 0x0000000086c00000, 0x0000000086d00000|  0%| F|  |TAMS 0x0000000086c00000, 0x0000000086c00000| Untracked 
| 109|0x0000000086d00000, 0x0000000086d00000, 0x0000000086e00000|  0%| F|  |TAMS 0x0000000086d00000, 0x0000000086d00000| Untracked 
| 110|0x0000000086e00000, 0x0000000086e00000, 0x0000000086f00000|  0%| F|  |TAMS 0x0000000086e00000, 0x0000000086e00000| Untracked 
| 111|0x0000000086f00000, 0x0000000086f00000, 0x0000000087000000|  0%| F|  |TAMS 0x0000000086f00000, 0x0000000086f00000| Untracked 
| 112|0x0000000087000000, 0x0000000087000000, 0x0000000087100000|  0%| F|  |TAMS 0x0000000087000000, 0x0000000087000000| Untracked 
| 113|0x0000000087100000, 0x0000000087100000, 0x0000000087200000|  0%| F|  |TAMS 0x0000000087100000, 0x0000000087100000| Untracked 
| 114|0x0000000087200000, 0x0000000087200000, 0x0000000087300000|  0%| F|  |TAMS 0x0000000087200000, 0x0000000087200000| Untracked 
| 115|0x0000000087300000, 0x0000000087300000, 0x0000000087400000|  0%| F|  |TAMS 0x0000000087300000, 0x0000000087300000| Untracked 
| 116|0x0000000087400000, 0x0000000087400000, 0x0000000087500000|  0%| F|  |TAMS 0x0000000087400000, 0x0000000087400000| Untracked 
| 117|0x0000000087500000, 0x0000000087500000, 0x0000000087600000|  0%| F|  |TAMS 0x0000000087500000, 0x0000000087500000| Untracked 
| 118|0x0000000087600000, 0x0000000087600000, 0x0000000087700000|  0%| F|  |TAMS 0x0000000087600000, 0x0000000087600000| Untracked 
| 119|0x0000000087700000, 0x0000000087700000, 0x0000000087800000|  0%| F|  |TAMS 0x0000000087700000, 0x0000000087700000| Untracked 
| 120|0x0000000087800000, 0x0000000087800000, 0x0000000087900000|  0%| F|  |TAMS 0x0000000087800000, 0x0000000087800000| Untracked 
| 121|0x0000000087900000, 0x0000000087900000, 0x0000000087a00000|  0%| F|  |TAMS 0x0000000087900000, 0x0000000087900000| Untracked 
| 122|0x0000000087a00000, 0x0000000087a00000, 0x0000000087b00000|  0%| F|  |TAMS 0x0000000087a00000, 0x0000000087a00000| Untracked 
| 123|0x0000000087b00000, 0x0000000087b00000, 0x0000000087c00000|  0%| F|  |TAMS 0x0000000087b00000, 0x0000000087b00000| Untracked 
| 124|0x0000000087c00000, 0x0000000087c00000, 0x0000000087d00000|  0%| F|  |TAMS 0x0000000087c00000, 0x0000000087c00000| Untracked 
| 125|0x0000000087d00000, 0x0000000087d00000, 0x0000000087e00000|  0%| F|  |TAMS 0x0000000087d00000, 0x0000000087d00000| Untracked 
| 126|0x0000000087e00000, 0x0000000087e00000, 0x0000000087f00000|  0%| F|  |TAMS 0x0000000087e00000, 0x0000000087e00000| Untracked 
| 127|0x0000000087f00000, 0x0000000087f00000, 0x0000000088000000|  0%| F|  |TAMS 0x0000000087f00000, 0x0000000087f00000| Untracked 
| 128|0x0000000088000000, 0x0000000088000000, 0x0000000088100000|  0%| F|  |TAMS 0x0000000088000000, 0x0000000088000000| Untracked 
| 129|0x0000000088100000, 0x0000000088100000, 0x0000000088200000|  0%| F|  |TAMS 0x0000000088100000, 0x0000000088100000| Untracked 
| 130|0x0000000088200000, 0x0000000088200000, 0x0000000088300000|  0%| F|  |TAMS 0x0000000088200000, 0x0000000088200000| Untracked 
| 131|0x0000000088300000, 0x0000000088300000, 0x0000000088400000|  0%| F|  |TAMS 0x0000000088300000, 0x0000000088300000| Untracked 
| 132|0x0000000088400000, 0x0000000088400000, 0x0000000088500000|  0%| F|  |TAMS 0x0000000088400000, 0x0000000088400000| Untracked 
| 133|0x0000000088500000, 0x0000000088500000, 0x0000000088600000|  0%| F|  |TAMS 0x0000000088500000, 0x0000000088500000| Untracked 
| 134|0x0000000088600000, 0x0000000088600000, 0x0000000088700000|  0%| F|  |TAMS 0x0000000088600000, 0x0000000088600000| Untracked 
| 135|0x0000000088700000, 0x0000000088700000, 0x0000000088800000|  0%| F|  |TAMS 0x0000000088700000, 0x0000000088700000| Untracked 
| 136|0x0000000088800000, 0x0000000088800000, 0x0000000088900000|  0%| F|  |TAMS 0x0000000088800000, 0x0000000088800000| Untracked 
| 137|0x0000000088900000, 0x0000000088900000, 0x0000000088a00000|  0%| F|  |TAMS 0x0000000088900000, 0x0000000088900000| Untracked 
| 138|0x0000000088a00000, 0x0000000088a00000, 0x0000000088b00000|  0%| F|  |TAMS 0x0000000088a00000, 0x0000000088a00000| Untracked 
| 139|0x0000000088b00000, 0x0000000088ba82e0, 0x0000000088c00000| 65%| S|CS|TAMS 0x0000000088b00000, 0x0000000088b00000| Complete 
| 140|0x0000000088c00000, 0x0000000088d00000, 0x0000000088d00000|100%| S|CS|TAMS 0x0000000088c00000, 0x0000000088c00000| Complete 
| 141|0x0000000088d00000, 0x0000000088e00000, 0x0000000088e00000|100%| S|CS|TAMS 0x0000000088d00000, 0x0000000088d00000| Complete 
| 142|0x0000000088e00000, 0x0000000088f00000, 0x0000000088f00000|100%| S|CS|TAMS 0x0000000088e00000, 0x0000000088e00000| Complete 
| 143|0x0000000088f00000, 0x0000000089000000, 0x0000000089000000|100%| S|CS|TAMS 0x0000000088f00000, 0x0000000088f00000| Complete 
| 144|0x0000000089000000, 0x0000000089100000, 0x0000000089100000|100%| S|CS|TAMS 0x0000000089000000, 0x0000000089000000| Complete 
| 145|0x0000000089100000, 0x0000000089200000, 0x0000000089200000|100%| S|CS|TAMS 0x0000000089100000, 0x0000000089100000| Complete 
| 146|0x0000000089200000, 0x0000000089300000, 0x0000000089300000|100%| S|CS|TAMS 0x0000000089200000, 0x0000000089200000| Complete 
| 147|0x0000000089300000, 0x0000000089400000, 0x0000000089400000|100%| S|CS|TAMS 0x0000000089300000, 0x0000000089300000| Complete 
| 148|0x0000000089400000, 0x0000000089500000, 0x0000000089500000|100%| S|CS|TAMS 0x0000000089400000, 0x0000000089400000| Complete 
| 149|0x0000000089500000, 0x0000000089600000, 0x0000000089600000|100%| S|CS|TAMS 0x0000000089500000, 0x0000000089500000| Complete 
| 150|0x0000000089600000, 0x0000000089700000, 0x0000000089700000|100%| S|CS|TAMS 0x0000000089600000, 0x0000000089600000| Complete 
| 151|0x0000000089700000, 0x0000000089700000, 0x0000000089800000|  0%| F|  |TAMS 0x0000000089700000, 0x0000000089700000| Untracked 
| 152|0x0000000089800000, 0x0000000089800000, 0x0000000089900000|  0%| F|  |TAMS 0x0000000089800000, 0x0000000089800000| Untracked 
| 153|0x0000000089900000, 0x0000000089900000, 0x0000000089a00000|  0%| F|  |TAMS 0x0000000089900000, 0x0000000089900000| Untracked 
| 154|0x0000000089a00000, 0x0000000089a00000, 0x0000000089b00000|  0%| F|  |TAMS 0x0000000089a00000, 0x0000000089a00000| Untracked 
| 155|0x0000000089b00000, 0x0000000089b00000, 0x0000000089c00000|  0%| F|  |TAMS 0x0000000089b00000, 0x0000000089b00000| Untracked 
| 156|0x0000000089c00000, 0x0000000089c00000, 0x0000000089d00000|  0%| F|  |TAMS 0x0000000089c00000, 0x0000000089c00000| Untracked 
| 157|0x0000000089d00000, 0x0000000089d00000, 0x0000000089e00000|  0%| F|  |TAMS 0x0000000089d00000, 0x0000000089d00000| Untracked 
| 158|0x0000000089e00000, 0x0000000089e00000, 0x0000000089f00000|  0%| F|  |TAMS 0x0000000089e00000, 0x0000000089e00000| Untracked 
| 159|0x0000000089f00000, 0x0000000089f00000, 0x000000008a000000|  0%| F|  |TAMS 0x0000000089f00000, 0x0000000089f00000| Untracked 
| 160|0x000000008a000000, 0x000000008a000000, 0x000000008a100000|  0%| F|  |TAMS 0x000000008a000000, 0x000000008a000000| Untracked 
| 161|0x000000008a100000, 0x000000008a100000, 0x000000008a200000|  0%| F|  |TAMS 0x000000008a100000, 0x000000008a100000| Untracked 
| 162|0x000000008a200000, 0x000000008a200000, 0x000000008a300000|  0%| F|  |TAMS 0x000000008a200000, 0x000000008a200000| Untracked 
| 163|0x000000008a300000, 0x000000008a300000, 0x000000008a400000|  0%| F|  |TAMS 0x000000008a300000, 0x000000008a300000| Untracked 
| 164|0x000000008a400000, 0x000000008a400000, 0x000000008a500000|  0%| F|  |TAMS 0x000000008a400000, 0x000000008a400000| Untracked 
| 165|0x000000008a500000, 0x000000008a500000, 0x000000008a600000|  0%| F|  |TAMS 0x000000008a500000, 0x000000008a500000| Untracked 
| 166|0x000000008a600000, 0x000000008a600000, 0x000000008a700000|  0%| F|  |TAMS 0x000000008a600000, 0x000000008a600000| Untracked 
| 167|0x000000008a700000, 0x000000008a700000, 0x000000008a800000|  0%| F|  |TAMS 0x000000008a700000, 0x000000008a700000| Untracked 
| 168|0x000000008a800000, 0x000000008a800000, 0x000000008a900000|  0%| F|  |TAMS 0x000000008a800000, 0x000000008a800000| Untracked 
| 169|0x000000008a900000, 0x000000008a900000, 0x000000008aa00000|  0%| F|  |TAMS 0x000000008a900000, 0x000000008a900000| Untracked 
| 170|0x000000008aa00000, 0x000000008aa00000, 0x000000008ab00000|  0%| F|  |TAMS 0x000000008aa00000, 0x000000008aa00000| Untracked 
| 171|0x000000008ab00000, 0x000000008ab00000, 0x000000008ac00000|  0%| F|  |TAMS 0x000000008ab00000, 0x000000008ab00000| Untracked 
| 172|0x000000008ac00000, 0x000000008ac00000, 0x000000008ad00000|  0%| F|  |TAMS 0x000000008ac00000, 0x000000008ac00000| Untracked 
| 173|0x000000008ad00000, 0x000000008ad00000, 0x000000008ae00000|  0%| F|  |TAMS 0x000000008ad00000, 0x000000008ad00000| Untracked 
| 174|0x000000008ae00000, 0x000000008ae00000, 0x000000008af00000|  0%| F|  |TAMS 0x000000008ae00000, 0x000000008ae00000| Untracked 
| 175|0x000000008af00000, 0x000000008af00000, 0x000000008b000000|  0%| F|  |TAMS 0x000000008af00000, 0x000000008af00000| Untracked 
| 176|0x000000008b000000, 0x000000008b000000, 0x000000008b100000|  0%| F|  |TAMS 0x000000008b000000, 0x000000008b000000| Untracked 
| 177|0x000000008b100000, 0x000000008b100000, 0x000000008b200000|  0%| F|  |TAMS 0x000000008b100000, 0x000000008b100000| Untracked 
| 178|0x000000008b200000, 0x000000008b200000, 0x000000008b300000|  0%| F|  |TAMS 0x000000008b200000, 0x000000008b200000| Untracked 
| 179|0x000000008b300000, 0x000000008b300000, 0x000000008b400000|  0%| F|  |TAMS 0x000000008b300000, 0x000000008b300000| Untracked 
| 180|0x000000008b400000, 0x000000008b480800, 0x000000008b500000| 50%| E|  |TAMS 0x000000008b400000, 0x000000008b400000| Complete 
| 181|0x000000008b500000, 0x000000008b600000, 0x000000008b600000|100%| E|CS|TAMS 0x000000008b500000, 0x000000008b500000| Complete 
| 182|0x000000008b600000, 0x000000008b700000, 0x000000008b700000|100%| E|CS|TAMS 0x000000008b600000, 0x000000008b600000| Complete 
| 183|0x000000008b700000, 0x000000008b800000, 0x000000008b800000|100%| E|CS|TAMS 0x000000008b700000, 0x000000008b700000| Complete 
| 184|0x000000008b800000, 0x000000008b900000, 0x000000008b900000|100%| E|CS|TAMS 0x000000008b800000, 0x000000008b800000| Complete 
| 185|0x000000008b900000, 0x000000008ba00000, 0x000000008ba00000|100%| E|CS|TAMS 0x000000008b900000, 0x000000008b900000| Complete 
| 186|0x000000008ba00000, 0x000000008bb00000, 0x000000008bb00000|100%| E|CS|TAMS 0x000000008ba00000, 0x000000008ba00000| Complete 
| 187|0x000000008bb00000, 0x000000008bc00000, 0x000000008bc00000|100%| E|CS|TAMS 0x000000008bb00000, 0x000000008bb00000| Complete 
| 188|0x000000008bc00000, 0x000000008bd00000, 0x000000008bd00000|100%| E|CS|TAMS 0x000000008bc00000, 0x000000008bc00000| Complete 
| 189|0x000000008bd00000, 0x000000008be00000, 0x000000008be00000|100%| E|CS|TAMS 0x000000008bd00000, 0x000000008bd00000| Complete 
| 190|0x000000008be00000, 0x000000008bf00000, 0x000000008bf00000|100%| E|CS|TAMS 0x000000008be00000, 0x000000008be00000| Complete 
| 191|0x000000008bf00000, 0x000000008c000000, 0x000000008c000000|100%| E|CS|TAMS 0x000000008bf00000, 0x000000008bf00000| Complete 
| 192|0x000000008c000000, 0x000000008c100000, 0x000000008c100000|100%| E|CS|TAMS 0x000000008c000000, 0x000000008c000000| Complete 
| 193|0x000000008c100000, 0x000000008c200000, 0x000000008c200000|100%| E|CS|TAMS 0x000000008c100000, 0x000000008c100000| Complete 
| 194|0x000000008c200000, 0x000000008c300000, 0x000000008c300000|100%| E|CS|TAMS 0x000000008c200000, 0x000000008c200000| Complete 
| 195|0x000000008c300000, 0x000000008c400000, 0x000000008c400000|100%| E|CS|TAMS 0x000000008c300000, 0x000000008c300000| Complete 
| 196|0x000000008c400000, 0x000000008c500000, 0x000000008c500000|100%| E|CS|TAMS 0x000000008c400000, 0x000000008c400000| Complete 
| 197|0x000000008c500000, 0x000000008c600000, 0x000000008c600000|100%| E|CS|TAMS 0x000000008c500000, 0x000000008c500000| Complete 
| 198|0x000000008c600000, 0x000000008c700000, 0x000000008c700000|100%| E|CS|TAMS 0x000000008c600000, 0x000000008c600000| Complete 
| 199|0x000000008c700000, 0x000000008c800000, 0x000000008c800000|100%| E|CS|TAMS 0x000000008c700000, 0x000000008c700000| Complete 
| 200|0x000000008c800000, 0x000000008c900000, 0x000000008c900000|100%| E|CS|TAMS 0x000000008c800000, 0x000000008c800000| Complete 
| 201|0x000000008c900000, 0x000000008ca00000, 0x000000008ca00000|100%| E|CS|TAMS 0x000000008c900000, 0x000000008c900000| Complete 
| 202|0x000000008ca00000, 0x000000008cb00000, 0x000000008cb00000|100%| E|CS|TAMS 0x000000008ca00000, 0x000000008ca00000| Complete 
| 203|0x000000008cb00000, 0x000000008cc00000, 0x000000008cc00000|100%| E|CS|TAMS 0x000000008cb00000, 0x000000008cb00000| Complete 
| 204|0x000000008cc00000, 0x000000008cd00000, 0x000000008cd00000|100%| E|CS|TAMS 0x000000008cc00000, 0x000000008cc00000| Complete 
| 205|0x000000008cd00000, 0x000000008ce00000, 0x000000008ce00000|100%| E|CS|TAMS 0x000000008cd00000, 0x000000008cd00000| Complete 
| 206|0x000000008ce00000, 0x000000008cf00000, 0x000000008cf00000|100%| E|CS|TAMS 0x000000008ce00000, 0x000000008ce00000| Complete 
| 207|0x000000008cf00000, 0x000000008d000000, 0x000000008d000000|100%| E|CS|TAMS 0x000000008cf00000, 0x000000008cf00000| Complete 
| 208|0x000000008d000000, 0x000000008d100000, 0x000000008d100000|100%| E|CS|TAMS 0x000000008d000000, 0x000000008d000000| Complete 
| 209|0x000000008d100000, 0x000000008d200000, 0x000000008d200000|100%| E|CS|TAMS 0x000000008d100000, 0x000000008d100000| Complete 
| 210|0x000000008d200000, 0x000000008d300000, 0x000000008d300000|100%| E|CS|TAMS 0x000000008d200000, 0x000000008d200000| Complete 
| 211|0x000000008d300000, 0x000000008d400000, 0x000000008d400000|100%| E|CS|TAMS 0x000000008d300000, 0x000000008d300000| Complete 
| 212|0x000000008d400000, 0x000000008d500000, 0x000000008d500000|100%| E|CS|TAMS 0x000000008d400000, 0x000000008d400000| Complete 
| 213|0x000000008d500000, 0x000000008d600000, 0x000000008d600000|100%| E|CS|TAMS 0x000000008d500000, 0x000000008d500000| Complete 
| 214|0x000000008d600000, 0x000000008d700000, 0x000000008d700000|100%| E|CS|TAMS 0x000000008d600000, 0x000000008d600000| Complete 
| 215|0x000000008d700000, 0x000000008d800000, 0x000000008d800000|100%| E|CS|TAMS 0x000000008d700000, 0x000000008d700000| Complete 
| 216|0x000000008d800000, 0x000000008d900000, 0x000000008d900000|100%| E|CS|TAMS 0x000000008d800000, 0x000000008d800000| Complete 
| 217|0x000000008d900000, 0x000000008da00000, 0x000000008da00000|100%| E|CS|TAMS 0x000000008d900000, 0x000000008d900000| Complete 
| 218|0x000000008da00000, 0x000000008db00000, 0x000000008db00000|100%| E|CS|TAMS 0x000000008da00000, 0x000000008da00000| Complete 
| 219|0x000000008db00000, 0x000000008dc00000, 0x000000008dc00000|100%| E|CS|TAMS 0x000000008db00000, 0x000000008db00000| Complete 
| 220|0x000000008dc00000, 0x000000008dd00000, 0x000000008dd00000|100%| E|CS|TAMS 0x000000008dc00000, 0x000000008dc00000| Complete 
| 221|0x000000008dd00000, 0x000000008de00000, 0x000000008de00000|100%| E|CS|TAMS 0x000000008dd00000, 0x000000008dd00000| Complete 
| 222|0x000000008de00000, 0x000000008df00000, 0x000000008df00000|100%| E|CS|TAMS 0x000000008de00000, 0x000000008de00000| Complete 
| 223|0x000000008df00000, 0x000000008e000000, 0x000000008e000000|100%| E|CS|TAMS 0x000000008df00000, 0x000000008df00000| Complete 
| 224|0x000000008e000000, 0x000000008e100000, 0x000000008e100000|100%| E|CS|TAMS 0x000000008e000000, 0x000000008e000000| Complete 
| 225|0x000000008e100000, 0x000000008e200000, 0x000000008e200000|100%| E|CS|TAMS 0x000000008e100000, 0x000000008e100000| Complete 
| 226|0x000000008e200000, 0x000000008e300000, 0x000000008e300000|100%| E|CS|TAMS 0x000000008e200000, 0x000000008e200000| Complete 
| 227|0x000000008e300000, 0x000000008e400000, 0x000000008e400000|100%| E|CS|TAMS 0x000000008e300000, 0x000000008e300000| Complete 
| 228|0x000000008e400000, 0x000000008e500000, 0x000000008e500000|100%| E|CS|TAMS 0x000000008e400000, 0x000000008e400000| Complete 
| 229|0x000000008e500000, 0x000000008e600000, 0x000000008e600000|100%| E|CS|TAMS 0x000000008e500000, 0x000000008e500000| Complete 
| 230|0x000000008e600000, 0x000000008e700000, 0x000000008e700000|100%| E|CS|TAMS 0x000000008e600000, 0x000000008e600000| Complete 
| 231|0x000000008e700000, 0x000000008e800000, 0x000000008e800000|100%| E|CS|TAMS 0x000000008e700000, 0x000000008e700000| Complete 
| 232|0x000000008e800000, 0x000000008e900000, 0x000000008e900000|100%| E|CS|TAMS 0x000000008e800000, 0x000000008e800000| Complete 
| 233|0x000000008e900000, 0x000000008ea00000, 0x000000008ea00000|100%| E|CS|TAMS 0x000000008e900000, 0x000000008e900000| Complete 
| 234|0x000000008ea00000, 0x000000008eb00000, 0x000000008eb00000|100%| E|CS|TAMS 0x000000008ea00000, 0x000000008ea00000| Complete 
| 235|0x000000008eb00000, 0x000000008ec00000, 0x000000008ec00000|100%| E|CS|TAMS 0x000000008eb00000, 0x000000008eb00000| Complete 
| 236|0x000000008ec00000, 0x000000008ed00000, 0x000000008ed00000|100%| E|CS|TAMS 0x000000008ec00000, 0x000000008ec00000| Complete 
| 237|0x000000008ed00000, 0x000000008ee00000, 0x000000008ee00000|100%| E|CS|TAMS 0x000000008ed00000, 0x000000008ed00000| Complete 
| 238|0x000000008ee00000, 0x000000008ef00000, 0x000000008ef00000|100%| E|CS|TAMS 0x000000008ee00000, 0x000000008ee00000| Complete 
| 239|0x000000008ef00000, 0x000000008f000000, 0x000000008f000000|100%| E|CS|TAMS 0x000000008ef00000, 0x000000008ef00000| Complete 
| 240|0x000000008f000000, 0x000000008f100000, 0x000000008f100000|100%| E|CS|TAMS 0x000000008f000000, 0x000000008f000000| Complete 
| 241|0x000000008f100000, 0x000000008f200000, 0x000000008f200000|100%| E|CS|TAMS 0x000000008f100000, 0x000000008f100000| Complete 
| 242|0x000000008f200000, 0x000000008f300000, 0x000000008f300000|100%| E|CS|TAMS 0x000000008f200000, 0x000000008f200000| Complete 
| 243|0x000000008f300000, 0x000000008f400000, 0x000000008f400000|100%| E|CS|TAMS 0x000000008f300000, 0x000000008f300000| Complete 
| 244|0x000000008f400000, 0x000000008f500000, 0x000000008f500000|100%| E|CS|TAMS 0x000000008f400000, 0x000000008f400000| Complete 
| 245|0x000000008f500000, 0x000000008f600000, 0x000000008f600000|100%| E|CS|TAMS 0x000000008f500000, 0x000000008f500000| Complete 
| 246|0x000000008f600000, 0x000000008f700000, 0x000000008f700000|100%| E|CS|TAMS 0x000000008f600000, 0x000000008f600000| Complete 
| 247|0x000000008f700000, 0x000000008f800000, 0x000000008f800000|100%| E|CS|TAMS 0x000000008f700000, 0x000000008f700000| Complete 
| 248|0x000000008f800000, 0x000000008f900000, 0x000000008f900000|100%| E|CS|TAMS 0x000000008f800000, 0x000000008f800000| Complete 
| 249|0x000000008f900000, 0x000000008fa00000, 0x000000008fa00000|100%| E|CS|TAMS 0x000000008f900000, 0x000000008f900000| Complete 
| 250|0x000000008fa00000, 0x000000008fb00000, 0x000000008fb00000|100%| E|CS|TAMS 0x000000008fa00000, 0x000000008fa00000| Complete 
| 251|0x000000008fb00000, 0x000000008fc00000, 0x000000008fc00000|100%| E|CS|TAMS 0x000000008fb00000, 0x000000008fb00000| Complete 
| 252|0x000000008fc00000, 0x000000008fd00000, 0x000000008fd00000|100%| E|CS|TAMS 0x000000008fc00000, 0x000000008fc00000| Complete 
| 253|0x000000008fd00000, 0x000000008fe00000, 0x000000008fe00000|100%| E|CS|TAMS 0x000000008fd00000, 0x000000008fd00000| Complete 
| 254|0x000000008fe00000, 0x000000008ff00000, 0x000000008ff00000|100%| E|CS|TAMS 0x000000008fe00000, 0x000000008fe00000| Complete 
| 255|0x000000008ff00000, 0x0000000090000000, 0x0000000090000000|100%| E|CS|TAMS 0x000000008ff00000, 0x000000008ff00000| Complete 

Card table byte_map: [0x00000186c2aa0000,0x00000186c2ea0000] _byte_map_base: 0x00000186c26a0000

Marking Bits (Prev, Next): (CMBitMap*) 0x00000186afd61030, (CMBitMap*) 0x00000186afd60ff8
 Prev Bits: [0x00000186c52a0000, 0x00000186c72a0000)
 Next Bits: [0x00000186c32a0000, 0x00000186c52a0000)

Polling page: 0x00000186add10000

Metaspace:

Usage:
  Non-class:     62.78 MB capacity,    61.73 MB ( 98%) used,   910.23 KB (  1%) free+waste,   166.56 KB ( <1%) overhead. 
      Class:      9.81 MB capacity,     9.24 MB ( 94%) used,   503.39 KB (  5%) free+waste,    78.44 KB ( <1%) overhead. 
       Both:     72.59 MB capacity,    70.97 MB ( 98%) used,     1.38 MB (  2%) free+waste,   245.00 KB ( <1%) overhead. 

Virtual space:
  Non-class space:       64.00 MB reserved,      63.00 MB ( 98%) committed 
      Class space:        1.00 GB reserved,       9.82 MB ( <1%) committed 
             Both:        1.06 GB reserved,      72.82 MB (  7%) committed 

Chunk freelists:
   Non-Class:  32.00 KB
       Class:  7.00 KB
        Both:  39.00 KB

MaxMetaspaceSize: 17179869184.00 GB
CompressedClassSpaceSize: 1.00 GB

CodeHeap 'non-profiled nmethods': size=120064Kb used=3727Kb max_used=3727Kb free=116336Kb
 bounds [0x00000186bb160000, 0x00000186bb510000, 0x00000186c26a0000]
CodeHeap 'profiled nmethods': size=120000Kb used=14195Kb max_used=14195Kb free=105804Kb
 bounds [0x00000186b3c30000, 0x00000186b4a10000, 0x00000186bb160000]
CodeHeap 'non-nmethods': size=5696Kb used=2237Kb max_used=2281Kb free=3458Kb
 bounds [0x00000186b36a0000, 0x00000186b3910000, 0x00000186b3c30000]
 total_blobs=7353 nmethods=6533 adapters=731
 compilation: enabled
              stopped_count=0, restarted_count=0
 full_count=0

Compilation events (20 events):
Event: 11.105 Thread 0x00000186ca051800 nmethod 6767 0x00000186b49fd290 code [0x00000186b49fd4c0, 0x00000186b49fdd68]
Event: 11.106 Thread 0x00000186ca051800 6768       3       java.util.stream.ReferencePipeline$Head::forEach (26 bytes)
Event: 11.106 Thread 0x00000186ca051800 nmethod 6768 0x00000186b49fe010 code [0x00000186b49fe240, 0x00000186b49fe938]
Event: 11.107 Thread 0x00000186ca051800 6770   !   3       com.sun.proxy.$Proxy31::annotationType (29 bytes)
Event: 11.107 Thread 0x00000186ca051800 nmethod 6770 0x00000186b49fec10 code [0x00000186b49fee00, 0x00000186b49ff1d8]
Event: 11.107 Thread 0x00000186ca051800 6771       3       org.gradle.internal.reflect.annotations.impl.DefaultTypeAnnotationMetadataStore$$Lambda$397/0x0000000100696440::<init> (26 bytes)
Event: 11.107 Thread 0x00000186ca051800 nmethod 6771 0x00000186b49ff390 code [0x00000186b49ff560, 0x00000186b49ff838]
Event: 11.107 Thread 0x00000186ca051800 6769       3       java.util.stream.AbstractPipeline::sourceStageSpliterator (112 bytes)
Event: 11.107 Thread 0x00000186ca051800 nmethod 6769 0x00000186b49ff910 code [0x00000186b49ffb40, 0x00000186b4a001f8]
Event: 11.107 Thread 0x00000186ca051800 6773       3       com.google.common.collect.ImmutableSet::builderWithExpectedSize (16 bytes)
Event: 11.107 Thread 0x00000186ca051800 nmethod 6773 0x00000186b4a00410 code [0x00000186b4a00620, 0x00000186b4a00b88]
Event: 11.107 Thread 0x00000186ca051800 6774       3       com.google.common.collect.ImmutableSet$Builder::<init> (17 bytes)
Event: 11.108 Thread 0x00000186ca051800 nmethod 6774 0x00000186b4a00d90 code [0x00000186b4a00f80, 0x00000186b4a013f8]
Event: 11.108 Thread 0x00000186ca051800 6775       3       java.util.Spliterators$IteratorSpliterator::tryAdvance (77 bytes)
Event: 11.108 Thread 0x00000186ca051800 nmethod 6775 0x00000186b4a01590 code [0x00000186b4a017c0, 0x00000186b4a01e78]
Event: 11.108 Thread 0x00000186ca051800 6772       3       com.google.common.collect.HashMultimap::get (6 bytes)
Event: 11.108 Thread 0x00000186ca051800 nmethod 6772 0x00000186b4a02090 code [0x00000186b4a02320, 0x00000186b4a02eb8]
Event: 11.108 Thread 0x00000186ca051800 6776       3       com.google.common.collect.ImmutableSet$Builder::add (6 bytes)
Event: 11.109 Thread 0x00000186ca051800 nmethod 6776 0x00000186b4a03290 code [0x00000186b4a03440, 0x00000186b4a035e8]
Event: 11.109 Thread 0x00000186ca051800 6779       3       com.google.common.collect.CompactHashMap$Itr::next (53 bytes)

GC Heap History (18 events):
Event: 0.593 GC heap before
{Heap before GC invocations=0 (full 0):
 garbage-first heap   total 262144K, used 19456K [0x0000000080000000, 0x0000000100000000)
  region size 1024K, 14 young (14336K), 0 survivors (0K)
 Metaspace       used 7462K, capacity 7615K, committed 7680K, reserved 1056768K
  class space    used 686K, capacity 748K, committed 768K, reserved 1048576K
}
Event: 0.596 GC heap after
{Heap after GC invocations=1 (full 0):
 garbage-first heap   total 262144K, used 7767K [0x0000000080000000, 0x0000000100000000)
  region size 1024K, 2 young (2048K), 2 survivors (2048K)
 Metaspace       used 7462K, capacity 7615K, committed 7680K, reserved 1056768K
  class space    used 686K, capacity 748K, committed 768K, reserved 1048576K
}
Event: 4.507 GC heap before
{Heap before GC invocations=1 (full 0):
 garbage-first heap   total 262144K, used 101975K [0x0000000080000000, 0x0000000100000000)
  region size 1024K, 96 young (98304K), 2 survivors (2048K)
 Metaspace       used 20605K, capacity 21111K, committed 21248K, reserved 1067008K
  class space    used 2524K, capacity 2712K, committed 2816K, reserved 1048576K
}
Event: 4.515 GC heap after
{Heap after GC invocations=2 (full 0):
 garbage-first heap   total 262144K, used 15678K [0x0000000080000000, 0x0000000100000000)
  region size 1024K, 10 young (10240K), 10 survivors (10240K)
 Metaspace       used 20605K, capacity 21111K, committed 21248K, reserved 1067008K
  class space    used 2524K, capacity 2712K, committed 2816K, reserved 1048576K
}
Event: 4.608 GC heap before
{Heap before GC invocations=3 (full 0):
 garbage-first heap   total 262144K, used 24894K [0x0000000080000000, 0x0000000100000000)
  region size 1024K, 19 young (19456K), 10 survivors (10240K)
 Metaspace       used 21573K, capacity 22118K, committed 22400K, reserved 1069056K
  class space    used 2707K, capacity 2878K, committed 2944K, reserved 1048576K
}
Event: 4.613 GC heap after
{Heap after GC invocations=4 (full 0):
 garbage-first heap   total 262144K, used 17021K [0x0000000080000000, 0x0000000100000000)
  region size 1024K, 1 young (1024K), 1 survivors (1024K)
 Metaspace       used 21573K, capacity 22118K, committed 22400K, reserved 1069056K
  class space    used 2707K, capacity 2878K, committed 2944K, reserved 1048576K
}
Event: 5.099 GC heap before
{Heap before GC invocations=4 (full 0):
 garbage-first heap   total 262144K, used 64125K [0x0000000080000000, 0x0000000100000000)
  region size 1024K, 47 young (48128K), 1 survivors (1024K)
 Metaspace       used 26720K, capacity 27343K, committed 27648K, reserved 1073152K
  class space    used 3510K, capacity 3752K, committed 3840K, reserved 1048576K
}
Event: 5.102 GC heap after
{Heap after GC invocations=5 (full 0):
 garbage-first heap   total 262144K, used 18315K [0x0000000080000000, 0x0000000100000000)
  region size 1024K, 3 young (3072K), 3 survivors (3072K)
 Metaspace       used 26720K, capacity 27343K, committed 27648K, reserved 1073152K
  class space    used 3510K, capacity 3752K, committed 3840K, reserved 1048576K
}
Event: 5.726 GC heap before
{Heap before GC invocations=5 (full 0):
 garbage-first heap   total 262144K, used 62347K [0x0000000080000000, 0x0000000100000000)
  region size 1024K, 47 young (48128K), 3 survivors (3072K)
 Metaspace       used 35068K, capacity 35819K, committed 35840K, reserved 1081344K
  class space    used 4560K, capacity 4854K, committed 4864K, reserved 1048576K
}
Event: 5.732 GC heap after
{Heap after GC invocations=6 (full 0):
 garbage-first heap   total 262144K, used 21281K [0x0000000080000000, 0x0000000100000000)
  region size 1024K, 6 young (6144K), 6 survivors (6144K)
 Metaspace       used 35068K, capacity 35819K, committed 35840K, reserved 1081344K
  class space    used 4560K, capacity 4854K, committed 4864K, reserved 1048576K
}
Event: 7.029 GC heap before
{Heap before GC invocations=7 (full 0):
 garbage-first heap   total 262144K, used 120609K [0x0000000080000000, 0x0000000100000000)
  region size 1024K, 100 young (102400K), 6 survivors (6144K)
 Metaspace       used 43695K, capacity 44712K, committed 45004K, reserved 1087488K
  class space    used 5603K, capacity 5982K, committed 6092K, reserved 1048576K
}
Event: 7.039 GC heap after
{Heap after GC invocations=8 (full 0):
 garbage-first heap   total 262144K, used 27160K [0x0000000080000000, 0x0000000100000000)
  region size 1024K, 11 young (11264K), 11 survivors (11264K)
 Metaspace       used 43695K, capacity 44712K, committed 45004K, reserved 1087488K
  class space    used 5603K, capacity 5982K, committed 6092K, reserved 1048576K
}
Event: 8.316 GC heap before
{Heap before GC invocations=8 (full 0):
 garbage-first heap   total 262144K, used 151064K [0x0000000080000000, 0x0000000100000000)
  region size 1024K, 127 young (130048K), 11 survivors (11264K)
 Metaspace       used 52545K, capacity 53800K, committed 54092K, reserved 1095680K
  class space    used 6674K, capacity 7116K, committed 7244K, reserved 1048576K
}
Event: 8.332 GC heap after
{Heap after GC invocations=9 (full 0):
 garbage-first heap   total 262144K, used 44726K [0x0000000080000000, 0x0000000100000000)
  region size 1024K, 16 young (16384K), 16 survivors (16384K)
 Metaspace       used 52545K, capacity 53800K, committed 54092K, reserved 1095680K
  class space    used 6674K, capacity 7116K, committed 7244K, reserved 1048576K
}
Event: 9.117 GC heap before
{Heap before GC invocations=9 (full 0):
 garbage-first heap   total 262144K, used 96950K [0x0000000080000000, 0x0000000100000000)
  region size 1024K, 68 young (69632K), 16 survivors (16384K)
 Metaspace       used 58714K, capacity 60141K, committed 60236K, reserved 1101824K
  class space    used 7446K, capacity 7956K, committed 8012K, reserved 1048576K
}
Event: 9.136 GC heap after
{Heap after GC invocations=10 (full 0):
 garbage-first heap   total 262144K, used 51200K [0x0000000080000000, 0x0000000100000000)
  region size 1024K, 6 young (6144K), 6 survivors (6144K)
 Metaspace       used 58714K, capacity 60141K, committed 60236K, reserved 1101824K
  class space    used 7446K, capacity 7956K, committed 8012K, reserved 1048576K
}
Event: 10.336 GC heap before
{Heap before GC invocations=11 (full 0):
 garbage-first heap   total 262144K, used 152576K [0x0000000080000000, 0x0000000100000000)
  region size 1024K, 105 young (107520K), 6 survivors (6144K)
 Metaspace       used 66680K, capacity 68185K, committed 68428K, reserved 1107968K
  class space    used 8641K, capacity 9180K, committed 9292K, reserved 1048576K
}
Event: 10.347 GC heap after
{Heap after GC invocations=12 (full 0):
 garbage-first heap   total 262144K, used 56992K [0x0000000080000000, 0x0000000100000000)
  region size 1024K, 12 young (12288K), 12 survivors (12288K)
 Metaspace       used 66680K, capacity 68185K, committed 68428K, reserved 1107968K
  class space    used 8641K, capacity 9180K, committed 9292K, reserved 1048576K
}

Deoptimization events (20 events):
Event: 10.866 Thread 0x00000186cc074800 Uncommon trap: trap_request=0xffffff4d fr.pc=0x00000186bb433778 relative=0x00000000000002b8
Event: 10.866 Thread 0x00000186cc074800 Uncommon trap: reason=unstable_if action=reinterpret pc=0x00000186bb433778 method=java.util.HashMap.getNode(ILjava/lang/Object;)Ljava/util/HashMap$Node; @ 84 c2
Event: 10.866 Thread 0x00000186cc074800 DEOPT PACKING pc=0x00000186bb433778 sp=0x00000061670fa360
Event: 10.866 Thread 0x00000186cc074800 DEOPT UNPACKING pc=0x00000186b36c74af sp=0x00000061670fa280 mode 2
Event: 10.866 Thread 0x00000186cc074800 Uncommon trap: trap_request=0xffffff4d fr.pc=0x00000186bb24ce64 relative=0x00000000000001a4
Event: 10.866 Thread 0x00000186cc074800 Uncommon trap: reason=unstable_if action=reinterpret pc=0x00000186bb24ce64 method=java.util.HashMap.getNode(ILjava/lang/Object;)Ljava/util/HashMap$Node; @ 84 c2
Event: 10.866 Thread 0x00000186cc074800 DEOPT PACKING pc=0x00000186bb24ce64 sp=0x00000061670fa300
Event: 10.866 Thread 0x00000186cc074800 DEOPT UNPACKING pc=0x00000186b36c74af sp=0x00000061670fa288 mode 2
Event: 10.970 Thread 0x00000186cc074800 Uncommon trap: trap_request=0xffffff4d fr.pc=0x00000186bb182480 relative=0x0000000000000060
Event: 10.970 Thread 0x00000186cc074800 Uncommon trap: reason=unstable_if action=reinterpret pc=0x00000186bb182480 method=java.io.WinNTFileSystem.isSlash(C)Z @ 9 c2
Event: 10.970 Thread 0x00000186cc074800 DEOPT PACKING pc=0x00000186bb182480 sp=0x00000061670fa6f0
Event: 10.970 Thread 0x00000186cc074800 DEOPT UNPACKING pc=0x00000186b36c74af sp=0x00000061670fa678 mode 2
Event: 11.010 Thread 0x00000186cc074800 Uncommon trap: trap_request=0xffffff4d fr.pc=0x00000186bb345178 relative=0x00000000000006f8
Event: 11.010 Thread 0x00000186cc074800 Uncommon trap: reason=unstable_if action=reinterpret pc=0x00000186bb345178 method=java.util.HashMap.putVal(ILjava/lang/Object;Ljava/lang/Object;ZZ)Ljava/lang/Object; @ 109 c2
Event: 11.010 Thread 0x00000186cc074800 DEOPT PACKING pc=0x00000186bb345178 sp=0x00000061670f8bf0
Event: 11.010 Thread 0x00000186cc074800 DEOPT UNPACKING pc=0x00000186b36c74af sp=0x00000061670f8b08 mode 2
Event: 11.010 Thread 0x00000186cc074800 Uncommon trap: trap_request=0xffffff4d fr.pc=0x00000186bb2f1e7c relative=0x000000000000067c
Event: 11.010 Thread 0x00000186cc074800 Uncommon trap: reason=unstable_if action=reinterpret pc=0x00000186bb2f1e7c method=java.util.HashMap.putVal(ILjava/lang/Object;Ljava/lang/Object;ZZ)Ljava/lang/Object; @ 109 c2
Event: 11.010 Thread 0x00000186cc074800 DEOPT PACKING pc=0x00000186bb2f1e7c sp=0x00000061670f8b40
Event: 11.010 Thread 0x00000186cc074800 DEOPT UNPACKING pc=0x00000186b36c74af sp=0x00000061670f8af8 mode 2

Classes redefined (0 events):
No events

Internal exceptions (20 events):
Event: 10.681 Thread 0x00000186cc074800 Exception <a 'java/lang/ClassNotFoundException'{0x000000008de57548}: com/google/android/gms/dependencies/DependencyInspectorBeanInfo> (0x000000008de57548) thrown at [./src/hotspot/share/classfile/systemDictionary.cpp, line 231]
Event: 10.682 Thread 0x00000186cc074800 Exception <a 'java/lang/ClassNotFoundException'{0x000000008de6d3d0}: com/google/android/gms/dependencies/DependencyInspectorCustomizer> (0x000000008de6d3d0) thrown at [./src/hotspot/share/classfile/systemDictionary.cpp, line 231]
Event: 10.688 Thread 0x00000186cc074800 Exception <a 'java/lang/ClassNotFoundException'{0x000000008dced580}: org/gradle/api/internal/artifacts/configurations/DefaultConfigurationContainer_DecoratedBeanInfo> (0x000000008dced580) thrown at [./src/hotspot/share/classfile/systemDictionary.cpp, line 231]
Event: 10.689 Thread 0x00000186cc074800 Exception <a 'java/lang/ClassNotFoundException'{0x000000008db0f330}: org/gradle/api/internal/artifacts/configurations/DefaultConfigurationContainerBeanInfo> (0x000000008db0f330) thrown at [./src/hotspot/share/classfile/systemDictionary.cpp, line 231]
Event: 10.689 Thread 0x00000186cc074800 Exception <a 'java/lang/ClassNotFoundException'{0x000000008db23650}: org/gradle/api/internal/AbstractValidatingNamedDomainObjectContainerBeanInfo> (0x000000008db23650) thrown at [./src/hotspot/share/classfile/systemDictionary.cpp, line 231]
Event: 10.689 Thread 0x00000186cc074800 Exception <a 'java/lang/ClassNotFoundException'{0x000000008db37950}: org/gradle/api/internal/AbstractValidatingNamedDomainObjectContainerCustomizer> (0x000000008db37950) thrown at [./src/hotspot/share/classfile/systemDictionary.cpp, line 231]
Event: 10.690 Thread 0x00000186cc074800 Exception <a 'java/lang/ClassNotFoundException'{0x000000008db63fa0}: org/gradle/api/internal/artifacts/configurations/DefaultConfigurationContainerCustomizer> (0x000000008db63fa0) thrown at [./src/hotspot/share/classfile/systemDictionary.cpp, line 231]
Event: 10.691 Thread 0x00000186cc074800 Exception <a 'java/lang/ClassNotFoundException'{0x000000008db9b3c0}: org/gradle/api/internal/artifacts/configurations/DefaultConfigurationContainer_DecoratedCustomizer> (0x000000008db9b3c0) thrown at [./src/hotspot/share/classfile/systemDictionary.cpp, line 231]
Event: 10.697 Thread 0x00000186cc074800 Exception <a 'java/lang/ClassNotFoundException'{0x000000008d9c9dd0}: org/gradle/api/internal/artifacts/configurations/DefaultConfiguration_DecoratedBeanInfo> (0x000000008d9c9dd0) thrown at [./src/hotspot/share/classfile/systemDictionary.cpp, line 231]
Event: 10.698 Thread 0x00000186cc074800 Exception <a 'java/lang/ClassNotFoundException'{0x000000008d9eb2b0}: org/gradle/api/internal/artifacts/configurations/DefaultConfigurationBeanInfo> (0x000000008d9eb2b0) thrown at [./src/hotspot/share/classfile/systemDictionary.cpp, line 231]
Event: 10.698 Thread 0x00000186cc074800 Exception <a 'java/lang/ClassNotFoundException'{0x000000008d80cd08}: org/gradle/api/internal/artifacts/configurations/DefaultConfigurationCustomizer> (0x000000008d80cd08) thrown at [./src/hotspot/share/classfile/systemDictionary.cpp, line 231]
Event: 10.700 Thread 0x00000186cc074800 Exception <a 'java/lang/ClassNotFoundException'{0x000000008d87a6d0}: org/gradle/api/internal/artifacts/configurations/DefaultConfiguration_DecoratedCustomizer> (0x000000008d87a6d0) thrown at [./src/hotspot/share/classfile/systemDictionary.cpp, line 231]
Event: 10.707 Thread 0x00000186cc074800 Exception <a 'java/lang/ClassNotFoundException'{0x000000008d731928}: org/codehaus/groovy/runtime/MethodClosureBeanInfo> (0x000000008d731928) thrown at [./src/hotspot/share/classfile/systemDictionary.cpp, line 231]
Event: 10.707 Thread 0x00000186cc074800 Exception <a 'java/lang/ClassNotFoundException'{0x000000008d7447a0}: org/codehaus/groovy/runtime/MethodClosureCustomizer> (0x000000008d7447a0) thrown at [./src/hotspot/share/classfile/systemDictionary.cpp, line 231]
Event: 10.709 Thread 0x00000186cc074800 Exception <a 'java/lang/ClassNotFoundException'{0x000000008d79bc58}: org/gradle/api/internal/artifacts/configurations/DefaultConfiguration$ConfigurationResolvableDependencies_DecoratedBeanInfo> (0x000000008d79bc58) thrown at [./src/hotspot/share/classfile/systemDictionary.cpp, line 231]
Event: 10.710 Thread 0x00000186cc074800 Exception <a 'java/lang/ClassNotFoundException'{0x000000008d7c35f0}: org/gradle/api/internal/artifacts/configurations/DefaultConfiguration$ConfigurationResolvableDependenciesBeanInfo> (0x000000008d7c35f0) thrown at [./src/hotspot/share/classfile/systemDictionary.cpp, line 231]
Event: 10.710 Thread 0x00000186cc074800 Exception <a 'java/lang/ClassNotFoundException'{0x000000008d7ec660}: org/gradle/api/internal/artifacts/configurations/DefaultConfiguration$ConfigurationResolvableDependenciesCustomizer> (0x000000008d7ec660) thrown at [./src/hotspot/share/classfile/systemDictionary.cpp, line 231]
Event: 10.711 Thread 0x00000186cc074800 Exception <a 'java/lang/ClassNotFoundException'{0x000000008d626a10}: org/gradle/api/internal/artifacts/configurations/DefaultConfiguration$ConfigurationResolvableDependencies_DecoratedCustomizer> (0x000000008d626a10) thrown at [./src/hotspot/share/classfile/systemDictionary.cpp, line 231]
Event: 10.832 Thread 0x00000186cc074800 Exception <a 'java/lang/NoSuchMethodError'{0x000000008cfa9e98}: 'void java.lang.invoke.DirectMethodHandle$Holder.invokeStatic(java.lang.Object, java.lang.Object, java.lang.Object, java.lang.Object, java.lang.Object, java.lang.Object, java.lang.Object)'> (0x000000008cfa9e98) thrown at [./src/hotspot/share/interpreter/linkResolver.cpp, line 773]
Event: 11.027 Thread 0x00000186cc074800 Exception <a 'java/lang/NoSuchMethodError'{0x000000008bef4278}: 'java.lang.Object java.lang.invoke.Invokers$Holder.linkToTargetMethod(java.lang.Object, int, java.lang.Object)'> (0x000000008bef4278) thrown at [./src/hotspot/share/interpreter/linkResolver.cpp, line 773]

Events (20 events):
Event: 11.090 loading class org/gradle/api/internal/artifacts/ivyservice/resolveengine/artifact/DefaultVisitedArtifactResults$NoArtifactResults
Event: 11.090 loading class org/gradle/api/internal/artifacts/ivyservice/resolveengine/artifact/DefaultVisitedArtifactResults$NoArtifactResults done
Event: 11.090 loading class org/gradle/api/internal/artifacts/ivyservice/resolveengine/artifact/BuildDependenciesOnlyVisitedArtifactSet$BuildDependenciesOnlySelectedArtifactSet
Event: 11.090 loading class org/gradle/api/internal/artifacts/ivyservice/resolveengine/artifact/BuildDependenciesOnlyVisitedArtifactSet$BuildDependenciesOnlySelectedArtifactSet done
Event: 11.091 loading class org/gradle/api/internal/tasks/FailureCollectingTaskDependencyResolveContext
Event: 11.091 loading class org/gradle/api/internal/tasks/FailureCollectingTaskDependencyResolveContext done
Event: 11.094 loading class com/android/build/gradle/tasks/MergeSourceSetFolders$MergeShaderSourceFoldersCreationAction$configure$assetDirFunction$1
Event: 11.094 loading class com/android/build/gradle/tasks/MergeSourceSetFolders$MergeShaderSourceFoldersCreationAction$configure$assetDirFunction$1 done
Event: 11.095 loading class com/android/build/gradle/tasks/MergeSourceSetFolders$MergeShaderSourceFoldersCreationAction$configure$1
Event: 11.095 loading class com/android/build/gradle/tasks/MergeSourceSetFolders$MergeShaderSourceFoldersCreationAction$configure$1 done
Event: 11.095 loading class com/android/build/gradle/tasks/MergeSourceSetFolders$MergeShaderSourceFoldersCreationAction$configure$2
Event: 11.095 loading class com/android/build/gradle/tasks/MergeSourceSetFolders$MergeShaderSourceFoldersCreationAction$configure$2 done
Event: 11.100 loading class org/gradle/jvm/platform/internal/DefaultJavaPlatform
Event: 11.100 loading class org/gradle/jvm/platform/internal/DefaultJavaPlatform done
Event: 11.104 loading class org/gradle/api/internal/tasks/CurrentJvmJavaToolChain
Event: 11.104 loading class org/gradle/api/internal/tasks/CurrentJvmJavaToolChain done
Event: 11.105 loading class org/gradle/api/internal/tasks/AbstractJavaToolChain
Event: 11.105 loading class org/gradle/api/internal/tasks/AbstractJavaToolChain done
Event: 11.106 loading class org/gradle/platform/base/internal/toolchain/ToolProvider
Event: 11.106 loading class org/gradle/platform/base/internal/toolchain/ToolProvider done


Dynamic libraries:
0x00007ff6eb1a0000 - 0x00007ff6eb1aa000 	C:\Program Files\Android\Android Studio\jre\bin\java.exe
0x00007ffe70410000 - 0x00007ffe70605000 	C:\Windows\SYSTEM32\ntdll.dll
0x00007ffe427d0000 - 0x00007ffe427e3000 	C:\Program Files\AVG\Antivirus\aswhook.dll
0x00007ffe70310000 - 0x00007ffe703cd000 	C:\Windows\System32\KERNEL32.DLL
0x00007ffe6de90000 - 0x00007ffe6e158000 	C:\Windows\System32\KERNELBASE.dll
0x00007ffe6dbe0000 - 0x00007ffe6dce0000 	C:\Windows\System32\ucrtbase.dll
0x00007ffe53d70000 - 0x00007ffe53d87000 	C:\Program Files\Android\Android Studio\jre\bin\VCRUNTIME140.dll
0x00007ffe49970000 - 0x00007ffe49989000 	C:\Program Files\Android\Android Studio\jre\bin\jli.dll
0x00007ffe6f350000 - 0x00007ffe6f4f0000 	C:\Windows\System32\USER32.dll
0x00007ffe6de10000 - 0x00007ffe6de32000 	C:\Windows\System32\win32u.dll
0x00007ffe6eb50000 - 0x00007ffe6eb7a000 	C:\Windows\System32\GDI32.dll
0x00007ffe62bf0000 - 0x00007ffe62e8a000 	C:\Windows\WinSxS\amd64_microsoft.windows.common-controls_6595b64144ccf1df_6.0.19041.844_none_ca00b6081b84eb1d\COMCTL32.dll
0x00007ffe6e160000 - 0x00007ffe6e26b000 	C:\Windows\System32\gdi32full.dll
0x00007ffe6e270000 - 0x00007ffe6e30d000 	C:\Windows\System32\msvcp_win.dll
0x00007ffe6f5a0000 - 0x00007ffe6f63e000 	C:\Windows\System32\msvcrt.dll
0x00007ffe6e890000 - 0x00007ffe6e8c0000 	C:\Windows\System32\IMM32.DLL
0x00007ffe477f0000 - 0x00007ffe4788d000 	C:\Program Files\Android\Android Studio\jre\bin\msvcp140.dll
0x00007ffe198d0000 - 0x00007ffe1a38c000 	C:\Program Files\Android\Android Studio\jre\bin\server\jvm.dll
0x00007ffe6e6a0000 - 0x00007ffe6e74c000 	C:\Windows\System32\ADVAPI32.dll
0x00007ffe6f940000 - 0x00007ffe6f9db000 	C:\Windows\System32\sechost.dll
0x00007ffe6e470000 - 0x00007ffe6e59b000 	C:\Windows\System32\RPCRT4.dll
0x00007ffe701d0000 - 0x00007ffe701d8000 	C:\Windows\System32\PSAPI.DLL
0x00007ffe57850000 - 0x00007ffe57859000 	C:\Windows\SYSTEM32\WSOCK32.dll
0x00007ffe64e70000 - 0x00007ffe64e97000 	C:\Windows\SYSTEM32\WINMM.dll
0x00007ffe6f870000 - 0x00007ffe6f8db000 	C:\Windows\System32\WS2_32.dll
0x00007ffe67c80000 - 0x00007ffe67c8a000 	C:\Windows\SYSTEM32\VERSION.dll
0x00007ffe6bac0000 - 0x00007ffe6bad2000 	C:\Windows\SYSTEM32\kernel.appcore.dll
0x00007ffe69800000 - 0x00007ffe69811000 	C:\Program Files\Android\Android Studio\jre\bin\verify.dll
0x00007ffe66540000 - 0x00007ffe66724000 	C:\Windows\SYSTEM32\DBGHELP.DLL
0x00007ffe66820000 - 0x00007ffe6684c000 	C:\Windows\SYSTEM32\dbgcore.DLL
0x00007ffe6dce0000 - 0x00007ffe6dd60000 	C:\Windows\System32\bcryptPrimitives.dll
0x00007ffe69750000 - 0x00007ffe69779000 	C:\Program Files\Android\Android Studio\jre\bin\java.dll
0x00007ffe69ad0000 - 0x00007ffe69adb000 	C:\Program Files\Android\Android Studio\jre\bin\jimage.dll
0x00007ffe62bb0000 - 0x00007ffe62bc8000 	C:\Program Files\Android\Android Studio\jre\bin\zip.dll
0x00007ffe6f9e0000 - 0x00007ffe70122000 	C:\Windows\System32\SHELL32.dll
0x00007ffe6bcc0000 - 0x00007ffe6c450000 	C:\Windows\SYSTEM32\windows.storage.dll
0x00007ffe6eff0000 - 0x00007ffe6f345000 	C:\Windows\System32\combase.dll
0x00007ffe6d5c0000 - 0x00007ffe6d5ec000 	C:\Windows\SYSTEM32\Wldp.dll
0x00007ffe6f4f0000 - 0x00007ffe6f59e000 	C:\Windows\System32\SHCORE.dll
0x00007ffe6ea90000 - 0x00007ffe6eae5000 	C:\Windows\System32\shlwapi.dll
0x00007ffe6da90000 - 0x00007ffe6daaf000 	C:\Windows\SYSTEM32\profapi.dll
0x00007ffe584e0000 - 0x00007ffe584fa000 	C:\Program Files\Android\Android Studio\jre\bin\net.dll
0x00007ffe65360000 - 0x00007ffe6546b000 	C:\Windows\SYSTEM32\WINHTTP.dll
0x00007ffe6d330000 - 0x00007ffe6d39a000 	C:\Windows\system32\mswsock.dll
0x00007ffe58220000 - 0x00007ffe58234000 	C:\Program Files\Android\Android Studio\jre\bin\nio.dll
0x00007ffe4c380000 - 0x00007ffe4c3a7000 	C:\Users\ricro\.gradle\native\fdc75f09e3144964f2cf3f50f0aa648679c211496f362492102eb8c894070792\windows-amd64\native-platform.dll
0x00007ffe15690000 - 0x00007ffe15826000 	C:\Users\ricro\.gradle\native\12488b8bf47d2d4c9fbf2f6322a914ad602e24e48041cd04a747c6da556b65c4\windows-amd64\native-platform-file-events.dll
0x00007ffe69a80000 - 0x00007ffe69a8a000 	C:\Program Files\Android\Android Studio\jre\bin\management.dll
0x00007ffe69a50000 - 0x00007ffe69a5c000 	C:\Program Files\Android\Android Studio\jre\bin\management_ext.dll
0x00007ffe6d500000 - 0x00007ffe6d518000 	C:\Windows\SYSTEM32\CRYPTSP.dll
0x00007ffe6cc60000 - 0x00007ffe6cc94000 	C:\Windows\system32\rsaenh.dll
0x00007ffe6db50000 - 0x00007ffe6db77000 	C:\Windows\System32\bcrypt.dll
0x00007ffe6da50000 - 0x00007ffe6da7e000 	C:\Windows\SYSTEM32\USERENV.dll
0x00007ffe6d520000 - 0x00007ffe6d52c000 	C:\Windows\SYSTEM32\CRYPTBASE.dll
0x00007ffe6cfd0000 - 0x00007ffe6d00b000 	C:\Windows\SYSTEM32\IPHLPAPI.DLL
0x00007ffe70130000 - 0x00007ffe70138000 	C:\Windows\System32\NSI.dll
0x00007ffe67c20000 - 0x00007ffe67c37000 	C:\Windows\SYSTEM32\dhcpcsvc6.DLL
0x00007ffe67c00000 - 0x00007ffe67c1d000 	C:\Windows\SYSTEM32\dhcpcsvc.DLL
0x00007ffe6d020000 - 0x00007ffe6d0ec000 	C:\Windows\SYSTEM32\DNSAPI.dll
0x00007ffe67b90000 - 0x00007ffe67b9b000 	C:\Windows\SYSTEM32\WINNSI.DLL

dbghelp: loaded successfully - version: 4.0.5 - missing functions: none
symbol engine: initialized successfully - sym options: 0x614 - pdb path: .;C:\Program Files\Android\Android Studio\jre\bin;C:\Windows\SYSTEM32;C:\Program Files\AVG\Antivirus;C:\Windows\WinSxS\amd64_microsoft.windows.common-controls_6595b64144ccf1df_6.0.19041.844_none_ca00b6081b84eb1d;C:\Program Files\Android\Android Studio\jre\bin\server;C:\Users\ricro\.gradle\native\fdc75f09e3144964f2cf3f50f0aa648679c211496f362492102eb8c894070792\windows-amd64;C:\Users\ricro\.gradle\native\12488b8bf47d2d4c9fbf2f6322a914ad602e24e48041cd04a747c6da556b65c4\windows-amd64

VM Arguments:
jvm_args: --add-opens=java.base/java.util=ALL-UNNAMED --add-opens=java.base/java.lang=ALL-UNNAMED --add-opens=java.base/java.lang.invoke=ALL-UNNAMED --add-opens=java.prefs/java.util.prefs=ALL-UNNAMED -Xmx2048m -Dfile.encoding=UTF-8 -Duser.country=BO -Duser.language=es -Duser.variant 
java_command: org.gradle.launcher.daemon.bootstrap.GradleDaemon 6.7.1
java_class_path (initial): C:\Users\ricro\.gradle\wrapper\dists\gradle-6.7.1-bin\bwlcbys1h7rz3272sye1xwiv6\gradle-6.7.1\lib\gradle-launcher-6.7.1.jar
Launcher Type: SUN_STANDARD

[Global flags]
     intx CICompilerCount                          = 3                                         {product} {ergonomic}
     uint ConcGCThreads                            = 1                                         {product} {ergonomic}
     uint G1ConcRefinementThreads                  = 4                                         {product} {ergonomic}
   size_t G1HeapRegionSize                         = 1048576                                   {product} {ergonomic}
    uintx GCDrainStackTargetSize                   = 64                                        {product} {ergonomic}
   size_t InitialHeapSize                          = 268435456                                 {product} {ergonomic}
   size_t MarkStackSize                            = 4194304                                   {product} {ergonomic}
   size_t MaxHeapSize                              = 2147483648                                {product} {command line}
   size_t MaxNewSize                               = 1287651328                                {product} {ergonomic}
   size_t MinHeapDeltaBytes                        = 1048576                                   {product} {ergonomic}
    uintx NonNMethodCodeHeapSize                   = 5830732                                {pd product} {ergonomic}
    uintx NonProfiledCodeHeapSize                  = 122913754                              {pd product} {ergonomic}
    uintx ProfiledCodeHeapSize                     = 122913754                              {pd product} {ergonomic}
    uintx ReservedCodeCacheSize                    = 251658240                              {pd product} {ergonomic}
     bool SegmentedCodeCache                       = true                                      {product} {ergonomic}
     bool UseCompressedClassPointers               = true                                 {lp64_product} {ergonomic}
     bool UseCompressedOops                        = true                                 {lp64_product} {ergonomic}
     bool UseG1GC                                  = true                                      {product} {ergonomic}
     bool UseLargePagesIndividualAllocation        = false                                  {pd product} {ergonomic}

Logging:
Log output configuration:
 #0: stdout all=warning uptime,level,tags
 #1: stderr all=off uptime,level,tags

Environment Variables:
PATH=E:\Programas\bin\;C:\Program Files (x86)\Common Files\Oracle\Java\javapath;C:\Program Files\Common Files\Oracle\Java\javapath;C:\Windows\system32;C:\Windows;C:\Windows\System32\Wbem;C:\Windows\System32\WindowsPowerShell\v1.0\;C:\Windows\System32\OpenSSH\;C:\Program Files (x86)\NVIDIA Corporation\PhysX\Common;C:\Program Files (x86)\Brackets\command;C:\Program Files\NVIDIA Corporation\NVIDIA NvDLISR;C:\Program Files\Git\cmd;C:\Program Files\Git\mingw64\bin;C:\Program Files\Git\usr\bin;C:\Program Files\nodejs\;C:\Program Files (x86)\dotnet\;C:\Users\ricro\AppData\Local\Programs\Python\Python39\Scripts\;C:\Users\ricro\AppData\Local\Programs\Python\Python39\;C:\Program Files\MySQL\MySQL Shell 8.0\bin\;C:\Users\ricro\AppData\Local\Microsoft\WindowsApps;C:\Users\ricro\AppData\Local\atom\bin;C:\Users\ricro\AppData\Local\Programs\Microsoft VS Code\bin;C:\Users\ricro\AppData\Roaming\npm
USERNAME=ricro
OS=Windows_NT
PROCESSOR_IDENTIFIER=Intel64 Family 6 Model 60 Stepping 3, GenuineIntel



---------------  S Y S T E M  ---------------

OS: Windows 10 , 64 bit Build 19041 (10.0.19041.928)
OS uptime: 1 days 6:51 hours

CPU:total 4 (initial active 4) (4 cores per cpu, 1 threads per core) family 6 model 60 stepping 3, cmov, cx8, fxsr, mmx, sse, sse2, sse3, ssse3, sse4.1, sse4.2, popcnt, avx, avx2, aes, clmul, erms, lzcnt, tsc, tscinvbit, bmi1, bmi2, fma

Memory: 4k page, system-wide physical 16332M (3847M free)
TotalPageFile size 16332M (AvailPageFile size 16M)
current process WorkingSet (physical memory assigned to process): 415M, peak: 424M
current process commit charge ("private bytes"): 515M, peak: 527M

vm_info: OpenJDK 64-Bit Server VM (11.0.8+10-b944.6842174) for windows-amd64 JRE (11.0.8+10-b944.6842174), built on Sep 19 2020 01:11:42 by "builder" with MS VC++ 14.0 (VS2015)

END.
