#
# There is insufficient memory for the Java Runtime Environment to continue.
# Native memory allocation (malloc) failed to allocate 2151856 bytes for Chunk::new
# Possible reasons:
#   The system is out of physical RAM or swap space
#   The process is running with CompressedOops enabled, and the Java Heap may be blocking the growth of the native heap
# Possible solutions:
#   Reduce memory load on the system
#   Increase physical memory or swap space
#   Check if swap backing store is full
#   Decrease Java heap size (-Xmx/-Xms)
#   Decrease number of Java threads
#   Decrease Java thread stack sizes (-Xss)
#   Set larger code cache with -XX:ReservedCodeCacheSize=
#   JVM is running with Unscaled Compressed Oops mode in which the Java heap is
#     placed in the first 4GB address space. The Java Heap base address is the
#     maximum limit for the native heap growth. Please use -XX:HeapBaseMinAddress
#     to set the Java Heap base and to place the Java Heap above 4GB virtual address.
# This output file may be truncated or incomplete.
#
#  Out of Memory Error (./src/hotspot/share/memory/arena.cpp:197), pid=16908, tid=13836
#
# JRE version: OpenJDK Runtime Environment (11.0.8+10) (build 11.0.8+10-b944.6842174)
# Java VM: OpenJDK 64-Bit Server VM (11.0.8+10-b944.6842174, mixed mode, tiered, compressed oops, g1 gc, windows-amd64)
# No core dump will be written. Minidumps are not enabled by default on client versions of Windows
#

---------------  S U M M A R Y ------------

Command Line: --add-opens=java.base/java.util=ALL-UNNAMED --add-opens=java.base/java.lang=ALL-UNNAMED --add-opens=java.base/java.lang.invoke=ALL-UNNAMED --add-opens=java.prefs/java.util.prefs=ALL-UNNAMED -Xmx2048m -Dfile.encoding=UTF-8 -Duser.country=BO -Duser.language=es -Duser.variant org.gradle.launcher.daemon.bootstrap.GradleDaemon 6.7.1

Host: Intel(R) Core(TM) i5-4460  CPU @ 3.20GHz, 4 cores, 15G,  Windows 10 , 64 bit Build 19041 (10.0.19041.928)
Time: Mon May 31 19:00:58 2021 Hora estándar oeste, Sudamérica elapsed time: 13 seconds (0d 0h 0m 13s)

---------------  T H R E A D  ---------------

Current thread (0x00000288eb7c2000):  JavaThread "C2 CompilerThread0" daemon [_thread_in_native, id=13836, stack(0x00000092b1300000,0x00000092b1400000)]


Current CompileTask:
C2:  13560 6798       4       sun.reflect.generics.parser.SignatureParser::parsePackageNameAndSimpleClassTypeSignature (119 bytes)

Stack: [0x00000092b1300000,0x00000092b1400000]
Native frames: (J=compiled Java code, j=interpreted, Vv=VM code, C=native code)
V  [jvm.dll+0x5de50a]
V  [jvm.dll+0x7122f5]
V  [jvm.dll+0x71384d]
V  [jvm.dll+0x713f03]
V  [jvm.dll+0x23e728]
V  [jvm.dll+0xb899c]
V  [jvm.dll+0xb8e9c]
V  [jvm.dll+0x35020b]
V  [jvm.dll+0x31dea3]
V  [jvm.dll+0x31d39a]
V  [jvm.dll+0x1f7702]
V  [jvm.dll+0x1f68d4]
V  [jvm.dll+0x17f32c]
V  [jvm.dll+0x205047]
V  [jvm.dll+0x203891]
V  [jvm.dll+0x6dad3f]
V  [jvm.dll+0x6d3895]
V  [jvm.dll+0x5dd4a6]
C  [ucrtbase.dll+0x21bb2]
C  [KERNEL32.DLL+0x17034]
C  [ntdll.dll+0x52651]


---------------  P R O C E S S  ---------------

Threads class SMR info:
_java_thread_list=0x00000288f2dbbf60, length=154, elements={
0x00000288cf54f000, 0x00000288eb766800, 0x00000288eb767800, 0x00000288eb7be800,
0x00000288eb7c0000, 0x00000288eb7c2000, 0x00000288eb7ca800, 0x00000288eb84b000,
0x00000288eb931800, 0x00000288eb987000, 0x00000288edb2b800, 0x00000288ed20a800,
0x00000288ed2a1000, 0x00000288ed198000, 0x00000288ecefd000, 0x00000288ed892800,
0x00000288ece95800, 0x00000288ed3a9800, 0x00000288ed3aa000, 0x00000288ed2e8000,
0x00000288ee0cc000, 0x00000288ee0cd800, 0x00000288ee0ce800, 0x00000288ed2d4800,
0x00000288ee0cb000, 0x00000288ee0ca000, 0x00000288ee0cf000, 0x00000288ee0cc800,
0x00000288ee0d0000, 0x00000288ee0d0800, 0x00000288efef4800, 0x00000288efef5000,
0x00000288efef6000, 0x00000288efef6800, 0x00000288efef7800, 0x00000288efef8800,
0x00000288efef9000, 0x00000288efef3800, 0x00000288efeff000, 0x00000288efeff800,
0x00000288efefd800, 0x00000288efefe000, 0x00000288efefa000, 0x00000288efefc800,
0x00000288eff00800, 0x00000288efefb000, 0x00000288eff01800, 0x00000288efefb800,
0x00000288f00ee000, 0x00000288f00ec000, 0x00000288f00ef800, 0x00000288f00ee800,
0x00000288f00f0000, 0x00000288f00ea800, 0x00000288f00ed000, 0x00000288f00f1000,
0x00000288f00eb800, 0x00000288f00f2800, 0x00000288f00f5000, 0x00000288f00f4800,
0x00000288f00f6800, 0x00000288f00f7800, 0x00000288f00f3800, 0x00000288f00f6000,
0x00000288f00f2000, 0x00000288f00f8800, 0x00000288f00f9000, 0x00000288f11f5000,
0x00000288f11f6000, 0x00000288f11f2800, 0x00000288f11f6800, 0x00000288f11f2000,
0x00000288f11f7800, 0x00000288f11f8800, 0x00000288f11f9000, 0x00000288f11f3800,
0x00000288f11fa000, 0x00000288f11f4800, 0x00000288f11fd800, 0x00000288f11ff000,
0x00000288f11ff800, 0x00000288f11fb000, 0x00000288f11fb800, 0x00000288f11fc800,
0x00000288f1200800, 0x00000288f11fe000, 0x00000288effa2000, 0x00000288effa4800,
0x00000288effa3000, 0x00000288effa4000, 0x00000288eff9f000, 0x00000288effa5800,
0x00000288eff9f800, 0x00000288effa1800, 0x00000288effa6800, 0x00000288effa0800,
0x00000288effa8000, 0x00000288effa8800, 0x00000288effaa800, 0x00000288effa9800,
0x00000288effab000, 0x00000288effac000, 0x00000288effad000, 0x00000288effa7000,
0x00000288effad800, 0x00000288f01a1000, 0x00000288f01a7000, 0x00000288f01a3800,
0x00000288f01a2000, 0x00000288f01a7800, 0x00000288f01a4800, 0x00000288f01a8800,
0x00000288f01a5800, 0x00000288f01a6000, 0x00000288f01a3000, 0x00000288f01aa000,
0x00000288f01ac000, 0x00000288f01ab000, 0x00000288f01ad800, 0x00000288f01ac800,
0x00000288f01ae000, 0x00000288f01af000, 0x00000288f01a9800, 0x00000288f01b0000,
0x00000288f063e000, 0x00000288f063d000, 0x00000288f0640800, 0x00000288f063e800,
0x00000288f063f800, 0x00000288f0641000, 0x00000288f0642000, 0x00000288f063c000,
0x00000288f0645000, 0x00000288f0648800, 0x00000288f0646000, 0x00000288f0647800,
0x00000288f0647000, 0x00000288f0643000, 0x00000288f0649800, 0x00000288f0643800,
0x00000288f064a000, 0x00000288f0644800, 0x00000288f064b000, 0x00000288f0243000,
0x00000288f0244000, 0x00000288f0246800, 0x00000288f0242000, 0x00000288f0241800,
0x00000288f0244800, 0x00000288f024a800, 0x00000288f0247000, 0x00000288f0248800,
0x00000288f0248000, 0x00000288f0249800
}

Java Threads: ( => current thread )
  0x00000288cf54f000 JavaThread "main" [_thread_blocked, id=12716, stack(0x00000092b0700000,0x00000092b0800000)]
  0x00000288eb766800 JavaThread "Reference Handler" daemon [_thread_blocked, id=12648, stack(0x00000092b0f00000,0x00000092b1000000)]
  0x00000288eb767800 JavaThread "Finalizer" daemon [_thread_blocked, id=14320, stack(0x00000092b1000000,0x00000092b1100000)]
  0x00000288eb7be800 JavaThread "Signal Dispatcher" daemon [_thread_blocked, id=19412, stack(0x00000092b1100000,0x00000092b1200000)]
  0x00000288eb7c0000 JavaThread "Attach Listener" daemon [_thread_blocked, id=17908, stack(0x00000092b1200000,0x00000092b1300000)]
=>0x00000288eb7c2000 JavaThread "C2 CompilerThread0" daemon [_thread_in_native, id=13836, stack(0x00000092b1300000,0x00000092b1400000)]
  0x00000288eb7ca800 JavaThread "C1 CompilerThread0" daemon [_thread_in_native, id=14604, stack(0x00000092b1400000,0x00000092b1500000)]
  0x00000288eb84b000 JavaThread "Sweeper thread" daemon [_thread_blocked, id=8772, stack(0x00000092b1500000,0x00000092b1600000)]
  0x00000288eb931800 JavaThread "Common-Cleaner" daemon [_thread_blocked, id=18032, stack(0x00000092b1600000,0x00000092b1700000)]
  0x00000288eb987000 JavaThread "Service Thread" daemon [_thread_blocked, id=18696, stack(0x00000092b1700000,0x00000092b1800000)]
  0x00000288edb2b800 JavaThread "Daemon health stats" [_thread_blocked, id=8644, stack(0x00000092b1d00000,0x00000092b1e00000)]
  0x00000288ed20a800 JavaThread "Incoming local TCP Connector on port 57494" [_thread_in_native, id=16008, stack(0x00000092b1f00000,0x00000092b2000000)]
  0x00000288ed2a1000 JavaThread "Daemon periodic checks" [_thread_blocked, id=15644, stack(0x00000092b2000000,0x00000092b2100000)]
  0x00000288ed198000 JavaThread "Daemon" [_thread_blocked, id=6276, stack(0x00000092b2100000,0x00000092b2200000)]
  0x00000288ecefd000 JavaThread "Handler for socket connection from /127.0.0.1:57494 to /127.0.0.1:57495" [_thread_in_native, id=8312, stack(0x00000092b2200000,0x00000092b2300000)]
  0x00000288ed892800 JavaThread "Cancel handler" [_thread_blocked, id=17400, stack(0x00000092b2300000,0x00000092b2400000)]
  0x00000288ece95800 JavaThread "Daemon worker" [_thread_in_Java, id=3416, stack(0x00000092b2400000,0x00000092b2500000)]
  0x00000288ed3a9800 JavaThread "Asynchronous log dispatcher for DefaultDaemonConnection: socket connection from /127.0.0.1:57494 to /127.0.0.1:57495" [_thread_blocked, id=1268, stack(0x00000092b2500000,0x00000092b2600000)]
  0x00000288ed3aa000 JavaThread "Stdin handler" [_thread_blocked, id=5840, stack(0x00000092b2600000,0x00000092b2700000)]
  0x00000288ed2e8000 JavaThread "Thread-8" [_thread_blocked, id=17976, stack(0x00000092b2700000,0x00000092b2800000)]
  0x00000288ee0cc000 JavaThread "Cache worker for file hash cache (C:\Users\ricro\.gradle\caches\6.7.1\fileHashes)" [_thread_blocked, id=13580, stack(0x00000092b2800000,0x00000092b2900000)]
  0x00000288ee0cd800 JavaThread "File lock request listener" [_thread_in_native, id=5352, stack(0x00000092b2900000,0x00000092b2a00000)]
  0x00000288ee0ce800 JavaThread "Cache worker for journal cache (C:\Users\ricro\.gradle\caches\journal-1)" [_thread_blocked, id=6624, stack(0x00000092b2a00000,0x00000092b2b00000)]
  0x00000288ed2d4800 JavaThread "C2 CompilerThread1" daemon [_thread_in_native, id=14648, stack(0x00000092b2b00000,0x00000092b2c00000)]
  0x00000288ee0cb000 JavaThread "Cache worker for file hash cache (D:\SEMESTRE 1-2021\Proyectos\simulacionflujocaja\.gradle\6.7.1\fileHashes)" [_thread_blocked, id=4256, stack(0x00000092b2c00000,0x00000092b2d00000)]
  0x00000288ee0ca000 JavaThread "Cache worker for checksums cache (D:\SEMESTRE 1-2021\Proyectos\simulacionflujocaja\.gradle\checksums)" [_thread_blocked, id=19272, stack(0x00000092b2d00000,0x00000092b2e00000)]
  0x00000288ee0cf000 JavaThread "Cache worker for cache directory md-supplier (C:\Users\ricro\.gradle\caches\6.7.1\md-supplier)" [_thread_blocked, id=18876, stack(0x00000092b2e00000,0x00000092b2f00000)]
  0x00000288ee0cc800 JavaThread "Cache worker for cache directory md-rule (C:\Users\ricro\.gradle\caches\6.7.1\md-rule)" [_thread_blocked, id=8740, stack(0x00000092b2f00000,0x00000092b3000000)]
  0x00000288ee0d0000 JavaThread "Cache worker for execution history cache (C:\Users\ricro\.gradle\caches\6.7.1\executionHistory)" [_thread_blocked, id=12560, stack(0x00000092b3000000,0x00000092b3100000)]
  0x00000288ee0d0800 JavaThread "jar transforms" [_thread_blocked, id=7528, stack(0x00000092b3100000,0x00000092b3200000)]
  0x00000288efef4800 JavaThread "Cache worker for file content cache (C:\Users\ricro\.gradle\caches\6.7.1\fileContent)" [_thread_blocked, id=18672, stack(0x00000092b3200000,0x00000092b3300000)]
  0x00000288efef5000 JavaThread "Cache worker for Build Output Cleanup Cache (D:\SEMESTRE 1-2021\Proyectos\simulacionflujocaja\.gradle\buildOutputCleanup)" [_thread_blocked, id=13996, stack(0x00000092b3300000,0x00000092b3400000)]
  0x00000288efef6000 JavaThread "Build operations" [_thread_blocked, id=18028, stack(0x00000092b3400000,0x00000092b3500000)]
  0x00000288efef6800 JavaThread "Build operations Thread 2" [_thread_blocked, id=14964, stack(0x00000092b3500000,0x00000092b3600000)]
  0x00000288efef7800 JavaThread "Build operations Thread 3" [_thread_blocked, id=4176, stack(0x00000092b3600000,0x00000092b3700000)]
  0x00000288efef8800 JavaThread "Build operations Thread 4" [_thread_blocked, id=1352, stack(0x00000092b3700000,0x00000092b3800000)]
  0x00000288efef9000 JavaThread "jar transforms Thread 2" [_thread_blocked, id=6540, stack(0x00000092b3800000,0x00000092b3900000)]
  0x00000288efef3800 JavaThread "jar transforms Thread 3" [_thread_blocked, id=2060, stack(0x00000092b3900000,0x00000092b3a00000)]
  0x00000288efeff000 JavaThread "jar transforms Thread 4" [_thread_blocked, id=14000, stack(0x00000092b3a00000,0x00000092b3b00000)]
  0x00000288efeff800 JavaThread "jar transforms Thread 5" [_thread_blocked, id=8352, stack(0x00000092b3b00000,0x00000092b3c00000)]
  0x00000288efefd800 JavaThread "jar transforms Thread 6" [_thread_blocked, id=17696, stack(0x00000092b3c00000,0x00000092b3d00000)]
  0x00000288efefe000 JavaThread "jar transforms Thread 7" [_thread_blocked, id=13468, stack(0x00000092b3d00000,0x00000092b3e00000)]
  0x00000288efefa000 JavaThread "jar transforms Thread 8" [_thread_blocked, id=5732, stack(0x00000092b3e00000,0x00000092b3f00000)]
  0x00000288efefc800 JavaThread "jar transforms Thread 9" [_thread_blocked, id=10140, stack(0x00000092b3f00000,0x00000092b4000000)]
  0x00000288eff00800 JavaThread "jar transforms Thread 10" [_thread_blocked, id=16880, stack(0x00000092b4000000,0x00000092b4100000)]
  0x00000288efefb000 JavaThread "jar transforms Thread 11" [_thread_blocked, id=1084, stack(0x00000092b4100000,0x00000092b4200000)]
  0x00000288eff01800 JavaThread "jar transforms Thread 12" [_thread_blocked, id=18168, stack(0x00000092b4200000,0x00000092b4300000)]
  0x00000288efefb800 JavaThread "jar transforms Thread 13" [_thread_blocked, id=6272, stack(0x00000092b4300000,0x00000092b4400000)]
  0x00000288f00ee000 JavaThread "jar transforms Thread 14" [_thread_blocked, id=18372, stack(0x00000092b4400000,0x00000092b4500000)]
  0x00000288f00ec000 JavaThread "jar transforms Thread 15" [_thread_blocked, id=12124, stack(0x00000092b4500000,0x00000092b4600000)]
  0x00000288f00ef800 JavaThread "jar transforms Thread 16" [_thread_blocked, id=17688, stack(0x00000092b4600000,0x00000092b4700000)]
  0x00000288f00ee800 JavaThread "jar transforms Thread 17" [_thread_blocked, id=6268, stack(0x00000092b4700000,0x00000092b4800000)]
  0x00000288f00f0000 JavaThread "jar transforms Thread 18" [_thread_blocked, id=17552, stack(0x00000092b4800000,0x00000092b4900000)]
  0x00000288f00ea800 JavaThread "jar transforms Thread 19" [_thread_blocked, id=15884, stack(0x00000092b4900000,0x00000092b4a00000)]
  0x00000288f00ed000 JavaThread "jar transforms Thread 20" [_thread_blocked, id=12712, stack(0x00000092b4a00000,0x00000092b4b00000)]
  0x00000288f00f1000 JavaThread "jar transforms Thread 21" [_thread_blocked, id=2504, stack(0x00000092b4b00000,0x00000092b4c00000)]
  0x00000288f00eb800 JavaThread "jar transforms Thread 22" [_thread_blocked, id=18872, stack(0x00000092b4c00000,0x00000092b4d00000)]
  0x00000288f00f2800 JavaThread "jar transforms Thread 23" [_thread_blocked, id=6160, stack(0x00000092b4d00000,0x00000092b4e00000)]
  0x00000288f00f5000 JavaThread "jar transforms Thread 24" [_thread_blocked, id=13932, stack(0x00000092b4e00000,0x00000092b4f00000)]
  0x00000288f00f4800 JavaThread "jar transforms Thread 25" [_thread_blocked, id=4192, stack(0x00000092b4f00000,0x00000092b5000000)]
  0x00000288f00f6800 JavaThread "jar transforms Thread 26" [_thread_blocked, id=1288, stack(0x00000092b5000000,0x00000092b5100000)]
  0x00000288f00f7800 JavaThread "jar transforms Thread 27" [_thread_blocked, id=11152, stack(0x00000092b5100000,0x00000092b5200000)]
  0x00000288f00f3800 JavaThread "jar transforms Thread 28" [_thread_blocked, id=13336, stack(0x00000092b5200000,0x00000092b5300000)]
  0x00000288f00f6000 JavaThread "jar transforms Thread 29" [_thread_blocked, id=2112, stack(0x00000092b5300000,0x00000092b5400000)]
  0x00000288f00f2000 JavaThread "jar transforms Thread 30" [_thread_blocked, id=3472, stack(0x00000092b5400000,0x00000092b5500000)]
  0x00000288f00f8800 JavaThread "jar transforms Thread 31" [_thread_blocked, id=17644, stack(0x00000092b5500000,0x00000092b5600000)]
  0x00000288f00f9000 JavaThread "jar transforms Thread 32" [_thread_blocked, id=14724, stack(0x00000092b5600000,0x00000092b5700000)]
  0x00000288f11f5000 JavaThread "jar transforms Thread 33" [_thread_blocked, id=16864, stack(0x00000092b5700000,0x00000092b5800000)]
  0x00000288f11f6000 JavaThread "jar transforms Thread 34" [_thread_blocked, id=18440, stack(0x00000092b5800000,0x00000092b5900000)]
  0x00000288f11f2800 JavaThread "jar transforms Thread 35" [_thread_blocked, id=10904, stack(0x00000092b5900000,0x00000092b5a00000)]
  0x00000288f11f6800 JavaThread "jar transforms Thread 36" [_thread_blocked, id=18320, stack(0x00000092b5a00000,0x00000092b5b00000)]
  0x00000288f11f2000 JavaThread "jar transforms Thread 37" [_thread_blocked, id=11832, stack(0x00000092b5b00000,0x00000092b5c00000)]
  0x00000288f11f7800 JavaThread "jar transforms Thread 38" [_thread_blocked, id=6492, stack(0x00000092b5c00000,0x00000092b5d00000)]
  0x00000288f11f8800 JavaThread "jar transforms Thread 39" [_thread_blocked, id=17616, stack(0x00000092b5d00000,0x00000092b5e00000)]
  0x00000288f11f9000 JavaThread "jar transforms Thread 40" [_thread_blocked, id=18564, stack(0x00000092b5e00000,0x00000092b5f00000)]
  0x00000288f11f3800 JavaThread "jar transforms Thread 41" [_thread_blocked, id=5624, stack(0x00000092b5f00000,0x00000092b6000000)]
  0x00000288f11fa000 JavaThread "jar transforms Thread 42" [_thread_blocked, id=6180, stack(0x00000092b6000000,0x00000092b6100000)]
  0x00000288f11f4800 JavaThread "jar transforms Thread 43" [_thread_blocked, id=16816, stack(0x00000092b6100000,0x00000092b6200000)]
  0x00000288f11fd800 JavaThread "jar transforms Thread 44" [_thread_blocked, id=9484, stack(0x00000092b6200000,0x00000092b6300000)]
  0x00000288f11ff000 JavaThread "jar transforms Thread 45" [_thread_blocked, id=7812, stack(0x00000092b6300000,0x00000092b6400000)]
  0x00000288f11ff800 JavaThread "jar transforms Thread 46" [_thread_blocked, id=18016, stack(0x00000092b6400000,0x00000092b6500000)]
  0x00000288f11fb000 JavaThread "jar transforms Thread 47" [_thread_blocked, id=13200, stack(0x00000092b6500000,0x00000092b6600000)]
  0x00000288f11fb800 JavaThread "jar transforms Thread 48" [_thread_blocked, id=1432, stack(0x00000092b6600000,0x00000092b6700000)]
  0x00000288f11fc800 JavaThread "jar transforms Thread 49" [_thread_blocked, id=17780, stack(0x00000092b6700000,0x00000092b6800000)]
  0x00000288f1200800 JavaThread "jar transforms Thread 50" [_thread_blocked, id=18628, stack(0x00000092b6800000,0x00000092b6900000)]
  0x00000288f11fe000 JavaThread "jar transforms Thread 51" [_thread_blocked, id=19008, stack(0x00000092b6900000,0x00000092b6a00000)]
  0x00000288effa2000 JavaThread "jar transforms Thread 52" [_thread_blocked, id=16156, stack(0x00000092b6a00000,0x00000092b6b00000)]
  0x00000288effa4800 JavaThread "jar transforms Thread 53" [_thread_blocked, id=15276, stack(0x00000092b6b00000,0x00000092b6c00000)]
  0x00000288effa3000 JavaThread "jar transforms Thread 54" [_thread_blocked, id=6652, stack(0x00000092b6c00000,0x00000092b6d00000)]
  0x00000288effa4000 JavaThread "jar transforms Thread 55" [_thread_blocked, id=7388, stack(0x00000092b6d00000,0x00000092b6e00000)]
  0x00000288eff9f000 JavaThread "jar transforms Thread 56" [_thread_blocked, id=10996, stack(0x00000092b6e00000,0x00000092b6f00000)]
  0x00000288effa5800 JavaThread "jar transforms Thread 57" [_thread_blocked, id=10800, stack(0x00000092b6f00000,0x00000092b7000000)]
  0x00000288eff9f800 JavaThread "jar transforms Thread 58" [_thread_blocked, id=7996, stack(0x00000092b7000000,0x00000092b7100000)]
  0x00000288effa1800 JavaThread "jar transforms Thread 59" [_thread_blocked, id=5308, stack(0x00000092b7100000,0x00000092b7200000)]
  0x00000288effa6800 JavaThread "jar transforms Thread 60" [_thread_blocked, id=15468, stack(0x00000092b7200000,0x00000092b7300000)]
  0x00000288effa0800 JavaThread "jar transforms Thread 61" [_thread_blocked, id=3116, stack(0x00000092b7300000,0x00000092b7400000)]
  0x00000288effa8000 JavaThread "jar transforms Thread 62" [_thread_blocked, id=1660, stack(0x00000092b7400000,0x00000092b7500000)]
  0x00000288effa8800 JavaThread "jar transforms Thread 63" [_thread_blocked, id=7304, stack(0x00000092b7500000,0x00000092b7600000)]
  0x00000288effaa800 JavaThread "jar transforms Thread 64" [_thread_blocked, id=10456, stack(0x00000092b7600000,0x00000092b7700000)]
  0x00000288effa9800 JavaThread "jar transforms Thread 65" [_thread_blocked, id=5892, stack(0x00000092b7700000,0x00000092b7800000)]
  0x00000288effab000 JavaThread "jar transforms Thread 66" [_thread_blocked, id=15996, stack(0x00000092b7800000,0x00000092b7900000)]
  0x00000288effac000 JavaThread "jar transforms Thread 67" [_thread_blocked, id=8052, stack(0x00000092b7900000,0x00000092b7a00000)]
  0x00000288effad000 JavaThread "jar transforms Thread 68" [_thread_blocked, id=16860, stack(0x00000092b7a00000,0x00000092b7b00000)]
  0x00000288effa7000 JavaThread "jar transforms Thread 69" [_thread_blocked, id=17732, stack(0x00000092b7b00000,0x00000092b7c00000)]
  0x00000288effad800 JavaThread "jar transforms Thread 70" [_thread_blocked, id=6872, stack(0x00000092b7c00000,0x00000092b7d00000)]
  0x00000288f01a1000 JavaThread "jar transforms Thread 71" [_thread_blocked, id=16620, stack(0x00000092b7d00000,0x00000092b7e00000)]
  0x00000288f01a7000 JavaThread "jar transforms Thread 72" [_thread_blocked, id=7608, stack(0x00000092b7e00000,0x00000092b7f00000)]
  0x00000288f01a3800 JavaThread "jar transforms Thread 73" [_thread_blocked, id=14892, stack(0x00000092b7f00000,0x00000092b8000000)]
  0x00000288f01a2000 JavaThread "jar transforms Thread 74" [_thread_blocked, id=16960, stack(0x00000092b8000000,0x00000092b8100000)]
  0x00000288f01a7800 JavaThread "jar transforms Thread 75" [_thread_blocked, id=2624, stack(0x00000092b8100000,0x00000092b8200000)]
  0x00000288f01a4800 JavaThread "jar transforms Thread 76" [_thread_blocked, id=1340, stack(0x00000092b8200000,0x00000092b8300000)]
  0x00000288f01a8800 JavaThread "jar transforms Thread 77" [_thread_blocked, id=17852, stack(0x00000092b8300000,0x00000092b8400000)]
  0x00000288f01a5800 JavaThread "jar transforms Thread 78" [_thread_blocked, id=19028, stack(0x00000092b8400000,0x00000092b8500000)]
  0x00000288f01a6000 JavaThread "jar transforms Thread 79" [_thread_blocked, id=5780, stack(0x00000092b8500000,0x00000092b8600000)]
  0x00000288f01a3000 JavaThread "jar transforms Thread 80" [_thread_blocked, id=16244, stack(0x00000092b8600000,0x00000092b8700000)]
  0x00000288f01aa000 JavaThread "jar transforms Thread 81" [_thread_blocked, id=18208, stack(0x00000092b8700000,0x00000092b8800000)]
  0x00000288f01ac000 JavaThread "jar transforms Thread 82" [_thread_blocked, id=3160, stack(0x00000092b8800000,0x00000092b8900000)]
  0x00000288f01ab000 JavaThread "jar transforms Thread 83" [_thread_blocked, id=19292, stack(0x00000092b8900000,0x00000092b8a00000)]
  0x00000288f01ad800 JavaThread "jar transforms Thread 84" [_thread_blocked, id=15112, stack(0x00000092b8a00000,0x00000092b8b00000)]
  0x00000288f01ac800 JavaThread "jar transforms Thread 85" [_thread_blocked, id=7116, stack(0x00000092b8b00000,0x00000092b8c00000)]
  0x00000288f01ae000 JavaThread "jar transforms Thread 86" [_thread_blocked, id=6512, stack(0x00000092b8c00000,0x00000092b8d00000)]
  0x00000288f01af000 JavaThread "jar transforms Thread 87" [_thread_blocked, id=14488, stack(0x00000092b8d00000,0x00000092b8e00000)]
  0x00000288f01a9800 JavaThread "jar transforms Thread 88" [_thread_blocked, id=16992, stack(0x00000092b8e00000,0x00000092b8f00000)]
  0x00000288f01b0000 JavaThread "jar transforms Thread 89" [_thread_blocked, id=17004, stack(0x00000092b8f00000,0x00000092b9000000)]
  0x00000288f063e000 JavaThread "jar transforms Thread 90" [_thread_blocked, id=6196, stack(0x00000092b9000000,0x00000092b9100000)]
  0x00000288f063d000 JavaThread "jar transforms Thread 91" [_thread_blocked, id=13744, stack(0x00000092b9100000,0x00000092b9200000)]
  0x00000288f0640800 JavaThread "jar transforms Thread 92" [_thread_blocked, id=14084, stack(0x00000092b9200000,0x00000092b9300000)]
  0x00000288f063e800 JavaThread "jar transforms Thread 93" [_thread_blocked, id=9712, stack(0x00000092b9300000,0x00000092b9400000)]
  0x00000288f063f800 JavaThread "jar transforms Thread 94" [_thread_blocked, id=788, stack(0x00000092b9400000,0x00000092b9500000)]
  0x00000288f0641000 JavaThread "jar transforms Thread 95" [_thread_blocked, id=7264, stack(0x00000092b9500000,0x00000092b9600000)]
  0x00000288f0642000 JavaThread "jar transforms Thread 96" [_thread_blocked, id=7296, stack(0x00000092b9600000,0x00000092b9700000)]
  0x00000288f063c000 JavaThread "jar transforms Thread 97" [_thread_blocked, id=7112, stack(0x00000092b9700000,0x00000092b9800000)]
  0x00000288f0645000 JavaThread "jar transforms Thread 98" [_thread_blocked, id=7776, stack(0x00000092b9800000,0x00000092b9900000)]
  0x00000288f0648800 JavaThread "jar transforms Thread 99" [_thread_blocked, id=17980, stack(0x00000092b9900000,0x00000092b9a00000)]
  0x00000288f0646000 JavaThread "jar transforms Thread 100" [_thread_blocked, id=16720, stack(0x00000092b9a00000,0x00000092b9b00000)]
  0x00000288f0647800 JavaThread "jar transforms Thread 101" [_thread_blocked, id=17536, stack(0x00000092b9b00000,0x00000092b9c00000)]
  0x00000288f0647000 JavaThread "jar transforms Thread 102" [_thread_blocked, id=9792, stack(0x00000092b9c00000,0x00000092b9d00000)]
  0x00000288f0643000 JavaThread "jar transforms Thread 103" [_thread_blocked, id=7144, stack(0x00000092b9d00000,0x00000092b9e00000)]
  0x00000288f0649800 JavaThread "jar transforms Thread 104" [_thread_blocked, id=19308, stack(0x00000092b9e00000,0x00000092b9f00000)]
  0x00000288f0643800 JavaThread "jar transforms Thread 105" [_thread_blocked, id=2280, stack(0x00000092b9f00000,0x00000092ba000000)]
  0x00000288f064a000 JavaThread "jar transforms Thread 106" [_thread_blocked, id=16136, stack(0x00000092ba000000,0x00000092ba100000)]
  0x00000288f0644800 JavaThread "jar transforms Thread 107" [_thread_blocked, id=14572, stack(0x00000092ba100000,0x00000092ba200000)]
  0x00000288f064b000 JavaThread "jar transforms Thread 108" [_thread_blocked, id=9332, stack(0x00000092ba200000,0x00000092ba300000)]
  0x00000288f0243000 JavaThread "jar transforms Thread 109" [_thread_blocked, id=12816, stack(0x00000092ba300000,0x00000092ba400000)]
  0x00000288f0244000 JavaThread "jar transforms Thread 110" [_thread_blocked, id=12132, stack(0x00000092ba400000,0x00000092ba500000)]
  0x00000288f0246800 JavaThread "jar transforms Thread 111" [_thread_blocked, id=8060, stack(0x00000092ba500000,0x00000092ba600000)]
  0x00000288f0242000 JavaThread "jar transforms Thread 112" [_thread_blocked, id=13680, stack(0x00000092ba600000,0x00000092ba700000)]
  0x00000288f0241800 JavaThread "jar transforms Thread 113" [_thread_blocked, id=6364, stack(0x00000092ba700000,0x00000092ba800000)]
  0x00000288f0244800 JavaThread "jar transforms Thread 114" [_thread_blocked, id=16072, stack(0x00000092ba800000,0x00000092ba900000)]
  0x00000288f024a800 JavaThread "jar transforms Thread 115" [_thread_blocked, id=13980, stack(0x00000092ba900000,0x00000092baa00000)]
  0x00000288f0247000 JavaThread "jar transforms Thread 116" [_thread_blocked, id=18956, stack(0x00000092baa00000,0x00000092bab00000)]
  0x00000288f0248800 JavaThread "jar transforms Thread 117" [_thread_blocked, id=17704, stack(0x00000092bab00000,0x00000092bac00000)]
  0x00000288f0248000 JavaThread "jar transforms Thread 118" [_thread_blocked, id=17568, stack(0x00000092bac00000,0x00000092bad00000)]
  0x00000288f0249800 JavaThread "Memory manager" [_thread_blocked, id=9264, stack(0x00000092bad00000,0x00000092bae00000)]

Other Threads:
  0x00000288eb762800 VMThread "VM Thread" [stack: 0x00000092b0e00000,0x00000092b0f00000] [id=18088]
  0x00000288eb988000 WatcherThread [stack: 0x00000092b1800000,0x00000092b1900000] [id=13864]
  0x00000288cf567000 GCTaskThread "GC Thread#0" [stack: 0x00000092b0900000,0x00000092b0a00000] [id=18220]
  0x00000288ec070000 GCTaskThread "GC Thread#1" [stack: 0x00000092b1a00000,0x00000092b1b00000] [id=3772]
  0x00000288ec45c000 GCTaskThread "GC Thread#2" [stack: 0x00000092b1b00000,0x00000092b1c00000] [id=17596]
  0x00000288ec45c800 GCTaskThread "GC Thread#3" [stack: 0x00000092b1c00000,0x00000092b1d00000] [id=8672]
  0x00000288cf59a000 ConcurrentGCThread "G1 Main Marker" [stack: 0x00000092b0a00000,0x00000092b0b00000] [id=3508]
  0x00000288cf59d800 ConcurrentGCThread "G1 Conc#0" [stack: 0x00000092b0b00000,0x00000092b0c00000] [id=7840]
  0x00000288eada8800 ConcurrentGCThread "G1 Refine#0" [stack: 0x00000092b0c00000,0x00000092b0d00000] [id=10540]
  0x00000288eada9000 ConcurrentGCThread "G1 Young RemSet Sampling" [stack: 0x00000092b0d00000,0x00000092b0e00000] [id=4784]

Threads with active compile tasks:
C2 CompilerThread0  13603 6798       4       sun.reflect.generics.parser.SignatureParser::parsePackageNameAndSimpleClassTypeSignature (119 bytes)
C2 CompilerThread1  13603 6822 %     4       org.gradle.internal.instantiation.generator.AbstractClassGenerator::inspectType @ 77 (560 bytes)

VM state:not at safepoint (normal execution)

VM Mutex/Monitor currently owned by a thread: None

Heap address: 0x0000000080000000, size: 2048 MB, Compressed Oops mode: 32-bit
Narrow klass base: 0x0000000000000000, Narrow klass shift: 3
Compressed class space size: 1073741824 Address: 0x0000000100000000

Heap:
 garbage-first heap   total 262144K, used 97450K [0x0000000080000000, 0x0000000100000000)
  region size 1024K, 48 young (49152K), 13 survivors (13312K)
 Metaspace       used 75652K, capacity 77335K, committed 77516K, reserved 1116160K
  class space    used 9882K, capacity 10477K, committed 10496K, reserved 1048576K
Heap Regions: E=young(eden), S=young(survivor), O=old, HS=humongous(starts), HC=humongous(continues), CS=collection set, F=free, A=archive, TAMS=top-at-mark-start (previous, next)
|   0|0x0000000080000000, 0x0000000080100000, 0x0000000080100000|100%| O|  |TAMS 0x0000000080100000, 0x0000000080000000| Untracked 
|   1|0x0000000080100000, 0x0000000080200000, 0x0000000080200000|100%| O|  |TAMS 0x0000000080200000, 0x0000000080100000| Untracked 
|   2|0x0000000080200000, 0x0000000080300000, 0x0000000080300000|100%| O|  |TAMS 0x0000000080300000, 0x0000000080200000| Untracked 
|   3|0x0000000080300000, 0x0000000080400000, 0x0000000080400000|100%|HS|  |TAMS 0x0000000080400000, 0x0000000080300000| Complete 
|   4|0x0000000080400000, 0x0000000080500000, 0x0000000080500000|100%|HC|  |TAMS 0x0000000080500000, 0x0000000080400000| Complete 
|   5|0x0000000080500000, 0x0000000080600000, 0x0000000080600000|100%|HC|  |TAMS 0x0000000080600000, 0x0000000080500000| Complete 
|   6|0x0000000080600000, 0x0000000080700000, 0x0000000080700000|100%| O|  |TAMS 0x0000000080700000, 0x0000000080600000| Untracked 
|   7|0x0000000080700000, 0x0000000080800000, 0x0000000080800000|100%| O|  |TAMS 0x0000000080800000, 0x0000000080700000| Untracked 
|   8|0x0000000080800000, 0x0000000080900000, 0x0000000080900000|100%| O|  |TAMS 0x0000000080900000, 0x0000000080800000| Untracked 
|   9|0x0000000080900000, 0x0000000080a00000, 0x0000000080a00000|100%| O|  |TAMS 0x0000000080a00000, 0x0000000080900000| Untracked 
|  10|0x0000000080a00000, 0x0000000080b00000, 0x0000000080b00000|100%| O|  |TAMS 0x0000000080b00000, 0x0000000080a00000| Untracked 
|  11|0x0000000080b00000, 0x0000000080c00000, 0x0000000080c00000|100%| O|  |TAMS 0x0000000080c00000, 0x0000000080b00000| Untracked 
|  12|0x0000000080c00000, 0x0000000080d00000, 0x0000000080d00000|100%| O|  |TAMS 0x0000000080d00000, 0x0000000080c00000| Untracked 
|  13|0x0000000080d00000, 0x0000000080e00000, 0x0000000080e00000|100%|HS|  |TAMS 0x0000000080e00000, 0x0000000080d00000| Complete 
|  14|0x0000000080e00000, 0x0000000080f00000, 0x0000000080f00000|100%|HS|  |TAMS 0x0000000080f00000, 0x0000000080e00000| Complete 
|  15|0x0000000080f00000, 0x0000000081000000, 0x0000000081000000|100%|HC|  |TAMS 0x0000000081000000, 0x0000000080f00000| Complete 
|  16|0x0000000081000000, 0x0000000081100000, 0x0000000081100000|100%|HC|  |TAMS 0x0000000081100000, 0x0000000081000000| Complete 
|  17|0x0000000081100000, 0x0000000081200000, 0x0000000081200000|100%|HS|  |TAMS 0x0000000081200000, 0x0000000081100000| Complete 
|  18|0x0000000081200000, 0x0000000081300000, 0x0000000081300000|100%|HC|  |TAMS 0x0000000081300000, 0x0000000081200000| Complete 
|  19|0x0000000081300000, 0x0000000081300000, 0x0000000081400000|  0%| F|  |TAMS 0x0000000081300000, 0x0000000081300000| Untracked 
|  20|0x0000000081400000, 0x0000000081500000, 0x0000000081500000|100%| O|  |TAMS 0x0000000081500000, 0x0000000081400000| Untracked 
|  21|0x0000000081500000, 0x0000000081600000, 0x0000000081600000|100%| O|  |TAMS 0x0000000081600000, 0x0000000081500000| Untracked 
|  22|0x0000000081600000, 0x0000000081700000, 0x0000000081700000|100%| O|  |TAMS 0x0000000081700000, 0x0000000081600000| Untracked 
|  23|0x0000000081700000, 0x0000000081800000, 0x0000000081800000|100%| O|  |TAMS 0x0000000081800000, 0x0000000081700000| Untracked 
|  24|0x0000000081800000, 0x0000000081900000, 0x0000000081900000|100%| O|  |TAMS 0x0000000081900000, 0x0000000081800000| Untracked 
|  25|0x0000000081900000, 0x0000000081a00000, 0x0000000081a00000|100%| O|  |TAMS 0x0000000081a00000, 0x0000000081900000| Untracked 
|  26|0x0000000081a00000, 0x0000000081b00000, 0x0000000081b00000|100%| O|  |TAMS 0x0000000081b00000, 0x0000000081a00000| Untracked 
|  27|0x0000000081b00000, 0x0000000081c00000, 0x0000000081c00000|100%| O|  |TAMS 0x0000000081c00000, 0x0000000081b00000| Untracked 
|  28|0x0000000081c00000, 0x0000000081d00000, 0x0000000081d00000|100%| O|  |TAMS 0x0000000081d00000, 0x0000000081c00000| Untracked 
|  29|0x0000000081d00000, 0x0000000081e00000, 0x0000000081e00000|100%| O|  |TAMS 0x0000000081e00000, 0x0000000081d00000| Untracked 
|  30|0x0000000081e00000, 0x0000000081f00000, 0x0000000081f00000|100%| O|  |TAMS 0x0000000081f00000, 0x0000000081e00000| Untracked 
|  31|0x0000000081f00000, 0x0000000082000000, 0x0000000082000000|100%| O|  |TAMS 0x0000000082000000, 0x0000000081f00000| Untracked 
|  32|0x0000000082000000, 0x0000000082100000, 0x0000000082100000|100%| O|  |TAMS 0x0000000082100000, 0x0000000082000000| Untracked 
|  33|0x0000000082100000, 0x0000000082200000, 0x0000000082200000|100%| O|  |TAMS 0x0000000082200000, 0x0000000082100000| Untracked 
|  34|0x0000000082200000, 0x0000000082300000, 0x0000000082300000|100%| O|  |TAMS 0x0000000082300000, 0x0000000082200000| Untracked 
|  35|0x0000000082300000, 0x0000000082400000, 0x0000000082400000|100%| O|  |TAMS 0x0000000082400000, 0x0000000082300000| Untracked 
|  36|0x0000000082400000, 0x0000000082500000, 0x0000000082500000|100%| O|  |TAMS 0x0000000082500000, 0x0000000082400000| Untracked 
|  37|0x0000000082500000, 0x0000000082600000, 0x0000000082600000|100%| O|  |TAMS 0x0000000082600000, 0x0000000082500000| Untracked 
|  38|0x0000000082600000, 0x0000000082700000, 0x0000000082700000|100%| O|  |TAMS 0x0000000082700000, 0x0000000082600000| Untracked 
|  39|0x0000000082700000, 0x0000000082800000, 0x0000000082800000|100%| O|  |TAMS 0x0000000082800000, 0x0000000082700000| Untracked 
|  40|0x0000000082800000, 0x0000000082900000, 0x0000000082900000|100%| O|  |TAMS 0x0000000082900000, 0x0000000082800000| Untracked 
|  41|0x0000000082900000, 0x0000000082a00000, 0x0000000082a00000|100%| O|  |TAMS 0x0000000082a00000, 0x0000000082900000| Untracked 
|  42|0x0000000082a00000, 0x0000000082b00000, 0x0000000082b00000|100%| O|  |TAMS 0x0000000082b00000, 0x0000000082a00000| Untracked 
|  43|0x0000000082b00000, 0x0000000082c00000, 0x0000000082c00000|100%| O|  |TAMS 0x0000000082c00000, 0x0000000082b00000| Untracked 
|  44|0x0000000082c00000, 0x0000000082d00000, 0x0000000082d00000|100%| O|  |TAMS 0x0000000082d00000, 0x0000000082c00000| Untracked 
|  45|0x0000000082d00000, 0x0000000082e00000, 0x0000000082e00000|100%| O|  |TAMS 0x0000000082e00000, 0x0000000082d00000| Untracked 
|  46|0x0000000082e00000, 0x0000000082f00000, 0x0000000082f00000|100%| O|  |TAMS 0x0000000082f00000, 0x0000000082e00000| Untracked 
|  47|0x0000000082f00000, 0x0000000083000000, 0x0000000083000000|100%| O|  |TAMS 0x0000000083000000, 0x0000000082f00000| Untracked 
|  48|0x0000000083000000, 0x0000000083100000, 0x0000000083100000|100%| O|  |TAMS 0x0000000083100000, 0x0000000083000000| Untracked 
|  49|0x0000000083100000, 0x000000008314d400, 0x0000000083200000| 30%| O|  |TAMS 0x000000008314d400, 0x0000000083100000| Untracked 
|  50|0x0000000083200000, 0x0000000083200000, 0x0000000083300000|  0%| F|  |TAMS 0x0000000083200000, 0x0000000083200000| Untracked 
|  51|0x0000000083300000, 0x0000000083300000, 0x0000000083400000|  0%| F|  |TAMS 0x0000000083300000, 0x0000000083300000| Untracked 
|  52|0x0000000083400000, 0x0000000083400000, 0x0000000083500000|  0%| F|  |TAMS 0x0000000083400000, 0x0000000083400000| Untracked 
|  53|0x0000000083500000, 0x0000000083500000, 0x0000000083600000|  0%| F|  |TAMS 0x0000000083500000, 0x0000000083500000| Untracked 
|  54|0x0000000083600000, 0x0000000083600000, 0x0000000083700000|  0%| F|  |TAMS 0x0000000083600000, 0x0000000083600000| Untracked 
|  55|0x0000000083700000, 0x0000000083700000, 0x0000000083800000|  0%| F|  |TAMS 0x0000000083700000, 0x0000000083700000| Untracked 
|  56|0x0000000083800000, 0x0000000083800000, 0x0000000083900000|  0%| F|  |TAMS 0x0000000083800000, 0x0000000083800000| Untracked 
|  57|0x0000000083900000, 0x0000000083900000, 0x0000000083a00000|  0%| F|  |TAMS 0x0000000083900000, 0x0000000083900000| Untracked 
|  58|0x0000000083a00000, 0x0000000083a00000, 0x0000000083b00000|  0%| F|  |TAMS 0x0000000083a00000, 0x0000000083a00000| Untracked 
|  59|0x0000000083b00000, 0x0000000083b00000, 0x0000000083c00000|  0%| F|  |TAMS 0x0000000083b00000, 0x0000000083b00000| Untracked 
|  60|0x0000000083c00000, 0x0000000083c00000, 0x0000000083d00000|  0%| F|  |TAMS 0x0000000083c00000, 0x0000000083c00000| Untracked 
|  61|0x0000000083d00000, 0x0000000083d00000, 0x0000000083e00000|  0%| F|  |TAMS 0x0000000083d00000, 0x0000000083d00000| Untracked 
|  62|0x0000000083e00000, 0x0000000083e00000, 0x0000000083f00000|  0%| F|  |TAMS 0x0000000083e00000, 0x0000000083e00000| Untracked 
|  63|0x0000000083f00000, 0x0000000083f00000, 0x0000000084000000|  0%| F|  |TAMS 0x0000000083f00000, 0x0000000083f00000| Untracked 
|  64|0x0000000084000000, 0x0000000084000000, 0x0000000084100000|  0%| F|  |TAMS 0x0000000084000000, 0x0000000084000000| Untracked 
|  65|0x0000000084100000, 0x0000000084100000, 0x0000000084200000|  0%| F|  |TAMS 0x0000000084100000, 0x0000000084100000| Untracked 
|  66|0x0000000084200000, 0x0000000084200000, 0x0000000084300000|  0%| F|  |TAMS 0x0000000084200000, 0x0000000084200000| Untracked 
|  67|0x0000000084300000, 0x0000000084300000, 0x0000000084400000|  0%| F|  |TAMS 0x0000000084300000, 0x0000000084300000| Untracked 
|  68|0x0000000084400000, 0x0000000084400000, 0x0000000084500000|  0%| F|  |TAMS 0x0000000084400000, 0x0000000084400000| Untracked 
|  69|0x0000000084500000, 0x0000000084500000, 0x0000000084600000|  0%| F|  |TAMS 0x0000000084500000, 0x0000000084500000| Untracked 
|  70|0x0000000084600000, 0x0000000084600000, 0x0000000084700000|  0%| F|  |TAMS 0x0000000084600000, 0x0000000084600000| Untracked 
|  71|0x0000000084700000, 0x0000000084700000, 0x0000000084800000|  0%| F|  |TAMS 0x0000000084700000, 0x0000000084700000| Untracked 
|  72|0x0000000084800000, 0x0000000084800000, 0x0000000084900000|  0%| F|  |TAMS 0x0000000084800000, 0x0000000084800000| Untracked 
|  73|0x0000000084900000, 0x0000000084900000, 0x0000000084a00000|  0%| F|  |TAMS 0x0000000084900000, 0x0000000084900000| Untracked 
|  74|0x0000000084a00000, 0x0000000084a00000, 0x0000000084b00000|  0%| F|  |TAMS 0x0000000084a00000, 0x0000000084a00000| Untracked 
|  75|0x0000000084b00000, 0x0000000084b00000, 0x0000000084c00000|  0%| F|  |TAMS 0x0000000084b00000, 0x0000000084b00000| Untracked 
|  76|0x0000000084c00000, 0x0000000084c00000, 0x0000000084d00000|  0%| F|  |TAMS 0x0000000084c00000, 0x0000000084c00000| Untracked 
|  77|0x0000000084d00000, 0x0000000084d00000, 0x0000000084e00000|  0%| F|  |TAMS 0x0000000084d00000, 0x0000000084d00000| Untracked 
|  78|0x0000000084e00000, 0x0000000084e00000, 0x0000000084f00000|  0%| F|  |TAMS 0x0000000084e00000, 0x0000000084e00000| Untracked 
|  79|0x0000000084f00000, 0x0000000084f00000, 0x0000000085000000|  0%| F|  |TAMS 0x0000000084f00000, 0x0000000084f00000| Untracked 
|  80|0x0000000085000000, 0x0000000085000000, 0x0000000085100000|  0%| F|  |TAMS 0x0000000085000000, 0x0000000085000000| Untracked 
|  81|0x0000000085100000, 0x0000000085100000, 0x0000000085200000|  0%| F|  |TAMS 0x0000000085100000, 0x0000000085100000| Untracked 
|  82|0x0000000085200000, 0x0000000085200000, 0x0000000085300000|  0%| F|  |TAMS 0x0000000085200000, 0x0000000085200000| Untracked 
|  83|0x0000000085300000, 0x0000000085300000, 0x0000000085400000|  0%| F|  |TAMS 0x0000000085300000, 0x0000000085300000| Untracked 
|  84|0x0000000085400000, 0x0000000085400000, 0x0000000085500000|  0%| F|  |TAMS 0x0000000085400000, 0x0000000085400000| Untracked 
|  85|0x0000000085500000, 0x0000000085500000, 0x0000000085600000|  0%| F|  |TAMS 0x0000000085500000, 0x0000000085500000| Untracked 
|  86|0x0000000085600000, 0x0000000085600000, 0x0000000085700000|  0%| F|  |TAMS 0x0000000085600000, 0x0000000085600000| Untracked 
|  87|0x0000000085700000, 0x0000000085700000, 0x0000000085800000|  0%| F|  |TAMS 0x0000000085700000, 0x0000000085700000| Untracked 
|  88|0x0000000085800000, 0x0000000085800000, 0x0000000085900000|  0%| F|  |TAMS 0x0000000085800000, 0x0000000085800000| Untracked 
|  89|0x0000000085900000, 0x0000000085900000, 0x0000000085a00000|  0%| F|  |TAMS 0x0000000085900000, 0x0000000085900000| Untracked 
|  90|0x0000000085a00000, 0x0000000085a00000, 0x0000000085b00000|  0%| F|  |TAMS 0x0000000085a00000, 0x0000000085a00000| Untracked 
|  91|0x0000000085b00000, 0x0000000085b00000, 0x0000000085c00000|  0%| F|  |TAMS 0x0000000085b00000, 0x0000000085b00000| Untracked 
|  92|0x0000000085c00000, 0x0000000085c00000, 0x0000000085d00000|  0%| F|  |TAMS 0x0000000085c00000, 0x0000000085c00000| Untracked 
|  93|0x0000000085d00000, 0x0000000085d00000, 0x0000000085e00000|  0%| F|  |TAMS 0x0000000085d00000, 0x0000000085d00000| Untracked 
|  94|0x0000000085e00000, 0x0000000085e00000, 0x0000000085f00000|  0%| F|  |TAMS 0x0000000085e00000, 0x0000000085e00000| Untracked 
|  95|0x0000000085f00000, 0x0000000085f00000, 0x0000000086000000|  0%| F|  |TAMS 0x0000000085f00000, 0x0000000085f00000| Untracked 
|  96|0x0000000086000000, 0x0000000086000000, 0x0000000086100000|  0%| F|  |TAMS 0x0000000086000000, 0x0000000086000000| Untracked 
|  97|0x0000000086100000, 0x0000000086100000, 0x0000000086200000|  0%| F|  |TAMS 0x0000000086100000, 0x0000000086100000| Untracked 
|  98|0x0000000086200000, 0x0000000086200000, 0x0000000086300000|  0%| F|  |TAMS 0x0000000086200000, 0x0000000086200000| Untracked 
|  99|0x0000000086300000, 0x0000000086300000, 0x0000000086400000|  0%| F|  |TAMS 0x0000000086300000, 0x0000000086300000| Untracked 
| 100|0x0000000086400000, 0x0000000086400000, 0x0000000086500000|  0%| F|  |TAMS 0x0000000086400000, 0x0000000086400000| Untracked 
| 101|0x0000000086500000, 0x0000000086500000, 0x0000000086600000|  0%| F|  |TAMS 0x0000000086500000, 0x0000000086500000| Untracked 
| 102|0x0000000086600000, 0x0000000086600000, 0x0000000086700000|  0%| F|  |TAMS 0x0000000086600000, 0x0000000086600000| Untracked 
| 103|0x0000000086700000, 0x0000000086700000, 0x0000000086800000|  0%| F|  |TAMS 0x0000000086700000, 0x0000000086700000| Untracked 
| 104|0x0000000086800000, 0x0000000086800000, 0x0000000086900000|  0%| F|  |TAMS 0x0000000086800000, 0x0000000086800000| Untracked 
| 105|0x0000000086900000, 0x0000000086900000, 0x0000000086a00000|  0%| F|  |TAMS 0x0000000086900000, 0x0000000086900000| Untracked 
| 106|0x0000000086a00000, 0x0000000086a00000, 0x0000000086b00000|  0%| F|  |TAMS 0x0000000086a00000, 0x0000000086a00000| Untracked 
| 107|0x0000000086b00000, 0x0000000086b00000, 0x0000000086c00000|  0%| F|  |TAMS 0x0000000086b00000, 0x0000000086b00000| Untracked 
| 108|0x0000000086c00000, 0x0000000086c00000, 0x0000000086d00000|  0%| F|  |TAMS 0x0000000086c00000, 0x0000000086c00000| Untracked 
| 109|0x0000000086d00000, 0x0000000086d00000, 0x0000000086e00000|  0%| F|  |TAMS 0x0000000086d00000, 0x0000000086d00000| Untracked 
| 110|0x0000000086e00000, 0x0000000086e00000, 0x0000000086f00000|  0%| F|  |TAMS 0x0000000086e00000, 0x0000000086e00000| Untracked 
| 111|0x0000000086f00000, 0x0000000086f00000, 0x0000000087000000|  0%| F|  |TAMS 0x0000000086f00000, 0x0000000086f00000| Untracked 
| 112|0x0000000087000000, 0x0000000087000000, 0x0000000087100000|  0%| F|  |TAMS 0x0000000087000000, 0x0000000087000000| Untracked 
| 113|0x0000000087100000, 0x0000000087100000, 0x0000000087200000|  0%| F|  |TAMS 0x0000000087100000, 0x0000000087100000| Untracked 
| 114|0x0000000087200000, 0x0000000087200000, 0x0000000087300000|  0%| F|  |TAMS 0x0000000087200000, 0x0000000087200000| Untracked 
| 115|0x0000000087300000, 0x0000000087300000, 0x0000000087400000|  0%| F|  |TAMS 0x0000000087300000, 0x0000000087300000| Untracked 
| 116|0x0000000087400000, 0x0000000087400000, 0x0000000087500000|  0%| F|  |TAMS 0x0000000087400000, 0x0000000087400000| Untracked 
| 117|0x0000000087500000, 0x0000000087500000, 0x0000000087600000|  0%| F|  |TAMS 0x0000000087500000, 0x0000000087500000| Untracked 
| 118|0x0000000087600000, 0x0000000087600000, 0x0000000087700000|  0%| F|  |TAMS 0x0000000087600000, 0x0000000087600000| Untracked 
| 119|0x0000000087700000, 0x0000000087700000, 0x0000000087800000|  0%| F|  |TAMS 0x0000000087700000, 0x0000000087700000| Untracked 
| 120|0x0000000087800000, 0x0000000087800000, 0x0000000087900000|  0%| F|  |TAMS 0x0000000087800000, 0x0000000087800000| Untracked 
| 121|0x0000000087900000, 0x0000000087900000, 0x0000000087a00000|  0%| F|  |TAMS 0x0000000087900000, 0x0000000087900000| Untracked 
| 122|0x0000000087a00000, 0x0000000087a00000, 0x0000000087b00000|  0%| F|  |TAMS 0x0000000087a00000, 0x0000000087a00000| Untracked 
| 123|0x0000000087b00000, 0x0000000087b00000, 0x0000000087c00000|  0%| F|  |TAMS 0x0000000087b00000, 0x0000000087b00000| Untracked 
| 124|0x0000000087c00000, 0x0000000087c00000, 0x0000000087d00000|  0%| F|  |TAMS 0x0000000087c00000, 0x0000000087c00000| Untracked 
| 125|0x0000000087d00000, 0x0000000087d00000, 0x0000000087e00000|  0%| F|  |TAMS 0x0000000087d00000, 0x0000000087d00000| Untracked 
| 126|0x0000000087e00000, 0x0000000087e00000, 0x0000000087f00000|  0%| F|  |TAMS 0x0000000087e00000, 0x0000000087e00000| Untracked 
| 127|0x0000000087f00000, 0x0000000087f00000, 0x0000000088000000|  0%| F|  |TAMS 0x0000000087f00000, 0x0000000087f00000| Untracked 
| 128|0x0000000088000000, 0x0000000088000000, 0x0000000088100000|  0%| F|  |TAMS 0x0000000088000000, 0x0000000088000000| Untracked 
| 129|0x0000000088100000, 0x0000000088100000, 0x0000000088200000|  0%| F|  |TAMS 0x0000000088100000, 0x0000000088100000| Untracked 
| 130|0x0000000088200000, 0x0000000088200000, 0x0000000088300000|  0%| F|  |TAMS 0x0000000088200000, 0x0000000088200000| Untracked 
| 131|0x0000000088300000, 0x0000000088300000, 0x0000000088400000|  0%| F|  |TAMS 0x0000000088300000, 0x0000000088300000| Untracked 
| 132|0x0000000088400000, 0x0000000088400000, 0x0000000088500000|  0%| F|  |TAMS 0x0000000088400000, 0x0000000088400000| Untracked 
| 133|0x0000000088500000, 0x0000000088500000, 0x0000000088600000|  0%| F|  |TAMS 0x0000000088500000, 0x0000000088500000| Untracked 
| 134|0x0000000088600000, 0x0000000088600000, 0x0000000088700000|  0%| F|  |TAMS 0x0000000088600000, 0x0000000088600000| Untracked 
| 135|0x0000000088700000, 0x0000000088700000, 0x0000000088800000|  0%| F|  |TAMS 0x0000000088700000, 0x0000000088700000| Untracked 
| 136|0x0000000088800000, 0x0000000088800000, 0x0000000088900000|  0%| F|  |TAMS 0x0000000088800000, 0x0000000088800000| Untracked 
| 137|0x0000000088900000, 0x0000000088900000, 0x0000000088a00000|  0%| F|  |TAMS 0x0000000088900000, 0x0000000088900000| Untracked 
| 138|0x0000000088a00000, 0x0000000088a00000, 0x0000000088b00000|  0%| F|  |TAMS 0x0000000088a00000, 0x0000000088a00000| Untracked 
| 139|0x0000000088b00000, 0x0000000088b00000, 0x0000000088c00000|  0%| F|  |TAMS 0x0000000088b00000, 0x0000000088b00000| Untracked 
| 140|0x0000000088c00000, 0x0000000088c00000, 0x0000000088d00000|  0%| F|  |TAMS 0x0000000088c00000, 0x0000000088c00000| Untracked 
| 141|0x0000000088d00000, 0x0000000088d00000, 0x0000000088e00000|  0%| F|  |TAMS 0x0000000088d00000, 0x0000000088d00000| Untracked 
| 142|0x0000000088e00000, 0x0000000088e00000, 0x0000000088f00000|  0%| F|  |TAMS 0x0000000088e00000, 0x0000000088e00000| Untracked 
| 143|0x0000000088f00000, 0x0000000088f00000, 0x0000000089000000|  0%| F|  |TAMS 0x0000000088f00000, 0x0000000088f00000| Untracked 
| 144|0x0000000089000000, 0x0000000089000000, 0x0000000089100000|  0%| F|  |TAMS 0x0000000089000000, 0x0000000089000000| Untracked 
| 145|0x0000000089100000, 0x0000000089100000, 0x0000000089200000|  0%| F|  |TAMS 0x0000000089100000, 0x0000000089100000| Untracked 
| 146|0x0000000089200000, 0x00000000892dd628, 0x0000000089300000| 86%| S|CS|TAMS 0x0000000089200000, 0x0000000089200000| Complete 
| 147|0x0000000089300000, 0x0000000089400000, 0x0000000089400000|100%| S|CS|TAMS 0x0000000089300000, 0x0000000089300000| Complete 
| 148|0x0000000089400000, 0x0000000089500000, 0x0000000089500000|100%| S|CS|TAMS 0x0000000089400000, 0x0000000089400000| Complete 
| 149|0x0000000089500000, 0x0000000089600000, 0x0000000089600000|100%| S|CS|TAMS 0x0000000089500000, 0x0000000089500000| Complete 
| 150|0x0000000089600000, 0x0000000089700000, 0x0000000089700000|100%| S|CS|TAMS 0x0000000089600000, 0x0000000089600000| Complete 
| 151|0x0000000089700000, 0x0000000089800000, 0x0000000089800000|100%| S|CS|TAMS 0x0000000089700000, 0x0000000089700000| Complete 
| 152|0x0000000089800000, 0x0000000089900000, 0x0000000089900000|100%| S|CS|TAMS 0x0000000089800000, 0x0000000089800000| Complete 
| 153|0x0000000089900000, 0x0000000089a00000, 0x0000000089a00000|100%| S|CS|TAMS 0x0000000089900000, 0x0000000089900000| Complete 
| 154|0x0000000089a00000, 0x0000000089b00000, 0x0000000089b00000|100%| S|CS|TAMS 0x0000000089a00000, 0x0000000089a00000| Complete 
| 155|0x0000000089b00000, 0x0000000089c00000, 0x0000000089c00000|100%| S|CS|TAMS 0x0000000089b00000, 0x0000000089b00000| Complete 
| 156|0x0000000089c00000, 0x0000000089d00000, 0x0000000089d00000|100%| S|CS|TAMS 0x0000000089c00000, 0x0000000089c00000| Complete 
| 157|0x0000000089d00000, 0x0000000089e00000, 0x0000000089e00000|100%| S|CS|TAMS 0x0000000089d00000, 0x0000000089d00000| Complete 
| 158|0x0000000089e00000, 0x0000000089f00000, 0x0000000089f00000|100%| S|CS|TAMS 0x0000000089e00000, 0x0000000089e00000| Complete 
| 159|0x0000000089f00000, 0x0000000089f00000, 0x000000008a000000|  0%| F|  |TAMS 0x0000000089f00000, 0x0000000089f00000| Untracked 
| 160|0x000000008a000000, 0x000000008a000000, 0x000000008a100000|  0%| F|  |TAMS 0x000000008a000000, 0x000000008a000000| Untracked 
| 161|0x000000008a100000, 0x000000008a100000, 0x000000008a200000|  0%| F|  |TAMS 0x000000008a100000, 0x000000008a100000| Untracked 
| 162|0x000000008a200000, 0x000000008a200000, 0x000000008a300000|  0%| F|  |TAMS 0x000000008a200000, 0x000000008a200000| Untracked 
| 163|0x000000008a300000, 0x000000008a300000, 0x000000008a400000|  0%| F|  |TAMS 0x000000008a300000, 0x000000008a300000| Untracked 
| 164|0x000000008a400000, 0x000000008a400000, 0x000000008a500000|  0%| F|  |TAMS 0x000000008a400000, 0x000000008a400000| Untracked 
| 165|0x000000008a500000, 0x000000008a500000, 0x000000008a600000|  0%| F|  |TAMS 0x000000008a500000, 0x000000008a500000| Untracked 
| 166|0x000000008a600000, 0x000000008a600000, 0x000000008a700000|  0%| F|  |TAMS 0x000000008a600000, 0x000000008a600000| Untracked 
| 167|0x000000008a700000, 0x000000008a700000, 0x000000008a800000|  0%| F|  |TAMS 0x000000008a700000, 0x000000008a700000| Untracked 
| 168|0x000000008a800000, 0x000000008a800000, 0x000000008a900000|  0%| F|  |TAMS 0x000000008a800000, 0x000000008a800000| Untracked 
| 169|0x000000008a900000, 0x000000008a900000, 0x000000008aa00000|  0%| F|  |TAMS 0x000000008a900000, 0x000000008a900000| Untracked 
| 170|0x000000008aa00000, 0x000000008aa00000, 0x000000008ab00000|  0%| F|  |TAMS 0x000000008aa00000, 0x000000008aa00000| Untracked 
| 171|0x000000008ab00000, 0x000000008ab00000, 0x000000008ac00000|  0%| F|  |TAMS 0x000000008ab00000, 0x000000008ab00000| Untracked 
| 172|0x000000008ac00000, 0x000000008ac00000, 0x000000008ad00000|  0%| F|  |TAMS 0x000000008ac00000, 0x000000008ac00000| Untracked 
| 173|0x000000008ad00000, 0x000000008ad00000, 0x000000008ae00000|  0%| F|  |TAMS 0x000000008ad00000, 0x000000008ad00000| Untracked 
| 174|0x000000008ae00000, 0x000000008ae00000, 0x000000008af00000|  0%| F|  |TAMS 0x000000008ae00000, 0x000000008ae00000| Untracked 
| 175|0x000000008af00000, 0x000000008af00000, 0x000000008b000000|  0%| F|  |TAMS 0x000000008af00000, 0x000000008af00000| Untracked 
| 176|0x000000008b000000, 0x000000008b000000, 0x000000008b100000|  0%| F|  |TAMS 0x000000008b000000, 0x000000008b000000| Untracked 
| 177|0x000000008b100000, 0x000000008b100000, 0x000000008b200000|  0%| F|  |TAMS 0x000000008b100000, 0x000000008b100000| Untracked 
| 178|0x000000008b200000, 0x000000008b200000, 0x000000008b300000|  0%| F|  |TAMS 0x000000008b200000, 0x000000008b200000| Untracked 
| 179|0x000000008b300000, 0x000000008b300000, 0x000000008b400000|  0%| F|  |TAMS 0x000000008b300000, 0x000000008b300000| Untracked 
| 180|0x000000008b400000, 0x000000008b400000, 0x000000008b500000|  0%| F|  |TAMS 0x000000008b400000, 0x000000008b400000| Untracked 
| 181|0x000000008b500000, 0x000000008b500000, 0x000000008b600000|  0%| F|  |TAMS 0x000000008b500000, 0x000000008b500000| Untracked 
| 182|0x000000008b600000, 0x000000008b600000, 0x000000008b700000|  0%| F|  |TAMS 0x000000008b600000, 0x000000008b600000| Untracked 
| 183|0x000000008b700000, 0x000000008b700000, 0x000000008b800000|  0%| F|  |TAMS 0x000000008b700000, 0x000000008b700000| Untracked 
| 184|0x000000008b800000, 0x000000008b800000, 0x000000008b900000|  0%| F|  |TAMS 0x000000008b800000, 0x000000008b800000| Untracked 
| 185|0x000000008b900000, 0x000000008b900000, 0x000000008ba00000|  0%| F|  |TAMS 0x000000008b900000, 0x000000008b900000| Untracked 
| 186|0x000000008ba00000, 0x000000008ba00000, 0x000000008bb00000|  0%| F|  |TAMS 0x000000008ba00000, 0x000000008ba00000| Untracked 
| 187|0x000000008bb00000, 0x000000008bb00000, 0x000000008bc00000|  0%| F|  |TAMS 0x000000008bb00000, 0x000000008bb00000| Untracked 
| 188|0x000000008bc00000, 0x000000008bc00000, 0x000000008bd00000|  0%| F|  |TAMS 0x000000008bc00000, 0x000000008bc00000| Untracked 
| 189|0x000000008bd00000, 0x000000008bd00000, 0x000000008be00000|  0%| F|  |TAMS 0x000000008bd00000, 0x000000008bd00000| Untracked 
| 190|0x000000008be00000, 0x000000008be00000, 0x000000008bf00000|  0%| F|  |TAMS 0x000000008be00000, 0x000000008be00000| Untracked 
| 191|0x000000008bf00000, 0x000000008bf00000, 0x000000008c000000|  0%| F|  |TAMS 0x000000008bf00000, 0x000000008bf00000| Untracked 
| 192|0x000000008c000000, 0x000000008c000000, 0x000000008c100000|  0%| F|  |TAMS 0x000000008c000000, 0x000000008c000000| Untracked 
| 193|0x000000008c100000, 0x000000008c100000, 0x000000008c200000|  0%| F|  |TAMS 0x000000008c100000, 0x000000008c100000| Untracked 
| 194|0x000000008c200000, 0x000000008c200000, 0x000000008c300000|  0%| F|  |TAMS 0x000000008c200000, 0x000000008c200000| Untracked 
| 195|0x000000008c300000, 0x000000008c300000, 0x000000008c400000|  0%| F|  |TAMS 0x000000008c300000, 0x000000008c300000| Untracked 
| 196|0x000000008c400000, 0x000000008c400000, 0x000000008c500000|  0%| F|  |TAMS 0x000000008c400000, 0x000000008c400000| Untracked 
| 197|0x000000008c500000, 0x000000008c500000, 0x000000008c600000|  0%| F|  |TAMS 0x000000008c500000, 0x000000008c500000| Untracked 
| 198|0x000000008c600000, 0x000000008c600000, 0x000000008c700000|  0%| F|  |TAMS 0x000000008c600000, 0x000000008c600000| Untracked 
| 199|0x000000008c700000, 0x000000008c700000, 0x000000008c800000|  0%| F|  |TAMS 0x000000008c700000, 0x000000008c700000| Untracked 
| 200|0x000000008c800000, 0x000000008c800000, 0x000000008c900000|  0%| F|  |TAMS 0x000000008c800000, 0x000000008c800000| Untracked 
| 201|0x000000008c900000, 0x000000008c900000, 0x000000008ca00000|  0%| F|  |TAMS 0x000000008c900000, 0x000000008c900000| Untracked 
| 202|0x000000008ca00000, 0x000000008ca00000, 0x000000008cb00000|  0%| F|  |TAMS 0x000000008ca00000, 0x000000008ca00000| Untracked 
| 203|0x000000008cb00000, 0x000000008cb00000, 0x000000008cc00000|  0%| F|  |TAMS 0x000000008cb00000, 0x000000008cb00000| Untracked 
| 204|0x000000008cc00000, 0x000000008cc00000, 0x000000008cd00000|  0%| F|  |TAMS 0x000000008cc00000, 0x000000008cc00000| Untracked 
| 205|0x000000008cd00000, 0x000000008cd00000, 0x000000008ce00000|  0%| F|  |TAMS 0x000000008cd00000, 0x000000008cd00000| Untracked 
| 206|0x000000008ce00000, 0x000000008ce00000, 0x000000008cf00000|  0%| F|  |TAMS 0x000000008ce00000, 0x000000008ce00000| Untracked 
| 207|0x000000008cf00000, 0x000000008cf00000, 0x000000008d000000|  0%| F|  |TAMS 0x000000008cf00000, 0x000000008cf00000| Untracked 
| 208|0x000000008d000000, 0x000000008d000000, 0x000000008d100000|  0%| F|  |TAMS 0x000000008d000000, 0x000000008d000000| Untracked 
| 209|0x000000008d100000, 0x000000008d100000, 0x000000008d200000|  0%| F|  |TAMS 0x000000008d100000, 0x000000008d100000| Untracked 
| 210|0x000000008d200000, 0x000000008d200000, 0x000000008d300000|  0%| F|  |TAMS 0x000000008d200000, 0x000000008d200000| Untracked 
| 211|0x000000008d300000, 0x000000008d300000, 0x000000008d400000|  0%| F|  |TAMS 0x000000008d300000, 0x000000008d300000| Untracked 
| 212|0x000000008d400000, 0x000000008d400000, 0x000000008d500000|  0%| F|  |TAMS 0x000000008d400000, 0x000000008d400000| Untracked 
| 213|0x000000008d500000, 0x000000008d500000, 0x000000008d600000|  0%| F|  |TAMS 0x000000008d500000, 0x000000008d500000| Untracked 
| 214|0x000000008d600000, 0x000000008d600000, 0x000000008d700000|  0%| F|  |TAMS 0x000000008d600000, 0x000000008d600000| Untracked 
| 215|0x000000008d700000, 0x000000008d700000, 0x000000008d800000|  0%| F|  |TAMS 0x000000008d700000, 0x000000008d700000| Untracked 
| 216|0x000000008d800000, 0x000000008d800000, 0x000000008d900000|  0%| F|  |TAMS 0x000000008d800000, 0x000000008d800000| Untracked 
| 217|0x000000008d900000, 0x000000008d900000, 0x000000008da00000|  0%| F|  |TAMS 0x000000008d900000, 0x000000008d900000| Untracked 
| 218|0x000000008da00000, 0x000000008da00000, 0x000000008db00000|  0%| F|  |TAMS 0x000000008da00000, 0x000000008da00000| Untracked 
| 219|0x000000008db00000, 0x000000008db00000, 0x000000008dc00000|  0%| F|  |TAMS 0x000000008db00000, 0x000000008db00000| Untracked 
| 220|0x000000008dc00000, 0x000000008dc34348, 0x000000008dd00000| 20%| E|  |TAMS 0x000000008dc00000, 0x000000008dc00000| Complete 
| 221|0x000000008dd00000, 0x000000008de00000, 0x000000008de00000|100%| E|CS|TAMS 0x000000008dd00000, 0x000000008dd00000| Complete 
| 222|0x000000008de00000, 0x000000008df00000, 0x000000008df00000|100%| E|CS|TAMS 0x000000008de00000, 0x000000008de00000| Complete 
| 223|0x000000008df00000, 0x000000008e000000, 0x000000008e000000|100%| E|CS|TAMS 0x000000008df00000, 0x000000008df00000| Complete 
| 224|0x000000008e000000, 0x000000008e100000, 0x000000008e100000|100%| E|CS|TAMS 0x000000008e000000, 0x000000008e000000| Complete 
| 225|0x000000008e100000, 0x000000008e200000, 0x000000008e200000|100%| E|CS|TAMS 0x000000008e100000, 0x000000008e100000| Complete 
| 226|0x000000008e200000, 0x000000008e300000, 0x000000008e300000|100%| E|CS|TAMS 0x000000008e200000, 0x000000008e200000| Complete 
| 227|0x000000008e300000, 0x000000008e400000, 0x000000008e400000|100%| E|CS|TAMS 0x000000008e300000, 0x000000008e300000| Complete 
| 228|0x000000008e400000, 0x000000008e500000, 0x000000008e500000|100%| E|CS|TAMS 0x000000008e400000, 0x000000008e400000| Complete 
| 229|0x000000008e500000, 0x000000008e600000, 0x000000008e600000|100%| E|CS|TAMS 0x000000008e500000, 0x000000008e500000| Complete 
| 230|0x000000008e600000, 0x000000008e700000, 0x000000008e700000|100%| E|CS|TAMS 0x000000008e600000, 0x000000008e600000| Complete 
| 231|0x000000008e700000, 0x000000008e800000, 0x000000008e800000|100%| E|CS|TAMS 0x000000008e700000, 0x000000008e700000| Complete 
| 232|0x000000008e800000, 0x000000008e900000, 0x000000008e900000|100%| E|CS|TAMS 0x000000008e800000, 0x000000008e800000| Complete 
| 233|0x000000008e900000, 0x000000008ea00000, 0x000000008ea00000|100%| E|CS|TAMS 0x000000008e900000, 0x000000008e900000| Complete 
| 234|0x000000008ea00000, 0x000000008eb00000, 0x000000008eb00000|100%| E|CS|TAMS 0x000000008ea00000, 0x000000008ea00000| Complete 
| 235|0x000000008eb00000, 0x000000008ec00000, 0x000000008ec00000|100%| E|CS|TAMS 0x000000008eb00000, 0x000000008eb00000| Complete 
| 236|0x000000008ec00000, 0x000000008ed00000, 0x000000008ed00000|100%| E|CS|TAMS 0x000000008ec00000, 0x000000008ec00000| Complete 
| 237|0x000000008ed00000, 0x000000008ee00000, 0x000000008ee00000|100%| E|CS|TAMS 0x000000008ed00000, 0x000000008ed00000| Complete 
| 238|0x000000008ee00000, 0x000000008ef00000, 0x000000008ef00000|100%| E|CS|TAMS 0x000000008ee00000, 0x000000008ee00000| Complete 
| 239|0x000000008ef00000, 0x000000008f000000, 0x000000008f000000|100%| E|CS|TAMS 0x000000008ef00000, 0x000000008ef00000| Complete 
| 240|0x000000008f000000, 0x000000008f100000, 0x000000008f100000|100%| E|CS|TAMS 0x000000008f000000, 0x000000008f000000| Complete 
| 241|0x000000008f100000, 0x000000008f200000, 0x000000008f200000|100%| E|CS|TAMS 0x000000008f100000, 0x000000008f100000| Complete 
| 242|0x000000008f200000, 0x000000008f300000, 0x000000008f300000|100%| E|CS|TAMS 0x000000008f200000, 0x000000008f200000| Complete 
| 243|0x000000008f300000, 0x000000008f400000, 0x000000008f400000|100%| E|CS|TAMS 0x000000008f300000, 0x000000008f300000| Complete 
| 244|0x000000008f400000, 0x000000008f500000, 0x000000008f500000|100%| E|CS|TAMS 0x000000008f400000, 0x000000008f400000| Complete 
| 245|0x000000008f500000, 0x000000008f600000, 0x000000008f600000|100%| E|CS|TAMS 0x000000008f500000, 0x000000008f500000| Complete 
| 246|0x000000008f600000, 0x000000008f700000, 0x000000008f700000|100%| E|CS|TAMS 0x000000008f600000, 0x000000008f600000| Complete 
| 247|0x000000008f700000, 0x000000008f800000, 0x000000008f800000|100%| E|CS|TAMS 0x000000008f700000, 0x000000008f700000| Complete 
| 248|0x000000008f800000, 0x000000008f900000, 0x000000008f900000|100%| E|CS|TAMS 0x000000008f800000, 0x000000008f800000| Complete 
| 249|0x000000008f900000, 0x000000008fa00000, 0x000000008fa00000|100%| E|CS|TAMS 0x000000008f900000, 0x000000008f900000| Complete 
| 250|0x000000008fa00000, 0x000000008fb00000, 0x000000008fb00000|100%| E|CS|TAMS 0x000000008fa00000, 0x000000008fa00000| Complete 
| 251|0x000000008fb00000, 0x000000008fc00000, 0x000000008fc00000|100%| E|CS|TAMS 0x000000008fb00000, 0x000000008fb00000| Complete 
| 252|0x000000008fc00000, 0x000000008fd00000, 0x000000008fd00000|100%| E|CS|TAMS 0x000000008fc00000, 0x000000008fc00000| Complete 
| 253|0x000000008fd00000, 0x000000008fe00000, 0x000000008fe00000|100%| E|CS|TAMS 0x000000008fd00000, 0x000000008fd00000| Complete 
| 254|0x000000008fe00000, 0x000000008ff00000, 0x000000008ff00000|100%| E|CS|TAMS 0x000000008fe00000, 0x000000008fe00000| Complete 
| 255|0x000000008ff00000, 0x0000000090000000, 0x0000000090000000|100%| E|CS|TAMS 0x000000008ff00000, 0x000000008ff00000| Complete 

Card table byte_map: [0x00000288e4100000,0x00000288e4500000] _byte_map_base: 0x00000288e3d00000

Marking Bits (Prev, Next): (CMBitMap*) 0x00000288cf5913f0, (CMBitMap*) 0x00000288cf5913b8
 Prev Bits: [0x00000288e6900000, 0x00000288e8900000)
 Next Bits: [0x00000288e4900000, 0x00000288e6900000)

Polling page: 0x00000288cf400000

Metaspace:

Usage:
  Non-class:     65.36 MB capacity,    64.27 MB ( 98%) used,   942.96 KB (  1%) free+waste,   172.13 KB ( <1%) overhead. 
      Class:     10.23 MB capacity,     9.65 MB ( 94%) used,   510.97 KB (  5%) free+waste,    80.56 KB ( <1%) overhead. 
       Both:     75.59 MB capacity,    73.92 MB ( 98%) used,     1.42 MB (  2%) free+waste,   252.69 KB ( <1%) overhead. 

Virtual space:
  Non-class space:       66.00 MB reserved,      65.45 MB (>99%) committed 
      Class space:        1.00 GB reserved,      10.25 MB (  1%) committed 
             Both:        1.06 GB reserved,      75.70 MB (  7%) committed 

Chunk freelists:
   Non-Class:  32.00 KB
       Class:  18.00 KB
        Both:  50.00 KB

MaxMetaspaceSize: 17179869184.00 GB
CompressedClassSpaceSize: 1.00 GB

CodeHeap 'non-profiled nmethods': size=120064Kb used=3863Kb max_used=3863Kb free=116200Kb
 bounds [0x00000288dc1a0000, 0x00000288dc570000, 0x00000288e36e0000]
CodeHeap 'profiled nmethods': size=120000Kb used=14592Kb max_used=14592Kb free=105407Kb
 bounds [0x00000288d4c70000, 0x00000288d5ac0000, 0x00000288dc1a0000]
CodeHeap 'non-nmethods': size=5696Kb used=2241Kb max_used=2293Kb free=3454Kb
 bounds [0x00000288d46e0000, 0x00000288d4950000, 0x00000288d4c70000]
 total_blobs=7600 nmethods=6774 adapters=736
 compilation: enabled
              stopped_count=0, restarted_count=0
 full_count=0

Compilation events (20 events):
Event: 13.536 Thread 0x00000288eb7ca800 6917       3       org.gradle.api.internal.artifacts.configurations.DefaultConfiguration::assertIsResolvable (58 bytes)
Event: 13.536 Thread 0x00000288eb7ca800 nmethod 6917 0x00000288d5a82210 code [0x00000288d5a824c0, 0x00000288d5a82f28]
Event: 13.539 Thread 0x00000288eb7ca800 6918       1       org.gradle.api.internal.project.DefaultProject::getTasks (5 bytes)
Event: 13.539 Thread 0x00000288eb7ca800 nmethod 6918 0x00000288dc55ec10 code [0x00000288dc55edc0, 0x00000288dc55ee78]
Event: 13.540 Thread 0x00000288eb7ca800 6919       3       com.google.common.collect.LinkedHashMultimap::create (11 bytes)
Event: 13.540 Thread 0x00000288eb7ca800 nmethod 6919 0x00000288d5a83310 code [0x00000288d5a834c0, 0x00000288d5a83648]
Event: 13.540 Thread 0x00000288eb7ca800 6920       3       com.google.common.collect.LinkedHashMultimap::<init> (52 bytes)
Event: 13.541 Thread 0x00000288eb7ca800 nmethod 6920 0x00000288d5a83710 code [0x00000288d5a839c0, 0x00000288d5a846e8]
Event: 13.541 Thread 0x00000288eb7ca800 6921       3       com.google.common.collect.LinkedHashMultimapGwtSerializationDependencies::<init> (6 bytes)
Event: 13.541 Thread 0x00000288eb7ca800 nmethod 6921 0x00000288d5a84b90 code [0x00000288d5a84da0, 0x00000288d5a85298]
Event: 13.551 Thread 0x00000288eb7ca800 6922       1       java.util.ArrayList$ArrayListSpliterator::characteristics (4 bytes)
Event: 13.551 Thread 0x00000288eb7ca800 nmethod 6922 0x00000288dc55ef10 code [0x00000288dc55f0c0, 0x00000288dc55f178]
Event: 13.552 Thread 0x00000288eb7ca800 6923       1       org.gradle.api.internal.file.DefaultFileSystemLocation::getAsFile (5 bytes)
Event: 13.552 Thread 0x00000288eb7ca800 nmethod 6923 0x00000288dc55f210 code [0x00000288dc55f3c0, 0x00000288dc55f478]
Event: 13.552 Thread 0x00000288eb7ca800 6924       3       org.gradle.api.internal.provider.ValueSanitizers$2::sanitize (2 bytes)
Event: 13.552 Thread 0x00000288eb7ca800 nmethod 6924 0x00000288d5a85490 code [0x00000288d5a85640, 0x00000288d5a85738]
Event: 13.555 Thread 0x00000288eb7ca800 6926       3       java.util.LinkedList$ListItr::previous (70 bytes)
Event: 13.555 Thread 0x00000288eb7ca800 nmethod 6926 0x00000288d5a85810 code [0x00000288d5a85a20, 0x00000288d5a85f98]
Event: 13.555 Thread 0x00000288eb7ca800 6927       3       groovy.lang.MetaClassImpl$2::skipClass (17 bytes)
Event: 13.555 Thread 0x00000288eb7ca800 nmethod 6927 0x00000288d5a86190 code [0x00000288d5a86340, 0x00000288d5a86498]

GC Heap History (20 events):
Event: 3.496 GC heap before
{Heap before GC invocations=2 (full 0):
 garbage-first heap   total 262144K, used 36303K [0x0000000080000000, 0x0000000100000000)
  region size 1024K, 29 young (29696K), 1 survivors (1024K)
 Metaspace       used 11005K, capacity 11274K, committed 11520K, reserved 1058816K
  class space    used 1146K, capacity 1203K, committed 1280K, reserved 1048576K
}
Event: 3.498 GC heap after
{Heap after GC invocations=3 (full 0):
 garbage-first heap   total 262144K, used 12782K [0x0000000080000000, 0x0000000100000000)
  region size 1024K, 4 young (4096K), 4 survivors (4096K)
 Metaspace       used 11005K, capacity 11274K, committed 11520K, reserved 1058816K
  class space    used 1146K, capacity 1203K, committed 1280K, reserved 1048576K
}
Event: 6.483 GC heap before
{Heap before GC invocations=3 (full 0):
 garbage-first heap   total 262144K, used 54766K [0x0000000080000000, 0x0000000100000000)
  region size 1024K, 45 young (46080K), 4 survivors (4096K)
 Metaspace       used 18910K, capacity 19437K, committed 19584K, reserved 1067008K
  class space    used 2282K, capacity 2426K, committed 2432K, reserved 1048576K
}
Event: 6.489 GC heap after
{Heap after GC invocations=4 (full 0):
 garbage-first heap   total 262144K, used 16012K [0x0000000080000000, 0x0000000100000000)
  region size 1024K, 3 young (3072K), 3 survivors (3072K)
 Metaspace       used 18910K, capacity 19437K, committed 19584K, reserved 1067008K
  class space    used 2282K, capacity 2426K, committed 2432K, reserved 1048576K
}
Event: 6.619 GC heap before
{Heap before GC invocations=4 (full 0):
 garbage-first heap   total 262144K, used 28300K [0x0000000080000000, 0x0000000100000000)
  region size 1024K, 16 young (16384K), 3 survivors (3072K)
 Metaspace       used 20599K, capacity 21111K, committed 21248K, reserved 1067008K
  class space    used 2524K, capacity 2712K, committed 2816K, reserved 1048576K
}
Event: 6.622 GC heap after
{Heap after GC invocations=5 (full 0):
 garbage-first heap   total 262144K, used 16418K [0x0000000080000000, 0x0000000100000000)
  region size 1024K, 4 young (4096K), 4 survivors (4096K)
 Metaspace       used 20599K, capacity 21111K, committed 21248K, reserved 1067008K
  class space    used 2524K, capacity 2712K, committed 2816K, reserved 1048576K
}
Event: 7.243 GC heap before
{Heap before GC invocations=6 (full 0):
 garbage-first heap   total 262144K, used 75810K [0x0000000080000000, 0x0000000100000000)
  region size 1024K, 62 young (63488K), 4 survivors (4096K)
 Metaspace       used 26890K, capacity 27544K, committed 27648K, reserved 1073152K
  class space    used 3540K, capacity 3755K, committed 3840K, reserved 1048576K
}
Event: 7.248 GC heap after
{Heap after GC invocations=7 (full 0):
 garbage-first heap   total 262144K, used 18510K [0x0000000080000000, 0x0000000100000000)
  region size 1024K, 6 young (6144K), 6 survivors (6144K)
 Metaspace       used 26890K, capacity 27544K, committed 27648K, reserved 1073152K
  class space    used 3540K, capacity 3755K, committed 3840K, reserved 1048576K
}
Event: 7.811 GC heap before
{Heap before GC invocations=7 (full 0):
 garbage-first heap   total 262144K, used 59470K [0x0000000080000000, 0x0000000100000000)
  region size 1024K, 48 young (49152K), 6 survivors (6144K)
 Metaspace       used 35098K, capacity 35825K, committed 35840K, reserved 1081344K
  class space    used 4563K, capacity 4856K, committed 4864K, reserved 1048576K
}
Event: 7.819 GC heap after
{Heap after GC invocations=8 (full 0):
 garbage-first heap   total 262144K, used 21520K [0x0000000080000000, 0x0000000100000000)
  region size 1024K, 9 young (9216K), 9 survivors (9216K)
 Metaspace       used 35098K, capacity 35825K, committed 35840K, reserved 1081344K
  class space    used 4563K, capacity 4856K, committed 4864K, reserved 1048576K
}
Event: 9.362 GC heap before
{Heap before GC invocations=9 (full 0):
 garbage-first heap   total 262144K, used 172048K [0x0000000080000000, 0x0000000100000000)
  region size 1024K, 153 young (156672K), 9 survivors (9216K)
 Metaspace       used 44477K, capacity 45466K, committed 45772K, reserved 1089536K
  class space    used 5695K, capacity 6061K, committed 6144K, reserved 1048576K
}
Event: 9.376 GC heap after
{Heap after GC invocations=10 (full 0):
 garbage-first heap   total 262144K, used 29484K [0x0000000080000000, 0x0000000100000000)
  region size 1024K, 16 young (16384K), 16 survivors (16384K)
 Metaspace       used 44477K, capacity 45466K, committed 45772K, reserved 1089536K
  class space    used 5695K, capacity 6061K, committed 6144K, reserved 1048576K
}
Event: 10.890 GC heap before
{Heap before GC invocations=10 (full 0):
 garbage-first heap   total 262144K, used 175916K [0x0000000080000000, 0x0000000100000000)
  region size 1024K, 153 young (156672K), 16 survivors (16384K)
 Metaspace       used 58472K, capacity 59871K, committed 60236K, reserved 1101824K
  class space    used 7424K, capacity 7953K, committed 8064K, reserved 1048576K
}
Event: 10.913 GC heap after
{Heap after GC invocations=11 (full 0):
 garbage-first heap   total 262144K, used 49593K [0x0000000080000000, 0x0000000100000000)
  region size 1024K, 20 young (20480K), 20 survivors (20480K)
 Metaspace       used 58472K, capacity 59871K, committed 60236K, reserved 1101824K
  class space    used 7424K, capacity 7953K, committed 8064K, reserved 1048576K
}
Event: 10.950 GC heap before
{Heap before GC invocations=11 (full 0):
 garbage-first heap   total 262144K, used 51641K [0x0000000080000000, 0x0000000100000000)
  region size 1024K, 23 young (23552K), 20 survivors (20480K)
 Metaspace       used 58692K, capacity 60085K, committed 60236K, reserved 1101824K
  class space    used 7446K, capacity 7957K, committed 8064K, reserved 1048576K
}
Event: 10.968 GC heap after
{Heap after GC invocations=12 (full 0):
 garbage-first heap   total 262144K, used 52021K [0x0000000080000000, 0x0000000100000000)
  region size 1024K, 3 young (3072K), 3 survivors (3072K)
 Metaspace       used 58692K, capacity 60085K, committed 60236K, reserved 1101824K
  class space    used 7446K, capacity 7957K, committed 8064K, reserved 1048576K
}
Event: 11.821 GC heap before
{Heap before GC invocations=13 (full 0):
 garbage-first heap   total 262144K, used 135989K [0x0000000080000000, 0x0000000100000000)
  region size 1024K, 85 young (87040K), 3 survivors (3072K)
 Metaspace       used 64296K, capacity 65793K, committed 66124K, reserved 1105920K
  class space    used 8195K, capacity 8745K, committed 8832K, reserved 1048576K
}
Event: 11.830 GC heap after
{Heap after GC invocations=14 (full 0):
 garbage-first heap   total 262144K, used 56373K [0x0000000080000000, 0x0000000100000000)
  region size 1024K, 7 young (7168K), 7 survivors (7168K)
 Metaspace       used 64296K, capacity 65793K, committed 66124K, reserved 1105920K
  class space    used 8195K, capacity 8745K, committed 8832K, reserved 1048576K
}
Event: 13.164 GC heap before
{Heap before GC invocations=14 (full 0):
 garbage-first heap   total 262144K, used 148533K [0x0000000080000000, 0x0000000100000000)
  region size 1024K, 97 young (99328K), 7 survivors (7168K)
 Metaspace       used 72862K, capacity 74535K, committed 74700K, reserved 1114112K
  class space    used 9519K, capacity 10116K, committed 10240K, reserved 1048576K
}
Event: 13.177 GC heap after
{Heap after GC invocations=15 (full 0):
 garbage-first heap   total 262144K, used 62634K [0x0000000080000000, 0x0000000100000000)
  region size 1024K, 13 young (13312K), 13 survivors (13312K)
 Metaspace       used 72862K, capacity 74535K, committed 74700K, reserved 1114112K
  class space    used 9519K, capacity 10116K, committed 10240K, reserved 1048576K
}

Deoptimization events (20 events):
Event: 13.256 Thread 0x00000288ece95800 Uncommon trap: trap_request=0xffffff4d fr.pc=0x00000288dc46a8e8 relative=0x0000000000001a08
Event: 13.256 Thread 0x00000288ece95800 Uncommon trap: reason=unstable_if action=reinterpret pc=0x00000288dc46a8e8 method=java.util.regex.Pattern.atom()Ljava/util/regex/Pattern$Node; @ 14 c2
Event: 13.256 Thread 0x00000288ece95800 DEOPT PACKING pc=0x00000288dc46a8e8 sp=0x00000092b24f95f0
Event: 13.256 Thread 0x00000288ece95800 DEOPT UNPACKING pc=0x00000288d47074af sp=0x00000092b24f95c8 mode 2
Event: 13.265 Thread 0x00000288ece95800 Uncommon trap: trap_request=0xffffff4d fr.pc=0x00000288dc51384c relative=0x000000000000026c
Event: 13.265 Thread 0x00000288ece95800 Uncommon trap: reason=unstable_if action=reinterpret pc=0x00000288dc51384c method=java.lang.CharacterDataLatin1.digit(II)I @ 12 c2
Event: 13.265 Thread 0x00000288ece95800 DEOPT PACKING pc=0x00000288dc51384c sp=0x00000092b24f9d80
Event: 13.265 Thread 0x00000288ece95800 DEOPT UNPACKING pc=0x00000288d47074af sp=0x00000092b24f9ba0 mode 2
Event: 13.306 Thread 0x00000288ece95800 Uncommon trap: trap_request=0xffffff4d fr.pc=0x00000288dc45f104 relative=0x00000000000002e4
Event: 13.306 Thread 0x00000288ece95800 Uncommon trap: reason=unstable_if action=reinterpret pc=0x00000288dc45f104 method=com.google.gson.stream.JsonReader.doPeek()I @ 525 c2
Event: 13.306 Thread 0x00000288ece95800 DEOPT PACKING pc=0x00000288dc45f104 sp=0x00000092b24fa1f0
Event: 13.306 Thread 0x00000288ece95800 DEOPT UNPACKING pc=0x00000288d47074af sp=0x00000092b24fa170 mode 2
Event: 13.434 Thread 0x00000288ece95800 Uncommon trap: trap_request=0xffffff4d fr.pc=0x00000288dc371a00 relative=0x0000000000000700
Event: 13.434 Thread 0x00000288ece95800 Uncommon trap: reason=unstable_if action=reinterpret pc=0x00000288dc371a00 method=java.util.HashMap.putVal(ILjava/lang/Object;Ljava/lang/Object;ZZ)Ljava/lang/Object; @ 109 c2
Event: 13.434 Thread 0x00000288ece95800 DEOPT PACKING pc=0x00000288dc371a00 sp=0x00000092b24f8790
Event: 13.434 Thread 0x00000288ece95800 DEOPT UNPACKING pc=0x00000288d47074af sp=0x00000092b24f86a8 mode 2
Event: 13.434 Thread 0x00000288ece95800 Uncommon trap: trap_request=0xffffff4d fr.pc=0x00000288dc35af08 relative=0x0000000000000688
Event: 13.434 Thread 0x00000288ece95800 Uncommon trap: reason=unstable_if action=reinterpret pc=0x00000288dc35af08 method=java.util.HashMap.putVal(ILjava/lang/Object;Ljava/lang/Object;ZZ)Ljava/lang/Object; @ 109 c2
Event: 13.434 Thread 0x00000288ece95800 DEOPT PACKING pc=0x00000288dc35af08 sp=0x00000092b24f86e0
Event: 13.434 Thread 0x00000288ece95800 DEOPT UNPACKING pc=0x00000288d47074af sp=0x00000092b24f8698 mode 2

Classes redefined (0 events):
No events

Internal exceptions (20 events):
Event: 12.534 Thread 0x00000288ece95800 Exception <a 'java/lang/ClassNotFoundException'{0x000000008c750550}: org/gradle/api/internal/artifacts/configurations/DefaultConfigurationBeanInfo> (0x000000008c750550) thrown at [./src/hotspot/share/classfile/systemDictionary.cpp, line 231]
Event: 12.534 Thread 0x00000288ece95800 Exception <a 'java/lang/ClassNotFoundException'{0x000000008c771ad8}: org/gradle/api/internal/artifacts/configurations/DefaultConfigurationCustomizer> (0x000000008c771ad8) thrown at [./src/hotspot/share/classfile/systemDictionary.cpp, line 231]
Event: 12.537 Thread 0x00000288ece95800 Exception <a 'java/lang/ClassNotFoundException'{0x000000008c7df6b8}: org/gradle/api/internal/artifacts/configurations/DefaultConfiguration_DecoratedCustomizer> (0x000000008c7df6b8) thrown at [./src/hotspot/share/classfile/systemDictionary.cpp, line 231]
Event: 12.542 Thread 0x00000288ece95800 Implicit null exception at 0x00000288dc4f9887 to 0x00000288dc4f9f04
Event: 12.546 Thread 0x00000288ece95800 Exception <a 'java/lang/ClassNotFoundException'{0x000000008c69c020}: org/codehaus/groovy/runtime/MethodClosureBeanInfo> (0x000000008c69c020) thrown at [./src/hotspot/share/classfile/systemDictionary.cpp, line 231]
Event: 12.547 Thread 0x00000288ece95800 Exception <a 'java/lang/ClassNotFoundException'{0x000000008c6aee98}: org/codehaus/groovy/runtime/MethodClosureCustomizer> (0x000000008c6aee98) thrown at [./src/hotspot/share/classfile/systemDictionary.cpp, line 231]
Event: 12.551 Thread 0x00000288ece95800 Exception <a 'java/lang/ClassNotFoundException'{0x000000008c509370}: org/gradle/api/internal/artifacts/configurations/DefaultConfiguration$ConfigurationResolvableDependencies_DecoratedBeanInfo> (0x000000008c509370) thrown at [./src/hotspot/share/classfile/systemDictionary.cpp, line 231]
Event: 12.552 Thread 0x00000288ece95800 Exception <a 'java/lang/ClassNotFoundException'{0x000000008c530d08}: org/gradle/api/internal/artifacts/configurations/DefaultConfiguration$ConfigurationResolvableDependenciesBeanInfo> (0x000000008c530d08) thrown at [./src/hotspot/share/classfile/systemDictionary.cpp, line 231]
Event: 12.552 Thread 0x00000288ece95800 Exception <a 'java/lang/ClassNotFoundException'{0x000000008c559d78}: org/gradle/api/internal/artifacts/configurations/DefaultConfiguration$ConfigurationResolvableDependenciesCustomizer> (0x000000008c559d78) thrown at [./src/hotspot/share/classfile/systemDictionary.cpp, line 231]
Event: 12.554 Thread 0x00000288ece95800 Exception <a 'java/lang/ClassNotFoundException'{0x000000008c593e00}: org/gradle/api/internal/artifacts/configurations/DefaultConfiguration$ConfigurationResolvableDependencies_DecoratedCustomizer> (0x000000008c593e00) thrown at [./src/hotspot/share/classfile/systemDictionary.cpp, line 231]
Event: 12.977 Thread 0x00000288ece95800 Exception <a 'sun/nio/fs/WindowsException'{0x000000008b7415b0}> (0x000000008b7415b0) thrown at [./src/hotspot/share/prims/jni.cpp, line 615]
Event: 13.068 Thread 0x00000288ece95800 Exception <a 'java/lang/NullPointerException'{0x000000008af8ce58}> (0x000000008af8ce58) thrown at [./src/hotspot/share/interpreter/linkResolver.cpp, line 1440]
Event: 13.185 Thread 0x00000288ece95800 Implicit null exception at 0x00000288dc534c0d to 0x00000288dc5352bc
Event: 13.246 Thread 0x00000288ece95800 Exception <a 'java/lang/NoSuchMethodError'{0x000000008f954070}: 'int java.lang.invoke.DirectMethodHandle$Holder.invokeStatic(java.lang.Object, java.lang.Object, int, java.lang.Object)'> (0x000000008f954070) thrown at [./src/hotspot/share/interpreter/linkResolver.cpp, line 773]
Event: 13.247 Thread 0x00000288ece95800 Exception <a 'java/lang/NoSuchMethodError'{0x000000008f95af18}: 'java.lang.Object java.lang.invoke.Invokers$Holder.linkToTargetMethod(java.lang.Object, int, java.lang.Object)'> (0x000000008f95af18) thrown at [./src/hotspot/share/interpreter/linkResolver.cpp, line 773]
Event: 13.551 Thread 0x00000288ece95800 Exception <a 'java/lang/NoSuchMethodError'{0x000000008e263e80}: 'java.lang.Object java.lang.invoke.Invokers$Holder.linkToTargetMethod(java.lang.Object, int, int, java.lang.Object)'> (0x000000008e263e80) thrown at [./src/hotspot/share/interpreter/linkResolver.cpp, line 773]
Event: 13.556 Thread 0x00000288ece95800 Exception <a 'java/lang/ClassNotFoundException'{0x000000008e10cf60}: com/android/build/gradle/tasks/MergeResources_DecoratedBeanInfo> (0x000000008e10cf60) thrown at [./src/hotspot/share/classfile/systemDictionary.cpp, line 231]
Event: 13.557 Thread 0x00000288ece95800 Exception <a 'java/lang/ClassNotFoundException'{0x000000008e123b48}: com/android/build/gradle/tasks/MergeResourcesBeanInfo> (0x000000008e123b48) thrown at [./src/hotspot/share/classfile/systemDictionary.cpp, line 231]
Event: 13.557 Thread 0x00000288ece95800 Exception <a 'java/lang/ClassNotFoundException'{0x000000008e13ab70}: com/android/build/gradle/tasks/ResourceAwareTaskBeanInfo> (0x000000008e13ab70) thrown at [./src/hotspot/share/classfile/systemDictionary.cpp, line 231]
Event: 13.558 Thread 0x00000288ece95800 Exception <a 'java/lang/ClassNotFoundException'{0x000000008e152c00}: com/android/build/gradle/internal/tasks/IncrementalTaskBeanInfo> (0x000000008e152c00) thrown at [./src/hotspot/share/classfile/systemDictionary.cpp, line 231]

Events (20 events):
Event: 13.556 loading class com/android/build/gradle/tasks/MergeResourcesBeanInfo
Event: 13.556 loading class com/android/build/gradle/tasks/MergeResourcesBeanInfo done
Event: 13.557 loading class com/android/build/gradle/tasks/MergeResourcesBeanInfo
Event: 13.557 loading class com/android/build/gradle/tasks/MergeResourcesBeanInfo done
Event: 13.557 loading class com/android/build/gradle/tasks/MergeResourcesBeanInfo
Event: 13.557 loading class com/android/build/gradle/tasks/MergeResourcesBeanInfo done
Event: 13.557 loading class com/android/build/gradle/tasks/ResourceAwareTaskBeanInfo
Event: 13.557 loading class com/android/build/gradle/tasks/ResourceAwareTaskBeanInfo done
Event: 13.557 loading class com/android/build/gradle/tasks/ResourceAwareTaskBeanInfo
Event: 13.557 loading class com/android/build/gradle/tasks/ResourceAwareTaskBeanInfo done
Event: 13.557 loading class com/android/build/gradle/tasks/ResourceAwareTaskBeanInfo
Event: 13.557 loading class com/android/build/gradle/tasks/ResourceAwareTaskBeanInfo done
Event: 13.558 loading class com/android/build/gradle/internal/tasks/IncrementalTaskBeanInfo
Event: 13.558 loading class com/android/build/gradle/internal/tasks/IncrementalTaskBeanInfo done
Event: 13.558 loading class com/android/build/gradle/internal/tasks/IncrementalTaskBeanInfo
Event: 13.558 loading class com/android/build/gradle/internal/tasks/IncrementalTaskBeanInfo done
Event: 13.558 loading class com/android/build/gradle/internal/tasks/IncrementalTaskBeanInfo
Event: 13.558 loading class com/android/build/gradle/internal/tasks/IncrementalTaskBeanInfo done
Event: 13.558 loading class com/android/build/gradle/internal/tasks/AndroidVariantTaskBeanInfo
Event: 13.558 loading class com/android/build/gradle/internal/tasks/AndroidVariantTaskBeanInfo done


Dynamic libraries:
0x00007ff6eb1a0000 - 0x00007ff6eb1aa000 	C:\Program Files\Android\Android Studio\jre\bin\java.exe
0x00007ffe70410000 - 0x00007ffe70605000 	C:\Windows\SYSTEM32\ntdll.dll
0x00007ffe427d0000 - 0x00007ffe427e3000 	C:\Program Files\AVG\Antivirus\aswhook.dll
0x00007ffe70310000 - 0x00007ffe703cd000 	C:\Windows\System32\KERNEL32.DLL
0x00007ffe6de90000 - 0x00007ffe6e158000 	C:\Windows\System32\KERNELBASE.dll
0x00007ffe6dbe0000 - 0x00007ffe6dce0000 	C:\Windows\System32\ucrtbase.dll
0x00007ffe49970000 - 0x00007ffe49989000 	C:\Program Files\Android\Android Studio\jre\bin\jli.dll
0x00007ffe6f350000 - 0x00007ffe6f4f0000 	C:\Windows\System32\USER32.dll
0x00007ffe6de10000 - 0x00007ffe6de32000 	C:\Windows\System32\win32u.dll
0x00007ffe6eb50000 - 0x00007ffe6eb7a000 	C:\Windows\System32\GDI32.dll
0x00007ffe6e160000 - 0x00007ffe6e26b000 	C:\Windows\System32\gdi32full.dll
0x00007ffe6e270000 - 0x00007ffe6e30d000 	C:\Windows\System32\msvcp_win.dll
0x00007ffe53d70000 - 0x00007ffe53d87000 	C:\Program Files\Android\Android Studio\jre\bin\VCRUNTIME140.dll
0x00007ffe62bf0000 - 0x00007ffe62e8a000 	C:\Windows\WinSxS\amd64_microsoft.windows.common-controls_6595b64144ccf1df_6.0.19041.844_none_ca00b6081b84eb1d\COMCTL32.dll
0x00007ffe6f5a0000 - 0x00007ffe6f63e000 	C:\Windows\System32\msvcrt.dll
0x00007ffe6e890000 - 0x00007ffe6e8c0000 	C:\Windows\System32\IMM32.DLL
0x00007ffe477f0000 - 0x00007ffe4788d000 	C:\Program Files\Android\Android Studio\jre\bin\msvcp140.dll
0x00007ffe198d0000 - 0x00007ffe1a38c000 	C:\Program Files\Android\Android Studio\jre\bin\server\jvm.dll
0x00007ffe6e6a0000 - 0x00007ffe6e74c000 	C:\Windows\System32\ADVAPI32.dll
0x00007ffe6f940000 - 0x00007ffe6f9db000 	C:\Windows\System32\sechost.dll
0x00007ffe6e470000 - 0x00007ffe6e59b000 	C:\Windows\System32\RPCRT4.dll
0x00007ffe701d0000 - 0x00007ffe701d8000 	C:\Windows\System32\PSAPI.DLL
0x00007ffe57850000 - 0x00007ffe57859000 	C:\Windows\SYSTEM32\WSOCK32.dll
0x00007ffe6f870000 - 0x00007ffe6f8db000 	C:\Windows\System32\WS2_32.dll
0x00007ffe64e70000 - 0x00007ffe64e97000 	C:\Windows\SYSTEM32\WINMM.dll
0x00007ffe67c80000 - 0x00007ffe67c8a000 	C:\Windows\SYSTEM32\VERSION.dll
0x00007ffe6bac0000 - 0x00007ffe6bad2000 	C:\Windows\SYSTEM32\kernel.appcore.dll
0x00007ffe69800000 - 0x00007ffe69811000 	C:\Program Files\Android\Android Studio\jre\bin\verify.dll
0x00007ffe66540000 - 0x00007ffe66724000 	C:\Windows\SYSTEM32\DBGHELP.DLL
0x00007ffe66820000 - 0x00007ffe6684c000 	C:\Windows\SYSTEM32\dbgcore.DLL
0x00007ffe6dce0000 - 0x00007ffe6dd60000 	C:\Windows\System32\bcryptPrimitives.dll
0x00007ffe69750000 - 0x00007ffe69779000 	C:\Program Files\Android\Android Studio\jre\bin\java.dll
0x00007ffe69ad0000 - 0x00007ffe69adb000 	C:\Program Files\Android\Android Studio\jre\bin\jimage.dll
0x00007ffe62bb0000 - 0x00007ffe62bc8000 	C:\Program Files\Android\Android Studio\jre\bin\zip.dll
0x00007ffe6f9e0000 - 0x00007ffe70122000 	C:\Windows\System32\SHELL32.dll
0x00007ffe6bcc0000 - 0x00007ffe6c450000 	C:\Windows\SYSTEM32\windows.storage.dll
0x00007ffe6eff0000 - 0x00007ffe6f345000 	C:\Windows\System32\combase.dll
0x00007ffe6d5c0000 - 0x00007ffe6d5ec000 	C:\Windows\SYSTEM32\Wldp.dll
0x00007ffe6f4f0000 - 0x00007ffe6f59e000 	C:\Windows\System32\SHCORE.dll
0x00007ffe6ea90000 - 0x00007ffe6eae5000 	C:\Windows\System32\shlwapi.dll
0x00007ffe6da90000 - 0x00007ffe6daaf000 	C:\Windows\SYSTEM32\profapi.dll
0x00007ffe584e0000 - 0x00007ffe584fa000 	C:\Program Files\Android\Android Studio\jre\bin\net.dll
0x00007ffe65360000 - 0x00007ffe6546b000 	C:\Windows\SYSTEM32\WINHTTP.dll
0x00007ffe6d330000 - 0x00007ffe6d39a000 	C:\Windows\system32\mswsock.dll
0x00007ffe58220000 - 0x00007ffe58234000 	C:\Program Files\Android\Android Studio\jre\bin\nio.dll
0x00007ffe4c380000 - 0x00007ffe4c3a7000 	C:\Users\ricro\.gradle\native\fdc75f09e3144964f2cf3f50f0aa648679c211496f362492102eb8c894070792\windows-amd64\native-platform.dll
0x00007ffe15690000 - 0x00007ffe15826000 	C:\Users\ricro\.gradle\native\12488b8bf47d2d4c9fbf2f6322a914ad602e24e48041cd04a747c6da556b65c4\windows-amd64\native-platform-file-events.dll
0x00007ffe69a80000 - 0x00007ffe69a8a000 	C:\Program Files\Android\Android Studio\jre\bin\management.dll
0x00007ffe69a50000 - 0x00007ffe69a5c000 	C:\Program Files\Android\Android Studio\jre\bin\management_ext.dll
0x00007ffe6d500000 - 0x00007ffe6d518000 	C:\Windows\SYSTEM32\CRYPTSP.dll
0x00007ffe6cc60000 - 0x00007ffe6cc94000 	C:\Windows\system32\rsaenh.dll
0x00007ffe6db50000 - 0x00007ffe6db77000 	C:\Windows\System32\bcrypt.dll
0x00007ffe6da50000 - 0x00007ffe6da7e000 	C:\Windows\SYSTEM32\USERENV.dll
0x00007ffe6d520000 - 0x00007ffe6d52c000 	C:\Windows\SYSTEM32\CRYPTBASE.dll
0x00007ffe6cfd0000 - 0x00007ffe6d00b000 	C:\Windows\SYSTEM32\IPHLPAPI.DLL
0x00007ffe70130000 - 0x00007ffe70138000 	C:\Windows\System32\NSI.dll
0x00007ffe67c20000 - 0x00007ffe67c37000 	C:\Windows\SYSTEM32\dhcpcsvc6.DLL
0x00007ffe67c00000 - 0x00007ffe67c1d000 	C:\Windows\SYSTEM32\dhcpcsvc.DLL
0x00007ffe6d020000 - 0x00007ffe6d0ec000 	C:\Windows\SYSTEM32\DNSAPI.dll
0x00007ffe67b90000 - 0x00007ffe67b9b000 	C:\Windows\SYSTEM32\WINNSI.DLL

dbghelp: loaded successfully - version: 4.0.5 - missing functions: none
symbol engine: initialized successfully - sym options: 0x614 - pdb path: .;C:\Program Files\Android\Android Studio\jre\bin;C:\Windows\SYSTEM32;C:\Program Files\AVG\Antivirus;C:\Windows\WinSxS\amd64_microsoft.windows.common-controls_6595b64144ccf1df_6.0.19041.844_none_ca00b6081b84eb1d;C:\Program Files\Android\Android Studio\jre\bin\server;C:\Users\ricro\.gradle\native\fdc75f09e3144964f2cf3f50f0aa648679c211496f362492102eb8c894070792\windows-amd64;C:\Users\ricro\.gradle\native\12488b8bf47d2d4c9fbf2f6322a914ad602e24e48041cd04a747c6da556b65c4\windows-amd64

VM Arguments:
jvm_args: --add-opens=java.base/java.util=ALL-UNNAMED --add-opens=java.base/java.lang=ALL-UNNAMED --add-opens=java.base/java.lang.invoke=ALL-UNNAMED --add-opens=java.prefs/java.util.prefs=ALL-UNNAMED -Xmx2048m -Dfile.encoding=UTF-8 -Duser.country=BO -Duser.language=es -Duser.variant 
java_command: org.gradle.launcher.daemon.bootstrap.GradleDaemon 6.7.1
java_class_path (initial): C:\Users\ricro\.gradle\wrapper\dists\gradle-6.7.1-bin\bwlcbys1h7rz3272sye1xwiv6\gradle-6.7.1\lib\gradle-launcher-6.7.1.jar
Launcher Type: SUN_STANDARD

[Global flags]
     intx CICompilerCount                          = 3                                         {product} {ergonomic}
     uint ConcGCThreads                            = 1                                         {product} {ergonomic}
     uint G1ConcRefinementThreads                  = 4                                         {product} {ergonomic}
   size_t G1HeapRegionSize                         = 1048576                                   {product} {ergonomic}
    uintx GCDrainStackTargetSize                   = 64                                        {product} {ergonomic}
   size_t InitialHeapSize                          = 268435456                                 {product} {ergonomic}
   size_t MarkStackSize                            = 4194304                                   {product} {ergonomic}
   size_t MaxHeapSize                              = 2147483648                                {product} {command line}
   size_t MaxNewSize                               = 1287651328                                {product} {ergonomic}
   size_t MinHeapDeltaBytes                        = 1048576                                   {product} {ergonomic}
    uintx NonNMethodCodeHeapSize                   = 5830732                                {pd product} {ergonomic}
    uintx NonProfiledCodeHeapSize                  = 122913754                              {pd product} {ergonomic}
    uintx ProfiledCodeHeapSize                     = 122913754                              {pd product} {ergonomic}
    uintx ReservedCodeCacheSize                    = 251658240                              {pd product} {ergonomic}
     bool SegmentedCodeCache                       = true                                      {product} {ergonomic}
     bool UseCompressedClassPointers               = true                                 {lp64_product} {ergonomic}
     bool UseCompressedOops                        = true                                 {lp64_product} {ergonomic}
     bool UseG1GC                                  = true                                      {product} {ergonomic}
     bool UseLargePagesIndividualAllocation        = false                                  {pd product} {ergonomic}

Logging:
Log output configuration:
 #0: stdout all=warning uptime,level,tags
 #1: stderr all=off uptime,level,tags

Environment Variables:
PATH=E:\Programas\bin\;C:\Program Files (x86)\Common Files\Oracle\Java\javapath;C:\Program Files\Common Files\Oracle\Java\javapath;C:\Windows\system32;C:\Windows;C:\Windows\System32\Wbem;C:\Windows\System32\WindowsPowerShell\v1.0\;C:\Windows\System32\OpenSSH\;C:\Program Files (x86)\NVIDIA Corporation\PhysX\Common;C:\Program Files (x86)\Brackets\command;C:\Program Files\NVIDIA Corporation\NVIDIA NvDLISR;C:\Program Files\Git\cmd;C:\Program Files\Git\mingw64\bin;C:\Program Files\Git\usr\bin;C:\Program Files\nodejs\;C:\Program Files (x86)\dotnet\;C:\Users\ricro\AppData\Local\Programs\Python\Python39\Scripts\;C:\Users\ricro\AppData\Local\Programs\Python\Python39\;C:\Program Files\MySQL\MySQL Shell 8.0\bin\;C:\Users\ricro\AppData\Local\Microsoft\WindowsApps;C:\Users\ricro\AppData\Local\atom\bin;C:\Users\ricro\AppData\Local\Programs\Microsoft VS Code\bin;C:\Users\ricro\AppData\Roaming\npm
USERNAME=ricro
OS=Windows_NT
PROCESSOR_IDENTIFIER=Intel64 Family 6 Model 60 Stepping 3, GenuineIntel



---------------  S Y S T E M  ---------------

OS: Windows 10 , 64 bit Build 19041 (10.0.19041.928)
OS uptime: 1 days 6:51 hours

CPU:total 4 (initial active 4) (4 cores per cpu, 1 threads per core) family 6 model 60 stepping 3, cmov, cx8, fxsr, mmx, sse, sse2, sse3, ssse3, sse4.1, sse4.2, popcnt, avx, avx2, aes, clmul, erms, lzcnt, tsc, tscinvbit, bmi1, bmi2, fma

Memory: 4k page, system-wide physical 16332M (3823M free)
TotalPageFile size 16332M (AvailPageFile size 6M)
current process WorkingSet (physical memory assigned to process): 460M, peak: 461M
current process commit charge ("private bytes"): 526M, peak: 528M

vm_info: OpenJDK 64-Bit Server VM (11.0.8+10-b944.6842174) for windows-amd64 JRE (11.0.8+10-b944.6842174), built on Sep 19 2020 01:11:42 by "builder" with MS VC++ 14.0 (VS2015)

END.
