#
# There is insufficient memory for the Java Runtime Environment to continue.
# Native memory allocation (malloc) failed to allocate 2010096 bytes for Chunk::new
# Possible reasons:
#   The system is out of physical RAM or swap space
#   The process is running with CompressedOops enabled, and the Java Heap may be blocking the growth of the native heap
# Possible solutions:
#   Reduce memory load on the system
#   Increase physical memory or swap space
#   Check if swap backing store is full
#   Decrease Java heap size (-Xmx/-Xms)
#   Decrease number of Java threads
#   Decrease Java thread stack sizes (-Xss)
#   Set larger code cache with -XX:ReservedCodeCacheSize=
#   JVM is running with Unscaled Compressed Oops mode in which the Java heap is
#     placed in the first 4GB address space. The Java Heap base address is the
#     maximum limit for the native heap growth. Please use -XX:HeapBaseMinAddress
#     to set the Java Heap base and to place the Java Heap above 4GB virtual address.
# This output file may be truncated or incomplete.
#
#  Out of Memory Error (./src/hotspot/share/memory/arena.cpp:197), pid=9468, tid=4088
#
# JRE version: OpenJDK Runtime Environment (11.0.8+10) (build 11.0.8+10-b944.6842174)
# Java VM: OpenJDK 64-Bit Server VM (11.0.8+10-b944.6842174, mixed mode, tiered, compressed oops, g1 gc, windows-amd64)
# No core dump will be written. Minidumps are not enabled by default on client versions of Windows
#

---------------  S U M M A R Y ------------

Command Line: --add-opens=java.base/java.util=ALL-UNNAMED --add-opens=java.base/java.lang=ALL-UNNAMED --add-opens=java.base/java.lang.invoke=ALL-UNNAMED --add-opens=java.prefs/java.util.prefs=ALL-UNNAMED -Xmx2048m -Dfile.encoding=UTF-8 -Duser.country=BO -Duser.language=es -Duser.variant org.gradle.launcher.daemon.bootstrap.GradleDaemon 6.7.1

Host: Intel(R) Core(TM) i5-4460  CPU @ 3.20GHz, 4 cores, 15G,  Windows 10 , 64 bit Build 19041 (10.0.19041.928)
Time: Mon May 31 19:02:26 2021 Hora estándar oeste, Sudamérica elapsed time: 13 seconds (0d 0h 0m 13s)

---------------  T H R E A D  ---------------

Current thread (0x000001b83e3b3000):  JavaThread "C2 CompilerThread0" daemon [_thread_in_native, id=4088, stack(0x0000006e3e200000,0x0000006e3e300000)]


Current CompileTask:
C2:  13069 5895   !   4       java.lang.reflect.Executable::sharedToGenericString (321 bytes)

Stack: [0x0000006e3e200000,0x0000006e3e300000]
Native frames: (J=compiled Java code, j=interpreted, Vv=VM code, C=native code)
V  [jvm.dll+0x5de50a]
V  [jvm.dll+0x7122f5]
V  [jvm.dll+0x71384d]
V  [jvm.dll+0x713f03]
V  [jvm.dll+0x23e728]
V  [jvm.dll+0xb899c]
V  [jvm.dll+0xb8e9c]
V  [jvm.dll+0x35020b]
V  [jvm.dll+0x31dea3]
V  [jvm.dll+0x31d39a]
V  [jvm.dll+0x1f7702]
V  [jvm.dll+0x1f68d4]
V  [jvm.dll+0x17f32c]
V  [jvm.dll+0x205047]
V  [jvm.dll+0x203891]
V  [jvm.dll+0x6dad3f]
V  [jvm.dll+0x6d3895]
V  [jvm.dll+0x5dd4a6]
C  [ucrtbase.dll+0x21bb2]
C  [KERNEL32.DLL+0x17034]
C  [ntdll.dll+0x52651]


---------------  P R O C E S S  ---------------

Threads class SMR info:
_java_thread_list=0x000001b8455dfae0, length=154, elements={
0x000001b82212f800, 0x000001b83e358800, 0x000001b83e361800, 0x000001b83e3af800,
0x000001b83e3b1000, 0x000001b83e3b3000, 0x000001b83e3b9800, 0x000001b83e431800,
0x000001b83e52e800, 0x000001b83e55c000, 0x000001b84013d000, 0x000001b83f80f800,
0x000001b840013800, 0x000001b840219800, 0x000001b8401a5800, 0x000001b840095000,
0x000001b83fdca000, 0x000001b8400a4000, 0x000001b840478000, 0x000001b83fa7c000,
0x000001b83f043000, 0x000001b83f042800, 0x000001b83f044000, 0x000001b83e708800,
0x000001b83f03f000, 0x000001b83f041800, 0x000001b83f045800, 0x000001b83f044800,
0x000001b83f040800, 0x000001b83f040000, 0x000001b842e16800, 0x000001b842e18800,
0x000001b842e13000, 0x000001b842e19800, 0x000001b842e17000, 0x000001b842e14000,
0x000001b842e14800, 0x000001b842e1c000, 0x000001b842e1f800, 0x000001b842e1d000,
0x000001b842e20000, 0x000001b842e1a800, 0x000001b842e1d800, 0x000001b842e21000,
0x000001b842e1e800, 0x000001b842e1b000, 0x000001b843136800, 0x000001b843131800,
0x000001b843132800, 0x000001b843135000, 0x000001b843135800, 0x000001b843139000,
0x000001b843133000, 0x000001b843137000, 0x000001b843138000, 0x000001b843139800,
0x000001b843134000, 0x000001b84313c000, 0x000001b84313f800, 0x000001b84313d000,
0x000001b84313e000, 0x000001b843140000, 0x000001b84313a800, 0x000001b84313b800,
0x000001b84313e800, 0x000001b844de3800, 0x000001b844de3000, 0x000001b844de4800,
0x000001b844de1800, 0x000001b844de5800, 0x000001b844de6000, 0x000001b844de7000,
0x000001b844de8000, 0x000001b844de2000, 0x000001b844deb000, 0x000001b844dec000,
0x000001b844dec800, 0x000001b844ded800, 0x000001b844dea000, 0x000001b844de9800,
0x000001b844dee800, 0x000001b844de8800, 0x000001b844def000, 0x000001b844df0000,
0x000001b8430bd800, 0x000001b8430bc000, 0x000001b8430c0000, 0x000001b8430be800,
0x000001b8430bc800, 0x000001b8430bf000, 0x000001b8430ba000, 0x000001b8430c1000,
0x000001b8430bb000, 0x000001b8430c5800, 0x000001b8430c2800, 0x000001b8430c4000,
0x000001b8430c6800, 0x000001b8430c5000, 0x000001b8430c3000, 0x000001b8430c7800,
0x000001b8430c1800, 0x000001b8430c8000, 0x000001b8430c9000, 0x000001b844e38800,
0x000001b844e3b000, 0x000001b844e37000, 0x000001b844e3a000, 0x000001b844e37800,
0x000001b844e39800, 0x000001b844e35800, 0x000001b844e3c000, 0x000001b844e36000,
0x000001b844e3e800, 0x000001b844e40800, 0x000001b844e41800, 0x000001b844e3d800,
0x000001b844e42800, 0x000001b844e3c800, 0x000001b844e3f000, 0x000001b844e43000,
0x000001b844e44000, 0x000001b844e40000, 0x000001b844c2e800, 0x000001b844c2d800,
0x000001b844c30000, 0x000001b844c2f000, 0x000001b844c31000, 0x000001b844c35800,
0x000001b844c35000, 0x000001b844c32800, 0x000001b844c33000, 0x000001b844c37800,
0x000001b844c31800, 0x000001b844c39800, 0x000001b844c38000, 0x000001b844c34000,
0x000001b844c3a800, 0x000001b844c36800, 0x000001b844c39000, 0x000001b844c3b800,
0x000001b844c3c000, 0x000001b843031800, 0x000001b843033000, 0x000001b843038000,
0x000001b843035800, 0x000001b843033800, 0x000001b843036000, 0x000001b843034800,
0x000001b843037000, 0x000001b843032000, 0x000001b843228800, 0x000001b843229800,
0x000001b843228000, 0x000001b843223800
}

Java Threads: ( => current thread )
  0x000001b82212f800 JavaThread "main" [_thread_blocked, id=16832, stack(0x0000006e3d700000,0x0000006e3d800000)]
  0x000001b83e358800 JavaThread "Reference Handler" daemon [_thread_blocked, id=4964, stack(0x0000006e3de00000,0x0000006e3df00000)]
  0x000001b83e361800 JavaThread "Finalizer" daemon [_thread_blocked, id=13060, stack(0x0000006e3df00000,0x0000006e3e000000)]
  0x000001b83e3af800 JavaThread "Signal Dispatcher" daemon [_thread_blocked, id=13952, stack(0x0000006e3e000000,0x0000006e3e100000)]
  0x000001b83e3b1000 JavaThread "Attach Listener" daemon [_thread_blocked, id=5856, stack(0x0000006e3e100000,0x0000006e3e200000)]
=>0x000001b83e3b3000 JavaThread "C2 CompilerThread0" daemon [_thread_in_native, id=4088, stack(0x0000006e3e200000,0x0000006e3e300000)]
  0x000001b83e3b9800 JavaThread "C1 CompilerThread0" daemon [_thread_blocked, id=17196, stack(0x0000006e3e300000,0x0000006e3e400000)]
  0x000001b83e431800 JavaThread "Sweeper thread" daemon [_thread_blocked, id=18612, stack(0x0000006e3e400000,0x0000006e3e500000)]
  0x000001b83e52e800 JavaThread "Common-Cleaner" daemon [_thread_blocked, id=10076, stack(0x0000006e3e500000,0x0000006e3e600000)]
  0x000001b83e55c000 JavaThread "Service Thread" daemon [_thread_blocked, id=3420, stack(0x0000006e3e600000,0x0000006e3e700000)]
  0x000001b84013d000 JavaThread "Daemon health stats" [_thread_blocked, id=14960, stack(0x0000006e3ec00000,0x0000006e3ed00000)]
  0x000001b83f80f800 JavaThread "Incoming local TCP Connector on port 57512" [_thread_in_native, id=16184, stack(0x0000006e3ee00000,0x0000006e3ef00000)]
  0x000001b840013800 JavaThread "Daemon periodic checks" [_thread_blocked, id=8176, stack(0x0000006e3ef00000,0x0000006e3f000000)]
  0x000001b840219800 JavaThread "Daemon" [_thread_blocked, id=13488, stack(0x0000006e3f000000,0x0000006e3f100000)]
  0x000001b8401a5800 JavaThread "Handler for socket connection from /127.0.0.1:57512 to /127.0.0.1:57513" [_thread_in_native, id=13840, stack(0x0000006e3f100000,0x0000006e3f200000)]
  0x000001b840095000 JavaThread "Cancel handler" [_thread_blocked, id=6328, stack(0x0000006e3f200000,0x0000006e3f300000)]
  0x000001b83fdca000 JavaThread "Daemon worker" [_thread_in_native, id=2168, stack(0x0000006e3f300000,0x0000006e3f400000)]
  0x000001b8400a4000 JavaThread "Asynchronous log dispatcher for DefaultDaemonConnection: socket connection from /127.0.0.1:57512 to /127.0.0.1:57513" [_thread_blocked, id=13368, stack(0x0000006e3f400000,0x0000006e3f500000)]
  0x000001b840478000 JavaThread "Stdin handler" [_thread_blocked, id=8728, stack(0x0000006e3f500000,0x0000006e3f600000)]
  0x000001b83fa7c000 JavaThread "Thread-8" [_thread_blocked, id=11004, stack(0x0000006e3f600000,0x0000006e3f700000)]
  0x000001b83f043000 JavaThread "Cache worker for file hash cache (C:\Users\ricro\.gradle\caches\6.7.1\fileHashes)" [_thread_blocked, id=18132, stack(0x0000006e3f700000,0x0000006e3f800000)]
  0x000001b83f042800 JavaThread "File lock request listener" [_thread_in_native, id=13244, stack(0x0000006e3f800000,0x0000006e3f900000)]
  0x000001b83f044000 JavaThread "Cache worker for journal cache (C:\Users\ricro\.gradle\caches\journal-1)" [_thread_blocked, id=14196, stack(0x0000006e3f900000,0x0000006e3fa00000)]
  0x000001b83e708800 JavaThread "C2 CompilerThread1" daemon [_thread_in_native, id=8076, stack(0x0000006e3fa00000,0x0000006e3fb00000)]
  0x000001b83f03f000 JavaThread "Cache worker for file hash cache (D:\SEMESTRE 1-2021\Proyectos\simulacionflujocaja\.gradle\6.7.1\fileHashes)" [_thread_blocked, id=9548, stack(0x0000006e3fb00000,0x0000006e3fc00000)]
  0x000001b83f041800 JavaThread "Cache worker for checksums cache (D:\SEMESTRE 1-2021\Proyectos\simulacionflujocaja\.gradle\checksums)" [_thread_blocked, id=19408, stack(0x0000006e3fc00000,0x0000006e3fd00000)]
  0x000001b83f045800 JavaThread "Cache worker for cache directory md-supplier (C:\Users\ricro\.gradle\caches\6.7.1\md-supplier)" [_thread_blocked, id=8804, stack(0x0000006e3fd00000,0x0000006e3fe00000)]
  0x000001b83f044800 JavaThread "Cache worker for cache directory md-rule (C:\Users\ricro\.gradle\caches\6.7.1\md-rule)" [_thread_blocked, id=1028, stack(0x0000006e3fe00000,0x0000006e3ff00000)]
  0x000001b83f040800 JavaThread "Cache worker for execution history cache (C:\Users\ricro\.gradle\caches\6.7.1\executionHistory)" [_thread_blocked, id=13928, stack(0x0000006e3ff00000,0x0000006e40000000)]
  0x000001b83f040000 JavaThread "jar transforms" [_thread_blocked, id=18228, stack(0x0000006e40000000,0x0000006e40100000)]
  0x000001b842e16800 JavaThread "Cache worker for file content cache (C:\Users\ricro\.gradle\caches\6.7.1\fileContent)" [_thread_blocked, id=7404, stack(0x0000006e40100000,0x0000006e40200000)]
  0x000001b842e18800 JavaThread "Cache worker for Build Output Cleanup Cache (D:\SEMESTRE 1-2021\Proyectos\simulacionflujocaja\.gradle\buildOutputCleanup)" [_thread_blocked, id=18468, stack(0x0000006e40200000,0x0000006e40300000)]
  0x000001b842e13000 JavaThread "Build operations" [_thread_blocked, id=19448, stack(0x0000006e40300000,0x0000006e40400000)]
  0x000001b842e19800 JavaThread "Build operations Thread 2" [_thread_blocked, id=7472, stack(0x0000006e40400000,0x0000006e40500000)]
  0x000001b842e17000 JavaThread "Build operations Thread 3" [_thread_blocked, id=9100, stack(0x0000006e40500000,0x0000006e40600000)]
  0x000001b842e14000 JavaThread "Build operations Thread 4" [_thread_blocked, id=4972, stack(0x0000006e40600000,0x0000006e40700000)]
  0x000001b842e14800 JavaThread "jar transforms Thread 2" [_thread_blocked, id=2388, stack(0x0000006e40700000,0x0000006e40800000)]
  0x000001b842e1c000 JavaThread "jar transforms Thread 3" [_thread_blocked, id=13384, stack(0x0000006e40800000,0x0000006e40900000)]
  0x000001b842e1f800 JavaThread "jar transforms Thread 4" [_thread_blocked, id=17988, stack(0x0000006e40900000,0x0000006e40a00000)]
  0x000001b842e1d000 JavaThread "jar transforms Thread 5" [_thread_blocked, id=17488, stack(0x0000006e40a00000,0x0000006e40b00000)]
  0x000001b842e20000 JavaThread "jar transforms Thread 6" [_thread_blocked, id=6924, stack(0x0000006e40b00000,0x0000006e40c00000)]
  0x000001b842e1a800 JavaThread "jar transforms Thread 7" [_thread_blocked, id=19132, stack(0x0000006e40c00000,0x0000006e40d00000)]
  0x000001b842e1d800 JavaThread "jar transforms Thread 8" [_thread_blocked, id=8092, stack(0x0000006e40d00000,0x0000006e40e00000)]
  0x000001b842e21000 JavaThread "jar transforms Thread 9" [_thread_blocked, id=14544, stack(0x0000006e40e00000,0x0000006e40f00000)]
  0x000001b842e1e800 JavaThread "jar transforms Thread 10" [_thread_blocked, id=16920, stack(0x0000006e40f00000,0x0000006e41000000)]
  0x000001b842e1b000 JavaThread "jar transforms Thread 11" [_thread_blocked, id=5204, stack(0x0000006e41000000,0x0000006e41100000)]
  0x000001b843136800 JavaThread "jar transforms Thread 12" [_thread_blocked, id=13832, stack(0x0000006e41100000,0x0000006e41200000)]
  0x000001b843131800 JavaThread "jar transforms Thread 13" [_thread_blocked, id=8932, stack(0x0000006e41200000,0x0000006e41300000)]
  0x000001b843132800 JavaThread "jar transforms Thread 14" [_thread_blocked, id=15352, stack(0x0000006e41300000,0x0000006e41400000)]
  0x000001b843135000 JavaThread "jar transforms Thread 15" [_thread_blocked, id=17560, stack(0x0000006e41400000,0x0000006e41500000)]
  0x000001b843135800 JavaThread "jar transforms Thread 16" [_thread_blocked, id=17384, stack(0x0000006e41500000,0x0000006e41600000)]
  0x000001b843139000 JavaThread "jar transforms Thread 17" [_thread_blocked, id=6980, stack(0x0000006e41600000,0x0000006e41700000)]
  0x000001b843133000 JavaThread "jar transforms Thread 18" [_thread_blocked, id=10320, stack(0x0000006e41700000,0x0000006e41800000)]
  0x000001b843137000 JavaThread "jar transforms Thread 19" [_thread_blocked, id=12756, stack(0x0000006e41800000,0x0000006e41900000)]
  0x000001b843138000 JavaThread "jar transforms Thread 20" [_thread_blocked, id=4052, stack(0x0000006e41900000,0x0000006e41a00000)]
  0x000001b843139800 JavaThread "jar transforms Thread 21" [_thread_blocked, id=5760, stack(0x0000006e41a00000,0x0000006e41b00000)]
  0x000001b843134000 JavaThread "jar transforms Thread 22" [_thread_blocked, id=7720, stack(0x0000006e41b00000,0x0000006e41c00000)]
  0x000001b84313c000 JavaThread "jar transforms Thread 23" [_thread_blocked, id=7172, stack(0x0000006e41c00000,0x0000006e41d00000)]
  0x000001b84313f800 JavaThread "jar transforms Thread 24" [_thread_blocked, id=16828, stack(0x0000006e41d00000,0x0000006e41e00000)]
  0x000001b84313d000 JavaThread "jar transforms Thread 25" [_thread_blocked, id=3588, stack(0x0000006e41e00000,0x0000006e41f00000)]
  0x000001b84313e000 JavaThread "jar transforms Thread 26" [_thread_blocked, id=1664, stack(0x0000006e41f00000,0x0000006e42000000)]
  0x000001b843140000 JavaThread "jar transforms Thread 27" [_thread_blocked, id=9556, stack(0x0000006e42000000,0x0000006e42100000)]
  0x000001b84313a800 JavaThread "jar transforms Thread 28" [_thread_blocked, id=11476, stack(0x0000006e42100000,0x0000006e42200000)]
  0x000001b84313b800 JavaThread "jar transforms Thread 29" [_thread_blocked, id=10992, stack(0x0000006e42200000,0x0000006e42300000)]
  0x000001b84313e800 JavaThread "jar transforms Thread 30" [_thread_blocked, id=5536, stack(0x0000006e42300000,0x0000006e42400000)]
  0x000001b844de3800 JavaThread "jar transforms Thread 31" [_thread_blocked, id=7920, stack(0x0000006e42400000,0x0000006e42500000)]
  0x000001b844de3000 JavaThread "jar transforms Thread 32" [_thread_blocked, id=6680, stack(0x0000006e42500000,0x0000006e42600000)]
  0x000001b844de4800 JavaThread "jar transforms Thread 33" [_thread_blocked, id=4888, stack(0x0000006e42600000,0x0000006e42700000)]
  0x000001b844de1800 JavaThread "jar transforms Thread 34" [_thread_blocked, id=8952, stack(0x0000006e42700000,0x0000006e42800000)]
  0x000001b844de5800 JavaThread "jar transforms Thread 35" [_thread_blocked, id=9124, stack(0x0000006e42800000,0x0000006e42900000)]
  0x000001b844de6000 JavaThread "jar transforms Thread 36" [_thread_blocked, id=15288, stack(0x0000006e42900000,0x0000006e42a00000)]
  0x000001b844de7000 JavaThread "jar transforms Thread 37" [_thread_blocked, id=5540, stack(0x0000006e42a00000,0x0000006e42b00000)]
  0x000001b844de8000 JavaThread "jar transforms Thread 38" [_thread_blocked, id=12332, stack(0x0000006e42b00000,0x0000006e42c00000)]
  0x000001b844de2000 JavaThread "jar transforms Thread 39" [_thread_blocked, id=3864, stack(0x0000006e42c00000,0x0000006e42d00000)]
  0x000001b844deb000 JavaThread "jar transforms Thread 40" [_thread_blocked, id=9964, stack(0x0000006e42d00000,0x0000006e42e00000)]
  0x000001b844dec000 JavaThread "jar transforms Thread 41" [_thread_blocked, id=1836, stack(0x0000006e42e00000,0x0000006e42f00000)]
  0x000001b844dec800 JavaThread "jar transforms Thread 42" [_thread_blocked, id=3740, stack(0x0000006e42f00000,0x0000006e43000000)]
  0x000001b844ded800 JavaThread "jar transforms Thread 43" [_thread_blocked, id=6288, stack(0x0000006e43000000,0x0000006e43100000)]
  0x000001b844dea000 JavaThread "jar transforms Thread 44" [_thread_blocked, id=3896, stack(0x0000006e43100000,0x0000006e43200000)]
  0x000001b844de9800 JavaThread "jar transforms Thread 45" [_thread_blocked, id=14276, stack(0x0000006e43200000,0x0000006e43300000)]
  0x000001b844dee800 JavaThread "jar transforms Thread 46" [_thread_blocked, id=10808, stack(0x0000006e43300000,0x0000006e43400000)]
  0x000001b844de8800 JavaThread "jar transforms Thread 47" [_thread_blocked, id=19232, stack(0x0000006e43400000,0x0000006e43500000)]
  0x000001b844def000 JavaThread "jar transforms Thread 48" [_thread_blocked, id=19196, stack(0x0000006e43500000,0x0000006e43600000)]
  0x000001b844df0000 JavaThread "jar transforms Thread 49" [_thread_blocked, id=18292, stack(0x0000006e43600000,0x0000006e43700000)]
  0x000001b8430bd800 JavaThread "jar transforms Thread 50" [_thread_blocked, id=312, stack(0x0000006e43700000,0x0000006e43800000)]
  0x000001b8430bc000 JavaThread "jar transforms Thread 51" [_thread_blocked, id=5240, stack(0x0000006e43800000,0x0000006e43900000)]
  0x000001b8430c0000 JavaThread "jar transforms Thread 52" [_thread_blocked, id=18504, stack(0x0000006e43900000,0x0000006e43a00000)]
  0x000001b8430be800 JavaThread "jar transforms Thread 53" [_thread_blocked, id=13992, stack(0x0000006e43a00000,0x0000006e43b00000)]
  0x000001b8430bc800 JavaThread "jar transforms Thread 54" [_thread_blocked, id=14272, stack(0x0000006e43b00000,0x0000006e43c00000)]
  0x000001b8430bf000 JavaThread "jar transforms Thread 55" [_thread_blocked, id=14756, stack(0x0000006e43c00000,0x0000006e43d00000)]
  0x000001b8430ba000 JavaThread "jar transforms Thread 56" [_thread_blocked, id=15452, stack(0x0000006e43d00000,0x0000006e43e00000)]
  0x000001b8430c1000 JavaThread "jar transforms Thread 57" [_thread_blocked, id=15036, stack(0x0000006e43e00000,0x0000006e43f00000)]
  0x000001b8430bb000 JavaThread "jar transforms Thread 58" [_thread_blocked, id=4216, stack(0x0000006e43f00000,0x0000006e44000000)]
  0x000001b8430c5800 JavaThread "jar transforms Thread 59" [_thread_blocked, id=4360, stack(0x0000006e44000000,0x0000006e44100000)]
  0x000001b8430c2800 JavaThread "jar transforms Thread 60" [_thread_blocked, id=19300, stack(0x0000006e44100000,0x0000006e44200000)]
  0x000001b8430c4000 JavaThread "jar transforms Thread 61" [_thread_blocked, id=18060, stack(0x0000006e44200000,0x0000006e44300000)]
  0x000001b8430c6800 JavaThread "jar transforms Thread 62" [_thread_blocked, id=17364, stack(0x0000006e44300000,0x0000006e44400000)]
  0x000001b8430c5000 JavaThread "jar transforms Thread 63" [_thread_blocked, id=5628, stack(0x0000006e44400000,0x0000006e44500000)]
  0x000001b8430c3000 JavaThread "jar transforms Thread 64" [_thread_blocked, id=18928, stack(0x0000006e44500000,0x0000006e44600000)]
  0x000001b8430c7800 JavaThread "jar transforms Thread 65" [_thread_blocked, id=3940, stack(0x0000006e44600000,0x0000006e44700000)]
  0x000001b8430c1800 JavaThread "jar transforms Thread 66" [_thread_blocked, id=15080, stack(0x0000006e44700000,0x0000006e44800000)]
  0x000001b8430c8000 JavaThread "jar transforms Thread 67" [_thread_blocked, id=18212, stack(0x0000006e44800000,0x0000006e44900000)]
  0x000001b8430c9000 JavaThread "jar transforms Thread 68" [_thread_blocked, id=6728, stack(0x0000006e44900000,0x0000006e44a00000)]
  0x000001b844e38800 JavaThread "jar transforms Thread 69" [_thread_blocked, id=13352, stack(0x0000006e44a00000,0x0000006e44b00000)]
  0x000001b844e3b000 JavaThread "jar transforms Thread 70" [_thread_blocked, id=13456, stack(0x0000006e44b00000,0x0000006e44c00000)]
  0x000001b844e37000 JavaThread "jar transforms Thread 71" [_thread_blocked, id=1392, stack(0x0000006e44c00000,0x0000006e44d00000)]
  0x000001b844e3a000 JavaThread "jar transforms Thread 72" [_thread_blocked, id=12996, stack(0x0000006e44d00000,0x0000006e44e00000)]
  0x000001b844e37800 JavaThread "jar transforms Thread 73" [_thread_blocked, id=15496, stack(0x0000006e44e00000,0x0000006e44f00000)]
  0x000001b844e39800 JavaThread "jar transforms Thread 74" [_thread_blocked, id=7408, stack(0x0000006e44f00000,0x0000006e45000000)]
  0x000001b844e35800 JavaThread "jar transforms Thread 75" [_thread_blocked, id=6216, stack(0x0000006e45000000,0x0000006e45100000)]
  0x000001b844e3c000 JavaThread "jar transforms Thread 76" [_thread_blocked, id=8160, stack(0x0000006e45100000,0x0000006e45200000)]
  0x000001b844e36000 JavaThread "jar transforms Thread 77" [_thread_blocked, id=16888, stack(0x0000006e45200000,0x0000006e45300000)]
  0x000001b844e3e800 JavaThread "jar transforms Thread 78" [_thread_blocked, id=14784, stack(0x0000006e45300000,0x0000006e45400000)]
  0x000001b844e40800 JavaThread "jar transforms Thread 79" [_thread_blocked, id=6800, stack(0x0000006e45400000,0x0000006e45500000)]
  0x000001b844e41800 JavaThread "jar transforms Thread 80" [_thread_blocked, id=5568, stack(0x0000006e45500000,0x0000006e45600000)]
  0x000001b844e3d800 JavaThread "jar transforms Thread 81" [_thread_blocked, id=16536, stack(0x0000006e45600000,0x0000006e45700000)]
  0x000001b844e42800 JavaThread "jar transforms Thread 82" [_thread_blocked, id=6532, stack(0x0000006e45700000,0x0000006e45800000)]
  0x000001b844e3c800 JavaThread "jar transforms Thread 83" [_thread_blocked, id=18396, stack(0x0000006e45800000,0x0000006e45900000)]
  0x000001b844e3f000 JavaThread "jar transforms Thread 84" [_thread_blocked, id=15528, stack(0x0000006e45900000,0x0000006e45a00000)]
  0x000001b844e43000 JavaThread "jar transforms Thread 85" [_thread_blocked, id=1244, stack(0x0000006e45a00000,0x0000006e45b00000)]
  0x000001b844e44000 JavaThread "jar transforms Thread 86" [_thread_blocked, id=7600, stack(0x0000006e45b00000,0x0000006e45c00000)]
  0x000001b844e40000 JavaThread "jar transforms Thread 87" [_thread_blocked, id=7724, stack(0x0000006e45c00000,0x0000006e45d00000)]
  0x000001b844c2e800 JavaThread "jar transforms Thread 88" [_thread_blocked, id=6896, stack(0x0000006e45d00000,0x0000006e45e00000)]
  0x000001b844c2d800 JavaThread "jar transforms Thread 89" [_thread_blocked, id=2840, stack(0x0000006e45e00000,0x0000006e45f00000)]
  0x000001b844c30000 JavaThread "jar transforms Thread 90" [_thread_blocked, id=15284, stack(0x0000006e45f00000,0x0000006e46000000)]
  0x000001b844c2f000 JavaThread "jar transforms Thread 91" [_thread_blocked, id=14552, stack(0x0000006e46000000,0x0000006e46100000)]
  0x000001b844c31000 JavaThread "jar transforms Thread 92" [_thread_blocked, id=17720, stack(0x0000006e46100000,0x0000006e46200000)]
  0x000001b844c35800 JavaThread "jar transforms Thread 93" [_thread_blocked, id=5656, stack(0x0000006e46200000,0x0000006e46300000)]
  0x000001b844c35000 JavaThread "jar transforms Thread 94" [_thread_blocked, id=13968, stack(0x0000006e46300000,0x0000006e46400000)]
  0x000001b844c32800 JavaThread "jar transforms Thread 95" [_thread_blocked, id=1348, stack(0x0000006e46400000,0x0000006e46500000)]
  0x000001b844c33000 JavaThread "jar transforms Thread 96" [_thread_blocked, id=12800, stack(0x0000006e46500000,0x0000006e46600000)]
  0x000001b844c37800 JavaThread "jar transforms Thread 97" [_thread_blocked, id=9500, stack(0x0000006e46600000,0x0000006e46700000)]
  0x000001b844c31800 JavaThread "jar transforms Thread 98" [_thread_blocked, id=13032, stack(0x0000006e46700000,0x0000006e46800000)]
  0x000001b844c39800 JavaThread "jar transforms Thread 99" [_thread_blocked, id=13132, stack(0x0000006e46800000,0x0000006e46900000)]
  0x000001b844c38000 JavaThread "jar transforms Thread 100" [_thread_blocked, id=4696, stack(0x0000006e46900000,0x0000006e46a00000)]
  0x000001b844c34000 JavaThread "jar transforms Thread 101" [_thread_blocked, id=16340, stack(0x0000006e46a00000,0x0000006e46b00000)]
  0x000001b844c3a800 JavaThread "jar transforms Thread 102" [_thread_blocked, id=1500, stack(0x0000006e46b00000,0x0000006e46c00000)]
  0x000001b844c36800 JavaThread "jar transforms Thread 103" [_thread_blocked, id=1604, stack(0x0000006e46c00000,0x0000006e46d00000)]
  0x000001b844c39000 JavaThread "jar transforms Thread 104" [_thread_blocked, id=13820, stack(0x0000006e46d00000,0x0000006e46e00000)]
  0x000001b844c3b800 JavaThread "jar transforms Thread 105" [_thread_blocked, id=16176, stack(0x0000006e46e00000,0x0000006e46f00000)]
  0x000001b844c3c000 JavaThread "jar transforms Thread 106" [_thread_blocked, id=19000, stack(0x0000006e46f00000,0x0000006e47000000)]
  0x000001b843031800 JavaThread "jar transforms Thread 107" [_thread_blocked, id=9412, stack(0x0000006e47000000,0x0000006e47100000)]
  0x000001b843033000 JavaThread "jar transforms Thread 108" [_thread_blocked, id=12724, stack(0x0000006e47100000,0x0000006e47200000)]
  0x000001b843038000 JavaThread "jar transforms Thread 109" [_thread_blocked, id=11040, stack(0x0000006e47200000,0x0000006e47300000)]
  0x000001b843035800 JavaThread "jar transforms Thread 110" [_thread_blocked, id=17484, stack(0x0000006e47300000,0x0000006e47400000)]
  0x000001b843033800 JavaThread "jar transforms Thread 111" [_thread_blocked, id=13616, stack(0x0000006e47400000,0x0000006e47500000)]
  0x000001b843036000 JavaThread "jar transforms Thread 112" [_thread_blocked, id=1180, stack(0x0000006e47500000,0x0000006e47600000)]
  0x000001b843034800 JavaThread "jar transforms Thread 113" [_thread_blocked, id=17724, stack(0x0000006e47600000,0x0000006e47700000)]
  0x000001b843037000 JavaThread "jar transforms Thread 114" [_thread_blocked, id=14652, stack(0x0000006e47700000,0x0000006e47800000)]
  0x000001b843032000 JavaThread "jar transforms Thread 115" [_thread_blocked, id=12496, stack(0x0000006e47800000,0x0000006e47900000)]
  0x000001b843228800 JavaThread "jar transforms Thread 116" [_thread_blocked, id=15760, stack(0x0000006e47900000,0x0000006e47a00000)]
  0x000001b843229800 JavaThread "jar transforms Thread 117" [_thread_blocked, id=19052, stack(0x0000006e47a00000,0x0000006e47b00000)]
  0x000001b843228000 JavaThread "jar transforms Thread 118" [_thread_blocked, id=11268, stack(0x0000006e47b00000,0x0000006e47c00000)]
  0x000001b843223800 JavaThread "Memory manager" [_thread_blocked, id=16500, stack(0x0000006e47c00000,0x0000006e47d00000)]

Other Threads:
  0x000001b83e354800 VMThread "VM Thread" [stack: 0x0000006e3dd00000,0x0000006e3de00000] [id=15788]
  0x000001b83e55d000 WatcherThread [stack: 0x0000006e3e700000,0x0000006e3e800000] [id=11236]
  0x000001b822147800 GCTaskThread "GC Thread#0" [stack: 0x0000006e3d800000,0x0000006e3d900000] [id=18988]
  0x000001b83ee4e000 GCTaskThread "GC Thread#1" [stack: 0x0000006e3e800000,0x0000006e3e900000] [id=17116]
  0x000001b83ee4e800 GCTaskThread "GC Thread#2" [stack: 0x0000006e3e900000,0x0000006e3ea00000] [id=5056]
  0x000001b83ee53800 GCTaskThread "GC Thread#3" [stack: 0x0000006e3ea00000,0x0000006e3eb00000] [id=13816]
  0x000001b82217b000 ConcurrentGCThread "G1 Main Marker" [stack: 0x0000006e3d900000,0x0000006e3da00000] [id=8456]
  0x000001b82217d800 ConcurrentGCThread "G1 Conc#0" [stack: 0x0000006e3da00000,0x0000006e3db00000] [id=19060]
  0x000001b82220d800 ConcurrentGCThread "G1 Refine#0" [stack: 0x0000006e3db00000,0x0000006e3dc00000] [id=8704]
  0x000001b83d99a800 ConcurrentGCThread "G1 Young RemSet Sampling" [stack: 0x0000006e3dc00000,0x0000006e3dd00000] [id=14328]

Threads with active compile tasks:
C2 CompilerThread0  13111 5895   !   4       java.lang.reflect.Executable::sharedToGenericString (321 bytes)
C1 CompilerThread0  13111 5978       3       org.gradle.plugin.use.internal.DefaultPluginId::getNamespace (29 bytes)
C2 CompilerThread1  13111 5894       4       java.beans.Introspector::addMethod (196 bytes)

VM state:not at safepoint (normal execution)

VM Mutex/Monitor currently owned by a thread: None

Heap address: 0x0000000080000000, size: 2048 MB, Compressed Oops mode: 32-bit
Narrow klass base: 0x0000000000000000, Narrow klass shift: 3
Compressed class space size: 1073741824 Address: 0x0000000100000000

Heap:
 garbage-first heap   total 262144K, used 118537K [0x0000000080000000, 0x0000000100000000)
  region size 1024K, 89 young (91136K), 20 survivors (20480K)
 Metaspace       used 62161K, capacity 63629K, committed 63868K, reserved 1105920K
  class space    used 7875K, capacity 8386K, committed 8448K, reserved 1048576K
Heap Regions: E=young(eden), S=young(survivor), O=old, HS=humongous(starts), HC=humongous(continues), CS=collection set, F=free, A=archive, TAMS=top-at-mark-start (previous, next)
|   0|0x0000000080000000, 0x0000000080100000, 0x0000000080100000|100%| O|  |TAMS 0x0000000080100000, 0x0000000080000000| Untracked 
|   1|0x0000000080100000, 0x0000000080200000, 0x0000000080200000|100%| O|  |TAMS 0x0000000080200000, 0x0000000080100000| Untracked 
|   2|0x0000000080200000, 0x0000000080300000, 0x0000000080300000|100%| O|  |TAMS 0x0000000080300000, 0x0000000080200000| Untracked 
|   3|0x0000000080300000, 0x0000000080400000, 0x0000000080400000|100%|HS|  |TAMS 0x0000000080400000, 0x0000000080300000| Complete 
|   4|0x0000000080400000, 0x0000000080500000, 0x0000000080500000|100%|HC|  |TAMS 0x0000000080500000, 0x0000000080400000| Complete 
|   5|0x0000000080500000, 0x0000000080600000, 0x0000000080600000|100%|HC|  |TAMS 0x0000000080600000, 0x0000000080500000| Complete 
|   6|0x0000000080600000, 0x0000000080700000, 0x0000000080700000|100%| O|  |TAMS 0x0000000080700000, 0x0000000080600000| Untracked 
|   7|0x0000000080700000, 0x0000000080800000, 0x0000000080800000|100%| O|  |TAMS 0x0000000080800000, 0x0000000080700000| Untracked 
|   8|0x0000000080800000, 0x0000000080900000, 0x0000000080900000|100%| O|  |TAMS 0x0000000080900000, 0x0000000080800000| Untracked 
|   9|0x0000000080900000, 0x0000000080a00000, 0x0000000080a00000|100%| O|  |TAMS 0x0000000080a00000, 0x0000000080900000| Untracked 
|  10|0x0000000080a00000, 0x0000000080b00000, 0x0000000080b00000|100%| O|  |TAMS 0x0000000080b00000, 0x0000000080a00000| Untracked 
|  11|0x0000000080b00000, 0x0000000080c00000, 0x0000000080c00000|100%| O|  |TAMS 0x0000000080c00000, 0x0000000080b00000| Untracked 
|  12|0x0000000080c00000, 0x0000000080d00000, 0x0000000080d00000|100%| O|  |TAMS 0x0000000080d00000, 0x0000000080c00000| Untracked 
|  13|0x0000000080d00000, 0x0000000080e00000, 0x0000000080e00000|100%|HS|  |TAMS 0x0000000080e00000, 0x0000000080d00000| Complete 
|  14|0x0000000080e00000, 0x0000000080f00000, 0x0000000080f00000|100%|HS|  |TAMS 0x0000000080f00000, 0x0000000080e00000| Complete 
|  15|0x0000000080f00000, 0x0000000081000000, 0x0000000081000000|100%|HC|  |TAMS 0x0000000081000000, 0x0000000080f00000| Complete 
|  16|0x0000000081000000, 0x0000000081100000, 0x0000000081100000|100%|HC|  |TAMS 0x0000000081100000, 0x0000000081000000| Complete 
|  17|0x0000000081100000, 0x0000000081200000, 0x0000000081200000|100%|HS|  |TAMS 0x0000000081200000, 0x0000000081100000| Complete 
|  18|0x0000000081200000, 0x0000000081300000, 0x0000000081300000|100%|HC|  |TAMS 0x0000000081300000, 0x0000000081200000| Complete 
|  19|0x0000000081300000, 0x0000000081400000, 0x0000000081400000|100%| O|  |TAMS 0x0000000081400000, 0x0000000081300000| Untracked 
|  20|0x0000000081400000, 0x0000000081500000, 0x0000000081500000|100%| O|  |TAMS 0x0000000081500000, 0x0000000081400000| Untracked 
|  21|0x0000000081500000, 0x0000000081600000, 0x0000000081600000|100%| O|  |TAMS 0x0000000081600000, 0x0000000081500000| Untracked 
|  22|0x0000000081600000, 0x0000000081700000, 0x0000000081700000|100%| O|  |TAMS 0x0000000081700000, 0x0000000081600000| Untracked 
|  23|0x0000000081700000, 0x0000000081800000, 0x0000000081800000|100%| O|  |TAMS 0x0000000081800000, 0x0000000081700000| Untracked 
|  24|0x0000000081800000, 0x0000000081900000, 0x0000000081900000|100%| O|  |TAMS 0x0000000081900000, 0x0000000081800000| Untracked 
|  25|0x0000000081900000, 0x0000000081a00000, 0x0000000081a00000|100%| O|  |TAMS 0x0000000081a00000, 0x0000000081900000| Untracked 
|  26|0x0000000081a00000, 0x0000000081b00000, 0x0000000081b00000|100%| O|  |TAMS 0x0000000081b00000, 0x0000000081a00000| Untracked 
|  27|0x0000000081b00000, 0x0000000081bc2600, 0x0000000081c00000| 75%| O|  |TAMS 0x0000000081bc2600, 0x0000000081b00000| Untracked 
|  28|0x0000000081c00000, 0x0000000081d00000, 0x0000000081d00000|100%|HS|  |TAMS 0x0000000081c00000, 0x0000000081c00000| Complete 
|  29|0x0000000081d00000, 0x0000000081d00000, 0x0000000081e00000|  0%| F|  |TAMS 0x0000000081d00000, 0x0000000081d00000| Untracked 
|  30|0x0000000081e00000, 0x0000000081e00000, 0x0000000081f00000|  0%| F|  |TAMS 0x0000000081e00000, 0x0000000081e00000| Untracked 
|  31|0x0000000081f00000, 0x0000000081f00000, 0x0000000082000000|  0%| F|  |TAMS 0x0000000081f00000, 0x0000000081f00000| Untracked 
|  32|0x0000000082000000, 0x0000000082000000, 0x0000000082100000|  0%| F|  |TAMS 0x0000000082000000, 0x0000000082000000| Untracked 
|  33|0x0000000082100000, 0x0000000082100000, 0x0000000082200000|  0%| F|  |TAMS 0x0000000082100000, 0x0000000082100000| Untracked 
|  34|0x0000000082200000, 0x0000000082200000, 0x0000000082300000|  0%| F|  |TAMS 0x0000000082200000, 0x0000000082200000| Untracked 
|  35|0x0000000082300000, 0x0000000082300000, 0x0000000082400000|  0%| F|  |TAMS 0x0000000082300000, 0x0000000082300000| Untracked 
|  36|0x0000000082400000, 0x0000000082400000, 0x0000000082500000|  0%| F|  |TAMS 0x0000000082400000, 0x0000000082400000| Untracked 
|  37|0x0000000082500000, 0x0000000082500000, 0x0000000082600000|  0%| F|  |TAMS 0x0000000082500000, 0x0000000082500000| Untracked 
|  38|0x0000000082600000, 0x0000000082600000, 0x0000000082700000|  0%| F|  |TAMS 0x0000000082600000, 0x0000000082600000| Untracked 
|  39|0x0000000082700000, 0x0000000082700000, 0x0000000082800000|  0%| F|  |TAMS 0x0000000082700000, 0x0000000082700000| Untracked 
|  40|0x0000000082800000, 0x0000000082800000, 0x0000000082900000|  0%| F|  |TAMS 0x0000000082800000, 0x0000000082800000| Untracked 
|  41|0x0000000082900000, 0x0000000082900000, 0x0000000082a00000|  0%| F|  |TAMS 0x0000000082900000, 0x0000000082900000| Untracked 
|  42|0x0000000082a00000, 0x0000000082a00000, 0x0000000082b00000|  0%| F|  |TAMS 0x0000000082a00000, 0x0000000082a00000| Untracked 
|  43|0x0000000082b00000, 0x0000000082b00000, 0x0000000082c00000|  0%| F|  |TAMS 0x0000000082b00000, 0x0000000082b00000| Untracked 
|  44|0x0000000082c00000, 0x0000000082c00000, 0x0000000082d00000|  0%| F|  |TAMS 0x0000000082c00000, 0x0000000082c00000| Untracked 
|  45|0x0000000082d00000, 0x0000000082d00000, 0x0000000082e00000|  0%| F|  |TAMS 0x0000000082d00000, 0x0000000082d00000| Untracked 
|  46|0x0000000082e00000, 0x0000000082e00000, 0x0000000082f00000|  0%| F|  |TAMS 0x0000000082e00000, 0x0000000082e00000| Untracked 
|  47|0x0000000082f00000, 0x0000000082f00000, 0x0000000083000000|  0%| F|  |TAMS 0x0000000082f00000, 0x0000000082f00000| Untracked 
|  48|0x0000000083000000, 0x0000000083000000, 0x0000000083100000|  0%| F|  |TAMS 0x0000000083000000, 0x0000000083000000| Untracked 
|  49|0x0000000083100000, 0x0000000083100000, 0x0000000083200000|  0%| F|  |TAMS 0x0000000083100000, 0x0000000083100000| Untracked 
|  50|0x0000000083200000, 0x0000000083200000, 0x0000000083300000|  0%| F|  |TAMS 0x0000000083200000, 0x0000000083200000| Untracked 
|  51|0x0000000083300000, 0x0000000083300000, 0x0000000083400000|  0%| F|  |TAMS 0x0000000083300000, 0x0000000083300000| Untracked 
|  52|0x0000000083400000, 0x0000000083400000, 0x0000000083500000|  0%| F|  |TAMS 0x0000000083400000, 0x0000000083400000| Untracked 
|  53|0x0000000083500000, 0x0000000083500000, 0x0000000083600000|  0%| F|  |TAMS 0x0000000083500000, 0x0000000083500000| Untracked 
|  54|0x0000000083600000, 0x0000000083600000, 0x0000000083700000|  0%| F|  |TAMS 0x0000000083600000, 0x0000000083600000| Untracked 
|  55|0x0000000083700000, 0x0000000083700000, 0x0000000083800000|  0%| F|  |TAMS 0x0000000083700000, 0x0000000083700000| Untracked 
|  56|0x0000000083800000, 0x0000000083800000, 0x0000000083900000|  0%| F|  |TAMS 0x0000000083800000, 0x0000000083800000| Untracked 
|  57|0x0000000083900000, 0x0000000083900000, 0x0000000083a00000|  0%| F|  |TAMS 0x0000000083900000, 0x0000000083900000| Untracked 
|  58|0x0000000083a00000, 0x0000000083a00000, 0x0000000083b00000|  0%| F|  |TAMS 0x0000000083a00000, 0x0000000083a00000| Untracked 
|  59|0x0000000083b00000, 0x0000000083b00000, 0x0000000083c00000|  0%| F|  |TAMS 0x0000000083b00000, 0x0000000083b00000| Untracked 
|  60|0x0000000083c00000, 0x0000000083c00000, 0x0000000083d00000|  0%| F|  |TAMS 0x0000000083c00000, 0x0000000083c00000| Untracked 
|  61|0x0000000083d00000, 0x0000000083d00000, 0x0000000083e00000|  0%| F|  |TAMS 0x0000000083d00000, 0x0000000083d00000| Untracked 
|  62|0x0000000083e00000, 0x0000000083e00000, 0x0000000083f00000|  0%| F|  |TAMS 0x0000000083e00000, 0x0000000083e00000| Untracked 
|  63|0x0000000083f00000, 0x0000000083f00000, 0x0000000084000000|  0%| F|  |TAMS 0x0000000083f00000, 0x0000000083f00000| Untracked 
|  64|0x0000000084000000, 0x0000000084000000, 0x0000000084100000|  0%| F|  |TAMS 0x0000000084000000, 0x0000000084000000| Untracked 
|  65|0x0000000084100000, 0x0000000084100000, 0x0000000084200000|  0%| F|  |TAMS 0x0000000084100000, 0x0000000084100000| Untracked 
|  66|0x0000000084200000, 0x0000000084200000, 0x0000000084300000|  0%| F|  |TAMS 0x0000000084200000, 0x0000000084200000| Untracked 
|  67|0x0000000084300000, 0x0000000084300000, 0x0000000084400000|  0%| F|  |TAMS 0x0000000084300000, 0x0000000084300000| Untracked 
|  68|0x0000000084400000, 0x0000000084400000, 0x0000000084500000|  0%| F|  |TAMS 0x0000000084400000, 0x0000000084400000| Untracked 
|  69|0x0000000084500000, 0x0000000084500000, 0x0000000084600000|  0%| F|  |TAMS 0x0000000084500000, 0x0000000084500000| Untracked 
|  70|0x0000000084600000, 0x0000000084600000, 0x0000000084700000|  0%| F|  |TAMS 0x0000000084600000, 0x0000000084600000| Untracked 
|  71|0x0000000084700000, 0x0000000084700000, 0x0000000084800000|  0%| F|  |TAMS 0x0000000084700000, 0x0000000084700000| Untracked 
|  72|0x0000000084800000, 0x0000000084800000, 0x0000000084900000|  0%| F|  |TAMS 0x0000000084800000, 0x0000000084800000| Untracked 
|  73|0x0000000084900000, 0x0000000084900000, 0x0000000084a00000|  0%| F|  |TAMS 0x0000000084900000, 0x0000000084900000| Untracked 
|  74|0x0000000084a00000, 0x0000000084a00000, 0x0000000084b00000|  0%| F|  |TAMS 0x0000000084a00000, 0x0000000084a00000| Untracked 
|  75|0x0000000084b00000, 0x0000000084b00000, 0x0000000084c00000|  0%| F|  |TAMS 0x0000000084b00000, 0x0000000084b00000| Untracked 
|  76|0x0000000084c00000, 0x0000000084c00000, 0x0000000084d00000|  0%| F|  |TAMS 0x0000000084c00000, 0x0000000084c00000| Untracked 
|  77|0x0000000084d00000, 0x0000000084d00000, 0x0000000084e00000|  0%| F|  |TAMS 0x0000000084d00000, 0x0000000084d00000| Untracked 
|  78|0x0000000084e00000, 0x0000000084e00000, 0x0000000084f00000|  0%| F|  |TAMS 0x0000000084e00000, 0x0000000084e00000| Untracked 
|  79|0x0000000084f00000, 0x0000000084f00000, 0x0000000085000000|  0%| F|  |TAMS 0x0000000084f00000, 0x0000000084f00000| Untracked 
|  80|0x0000000085000000, 0x0000000085000000, 0x0000000085100000|  0%| F|  |TAMS 0x0000000085000000, 0x0000000085000000| Untracked 
|  81|0x0000000085100000, 0x0000000085100000, 0x0000000085200000|  0%| F|  |TAMS 0x0000000085100000, 0x0000000085100000| Untracked 
|  82|0x0000000085200000, 0x0000000085200000, 0x0000000085300000|  0%| F|  |TAMS 0x0000000085200000, 0x0000000085200000| Untracked 
|  83|0x0000000085300000, 0x0000000085400000, 0x0000000085400000|100%| S|CS|TAMS 0x0000000085300000, 0x0000000085300000| Complete 
|  84|0x0000000085400000, 0x0000000085500000, 0x0000000085500000|100%| S|CS|TAMS 0x0000000085400000, 0x0000000085400000| Complete 
|  85|0x0000000085500000, 0x0000000085600000, 0x0000000085600000|100%| S|CS|TAMS 0x0000000085500000, 0x0000000085500000| Complete 
|  86|0x0000000085600000, 0x0000000085700000, 0x0000000085700000|100%| S|CS|TAMS 0x0000000085600000, 0x0000000085600000| Complete 
|  87|0x0000000085700000, 0x0000000085800000, 0x0000000085800000|100%| S|CS|TAMS 0x0000000085700000, 0x0000000085700000| Complete 
|  88|0x0000000085800000, 0x0000000085900000, 0x0000000085900000|100%| S|CS|TAMS 0x0000000085800000, 0x0000000085800000| Complete 
|  89|0x0000000085900000, 0x0000000085a00000, 0x0000000085a00000|100%| S|CS|TAMS 0x0000000085900000, 0x0000000085900000| Complete 
|  90|0x0000000085a00000, 0x0000000085b00000, 0x0000000085b00000|100%| S|CS|TAMS 0x0000000085a00000, 0x0000000085a00000| Complete 
|  91|0x0000000085b00000, 0x0000000085c00000, 0x0000000085c00000|100%| S|CS|TAMS 0x0000000085b00000, 0x0000000085b00000| Complete 
|  92|0x0000000085c00000, 0x0000000085d00000, 0x0000000085d00000|100%| S|CS|TAMS 0x0000000085c00000, 0x0000000085c00000| Complete 
|  93|0x0000000085d00000, 0x0000000085e00000, 0x0000000085e00000|100%| S|CS|TAMS 0x0000000085d00000, 0x0000000085d00000| Complete 
|  94|0x0000000085e00000, 0x0000000085f00000, 0x0000000085f00000|100%| S|CS|TAMS 0x0000000085e00000, 0x0000000085e00000| Complete 
|  95|0x0000000085f00000, 0x0000000086000000, 0x0000000086000000|100%| S|CS|TAMS 0x0000000085f00000, 0x0000000085f00000| Complete 
|  96|0x0000000086000000, 0x0000000086000000, 0x0000000086100000|  0%| F|  |TAMS 0x0000000086000000, 0x0000000086000000| Untracked 
|  97|0x0000000086100000, 0x0000000086100000, 0x0000000086200000|  0%| F|  |TAMS 0x0000000086100000, 0x0000000086100000| Untracked 
|  98|0x0000000086200000, 0x0000000086200000, 0x0000000086300000|  0%| F|  |TAMS 0x0000000086200000, 0x0000000086200000| Untracked 
|  99|0x0000000086300000, 0x0000000086300000, 0x0000000086400000|  0%| F|  |TAMS 0x0000000086300000, 0x0000000086300000| Untracked 
| 100|0x0000000086400000, 0x0000000086400000, 0x0000000086500000|  0%| F|  |TAMS 0x0000000086400000, 0x0000000086400000| Untracked 
| 101|0x0000000086500000, 0x0000000086500000, 0x0000000086600000|  0%| F|  |TAMS 0x0000000086500000, 0x0000000086500000| Untracked 
| 102|0x0000000086600000, 0x0000000086600000, 0x0000000086700000|  0%| F|  |TAMS 0x0000000086600000, 0x0000000086600000| Untracked 
| 103|0x0000000086700000, 0x0000000086700000, 0x0000000086800000|  0%| F|  |TAMS 0x0000000086700000, 0x0000000086700000| Untracked 
| 104|0x0000000086800000, 0x0000000086800000, 0x0000000086900000|  0%| F|  |TAMS 0x0000000086800000, 0x0000000086800000| Untracked 
| 105|0x0000000086900000, 0x0000000086900000, 0x0000000086a00000|  0%| F|  |TAMS 0x0000000086900000, 0x0000000086900000| Untracked 
| 106|0x0000000086a00000, 0x0000000086a00000, 0x0000000086b00000|  0%| F|  |TAMS 0x0000000086a00000, 0x0000000086a00000| Untracked 
| 107|0x0000000086b00000, 0x0000000086b00000, 0x0000000086c00000|  0%| F|  |TAMS 0x0000000086b00000, 0x0000000086b00000| Untracked 
| 108|0x0000000086c00000, 0x0000000086c00000, 0x0000000086d00000|  0%| F|  |TAMS 0x0000000086c00000, 0x0000000086c00000| Untracked 
| 109|0x0000000086d00000, 0x0000000086d00000, 0x0000000086e00000|  0%| F|  |TAMS 0x0000000086d00000, 0x0000000086d00000| Untracked 
| 110|0x0000000086e00000, 0x0000000086e00000, 0x0000000086f00000|  0%| F|  |TAMS 0x0000000086e00000, 0x0000000086e00000| Untracked 
| 111|0x0000000086f00000, 0x0000000086f00000, 0x0000000087000000|  0%| F|  |TAMS 0x0000000086f00000, 0x0000000086f00000| Untracked 
| 112|0x0000000087000000, 0x0000000087100000, 0x0000000087100000|100%| S|CS|TAMS 0x0000000087000000, 0x0000000087000000| Complete 
| 113|0x0000000087100000, 0x0000000087200000, 0x0000000087200000|100%| S|CS|TAMS 0x0000000087100000, 0x0000000087100000| Complete 
| 114|0x0000000087200000, 0x0000000087300000, 0x0000000087300000|100%| S|CS|TAMS 0x0000000087200000, 0x0000000087200000| Complete 
| 115|0x0000000087300000, 0x0000000087400000, 0x0000000087400000|100%| S|CS|TAMS 0x0000000087300000, 0x0000000087300000| Complete 
| 116|0x0000000087400000, 0x0000000087500000, 0x0000000087500000|100%| S|CS|TAMS 0x0000000087400000, 0x0000000087400000| Complete 
| 117|0x0000000087500000, 0x0000000087600000, 0x0000000087600000|100%| S|CS|TAMS 0x0000000087500000, 0x0000000087500000| Complete 
| 118|0x0000000087600000, 0x0000000087700000, 0x0000000087700000|100%| S|CS|TAMS 0x0000000087600000, 0x0000000087600000| Complete 
| 119|0x0000000087700000, 0x0000000087700000, 0x0000000087800000|  0%| F|  |TAMS 0x0000000087700000, 0x0000000087700000| Untracked 
| 120|0x0000000087800000, 0x0000000087800000, 0x0000000087900000|  0%| F|  |TAMS 0x0000000087800000, 0x0000000087800000| Untracked 
| 121|0x0000000087900000, 0x0000000087900000, 0x0000000087a00000|  0%| F|  |TAMS 0x0000000087900000, 0x0000000087900000| Untracked 
| 122|0x0000000087a00000, 0x0000000087a00000, 0x0000000087b00000|  0%| F|  |TAMS 0x0000000087a00000, 0x0000000087a00000| Untracked 
| 123|0x0000000087b00000, 0x0000000087b00000, 0x0000000087c00000|  0%| F|  |TAMS 0x0000000087b00000, 0x0000000087b00000| Untracked 
| 124|0x0000000087c00000, 0x0000000087c00000, 0x0000000087d00000|  0%| F|  |TAMS 0x0000000087c00000, 0x0000000087c00000| Untracked 
| 125|0x0000000087d00000, 0x0000000087d00000, 0x0000000087e00000|  0%| F|  |TAMS 0x0000000087d00000, 0x0000000087d00000| Untracked 
| 126|0x0000000087e00000, 0x0000000087e00000, 0x0000000087f00000|  0%| F|  |TAMS 0x0000000087e00000, 0x0000000087e00000| Untracked 
| 127|0x0000000087f00000, 0x0000000087f00000, 0x0000000088000000|  0%| F|  |TAMS 0x0000000087f00000, 0x0000000087f00000| Untracked 
| 128|0x0000000088000000, 0x0000000088000000, 0x0000000088100000|  0%| F|  |TAMS 0x0000000088000000, 0x0000000088000000| Untracked 
| 129|0x0000000088100000, 0x0000000088100000, 0x0000000088200000|  0%| F|  |TAMS 0x0000000088100000, 0x0000000088100000| Untracked 
| 130|0x0000000088200000, 0x0000000088200000, 0x0000000088300000|  0%| F|  |TAMS 0x0000000088200000, 0x0000000088200000| Untracked 
| 131|0x0000000088300000, 0x0000000088300000, 0x0000000088400000|  0%| F|  |TAMS 0x0000000088300000, 0x0000000088300000| Untracked 
| 132|0x0000000088400000, 0x0000000088400000, 0x0000000088500000|  0%| F|  |TAMS 0x0000000088400000, 0x0000000088400000| Untracked 
| 133|0x0000000088500000, 0x0000000088500000, 0x0000000088600000|  0%| F|  |TAMS 0x0000000088500000, 0x0000000088500000| Untracked 
| 134|0x0000000088600000, 0x0000000088600000, 0x0000000088700000|  0%| F|  |TAMS 0x0000000088600000, 0x0000000088600000| Untracked 
| 135|0x0000000088700000, 0x0000000088700000, 0x0000000088800000|  0%| F|  |TAMS 0x0000000088700000, 0x0000000088700000| Untracked 
| 136|0x0000000088800000, 0x0000000088800000, 0x0000000088900000|  0%| F|  |TAMS 0x0000000088800000, 0x0000000088800000| Untracked 
| 137|0x0000000088900000, 0x0000000088900000, 0x0000000088a00000|  0%| F|  |TAMS 0x0000000088900000, 0x0000000088900000| Untracked 
| 138|0x0000000088a00000, 0x0000000088a00000, 0x0000000088b00000|  0%| F|  |TAMS 0x0000000088a00000, 0x0000000088a00000| Untracked 
| 139|0x0000000088b00000, 0x0000000088b00000, 0x0000000088c00000|  0%| F|  |TAMS 0x0000000088b00000, 0x0000000088b00000| Untracked 
| 140|0x0000000088c00000, 0x0000000088c00000, 0x0000000088d00000|  0%| F|  |TAMS 0x0000000088c00000, 0x0000000088c00000| Untracked 
| 141|0x0000000088d00000, 0x0000000088d00000, 0x0000000088e00000|  0%| F|  |TAMS 0x0000000088d00000, 0x0000000088d00000| Untracked 
| 142|0x0000000088e00000, 0x0000000088e00000, 0x0000000088f00000|  0%| F|  |TAMS 0x0000000088e00000, 0x0000000088e00000| Untracked 
| 143|0x0000000088f00000, 0x0000000088f00000, 0x0000000089000000|  0%| F|  |TAMS 0x0000000088f00000, 0x0000000088f00000| Untracked 
| 144|0x0000000089000000, 0x0000000089000000, 0x0000000089100000|  0%| F|  |TAMS 0x0000000089000000, 0x0000000089000000| Untracked 
| 145|0x0000000089100000, 0x0000000089100000, 0x0000000089200000|  0%| F|  |TAMS 0x0000000089100000, 0x0000000089100000| Untracked 
| 146|0x0000000089200000, 0x0000000089200000, 0x0000000089300000|  0%| F|  |TAMS 0x0000000089200000, 0x0000000089200000| Untracked 
| 147|0x0000000089300000, 0x0000000089300000, 0x0000000089400000|  0%| F|  |TAMS 0x0000000089300000, 0x0000000089300000| Untracked 
| 148|0x0000000089400000, 0x0000000089400000, 0x0000000089500000|  0%| F|  |TAMS 0x0000000089400000, 0x0000000089400000| Untracked 
| 149|0x0000000089500000, 0x0000000089500000, 0x0000000089600000|  0%| F|  |TAMS 0x0000000089500000, 0x0000000089500000| Untracked 
| 150|0x0000000089600000, 0x0000000089600000, 0x0000000089700000|  0%| F|  |TAMS 0x0000000089600000, 0x0000000089600000| Untracked 
| 151|0x0000000089700000, 0x0000000089700000, 0x0000000089800000|  0%| F|  |TAMS 0x0000000089700000, 0x0000000089700000| Untracked 
| 152|0x0000000089800000, 0x0000000089800000, 0x0000000089900000|  0%| F|  |TAMS 0x0000000089800000, 0x0000000089800000| Untracked 
| 153|0x0000000089900000, 0x0000000089900000, 0x0000000089a00000|  0%| F|  |TAMS 0x0000000089900000, 0x0000000089900000| Untracked 
| 154|0x0000000089a00000, 0x0000000089a00000, 0x0000000089b00000|  0%| F|  |TAMS 0x0000000089a00000, 0x0000000089a00000| Untracked 
| 155|0x0000000089b00000, 0x0000000089b00000, 0x0000000089c00000|  0%| F|  |TAMS 0x0000000089b00000, 0x0000000089b00000| Untracked 
| 156|0x0000000089c00000, 0x0000000089c00000, 0x0000000089d00000|  0%| F|  |TAMS 0x0000000089c00000, 0x0000000089c00000| Untracked 
| 157|0x0000000089d00000, 0x0000000089d00000, 0x0000000089e00000|  0%| F|  |TAMS 0x0000000089d00000, 0x0000000089d00000| Untracked 
| 158|0x0000000089e00000, 0x0000000089e00000, 0x0000000089f00000|  0%| F|  |TAMS 0x0000000089e00000, 0x0000000089e00000| Untracked 
| 159|0x0000000089f00000, 0x0000000089f00000, 0x000000008a000000|  0%| F|  |TAMS 0x0000000089f00000, 0x0000000089f00000| Untracked 
| 160|0x000000008a000000, 0x000000008a000000, 0x000000008a100000|  0%| F|  |TAMS 0x000000008a000000, 0x000000008a000000| Untracked 
| 161|0x000000008a100000, 0x000000008a100000, 0x000000008a200000|  0%| F|  |TAMS 0x000000008a100000, 0x000000008a100000| Untracked 
| 162|0x000000008a200000, 0x000000008a200000, 0x000000008a300000|  0%| F|  |TAMS 0x000000008a200000, 0x000000008a200000| Untracked 
| 163|0x000000008a300000, 0x000000008a300000, 0x000000008a400000|  0%| F|  |TAMS 0x000000008a300000, 0x000000008a300000| Untracked 
| 164|0x000000008a400000, 0x000000008a400000, 0x000000008a500000|  0%| F|  |TAMS 0x000000008a400000, 0x000000008a400000| Untracked 
| 165|0x000000008a500000, 0x000000008a500000, 0x000000008a600000|  0%| F|  |TAMS 0x000000008a500000, 0x000000008a500000| Untracked 
| 166|0x000000008a600000, 0x000000008a600000, 0x000000008a700000|  0%| F|  |TAMS 0x000000008a600000, 0x000000008a600000| Untracked 
| 167|0x000000008a700000, 0x000000008a700000, 0x000000008a800000|  0%| F|  |TAMS 0x000000008a700000, 0x000000008a700000| Untracked 
| 168|0x000000008a800000, 0x000000008a800000, 0x000000008a900000|  0%| F|  |TAMS 0x000000008a800000, 0x000000008a800000| Untracked 
| 169|0x000000008a900000, 0x000000008a900000, 0x000000008aa00000|  0%| F|  |TAMS 0x000000008a900000, 0x000000008a900000| Untracked 
| 170|0x000000008aa00000, 0x000000008aa00000, 0x000000008ab00000|  0%| F|  |TAMS 0x000000008aa00000, 0x000000008aa00000| Untracked 
| 171|0x000000008ab00000, 0x000000008ab00000, 0x000000008ac00000|  0%| F|  |TAMS 0x000000008ab00000, 0x000000008ab00000| Untracked 
| 172|0x000000008ac00000, 0x000000008ac00000, 0x000000008ad00000|  0%| F|  |TAMS 0x000000008ac00000, 0x000000008ac00000| Untracked 
| 173|0x000000008ad00000, 0x000000008ad00000, 0x000000008ae00000|  0%| F|  |TAMS 0x000000008ad00000, 0x000000008ad00000| Untracked 
| 174|0x000000008ae00000, 0x000000008ae00000, 0x000000008af00000|  0%| F|  |TAMS 0x000000008ae00000, 0x000000008ae00000| Untracked 
| 175|0x000000008af00000, 0x000000008af00000, 0x000000008b000000|  0%| F|  |TAMS 0x000000008af00000, 0x000000008af00000| Untracked 
| 176|0x000000008b000000, 0x000000008b000000, 0x000000008b100000|  0%| F|  |TAMS 0x000000008b000000, 0x000000008b000000| Untracked 
| 177|0x000000008b100000, 0x000000008b100000, 0x000000008b200000|  0%| F|  |TAMS 0x000000008b100000, 0x000000008b100000| Untracked 
| 178|0x000000008b200000, 0x000000008b200000, 0x000000008b300000|  0%| F|  |TAMS 0x000000008b200000, 0x000000008b200000| Untracked 
| 179|0x000000008b300000, 0x000000008b300000, 0x000000008b400000|  0%| F|  |TAMS 0x000000008b300000, 0x000000008b300000| Untracked 
| 180|0x000000008b400000, 0x000000008b400000, 0x000000008b500000|  0%| F|  |TAMS 0x000000008b400000, 0x000000008b400000| Untracked 
| 181|0x000000008b500000, 0x000000008b500000, 0x000000008b600000|  0%| F|  |TAMS 0x000000008b500000, 0x000000008b500000| Untracked 
| 182|0x000000008b600000, 0x000000008b600000, 0x000000008b700000|  0%| F|  |TAMS 0x000000008b600000, 0x000000008b600000| Untracked 
| 183|0x000000008b700000, 0x000000008b700000, 0x000000008b800000|  0%| F|  |TAMS 0x000000008b700000, 0x000000008b700000| Untracked 
| 184|0x000000008b800000, 0x000000008b800000, 0x000000008b900000|  0%| F|  |TAMS 0x000000008b800000, 0x000000008b800000| Untracked 
| 185|0x000000008b900000, 0x000000008b900000, 0x000000008ba00000|  0%| F|  |TAMS 0x000000008b900000, 0x000000008b900000| Untracked 
| 186|0x000000008ba00000, 0x000000008ba80c50, 0x000000008bb00000| 50%| E|  |TAMS 0x000000008ba00000, 0x000000008ba00000| Complete 
| 187|0x000000008bb00000, 0x000000008bc00000, 0x000000008bc00000|100%| E|CS|TAMS 0x000000008bb00000, 0x000000008bb00000| Complete 
| 188|0x000000008bc00000, 0x000000008bd00000, 0x000000008bd00000|100%| E|CS|TAMS 0x000000008bc00000, 0x000000008bc00000| Complete 
| 189|0x000000008bd00000, 0x000000008be00000, 0x000000008be00000|100%| E|CS|TAMS 0x000000008bd00000, 0x000000008bd00000| Complete 
| 190|0x000000008be00000, 0x000000008bf00000, 0x000000008bf00000|100%| E|CS|TAMS 0x000000008be00000, 0x000000008be00000| Complete 
| 191|0x000000008bf00000, 0x000000008c000000, 0x000000008c000000|100%| E|CS|TAMS 0x000000008bf00000, 0x000000008bf00000| Complete 
| 192|0x000000008c000000, 0x000000008c100000, 0x000000008c100000|100%| E|CS|TAMS 0x000000008c000000, 0x000000008c000000| Complete 
| 193|0x000000008c100000, 0x000000008c200000, 0x000000008c200000|100%| E|CS|TAMS 0x000000008c100000, 0x000000008c100000| Complete 
| 194|0x000000008c200000, 0x000000008c300000, 0x000000008c300000|100%| E|CS|TAMS 0x000000008c200000, 0x000000008c200000| Complete 
| 195|0x000000008c300000, 0x000000008c400000, 0x000000008c400000|100%| E|CS|TAMS 0x000000008c300000, 0x000000008c300000| Complete 
| 196|0x000000008c400000, 0x000000008c500000, 0x000000008c500000|100%| E|CS|TAMS 0x000000008c400000, 0x000000008c400000| Complete 
| 197|0x000000008c500000, 0x000000008c600000, 0x000000008c600000|100%| E|CS|TAMS 0x000000008c500000, 0x000000008c500000| Complete 
| 198|0x000000008c600000, 0x000000008c700000, 0x000000008c700000|100%| E|CS|TAMS 0x000000008c600000, 0x000000008c600000| Complete 
| 199|0x000000008c700000, 0x000000008c800000, 0x000000008c800000|100%| E|CS|TAMS 0x000000008c700000, 0x000000008c700000| Complete 
| 200|0x000000008c800000, 0x000000008c900000, 0x000000008c900000|100%| E|CS|TAMS 0x000000008c800000, 0x000000008c800000| Complete 
| 201|0x000000008c900000, 0x000000008ca00000, 0x000000008ca00000|100%| E|CS|TAMS 0x000000008c900000, 0x000000008c900000| Complete 
| 202|0x000000008ca00000, 0x000000008cb00000, 0x000000008cb00000|100%| E|CS|TAMS 0x000000008ca00000, 0x000000008ca00000| Complete 
| 203|0x000000008cb00000, 0x000000008cc00000, 0x000000008cc00000|100%| E|CS|TAMS 0x000000008cb00000, 0x000000008cb00000| Complete 
| 204|0x000000008cc00000, 0x000000008cd00000, 0x000000008cd00000|100%| E|CS|TAMS 0x000000008cc00000, 0x000000008cc00000| Complete 
| 205|0x000000008cd00000, 0x000000008ce00000, 0x000000008ce00000|100%| E|CS|TAMS 0x000000008cd00000, 0x000000008cd00000| Complete 
| 206|0x000000008ce00000, 0x000000008cf00000, 0x000000008cf00000|100%| E|CS|TAMS 0x000000008ce00000, 0x000000008ce00000| Complete 
| 207|0x000000008cf00000, 0x000000008d000000, 0x000000008d000000|100%| E|CS|TAMS 0x000000008cf00000, 0x000000008cf00000| Complete 
| 208|0x000000008d000000, 0x000000008d100000, 0x000000008d100000|100%| E|CS|TAMS 0x000000008d000000, 0x000000008d000000| Complete 
| 209|0x000000008d100000, 0x000000008d200000, 0x000000008d200000|100%| E|CS|TAMS 0x000000008d100000, 0x000000008d100000| Complete 
| 210|0x000000008d200000, 0x000000008d300000, 0x000000008d300000|100%| E|CS|TAMS 0x000000008d200000, 0x000000008d200000| Complete 
| 211|0x000000008d300000, 0x000000008d400000, 0x000000008d400000|100%| E|CS|TAMS 0x000000008d300000, 0x000000008d300000| Complete 
| 212|0x000000008d400000, 0x000000008d500000, 0x000000008d500000|100%| E|CS|TAMS 0x000000008d400000, 0x000000008d400000| Complete 
| 213|0x000000008d500000, 0x000000008d600000, 0x000000008d600000|100%| E|CS|TAMS 0x000000008d500000, 0x000000008d500000| Complete 
| 214|0x000000008d600000, 0x000000008d700000, 0x000000008d700000|100%| E|CS|TAMS 0x000000008d600000, 0x000000008d600000| Complete 
| 215|0x000000008d700000, 0x000000008d800000, 0x000000008d800000|100%| E|CS|TAMS 0x000000008d700000, 0x000000008d700000| Complete 
| 216|0x000000008d800000, 0x000000008d900000, 0x000000008d900000|100%| E|CS|TAMS 0x000000008d800000, 0x000000008d800000| Complete 
| 217|0x000000008d900000, 0x000000008da00000, 0x000000008da00000|100%| E|CS|TAMS 0x000000008d900000, 0x000000008d900000| Complete 
| 218|0x000000008da00000, 0x000000008db00000, 0x000000008db00000|100%| E|CS|TAMS 0x000000008da00000, 0x000000008da00000| Complete 
| 219|0x000000008db00000, 0x000000008dc00000, 0x000000008dc00000|100%| E|CS|TAMS 0x000000008db00000, 0x000000008db00000| Complete 
| 220|0x000000008dc00000, 0x000000008dd00000, 0x000000008dd00000|100%| E|CS|TAMS 0x000000008dc00000, 0x000000008dc00000| Complete 
| 221|0x000000008dd00000, 0x000000008de00000, 0x000000008de00000|100%| E|CS|TAMS 0x000000008dd00000, 0x000000008dd00000| Complete 
| 222|0x000000008de00000, 0x000000008df00000, 0x000000008df00000|100%| E|CS|TAMS 0x000000008de00000, 0x000000008de00000| Complete 
| 223|0x000000008df00000, 0x000000008e000000, 0x000000008e000000|100%| E|CS|TAMS 0x000000008df00000, 0x000000008df00000| Complete 
| 224|0x000000008e000000, 0x000000008e100000, 0x000000008e100000|100%| E|CS|TAMS 0x000000008e000000, 0x000000008e000000| Complete 
| 225|0x000000008e100000, 0x000000008e200000, 0x000000008e200000|100%| E|CS|TAMS 0x000000008e100000, 0x000000008e100000| Complete 
| 226|0x000000008e200000, 0x000000008e300000, 0x000000008e300000|100%| E|CS|TAMS 0x000000008e200000, 0x000000008e200000| Complete 
| 227|0x000000008e300000, 0x000000008e400000, 0x000000008e400000|100%| E|CS|TAMS 0x000000008e300000, 0x000000008e300000| Complete 
| 228|0x000000008e400000, 0x000000008e500000, 0x000000008e500000|100%| E|CS|TAMS 0x000000008e400000, 0x000000008e400000| Complete 
| 229|0x000000008e500000, 0x000000008e600000, 0x000000008e600000|100%| E|CS|TAMS 0x000000008e500000, 0x000000008e500000| Complete 
| 230|0x000000008e600000, 0x000000008e700000, 0x000000008e700000|100%| E|CS|TAMS 0x000000008e600000, 0x000000008e600000| Complete 
| 231|0x000000008e700000, 0x000000008e800000, 0x000000008e800000|100%| E|CS|TAMS 0x000000008e700000, 0x000000008e700000| Complete 
| 232|0x000000008e800000, 0x000000008e900000, 0x000000008e900000|100%| E|CS|TAMS 0x000000008e800000, 0x000000008e800000| Complete 
| 233|0x000000008e900000, 0x000000008ea00000, 0x000000008ea00000|100%| E|CS|TAMS 0x000000008e900000, 0x000000008e900000| Complete 
| 234|0x000000008ea00000, 0x000000008eb00000, 0x000000008eb00000|100%| E|CS|TAMS 0x000000008ea00000, 0x000000008ea00000| Complete 
| 235|0x000000008eb00000, 0x000000008ec00000, 0x000000008ec00000|100%| E|CS|TAMS 0x000000008eb00000, 0x000000008eb00000| Complete 
| 236|0x000000008ec00000, 0x000000008ed00000, 0x000000008ed00000|100%| E|CS|TAMS 0x000000008ec00000, 0x000000008ec00000| Complete 
| 237|0x000000008ed00000, 0x000000008ee00000, 0x000000008ee00000|100%| E|CS|TAMS 0x000000008ed00000, 0x000000008ed00000| Complete 
| 238|0x000000008ee00000, 0x000000008ef00000, 0x000000008ef00000|100%| E|CS|TAMS 0x000000008ee00000, 0x000000008ee00000| Complete 
| 239|0x000000008ef00000, 0x000000008f000000, 0x000000008f000000|100%| E|CS|TAMS 0x000000008ef00000, 0x000000008ef00000| Complete 
| 240|0x000000008f000000, 0x000000008f100000, 0x000000008f100000|100%| E|CS|TAMS 0x000000008f000000, 0x000000008f000000| Complete 
| 241|0x000000008f100000, 0x000000008f200000, 0x000000008f200000|100%| E|CS|TAMS 0x000000008f100000, 0x000000008f100000| Complete 
| 242|0x000000008f200000, 0x000000008f300000, 0x000000008f300000|100%| E|CS|TAMS 0x000000008f200000, 0x000000008f200000| Complete 
| 243|0x000000008f300000, 0x000000008f400000, 0x000000008f400000|100%| E|CS|TAMS 0x000000008f300000, 0x000000008f300000| Complete 
| 244|0x000000008f400000, 0x000000008f500000, 0x000000008f500000|100%| E|CS|TAMS 0x000000008f400000, 0x000000008f400000| Complete 
| 245|0x000000008f500000, 0x000000008f600000, 0x000000008f600000|100%| E|CS|TAMS 0x000000008f500000, 0x000000008f500000| Complete 
| 246|0x000000008f600000, 0x000000008f700000, 0x000000008f700000|100%| E|CS|TAMS 0x000000008f600000, 0x000000008f600000| Complete 
| 247|0x000000008f700000, 0x000000008f800000, 0x000000008f800000|100%| E|CS|TAMS 0x000000008f700000, 0x000000008f700000| Complete 
| 248|0x000000008f800000, 0x000000008f900000, 0x000000008f900000|100%| E|CS|TAMS 0x000000008f800000, 0x000000008f800000| Complete 
| 249|0x000000008f900000, 0x000000008fa00000, 0x000000008fa00000|100%| E|CS|TAMS 0x000000008f900000, 0x000000008f900000| Complete 
| 250|0x000000008fa00000, 0x000000008fb00000, 0x000000008fb00000|100%| E|CS|TAMS 0x000000008fa00000, 0x000000008fa00000| Complete 
| 251|0x000000008fb00000, 0x000000008fc00000, 0x000000008fc00000|100%| E|CS|TAMS 0x000000008fb00000, 0x000000008fb00000| Complete 
| 252|0x000000008fc00000, 0x000000008fd00000, 0x000000008fd00000|100%| E|CS|TAMS 0x000000008fc00000, 0x000000008fc00000| Complete 
| 253|0x000000008fd00000, 0x000000008fe00000, 0x000000008fe00000|100%| E|CS|TAMS 0x000000008fd00000, 0x000000008fd00000| Complete 
| 254|0x000000008fe00000, 0x000000008ff00000, 0x000000008ff00000|100%| E|CS|TAMS 0x000000008fe00000, 0x000000008fe00000| Complete 
| 255|0x000000008ff00000, 0x0000000090000000, 0x0000000090000000|100%| E|  |TAMS 0x000000008ff00000, 0x000000008ff00000| Complete 

Card table byte_map: [0x000001b836cf0000,0x000001b8370f0000] _byte_map_base: 0x000001b8368f0000

Marking Bits (Prev, Next): (CMBitMap*) 0x000001b8221721c0, (CMBitMap*) 0x000001b822172188
 Prev Bits: [0x000001b8394f0000, 0x000001b83b4f0000)
 Next Bits: [0x000001b8374f0000, 0x000001b8394f0000)

Polling page: 0x000001b821f30000

Metaspace:

Usage:
  Non-class:     54.07 MB capacity,    53.12 MB ( 98%) used,   835.86 KB (  2%) free+waste,   143.06 KB ( <1%) overhead. 
      Class:      8.22 MB capacity,     7.70 MB ( 94%) used,   466.56 KB (  6%) free+waste,    66.94 KB ( <1%) overhead. 
       Both:     62.29 MB capacity,    60.82 MB ( 98%) used,     1.27 MB (  2%) free+waste,   210.00 KB ( <1%) overhead. 

Virtual space:
  Non-class space:       56.00 MB reserved,      54.12 MB ( 97%) committed 
      Class space:        1.00 GB reserved,       8.25 MB ( <1%) committed 
             Both:        1.05 GB reserved,      62.37 MB (  6%) committed 

Chunk freelists:
   Non-Class:  49.00 KB
       Class:  30.00 KB
        Both:  79.00 KB

MaxMetaspaceSize: 17179869184.00 GB
CompressedClassSpaceSize: 1.00 GB

CodeHeap 'non-profiled nmethods': size=120064Kb used=3220Kb max_used=3220Kb free=116843Kb
 bounds [0x000001b82ed90000, 0x000001b82f0c0000, 0x000001b8362d0000]
CodeHeap 'profiled nmethods': size=120000Kb used=12396Kb max_used=12396Kb free=107604Kb
 bounds [0x000001b827860000, 0x000001b828480000, 0x000001b82ed90000]
CodeHeap 'non-nmethods': size=5696Kb used=2232Kb max_used=2280Kb free=3463Kb
 bounds [0x000001b8272d0000, 0x000001b827540000, 0x000001b827860000]
 total_blobs=6537 nmethods=5723 adapters=725
 compilation: enabled
              stopped_count=0, restarted_count=0
 full_count=0

Compilation events (20 events):
Event: 13.045 Thread 0x000001b83e3b9800 5936       3       java.util.AbstractMap::isEmpty (13 bytes)
Event: 13.045 Thread 0x000001b83e3b9800 nmethod 5936 0x000001b82845c310 code [0x000001b82845c4c0, 0x000001b82845c6c8]
Event: 13.047 Thread 0x000001b83e3b9800 5937       3       groovyjarjarasm.asm.Symbol::<init> (38 bytes)
Event: 13.047 Thread 0x000001b83e3b9800 nmethod 5937 0x000001b82845c790 code [0x000001b82845c940, 0x000001b82845cbd8]
Event: 13.047 Thread 0x000001b83e3b9800 5939       3       groovyjarjarasm.asm.ByteVector::putUTF8 (144 bytes)
Event: 13.048 Thread 0x000001b83e3b9800 nmethod 5939 0x000001b82845cd10 code [0x000001b82845cfa0, 0x000001b82845dac8]
Event: 13.048 Thread 0x000001b83e3b9800 5938       3       groovyjarjarasm.asm.SymbolTable::put (150 bytes)
Event: 13.048 Thread 0x000001b83e3b9800 nmethod 5938 0x000001b82845e010 code [0x000001b82845e220, 0x000001b82845ea78]
Event: 13.048 Thread 0x000001b83e3b9800 5940       1       org.codehaus.groovy.runtime.callsite.AbstractCallSite::getIndex (5 bytes)
Event: 13.048 Thread 0x000001b83e3b9800 nmethod 5940 0x000001b82f0b4490 code [0x000001b82f0b4640, 0x000001b82f0b46f8]
Event: 13.049 Thread 0x000001b83e3b9800 5941       3       org.codehaus.groovy.runtime.metaclass.MetaMethodIndex$Header::<init> (26 bytes)
Event: 13.049 Thread 0x000001b83e3b9800 nmethod 5941 0x000001b82845ed90 code [0x000001b82845ef60, 0x000001b82845f248]
Event: 13.051 Thread 0x000001b83e3b9800 5942   !   3       com.sun.beans.introspect.ClassInfo::getMethods (47 bytes)
Event: 13.052 Thread 0x000001b83e3b9800 nmethod 5942 0x000001b82845f390 code [0x000001b82845f560, 0x000001b82845f928]
Event: 13.055 Thread 0x000001b83e3b9800 5943       3       java.lang.invoke.ClassSpecializer$SpeciesData::transformHelper (56 bytes)
Event: 13.055 Thread 0x000001b83e3b9800 nmethod 5943 0x000001b82845fa90 code [0x000001b82845fcc0, 0x000001b8284605b8]
Event: 13.062 Thread 0x000001b83e3b9800 5944       2       groovy.lang.MetaClassImpl::addMetaMethodToIndex (65 bytes)
Event: 13.062 Thread 0x000001b83e3b9800 nmethod 5944 0x000001b828460810 code [0x000001b828460a20, 0x000001b828460d18]
Event: 13.062 Thread 0x000001b83e3b9800 5946       3       java.lang.WeakPairMap$Pair$Lookup::equals (31 bytes)
Event: 13.063 Thread 0x000001b83e3b9800 nmethod 5946 0x000001b828460f10 code [0x000001b828461100, 0x000001b828461798]

GC Heap History (18 events):
Event: 2.702 GC heap before
{Heap before GC invocations=0 (full 0):
 garbage-first heap   total 262144K, used 19456K [0x0000000080000000, 0x0000000100000000)
  region size 1024K, 14 young (14336K), 0 survivors (0K)
 Metaspace       used 7463K, capacity 7615K, committed 7680K, reserved 1056768K
  class space    used 686K, capacity 748K, committed 768K, reserved 1048576K
}
Event: 2.802 GC heap after
{Heap after GC invocations=1 (full 0):
 garbage-first heap   total 262144K, used 7960K [0x0000000080000000, 0x0000000100000000)
  region size 1024K, 2 young (2048K), 2 survivors (2048K)
 Metaspace       used 7463K, capacity 7615K, committed 7680K, reserved 1056768K
  class space    used 686K, capacity 748K, committed 768K, reserved 1048576K
}
Event: 3.240 GC heap before
{Heap before GC invocations=1 (full 0):
 garbage-first heap   total 262144K, used 19224K [0x0000000080000000, 0x0000000100000000)
  region size 1024K, 13 young (13312K), 2 survivors (2048K)
 Metaspace       used 10836K, capacity 11081K, committed 11264K, reserved 1058816K
  class space    used 1144K, capacity 1203K, committed 1280K, reserved 1048576K
}
Event: 3.243 GC heap after
{Heap after GC invocations=2 (full 0):
 garbage-first heap   total 262144K, used 8766K [0x0000000080000000, 0x0000000100000000)
  region size 1024K, 1 young (1024K), 1 survivors (1024K)
 Metaspace       used 10836K, capacity 11081K, committed 11264K, reserved 1058816K
  class space    used 1144K, capacity 1203K, committed 1280K, reserved 1048576K
}
Event: 4.031 GC heap before
{Heap before GC invocations=2 (full 0):
 garbage-first heap   total 262144K, used 36414K [0x0000000080000000, 0x0000000100000000)
  region size 1024K, 29 young (29696K), 1 survivors (1024K)
 Metaspace       used 11024K, capacity 11338K, committed 11520K, reserved 1058816K
  class space    used 1145K, capacity 1203K, committed 1280K, reserved 1048576K
}
Event: 4.035 GC heap after
{Heap after GC invocations=3 (full 0):
 garbage-first heap   total 262144K, used 13505K [0x0000000080000000, 0x0000000100000000)
  region size 1024K, 4 young (4096K), 4 survivors (4096K)
 Metaspace       used 11024K, capacity 11338K, committed 11520K, reserved 1058816K
  class space    used 1145K, capacity 1203K, committed 1280K, reserved 1048576K
}
Event: 7.220 GC heap before
{Heap before GC invocations=3 (full 0):
 garbage-first heap   total 262144K, used 55489K [0x0000000080000000, 0x0000000100000000)
  region size 1024K, 45 young (46080K), 4 survivors (4096K)
 Metaspace       used 18868K, capacity 19277K, committed 19328K, reserved 1067008K
  class space    used 2269K, capacity 2394K, committed 2432K, reserved 1048576K
}
Event: 7.225 GC heap after
{Heap after GC invocations=4 (full 0):
 garbage-first heap   total 262144K, used 16218K [0x0000000080000000, 0x0000000100000000)
  region size 1024K, 3 young (3072K), 3 survivors (3072K)
 Metaspace       used 18868K, capacity 19277K, committed 19328K, reserved 1067008K
  class space    used 2269K, capacity 2394K, committed 2432K, reserved 1048576K
}
Event: 7.356 GC heap before
{Heap before GC invocations=4 (full 0):
 garbage-first heap   total 262144K, used 29530K [0x0000000080000000, 0x0000000100000000)
  region size 1024K, 17 young (17408K), 3 survivors (3072K)
 Metaspace       used 20598K, capacity 21143K, committed 21296K, reserved 1069056K
  class space    used 2520K, capacity 2680K, committed 2688K, reserved 1048576K
}
Event: 7.360 GC heap after
{Heap after GC invocations=5 (full 0):
 garbage-first heap   total 262144K, used 16711K [0x0000000080000000, 0x0000000100000000)
  region size 1024K, 4 young (4096K), 4 survivors (4096K)
 Metaspace       used 20598K, capacity 21143K, committed 21296K, reserved 1069056K
  class space    used 2520K, capacity 2680K, committed 2688K, reserved 1048576K
}
Event: 8.094 GC heap before
{Heap before GC invocations=6 (full 0):
 garbage-first heap   total 262144K, used 73031K [0x0000000080000000, 0x0000000100000000)
  region size 1024K, 59 young (60416K), 4 survivors (4096K)
 Metaspace       used 26720K, capacity 27375K, committed 27568K, reserved 1073152K
  class space    used 3508K, capacity 3720K, committed 3840K, reserved 1048576K
}
Event: 8.105 GC heap after
{Heap after GC invocations=7 (full 0):
 garbage-first heap   total 262144K, used 18694K [0x0000000080000000, 0x0000000100000000)
  region size 1024K, 6 young (6144K), 6 survivors (6144K)
 Metaspace       used 26720K, capacity 27375K, committed 27568K, reserved 1073152K
  class space    used 3508K, capacity 3720K, committed 3840K, reserved 1048576K
}
Event: 8.767 GC heap before
{Heap before GC invocations=7 (full 0):
 garbage-first heap   total 262144K, used 61702K [0x0000000080000000, 0x0000000100000000)
  region size 1024K, 50 young (51200K), 6 survivors (6144K)
 Metaspace       used 34985K, capacity 35677K, committed 35708K, reserved 1081344K
  class space    used 4548K, capacity 4849K, committed 4864K, reserved 1048576K
}
Event: 8.775 GC heap after
{Heap after GC invocations=8 (full 0):
 garbage-first heap   total 262144K, used 21925K [0x0000000080000000, 0x0000000100000000)
  region size 1024K, 9 young (9216K), 9 survivors (9216K)
 Metaspace       used 34985K, capacity 35677K, committed 35708K, reserved 1081344K
  class space    used 4548K, capacity 4849K, committed 4864K, reserved 1048576K
}
Event: 10.171 GC heap before
{Heap before GC invocations=9 (full 0):
 garbage-first heap   total 262144K, used 163237K [0x0000000080000000, 0x0000000100000000)
  region size 1024K, 144 young (147456K), 9 survivors (9216K)
 Metaspace       used 44469K, capacity 45447K, committed 45692K, reserved 1089536K
  class space    used 5691K, capacity 6055K, committed 6144K, reserved 1048576K
}
Event: 10.185 GC heap after
{Heap after GC invocations=10 (full 0):
 garbage-first heap   total 262144K, used 29666K [0x0000000080000000, 0x0000000100000000)
  region size 1024K, 16 young (16384K), 16 survivors (16384K)
 Metaspace       used 44469K, capacity 45447K, committed 45692K, reserved 1089536K
  class space    used 5691K, capacity 6055K, committed 6144K, reserved 1048576K
}
Event: 12.046 GC heap before
{Heap before GC invocations=10 (full 0):
 garbage-first heap   total 262144K, used 174050K [0x0000000080000000, 0x0000000100000000)
  region size 1024K, 153 young (156672K), 16 survivors (16384K)
 Metaspace       used 58401K, capacity 59786K, committed 59940K, reserved 1101824K
  class space    used 7415K, capacity 7947K, committed 8064K, reserved 1048576K
}
Event: 12.070 GC heap after
{Heap after GC invocations=11 (full 0):
 garbage-first heap   total 262144K, used 48905K [0x0000000080000000, 0x0000000100000000)
  region size 1024K, 20 young (20480K), 20 survivors (20480K)
 Metaspace       used 58401K, capacity 59786K, committed 59940K, reserved 1101824K
  class space    used 7415K, capacity 7947K, committed 8064K, reserved 1048576K
}

Deoptimization events (20 events):
Event: 12.765 Thread 0x000001b83fdca000 Uncommon trap: trap_request=0xfffffff4 fr.pc=0x000001b82f097da4 relative=0x0000000000000a04
Event: 12.765 Thread 0x000001b83fdca000 Uncommon trap: reason=null_check action=make_not_entrant pc=0x000001b82f097da4 method=com.sun.beans.introspect.MethodInfo$MethodOrder.compare(Ljava/lang/reflect/Method;Ljava/lang/reflect/Method;)I @ 133 c2
Event: 12.765 Thread 0x000001b83fdca000 DEOPT PACKING pc=0x000001b82f097da4 sp=0x0000006e3f3f3f70
Event: 12.765 Thread 0x000001b83fdca000 DEOPT UNPACKING pc=0x000001b8272f74af sp=0x0000006e3f3f3ea0 mode 2
Event: 13.015 Thread 0x000001b83fdca000 Uncommon trap: trap_request=0xffffffc6 fr.pc=0x000001b82f086114 relative=0x0000000000000694
Event: 13.015 Thread 0x000001b83fdca000 Uncommon trap: reason=bimorphic_or_optimized_type_check action=maybe_recompile pc=0x000001b82f086114 method=java.util.Arrays.binarySearch0([Ljava/lang/Object;IILjava/lang/Object;Ljava/util/Comparator;)I @ 48 c2
Event: 13.015 Thread 0x000001b83fdca000 DEOPT PACKING pc=0x000001b82f086114 sp=0x0000006e3f3f87d0
Event: 13.015 Thread 0x000001b83fdca000 DEOPT UNPACKING pc=0x000001b8272f74af sp=0x0000006e3f3f8750 mode 2
Event: 13.015 Thread 0x000001b83fdca000 Uncommon trap: trap_request=0xffffffc6 fr.pc=0x000001b82f086114 relative=0x0000000000000694
Event: 13.015 Thread 0x000001b83fdca000 Uncommon trap: reason=bimorphic_or_optimized_type_check action=maybe_recompile pc=0x000001b82f086114 method=java.util.Arrays.binarySearch0([Ljava/lang/Object;IILjava/lang/Object;Ljava/util/Comparator;)I @ 48 c2
Event: 13.015 Thread 0x000001b83fdca000 DEOPT PACKING pc=0x000001b82f086114 sp=0x0000006e3f3f8720
Event: 13.015 Thread 0x000001b83fdca000 DEOPT UNPACKING pc=0x000001b8272f74af sp=0x0000006e3f3f86a0 mode 2
Event: 13.015 Thread 0x000001b83fdca000 Uncommon trap: trap_request=0xffffffc6 fr.pc=0x000001b82f086114 relative=0x0000000000000694
Event: 13.015 Thread 0x000001b83fdca000 Uncommon trap: reason=bimorphic_or_optimized_type_check action=maybe_recompile pc=0x000001b82f086114 method=java.util.Arrays.binarySearch0([Ljava/lang/Object;IILjava/lang/Object;Ljava/util/Comparator;)I @ 48 c2
Event: 13.015 Thread 0x000001b83fdca000 DEOPT PACKING pc=0x000001b82f086114 sp=0x0000006e3f3f8720
Event: 13.015 Thread 0x000001b83fdca000 DEOPT UNPACKING pc=0x000001b8272f74af sp=0x0000006e3f3f86a0 mode 2
Event: 13.015 Thread 0x000001b83fdca000 Uncommon trap: trap_request=0xffffffc6 fr.pc=0x000001b82f086114 relative=0x0000000000000694
Event: 13.015 Thread 0x000001b83fdca000 Uncommon trap: reason=bimorphic_or_optimized_type_check action=maybe_recompile pc=0x000001b82f086114 method=java.util.Arrays.binarySearch0([Ljava/lang/Object;IILjava/lang/Object;Ljava/util/Comparator;)I @ 48 c2
Event: 13.015 Thread 0x000001b83fdca000 DEOPT PACKING pc=0x000001b82f086114 sp=0x0000006e3f3f8720
Event: 13.015 Thread 0x000001b83fdca000 DEOPT UNPACKING pc=0x000001b8272f74af sp=0x0000006e3f3f86a0 mode 2

Classes redefined (0 events):
No events

Internal exceptions (20 events):
Event: 13.035 Thread 0x000001b83fdca000 Exception <a 'java/lang/ClassNotFoundException'{0x000000008c4033f0}: org/gradle/internal/extensibility/DefaultConventionCustomizer> (0x000000008c4033f0) thrown at [./src/hotspot/share/classfile/systemDictionary.cpp, line 231]
Event: 13.043 Thread 0x000001b83fdca000 Exception <a 'java/lang/ClassNotFoundException'{0x000000008c491e58}: com/google/gms/googleservices/GoogleServicesPlugin$GoogleServicesPluginConfig_DecoratedBeanInfo> (0x000000008c491e58) thrown at [./src/hotspot/share/classfile/systemDictionary.cpp, line 231]
Event: 13.043 Thread 0x000001b83fdca000 Exception <a 'java/lang/ClassNotFoundException'{0x000000008c4ac450}: com/google/gms/googleservices/GoogleServicesPlugin$GoogleServicesPluginConfigBeanInfo> (0x000000008c4ac450) thrown at [./src/hotspot/share/classfile/systemDictionary.cpp, line 231]
Event: 13.044 Thread 0x000001b83fdca000 Exception <a 'java/lang/ClassNotFoundException'{0x000000008c4c66f0}: com/google/gms/googleservices/GoogleServicesPlugin$GoogleServicesPluginConfigCustomizer> (0x000000008c4c66f0) thrown at [./src/hotspot/share/classfile/systemDictionary.cpp, line 231]
Event: 13.045 Thread 0x000001b83fdca000 Exception <a 'java/lang/ClassNotFoundException'{0x000000008c4ec8c0}: com/google/gms/googleservices/GoogleServicesPlugin$GoogleServicesPluginConfig_DecoratedCustomizer> (0x000000008c4ec8c0) thrown at [./src/hotspot/share/classfile/systemDictionary.cpp, line 231]
Event: 13.050 Thread 0x000001b83fdca000 Exception <a 'java/lang/ClassNotFoundException'{0x000000008c383a10}: org/gradle/configuration/internal/DefaultListenerBuildOperationDecorator$BuildOperationEmittingClosureBeanInfo> (0x000000008c383a10) thrown at [./src/hotspot/share/classfile/systemDictionary.cpp, line 231]
Event: 13.051 Thread 0x000001b83fdca000 Exception <a 'java/lang/ClassNotFoundException'{0x000000008c3b9048}: org/gradle/configuration/internal/DefaultListenerBuildOperationDecorator$BuildOperationEmittingClosureCustomizer> (0x000000008c3b9048) thrown at [./src/hotspot/share/classfile/systemDictionary.cpp, line 231]
Event: 13.054 Thread 0x000001b83fdca000 Exception <a 'java/lang/ClassNotFoundException'{0x000000008c3fee38}: com/google/gms/googleservices/GoogleServicesPlugin$PluginTypeBeanInfo> (0x000000008c3fee38) thrown at [./src/hotspot/share/classfile/systemDictionary.cpp, line 231]
Event: 13.055 Thread 0x000001b83fdca000 Exception <a 'java/lang/ClassNotFoundException'{0x000000008c216ef8}: com/google/gms/googleservices/GoogleServicesPlugin$PluginTypeCustomizer> (0x000000008c216ef8) thrown at [./src/hotspot/share/classfile/systemDictionary.cpp, line 231]
Event: 13.058 Thread 0x000001b83fdca000 Exception <a 'java/lang/ClassNotFoundException'{0x000000008c249bd0}: groovy/runtime/metaclass/[Lcom/google/gms/googleservices/GoogleServicesPlugin$PluginType;MetaClass> (0x000000008c249bd0) thrown at [./src/hotspot/share/prims/jni.cpp, line 636]
Event: 13.058 Thread 0x000001b83fdca000 Exception <a 'java/lang/ClassNotFoundException'{0x000000008c251728}: [Lcom/google/gms/googleservices/GoogleServicesPlugin$PluginType;BeanInfo> (0x000000008c251728) thrown at [./src/hotspot/share/prims/jni.cpp, line 636]
Event: 13.058 Thread 0x000001b83fdca000 Exception <a 'java/lang/ClassNotFoundException'{0x000000008c252a58}: [Lcom/google/gms/googleservices/GoogleServicesPlugin$PluginType;BeanInfo> (0x000000008c252a58) thrown at [./src/hotspot/share/prims/jni.cpp, line 636]
Event: 13.058 Thread 0x000001b83fdca000 Exception <a 'java/lang/ClassNotFoundException'{0x000000008c253d88}: [Lcom/google/gms/googleservices/GoogleServicesPlugin$PluginType;BeanInfo> (0x000000008c253d88) thrown at [./src/hotspot/share/prims/jni.cpp, line 636]
Event: 13.058 Thread 0x000001b83fdca000 Exception <a 'java/lang/ClassNotFoundException'{0x000000008c2551c8}: [Lcom/google/gms/googleservices/GoogleServicesPlugin$PluginType;Customizer> (0x000000008c2551c8) thrown at [./src/hotspot/share/prims/jni.cpp, line 636]
Event: 13.058 Thread 0x000001b83fdca000 Exception <a 'java/lang/ClassNotFoundException'{0x000000008c256500}: [Lcom/google/gms/googleservices/GoogleServicesPlugin$PluginType;Customizer> (0x000000008c256500) thrown at [./src/hotspot/share/prims/jni.cpp, line 636]
Event: 13.058 Thread 0x000001b83fdca000 Exception <a 'java/lang/ClassNotFoundException'{0x000000008c257838}: [Lcom/google/gms/googleservices/GoogleServicesPlugin$PluginType;Customizer> (0x000000008c257838) thrown at [./src/hotspot/share/prims/jni.cpp, line 636]
Event: 13.065 Thread 0x000001b83fdca000 Exception <a 'java/lang/ClassNotFoundException'{0x000000008c17e9b8}: java/util/ArrayListBeanInfo> (0x000000008c17e9b8) thrown at [./src/hotspot/share/classfile/systemDictionary.cpp, line 231]
Event: 13.065 Thread 0x000001b83fdca000 Exception <a 'java/lang/ClassNotFoundException'{0x000000008c189a80}: java/util/AbstractListBeanInfo> (0x000000008c189a80) thrown at [./src/hotspot/share/classfile/systemDictionary.cpp, line 231]
Event: 13.066 Thread 0x000001b83fdca000 Exception <a 'java/lang/ClassNotFoundException'{0x000000008c1948f8}: java/util/AbstractListCustomizer> (0x000000008c1948f8) thrown at [./src/hotspot/share/classfile/systemDictionary.cpp, line 231]
Event: 13.066 Thread 0x000001b83fdca000 Exception <a 'java/lang/ClassNotFoundException'{0x000000008c1aa148}: java/util/ArrayListCustomizer> (0x000000008c1aa148) thrown at [./src/hotspot/share/classfile/systemDictionary.cpp, line 231]

Events (20 events):
Event: 13.061 loading class org/codehaus/groovy/runtime/callsite/PogoMetaMethodSite$PogoCachedMethodSite
Event: 13.061 loading class org/codehaus/groovy/runtime/callsite/PogoMetaMethodSite$PogoCachedMethodSite done
Event: 13.062 loading class groovy/runtime/metaclass/java/util/ArrayListMetaClass
Event: 13.062 loading class groovy/runtime/metaclass/java/util/ArrayListMetaClass done
Event: 13.065 loading class java/util/ArrayListBeanInfo
Event: 13.065 loading class java/util/ArrayListBeanInfo done
Event: 13.065 loading class java/util/ArrayListBeanInfo
Event: 13.065 loading class java/util/ArrayListBeanInfo done
Event: 13.065 loading class java/util/AbstractListBeanInfo
Event: 13.065 loading class java/util/AbstractListBeanInfo done
Event: 13.065 loading class java/util/AbstractListBeanInfo
Event: 13.065 loading class java/util/AbstractListBeanInfo done
Event: 13.065 loading class java/util/AbstractListCustomizer
Event: 13.065 loading class java/util/AbstractListCustomizer done
Event: 13.066 loading class java/util/AbstractListCustomizer
Event: 13.066 loading class java/util/AbstractListCustomizer done
Event: 13.066 loading class java/util/ArrayListCustomizer
Event: 13.066 loading class java/util/ArrayListCustomizer done
Event: 13.066 loading class java/util/ArrayListCustomizer
Event: 13.066 loading class java/util/ArrayListCustomizer done


Dynamic libraries:
0x00007ff6eb1a0000 - 0x00007ff6eb1aa000 	C:\Program Files\Android\Android Studio\jre\bin\java.exe
0x00007ffe70410000 - 0x00007ffe70605000 	C:\Windows\SYSTEM32\ntdll.dll
0x00007ffe427d0000 - 0x00007ffe427e3000 	C:\Program Files\AVG\Antivirus\aswhook.dll
0x00007ffe70310000 - 0x00007ffe703cd000 	C:\Windows\System32\KERNEL32.DLL
0x00007ffe6de90000 - 0x00007ffe6e158000 	C:\Windows\System32\KERNELBASE.dll
0x00007ffe6dbe0000 - 0x00007ffe6dce0000 	C:\Windows\System32\ucrtbase.dll
0x00007ffe49970000 - 0x00007ffe49989000 	C:\Program Files\Android\Android Studio\jre\bin\jli.dll
0x00007ffe6f350000 - 0x00007ffe6f4f0000 	C:\Windows\System32\USER32.dll
0x00007ffe6de10000 - 0x00007ffe6de32000 	C:\Windows\System32\win32u.dll
0x00007ffe6eb50000 - 0x00007ffe6eb7a000 	C:\Windows\System32\GDI32.dll
0x00007ffe6e160000 - 0x00007ffe6e26b000 	C:\Windows\System32\gdi32full.dll
0x00007ffe53d70000 - 0x00007ffe53d87000 	C:\Program Files\Android\Android Studio\jre\bin\VCRUNTIME140.dll
0x00007ffe6e270000 - 0x00007ffe6e30d000 	C:\Windows\System32\msvcp_win.dll
0x00007ffe62bf0000 - 0x00007ffe62e8a000 	C:\Windows\WinSxS\amd64_microsoft.windows.common-controls_6595b64144ccf1df_6.0.19041.844_none_ca00b6081b84eb1d\COMCTL32.dll
0x00007ffe6f5a0000 - 0x00007ffe6f63e000 	C:\Windows\System32\msvcrt.dll
0x00007ffe6e890000 - 0x00007ffe6e8c0000 	C:\Windows\System32\IMM32.DLL
0x00007ffe477f0000 - 0x00007ffe4788d000 	C:\Program Files\Android\Android Studio\jre\bin\msvcp140.dll
0x00007ffe198d0000 - 0x00007ffe1a38c000 	C:\Program Files\Android\Android Studio\jre\bin\server\jvm.dll
0x00007ffe6e6a0000 - 0x00007ffe6e74c000 	C:\Windows\System32\ADVAPI32.dll
0x00007ffe6f940000 - 0x00007ffe6f9db000 	C:\Windows\System32\sechost.dll
0x00007ffe6e470000 - 0x00007ffe6e59b000 	C:\Windows\System32\RPCRT4.dll
0x00007ffe701d0000 - 0x00007ffe701d8000 	C:\Windows\System32\PSAPI.DLL
0x00007ffe57850000 - 0x00007ffe57859000 	C:\Windows\SYSTEM32\WSOCK32.dll
0x00007ffe6f870000 - 0x00007ffe6f8db000 	C:\Windows\System32\WS2_32.dll
0x00007ffe64e70000 - 0x00007ffe64e97000 	C:\Windows\SYSTEM32\WINMM.dll
0x00007ffe67c80000 - 0x00007ffe67c8a000 	C:\Windows\SYSTEM32\VERSION.dll
0x00007ffe6bac0000 - 0x00007ffe6bad2000 	C:\Windows\SYSTEM32\kernel.appcore.dll
0x00007ffe69800000 - 0x00007ffe69811000 	C:\Program Files\Android\Android Studio\jre\bin\verify.dll
0x00007ffe66540000 - 0x00007ffe66724000 	C:\Windows\SYSTEM32\DBGHELP.DLL
0x00007ffe66820000 - 0x00007ffe6684c000 	C:\Windows\SYSTEM32\dbgcore.DLL
0x00007ffe6dce0000 - 0x00007ffe6dd60000 	C:\Windows\System32\bcryptPrimitives.dll
0x00007ffe69750000 - 0x00007ffe69779000 	C:\Program Files\Android\Android Studio\jre\bin\java.dll
0x00007ffe69ad0000 - 0x00007ffe69adb000 	C:\Program Files\Android\Android Studio\jre\bin\jimage.dll
0x00007ffe62bb0000 - 0x00007ffe62bc8000 	C:\Program Files\Android\Android Studio\jre\bin\zip.dll
0x00007ffe6f9e0000 - 0x00007ffe70122000 	C:\Windows\System32\SHELL32.dll
0x00007ffe6bcc0000 - 0x00007ffe6c450000 	C:\Windows\SYSTEM32\windows.storage.dll
0x00007ffe6eff0000 - 0x00007ffe6f345000 	C:\Windows\System32\combase.dll
0x00007ffe6d5c0000 - 0x00007ffe6d5ec000 	C:\Windows\SYSTEM32\Wldp.dll
0x00007ffe6f4f0000 - 0x00007ffe6f59e000 	C:\Windows\System32\SHCORE.dll
0x00007ffe6ea90000 - 0x00007ffe6eae5000 	C:\Windows\System32\shlwapi.dll
0x00007ffe6da90000 - 0x00007ffe6daaf000 	C:\Windows\SYSTEM32\profapi.dll
0x00007ffe584e0000 - 0x00007ffe584fa000 	C:\Program Files\Android\Android Studio\jre\bin\net.dll
0x00007ffe65360000 - 0x00007ffe6546b000 	C:\Windows\SYSTEM32\WINHTTP.dll
0x00007ffe6d330000 - 0x00007ffe6d39a000 	C:\Windows\system32\mswsock.dll
0x00007ffe58220000 - 0x00007ffe58234000 	C:\Program Files\Android\Android Studio\jre\bin\nio.dll
0x00007ffe4c380000 - 0x00007ffe4c3a7000 	C:\Users\ricro\.gradle\native\fdc75f09e3144964f2cf3f50f0aa648679c211496f362492102eb8c894070792\windows-amd64\native-platform.dll
0x00007ffe15690000 - 0x00007ffe15826000 	C:\Users\ricro\.gradle\native\12488b8bf47d2d4c9fbf2f6322a914ad602e24e48041cd04a747c6da556b65c4\windows-amd64\native-platform-file-events.dll
0x00007ffe69a80000 - 0x00007ffe69a8a000 	C:\Program Files\Android\Android Studio\jre\bin\management.dll
0x00007ffe69a50000 - 0x00007ffe69a5c000 	C:\Program Files\Android\Android Studio\jre\bin\management_ext.dll
0x00007ffe6d500000 - 0x00007ffe6d518000 	C:\Windows\SYSTEM32\CRYPTSP.dll
0x00007ffe6cc60000 - 0x00007ffe6cc94000 	C:\Windows\system32\rsaenh.dll
0x00007ffe6db50000 - 0x00007ffe6db77000 	C:\Windows\System32\bcrypt.dll
0x00007ffe6da50000 - 0x00007ffe6da7e000 	C:\Windows\SYSTEM32\USERENV.dll
0x00007ffe6d520000 - 0x00007ffe6d52c000 	C:\Windows\SYSTEM32\CRYPTBASE.dll
0x00007ffe6cfd0000 - 0x00007ffe6d00b000 	C:\Windows\SYSTEM32\IPHLPAPI.DLL
0x00007ffe70130000 - 0x00007ffe70138000 	C:\Windows\System32\NSI.dll
0x00007ffe67c20000 - 0x00007ffe67c37000 	C:\Windows\SYSTEM32\dhcpcsvc6.DLL
0x00007ffe67c00000 - 0x00007ffe67c1d000 	C:\Windows\SYSTEM32\dhcpcsvc.DLL
0x00007ffe6d020000 - 0x00007ffe6d0ec000 	C:\Windows\SYSTEM32\DNSAPI.dll
0x00007ffe67b90000 - 0x00007ffe67b9b000 	C:\Windows\SYSTEM32\WINNSI.DLL

dbghelp: loaded successfully - version: 4.0.5 - missing functions: none
symbol engine: initialized successfully - sym options: 0x614 - pdb path: .;C:\Program Files\Android\Android Studio\jre\bin;C:\Windows\SYSTEM32;C:\Program Files\AVG\Antivirus;C:\Windows\WinSxS\amd64_microsoft.windows.common-controls_6595b64144ccf1df_6.0.19041.844_none_ca00b6081b84eb1d;C:\Program Files\Android\Android Studio\jre\bin\server;C:\Users\ricro\.gradle\native\fdc75f09e3144964f2cf3f50f0aa648679c211496f362492102eb8c894070792\windows-amd64;C:\Users\ricro\.gradle\native\12488b8bf47d2d4c9fbf2f6322a914ad602e24e48041cd04a747c6da556b65c4\windows-amd64

VM Arguments:
jvm_args: --add-opens=java.base/java.util=ALL-UNNAMED --add-opens=java.base/java.lang=ALL-UNNAMED --add-opens=java.base/java.lang.invoke=ALL-UNNAMED --add-opens=java.prefs/java.util.prefs=ALL-UNNAMED -Xmx2048m -Dfile.encoding=UTF-8 -Duser.country=BO -Duser.language=es -Duser.variant 
java_command: org.gradle.launcher.daemon.bootstrap.GradleDaemon 6.7.1
java_class_path (initial): C:\Users\ricro\.gradle\wrapper\dists\gradle-6.7.1-bin\bwlcbys1h7rz3272sye1xwiv6\gradle-6.7.1\lib\gradle-launcher-6.7.1.jar
Launcher Type: SUN_STANDARD

[Global flags]
     intx CICompilerCount                          = 3                                         {product} {ergonomic}
     uint ConcGCThreads                            = 1                                         {product} {ergonomic}
     uint G1ConcRefinementThreads                  = 4                                         {product} {ergonomic}
   size_t G1HeapRegionSize                         = 1048576                                   {product} {ergonomic}
    uintx GCDrainStackTargetSize                   = 64                                        {product} {ergonomic}
   size_t InitialHeapSize                          = 268435456                                 {product} {ergonomic}
   size_t MarkStackSize                            = 4194304                                   {product} {ergonomic}
   size_t MaxHeapSize                              = 2147483648                                {product} {command line}
   size_t MaxNewSize                               = 1287651328                                {product} {ergonomic}
   size_t MinHeapDeltaBytes                        = 1048576                                   {product} {ergonomic}
    uintx NonNMethodCodeHeapSize                   = 5830732                                {pd product} {ergonomic}
    uintx NonProfiledCodeHeapSize                  = 122913754                              {pd product} {ergonomic}
    uintx ProfiledCodeHeapSize                     = 122913754                              {pd product} {ergonomic}
    uintx ReservedCodeCacheSize                    = 251658240                              {pd product} {ergonomic}
     bool SegmentedCodeCache                       = true                                      {product} {ergonomic}
     bool UseCompressedClassPointers               = true                                 {lp64_product} {ergonomic}
     bool UseCompressedOops                        = true                                 {lp64_product} {ergonomic}
     bool UseG1GC                                  = true                                      {product} {ergonomic}
     bool UseLargePagesIndividualAllocation        = false                                  {pd product} {ergonomic}

Logging:
Log output configuration:
 #0: stdout all=warning uptime,level,tags
 #1: stderr all=off uptime,level,tags

Environment Variables:
PATH=E:\Programas\bin\;C:\Program Files (x86)\Common Files\Oracle\Java\javapath;C:\Program Files\Common Files\Oracle\Java\javapath;C:\Windows\system32;C:\Windows;C:\Windows\System32\Wbem;C:\Windows\System32\WindowsPowerShell\v1.0\;C:\Windows\System32\OpenSSH\;C:\Program Files (x86)\NVIDIA Corporation\PhysX\Common;C:\Program Files (x86)\Brackets\command;C:\Program Files\NVIDIA Corporation\NVIDIA NvDLISR;C:\Program Files\Git\cmd;C:\Program Files\Git\mingw64\bin;C:\Program Files\Git\usr\bin;C:\Program Files\nodejs\;C:\Program Files (x86)\dotnet\;C:\Users\ricro\AppData\Local\Programs\Python\Python39\Scripts\;C:\Users\ricro\AppData\Local\Programs\Python\Python39\;C:\Program Files\MySQL\MySQL Shell 8.0\bin\;C:\Users\ricro\AppData\Local\Microsoft\WindowsApps;C:\Users\ricro\AppData\Local\atom\bin;C:\Users\ricro\AppData\Local\Programs\Microsoft VS Code\bin;C:\Users\ricro\AppData\Roaming\npm
USERNAME=ricro
OS=Windows_NT
PROCESSOR_IDENTIFIER=Intel64 Family 6 Model 60 Stepping 3, GenuineIntel



---------------  S Y S T E M  ---------------

OS: Windows 10 , 64 bit Build 19041 (10.0.19041.928)
OS uptime: 1 days 6:52 hours

CPU:total 4 (initial active 4) (4 cores per cpu, 1 threads per core) family 6 model 60 stepping 3, cmov, cx8, fxsr, mmx, sse, sse2, sse3, ssse3, sse4.1, sse4.2, popcnt, avx, avx2, aes, clmul, erms, lzcnt, tsc, tscinvbit, bmi1, bmi2, fma

Memory: 4k page, system-wide physical 16332M (3842M free)
TotalPageFile size 16332M (AvailPageFile size 5M)
current process WorkingSet (physical memory assigned to process): 407M, peak: 408M
current process commit charge ("private bytes"): 497M, peak: 498M

vm_info: OpenJDK 64-Bit Server VM (11.0.8+10-b944.6842174) for windows-amd64 JRE (11.0.8+10-b944.6842174), built on Sep 19 2020 01:11:42 by "builder" with MS VC++ 14.0 (VS2015)

END.
